Log file open, 12/16/21 11:28:13
LogWindows: Failed to load 'aqProf.dll' (GetLastError=126)
LogWindows: File 'aqProf.dll' does not exist
LogWindows: Failed to load 'VtuneApi.dll' (GetLastError=126)
LogWindows: File 'VtuneApi.dll' does not exist
LogWindows: Failed to load 'VtuneApi32e.dll' (GetLastError=126)
LogWindows: File 'VtuneApi32e.dll' does not exist
LogConsoleResponse: Display: Failed to find resolution value strings in scalability ini. Falling back to default.
LogConsoleResponse: Display: Failed to find resolution value strings in scalability ini. Falling back to default.
LogInit: Display: Running engine for game: group_project
LogPlatformFile: Not using cached read wrapper
LogTaskGraph: Started task graph with 5 named threads and 23 total threads with 3 sets of task threads.
LogStats: Stats thread started at 0.385870
LogICUInternationalization: ICU TimeZone Detection - Raw Offset: -5:00, Platform Override: ''
LogInit: Display: Loading text-based GConfig....
LogPluginManager: Mounting plugin MeshPainting
LogPluginManager: Mounting plugin XGEController
LogPluginManager: Mounting plugin Paper2D
LogPluginManager: Mounting plugin LiveLink
LogPluginManager: Mounting plugin AISupport
LogPluginManager: Mounting plugin EnvironmentQueryEditor
LogPluginManager: Mounting plugin LightPropagationVolume
LogPluginManager: Mounting plugin OodleData
LogPluginManager: Mounting plugin AnimationSharing
LogPluginManager: Mounting plugin OodleNetwork
LogPluginManager: Mounting plugin CLionSourceCodeAccess
LogPluginManager: Mounting plugin CodeLiteSourceCodeAccess
LogPluginManager: Mounting plugin KDevelopSourceCodeAccess
LogPluginManager: Mounting plugin NullSourceCodeAccess
LogPluginManager: Mounting plugin GitSourceControl
LogPluginManager: Mounting plugin PixWinPlugin
LogPluginManager: Mounting plugin PerforceSourceControl
LogPluginManager: Mounting plugin PlasticSourceControl
LogPluginManager: Mounting plugin PluginUtils
LogPluginManager: Mounting plugin PropertyAccessNode
LogPluginManager: Mounting plugin RiderSourceCodeAccess
LogPluginManager: Mounting plugin SubversionSourceControl
LogPluginManager: Mounting plugin TextureFormatOodle
LogPluginManager: Mounting plugin AssetManagerEditor
LogPluginManager: Mounting plugin UObjectPlugin
LogPluginManager: Mounting plugin VisualStudioCodeSourceCodeAccess
LogPluginManager: Mounting plugin VisualStudioSourceCodeAccess
LogPluginManager: Mounting plugin XCodeSourceCodeAccess
LogPluginManager: Mounting plugin CryptoKeys
LogPluginManager: Mounting plugin DataValidation
LogPluginManager: Mounting plugin CurveEditorTools
LogPluginManager: Mounting plugin FacialAnimation
LogPluginManager: Mounting plugin GeometryMode
LogPluginManager: Mounting plugin GameplayTagsEditor
LogPluginManager: Mounting plugin MaterialAnalyzer
LogPluginManager: Mounting plugin MacGraphicsSwitching
LogPluginManager: Mounting plugin MobileLauncherProfileWizard
LogPluginManager: Mounting plugin SpeedTreeImporter
LogPluginManager: Mounting plugin PluginBrowser
LogPluginManager: Mounting plugin DatasmithContent
LogPluginManager: Mounting plugin Niagara
LogPluginManager: Mounting plugin VariantManagerContent
LogPluginManager: Mounting plugin AlembicImporter
LogPluginManager: Mounting plugin AutomationUtils
LogPluginManager: Mounting plugin BackChannel
LogPluginManager: Mounting plugin ChaosCloth
LogPluginManager: Mounting plugin ChaosEditor
LogPluginManager: Mounting plugin ChaosClothEditor
LogPluginManager: Mounting plugin ChaosNiagara
LogPluginManager: Mounting plugin CharacterAI
LogPluginManager: Mounting plugin ChaosSolverPlugin
LogPluginManager: Mounting plugin GeometryProcessing
LogPluginManager: Mounting plugin GeometryCache
LogPluginManager: Mounting plugin GeometryCollectionPlugin
LogPluginManager: Mounting plugin MotoSynth
LogPluginManager: Mounting plugin OpenImageDenoise
LogPluginManager: Mounting plugin ProxyLODPlugin
LogPluginManager: Mounting plugin PlatformCrypto
LogPluginManager: Mounting plugin PythonScriptPlugin
LogPluginManager: Mounting plugin PlanarCut
LogPluginManager: Mounting plugin SkeletalReduction
LogPluginManager: Mounting plugin MagicLeap
LogPluginManager: Mounting plugin LuminPlatformFeatures
LogPluginManager: Mounting plugin MagicLeapMedia
LogPluginManager: Mounting plugin MagicLeapLightEstimation
LogPluginManager: Mounting plugin MLSDK
LogPluginManager: Mounting plugin WeatherSystem
LogPluginManager: Mounting plugin MagicLeapPassableWorld
LogPluginManager: Mounting plugin AndroidMedia
LogPluginManager: Mounting plugin AvfMedia
LogPluginManager: Mounting plugin ImgMedia
LogPluginManager: Mounting plugin MediaPlayerEditor
LogPluginManager: Mounting plugin MediaCompositing
LogPluginManager: Mounting plugin WebMMedia
LogPluginManager: Mounting plugin WmfMedia
LogPluginManager: Mounting plugin ActorSequence
LogPluginManager: Mounting plugin UdpMessaging
LogPluginManager: Mounting plugin TcpMessaging
LogPluginManager: Mounting plugin LevelSequenceEditor
LogPluginManager: Mounting plugin MatineeToLevelSequence
LogPluginManager: Mounting plugin TemplateSequence
LogPluginManager: Mounting plugin OnlineSubsystem
LogPluginManager: Mounting plugin OnlineSubsystemNull
LogPluginManager: Mounting plugin OnlineSubsystemUtils
LogPluginManager: Mounting plugin LauncherChunkInstaller
LogPluginManager: Mounting plugin ActorLayerUtilities
LogPluginManager: Mounting plugin AndroidMoviePlayer
LogPluginManager: Mounting plugin AndroidPermission
LogPluginManager: Mounting plugin AndroidDeviceProfileSelector
LogPluginManager: Mounting plugin AppleImageUtils
LogPluginManager: Mounting plugin AppleMoviePlayer
LogPluginManager: Mounting plugin ArchVisCharacter
LogPluginManager: Mounting plugin AssetTags
LogPluginManager: Mounting plugin AudioCapture
LogPluginManager: Mounting plugin AudioSynesthesia
LogPluginManager: Mounting plugin ChunkDownloader
LogPluginManager: Mounting plugin CableComponent
LogPluginManager: Mounting plugin EditableMesh
LogPluginManager: Mounting plugin CustomMeshComponent
LogPluginManager: Mounting plugin ExampleDeviceProfileSelector
LogPluginManager: Mounting plugin GoogleCloudMessaging
LogPluginManager: Mounting plugin GooglePAD
LogPluginManager: Mounting plugin IOSDeviceProfileSelector
LogPluginManager: Mounting plugin LinuxDeviceProfileSelector
LogPluginManager: Mounting plugin LocationServicesBPLibrary
LogPluginManager: Mounting plugin MobilePatchingUtils
LogPluginManager: Mounting plugin OpenXR
LogPluginManager: Mounting plugin OpenXRHandTracking
LogPluginManager: Mounting plugin OpenXREyeTracker
LogPluginManager: Mounting plugin PhysXVehicles
LogPluginManager: Mounting plugin ProceduralMeshComponent
LogPluginManager: Mounting plugin PropertyAccessEditor
LogPluginManager: Mounting plugin PostSplashScreen
LogPluginManager: Mounting plugin RuntimePhysXCooking
LogPluginManager: Mounting plugin SignificanceManager
LogPluginManager: Mounting plugin SoundFields
LogPluginManager: Mounting plugin Synthesis
LogPluginManager: Mounting plugin WebMMoviePlayer
LogPluginManager: Mounting plugin WindowsMoviePlayer
LogPluginManager: Mounting plugin ScreenshotTools
LogPluginManager: Mounting plugin CameraShakePreviewer
LogPluginManager: Mounting plugin Takes
LogPluginManager: Mounting plugin GameplayCameras
LogPluginManager: Mounting plugin ContentBrowserAssetDataSource
LogPluginManager: Mounting plugin ContentBrowserClassDataSource
LogPluginManager: Mounting plugin ContentBrowserFileDataSource
LogPluginManager: Mounting plugin OnlineSubsystemGooglePlay
LogPluginManager: Mounting plugin OnlineSubsystemIOS
LogPluginManager: Mounting plugin OculusVR
LogPluginManager: Mounting plugin SteamVR
PixWinPlugin: PIX capture plugin failed to initialize! Check that the process is launched from PIX.
LogInit: Using libcurl 7.55.1-DEV
LogInit:  - built for x86_64-pc-win32
LogInit:  - supports SSL with OpenSSL/1.1.1
LogInit:  - supports HTTP deflate (compression) using libz 1.2.8
LogInit:  - other features:
LogInit:      CURL_VERSION_SSL
LogInit:      CURL_VERSION_LIBZ
LogInit:      CURL_VERSION_IPV6
LogInit:      CURL_VERSION_ASYNCHDNS
LogInit:      CURL_VERSION_LARGEFILE
LogInit:      CURL_VERSION_IDN
LogInit:  CurlRequestOptions (configurable via config and command line):
LogInit:  - bVerifyPeer = true  - Libcurl will verify peer certificate
LogInit:  - bUseHttpProxy = false  - Libcurl will NOT use HTTP proxy
LogInit:  - bDontReuseConnections = false  - Libcurl will reuse connections
LogInit:  - MaxHostConnections = 16  - Libcurl will limit the number of connections to a host
LogInit:  - LocalHostAddr = Default
LogInit:  - BufferSize = 65536
LogOnline: OSS: Creating online subsystem instance for: NULL
LogInit: WinSock: version 1.1 (2.2), MaxSocks=32767, MaxUdp=65467
LogOnline: OSS: TryLoadSubsystemAndSetDefault: Loaded subsystem for module [NULL]
LogOculusPluginWrapper: OculusPlugin initialized successfully
LogHMD: Failed initializing OVRPlugin 1.59.0
LogInit: Build: ++UE4+Release-4.27-CL-18319896
LogInit: Engine Version: 4.27.2-18319896+++UE4+Release-4.27
LogInit: Compatible Engine Version: 4.27.0-17155196+++UE4+Release-4.27
LogInit: Net CL: 17155196
LogInit: OS: Windows 10 (Release 2009) (), CPU: Intel(R) Core(TM) i7-7700K CPU @ 4.20GHz, GPU: NVIDIA GeForce GTX 1080
LogInit: Compiled (64-bit): Nov 30 2021 07:12:08
LogInit: Compiled with Visual C++: 19.24.28315.00
LogInit: Build Configuration: Development
LogInit: Branch Name: ++UE4+Release-4.27
LogInit: Command Line:  /Game/FirstPersonBP/Maps/Logan/Level1 -game -PIEVIACONSOLE -Multiprocess GameUserSettingsINI=D:/github/group-project/group_project/Saved/Config/Windows/PIEGameUserSettings0.ini -MultiprocessSaveConfig -forcepassthrough -messaging -SessionName="Play in Standalone Game" -windowed -ResX=1280 -ResY=720
LogInit: Base Directory: D:/epic/UE_4.27/Engine/Binaries/Win64/
LogInit: Allocator: TBB
LogInit: Installed Engine Build: 1
LogDevObjectVersion: Number of dev versions registered: 29
LogDevObjectVersion:   Dev-Blueprints (B0D832E4-1F89-4F0D-ACCF-7EB736FD4AA2): 10
LogDevObjectVersion:   Dev-Build (E1C64328-A22C-4D53-A36C-8E866417BD8C): 0
LogDevObjectVersion:   Dev-Core (375EC13C-06E4-48FB-B500-84F0262A717E): 4
LogDevObjectVersion:   Dev-Editor (E4B068ED-F494-42E9-A231-DA0B2E46BB41): 40
LogDevObjectVersion:   Dev-Framework (CFFC743F-43B0-4480-9391-14DF171D2073): 37
LogDevObjectVersion:   Dev-Mobile (B02B49B5-BB20-44E9-A304-32B752E40360): 3
LogDevObjectVersion:   Dev-Networking (A4E4105C-59A1-49B5-A7C5-40C4547EDFEE): 0
LogDevObjectVersion:   Dev-Online (39C831C9-5AE6-47DC-9A44-9C173E1C8E7C): 0
LogDevObjectVersion:   Dev-Physics (78F01B33-EBEA-4F98-B9B4-84EACCB95AA2): 14
LogDevObjectVersion:   Dev-Platform (6631380F-2D4D-43E0-8009-CF276956A95A): 0
LogDevObjectVersion:   Dev-Rendering (12F88B9F-8875-4AFC-A67C-D90C383ABD29): 45
LogDevObjectVersion:   Dev-Sequencer (7B5AE74C-D270-4C10-A958-57980B212A5A): 13
LogDevObjectVersion:   Dev-VR (D7296918-1DD6-4BDD-9DE2-64A83CC13884): 3
LogDevObjectVersion:   Dev-LoadTimes (C2A15278-BFE7-4AFE-6C17-90FF531DF755): 1
LogDevObjectVersion:   Private-Geometry (6EACA3D4-40EC-4CC1-B786-8BED09428FC5): 3
LogDevObjectVersion:   Dev-AnimPhys (29E575DD-E0A3-4627-9D10-D276232CDCEA): 17
LogDevObjectVersion:   Dev-Anim (AF43A65D-7FD3-4947-9873-3E8ED9C1BB05): 15
LogDevObjectVersion:   Dev-ReflectionCapture (6B266CEC-1EC7-4B8F-A30B-E4D90942FC07): 1
LogDevObjectVersion:   Dev-Automation (0DF73D61-A23F-47EA-B727-89E90C41499A): 1
LogDevObjectVersion:   FortniteMain (601D1886-AC64-4F84-AA16-D3DE0DEAC7D6): 47
LogDevObjectVersion:   FortniteRelease (E7086368-6B23-4C58-8439-1B7016265E91): 1
LogDevObjectVersion:   Dev-Enterprise (9DFFBCD6-494F-0158-E221-12823C92A888): 10
LogDevObjectVersion:   Dev-Niagara (F2AED0AC-9AFE-416F-8664-AA7FFA26D6FC): 1
LogDevObjectVersion:   Dev-Destruction (174F1F0B-B4C6-45A5-B13F-2EE8D0FB917D): 10
LogDevObjectVersion:   Dev-Physics-Ext (35F94A83-E258-406C-A318-09F59610247C): 41
LogDevObjectVersion:   Dev-PhysicsMaterial-Chaos (B68FC16E-8B1B-42E2-B453-215C058844FE): 1
LogDevObjectVersion:   Dev-CineCamera (B2E18506-4273-CFC2-A54E-F4BB758BBA07): 1
LogDevObjectVersion:   Dev-VirtualProduction (64F58936-FD1B-42BA-BA96-7289D5D0FA4E): 1
LogDevObjectVersion:   Dev-MediaFramework (6F0ED827-A609-4895-9C91-998D90180EA4): 2
LogInit: Presizing for max 25165824 objects, including 0 objects not considered by GC, pre-allocating 0 bytes for permanent pool.
LogConfig: Applying CVar settings from Section [/Script/Engine.StreamingSettings] File [D:/github/group-project/group_project/Saved/Config/Windows/Engine.ini]
LogConfig: Setting CVar [[s.MinBulkDataSizeForAsyncLoading:131072]]
LogConfig: Setting CVar [[s.AsyncLoadingThreadEnabled:0]]
LogConfig: Setting CVar [[s.EventDrivenLoaderEnabled:1]]
LogConfig: Setting CVar [[s.WarnIfTimeLimitExceeded:0]]
LogConfig: Setting CVar [[s.TimeLimitExceededMultiplier:1.5]]
LogConfig: Setting CVar [[s.TimeLimitExceededMinTime:0.005]]
LogConfig: Setting CVar [[s.UseBackgroundLevelStreaming:1]]
LogConfig: Setting CVar [[s.PriorityAsyncLoadingExtraTime:15.0]]
LogConfig: Setting CVar [[s.LevelStreamingActorsUpdateTimeLimit:5.0]]
LogConfig: Setting CVar [[s.PriorityLevelStreamingActorsUpdateExtraTime:5.0]]
LogConfig: Setting CVar [[s.LevelStreamingComponentsRegistrationGranularity:10]]
LogConfig: Setting CVar [[s.UnregisterComponentsTimeLimit:1.0]]
LogConfig: Setting CVar [[s.LevelStreamingComponentsUnregistrationGranularity:5]]
LogConfig: Setting CVar [[s.FlushStreamingOnExit:1]]
LogInit: Object subsystem initialized
LogConfig: Setting CVar [[con.DebugEarlyDefault:1]]
LogConfig: Setting CVar [[r.setres:1280x720]]
[2021.12.16-16.28.14:644][  0]LogConfig: Setting CVar [[con.DebugEarlyDefault:1]]
[2021.12.16-16.28.14:644][  0]LogConfig: Setting CVar [[r.setres:1280x720]]
[2021.12.16-16.28.14:644][  0]LogConfig: Applying CVar settings from Section [/Script/Engine.RendererSettings] File [D:/github/group-project/group_project/Saved/Config/Windows/Engine.ini]
[2021.12.16-16.28.14:644][  0]LogConfig: Setting CVar [[r.GPUCrashDebugging:0]]
[2021.12.16-16.28.14:644][  0]LogConfig: Applying CVar settings from Section [/Script/Engine.RendererOverrideSettings] File [D:/github/group-project/group_project/Saved/Config/Windows/Engine.ini]
[2021.12.16-16.28.14:644][  0]LogConfig: Applying CVar settings from Section [/Script/Engine.StreamingSettings] File [D:/github/group-project/group_project/Saved/Config/Windows/Engine.ini]
[2021.12.16-16.28.14:644][  0]LogConfig: Setting CVar [[s.MinBulkDataSizeForAsyncLoading:131072]]
[2021.12.16-16.28.14:644][  0]LogConfig: Setting CVar [[s.AsyncLoadingThreadEnabled:0]]
[2021.12.16-16.28.14:644][  0]LogConfig: Setting CVar [[s.EventDrivenLoaderEnabled:1]]
[2021.12.16-16.28.14:644][  0]LogConfig: Setting CVar [[s.WarnIfTimeLimitExceeded:0]]
[2021.12.16-16.28.14:644][  0]LogConfig: Setting CVar [[s.TimeLimitExceededMultiplier:1.5]]
[2021.12.16-16.28.14:644][  0]LogConfig: Setting CVar [[s.TimeLimitExceededMinTime:0.005]]
[2021.12.16-16.28.14:644][  0]LogConfig: Setting CVar [[s.UseBackgroundLevelStreaming:1]]
[2021.12.16-16.28.14:644][  0]LogConfig: Setting CVar [[s.PriorityAsyncLoadingExtraTime:15.0]]
[2021.12.16-16.28.14:644][  0]LogConfig: Setting CVar [[s.LevelStreamingActorsUpdateTimeLimit:5.0]]
[2021.12.16-16.28.14:644][  0]LogConfig: Setting CVar [[s.PriorityLevelStreamingActorsUpdateExtraTime:5.0]]
[2021.12.16-16.28.14:644][  0]LogConfig: Setting CVar [[s.LevelStreamingComponentsRegistrationGranularity:10]]
[2021.12.16-16.28.14:644][  0]LogConfig: Setting CVar [[s.UnregisterComponentsTimeLimit:1.0]]
[2021.12.16-16.28.14:644][  0]LogConfig: Setting CVar [[s.LevelStreamingComponentsUnregistrationGranularity:5]]
[2021.12.16-16.28.14:644][  0]LogConfig: Setting CVar [[s.FlushStreamingOnExit:1]]
[2021.12.16-16.28.14:644][  0]LogConfig: Applying CVar settings from Section [/Script/Engine.GarbageCollectionSettings] File [D:/github/group-project/group_project/Saved/Config/Windows/Engine.ini]
[2021.12.16-16.28.14:644][  0]LogConfig: Setting CVar [[gc.MaxObjectsNotConsideredByGC:1]]
[2021.12.16-16.28.14:644][  0]LogConfig: Setting CVar [[gc.SizeOfPermanentObjectPool:0]]
[2021.12.16-16.28.14:644][  0]LogConfig: Setting CVar [[gc.FlushStreamingOnGC:0]]
[2021.12.16-16.28.14:644][  0]LogConfig: Setting CVar [[gc.NumRetriesBeforeForcingGC:10]]
[2021.12.16-16.28.14:644][  0]LogConfig: Setting CVar [[gc.AllowParallelGC:1]]
[2021.12.16-16.28.14:644][  0]LogConfig: Setting CVar [[gc.TimeBetweenPurgingPendingKillObjects:61.1]]
[2021.12.16-16.28.14:644][  0]LogConfig: Setting CVar [[gc.MaxObjectsInEditor:25165824]]
[2021.12.16-16.28.14:644][  0]LogConfig: Setting CVar [[gc.IncrementalBeginDestroyEnabled:1]]
[2021.12.16-16.28.14:644][  0]LogConfig: Setting CVar [[gc.CreateGCClusters:1]]
[2021.12.16-16.28.14:644][  0]LogConfig: Setting CVar [[gc.MinGCClusterSize:5]]
[2021.12.16-16.28.14:644][  0]LogConfig: Setting CVar [[gc.ActorClusteringEnabled:0]]
[2021.12.16-16.28.14:644][  0]LogConfig: Setting CVar [[gc.BlueprintClusteringEnabled:0]]
[2021.12.16-16.28.14:644][  0]LogConfig: Setting CVar [[gc.UseDisregardForGCOnDedicatedServers:0]]
[2021.12.16-16.28.14:644][  0]LogConfig: Setting CVar [[gc.MultithreadedDestructionEnabled:1]]
[2021.12.16-16.28.14:644][  0]LogConfig: Applying CVar settings from Section [/Script/Engine.NetworkSettings] File [D:/github/group-project/group_project/Saved/Config/Windows/Engine.ini]
[2021.12.16-16.28.14:644][  0]LogConfig: Applying CVar settings from Section [/Script/UnrealEd.CookerSettings] File [D:/github/group-project/group_project/Saved/Config/Windows/Engine.ini]
[2021.12.16-16.28.14:753][  0]LogConfig: Applying CVar settings from Section [ViewDistanceQuality@3] File [D:/github/group-project/group_project/Saved/Config/Windows/Scalability.ini]
[2021.12.16-16.28.14:753][  0]LogConfig: Setting CVar [[r.SkeletalMeshLODBias:0]]
[2021.12.16-16.28.14:753][  0]LogConfig: Setting CVar [[r.ViewDistanceScale:1.0]]
[2021.12.16-16.28.14:754][  0]LogConfig: Applying CVar settings from Section [AntiAliasingQuality@3] File [D:/github/group-project/group_project/Saved/Config/Windows/Scalability.ini]
[2021.12.16-16.28.14:754][  0]LogConfig: Setting CVar [[r.PostProcessAAQuality:4]]
[2021.12.16-16.28.14:754][  0]LogConfig: Applying CVar settings from Section [ShadowQuality@3] File [D:/github/group-project/group_project/Saved/Config/Windows/Scalability.ini]
[2021.12.16-16.28.14:754][  0]LogConfig: Setting CVar [[r.LightFunctionQuality:1]]
[2021.12.16-16.28.14:754][  0]LogConfig: Setting CVar [[r.ShadowQuality:5]]
[2021.12.16-16.28.14:754][  0]LogConfig: Setting CVar [[r.Shadow.CSM.MaxCascades:10]]
[2021.12.16-16.28.14:754][  0]LogConfig: Setting CVar [[r.Shadow.MaxResolution:2048]]
[2021.12.16-16.28.14:754][  0]LogConfig: Setting CVar [[r.Shadow.MaxCSMResolution:2048]]
[2021.12.16-16.28.14:754][  0]LogConfig: Setting CVar [[r.Shadow.RadiusThreshold:0.01]]
[2021.12.16-16.28.14:754][  0]LogConfig: Setting CVar [[r.Shadow.DistanceScale:1.0]]
[2021.12.16-16.28.14:754][  0]LogConfig: Setting CVar [[r.Shadow.CSM.TransitionScale:1.0]]
[2021.12.16-16.28.14:754][  0]LogConfig: Setting CVar [[r.Shadow.PreShadowResolutionFactor:1.0]]
[2021.12.16-16.28.14:754][  0]LogConfig: Setting CVar [[r.DistanceFieldShadowing:1]]
[2021.12.16-16.28.14:754][  0]LogConfig: Setting CVar [[r.DistanceFieldAO:1]]
[2021.12.16-16.28.14:754][  0]LogConfig: Setting CVar [[r.AOQuality:2]]
[2021.12.16-16.28.14:754][  0]LogConfig: Setting CVar [[r.VolumetricFog:1]]
[2021.12.16-16.28.14:754][  0]LogConfig: Setting CVar [[r.VolumetricFog.GridPixelSize:8]]
[2021.12.16-16.28.14:754][  0]LogConfig: Setting CVar [[r.VolumetricFog.GridSizeZ:128]]
[2021.12.16-16.28.14:754][  0]LogConfig: Setting CVar [[r.VolumetricFog.HistoryMissSupersampleCount:4]]
[2021.12.16-16.28.14:754][  0]LogConfig: Setting CVar [[r.LightMaxDrawDistanceScale:1]]
[2021.12.16-16.28.14:754][  0]LogConfig: Setting CVar [[r.CapsuleShadows:1]]
[2021.12.16-16.28.14:754][  0]LogConfig: Applying CVar settings from Section [PostProcessQuality@3] File [D:/github/group-project/group_project/Saved/Config/Windows/Scalability.ini]
[2021.12.16-16.28.14:754][  0]LogConfig: Setting CVar [[r.MotionBlurQuality:4]]
[2021.12.16-16.28.14:754][  0]LogConfig: Setting CVar [[r.AmbientOcclusionMipLevelFactor:0.4]]
[2021.12.16-16.28.14:754][  0]LogConfig: Setting CVar [[r.AmbientOcclusionMaxQuality:100]]
[2021.12.16-16.28.14:754][  0]LogConfig: Setting CVar [[r.AmbientOcclusionLevels:-1]]
[2021.12.16-16.28.14:754][  0]LogConfig: Setting CVar [[r.AmbientOcclusionRadiusScale:1.0]]
[2021.12.16-16.28.14:754][  0]LogConfig: Setting CVar [[r.DepthOfFieldQuality:2]]
[2021.12.16-16.28.14:754][  0]LogConfig: Setting CVar [[r.RenderTargetPoolMin:400]]
[2021.12.16-16.28.14:754][  0]LogConfig: Setting CVar [[r.LensFlareQuality:2]]
[2021.12.16-16.28.14:754][  0]LogConfig: Setting CVar [[r.SceneColorFringeQuality:1]]
[2021.12.16-16.28.14:754][  0]LogConfig: Setting CVar [[r.EyeAdaptationQuality:2]]
[2021.12.16-16.28.14:754][  0]LogConfig: Setting CVar [[r.BloomQuality:5]]
[2021.12.16-16.28.14:754][  0]LogConfig: Setting CVar [[r.FastBlurThreshold:100]]
[2021.12.16-16.28.14:754][  0]LogConfig: Setting CVar [[r.Upscale.Quality:3]]
[2021.12.16-16.28.14:754][  0]LogConfig: Setting CVar [[r.Tonemapper.GrainQuantization:1]]
[2021.12.16-16.28.14:754][  0]LogConfig: Setting CVar [[r.LightShaftQuality:1]]
[2021.12.16-16.28.14:754][  0]LogConfig: Setting CVar [[r.Filter.SizeScale:1]]
[2021.12.16-16.28.14:754][  0]LogConfig: Setting CVar [[r.Tonemapper.Quality:5]]
[2021.12.16-16.28.14:754][  0]LogConfig: Setting CVar [[r.DOF.Gather.AccumulatorQuality:1        ; higher gathering accumulator quality]]
[2021.12.16-16.28.14:754][  0]LogConfig: Setting CVar [[r.DOF.Gather.PostfilterMethod:1          ; Median3x3 postfilering method]]
[2021.12.16-16.28.14:754][  0]LogConfig: Setting CVar [[r.DOF.Gather.EnableBokehSettings:0       ; no bokeh simulation when gathering]]
[2021.12.16-16.28.14:754][  0]LogConfig: Setting CVar [[r.DOF.Gather.RingCount:4                 ; medium number of samples when gathering]]
[2021.12.16-16.28.14:754][  0]LogConfig: Setting CVar [[r.DOF.Scatter.ForegroundCompositing:1    ; additive foreground scattering]]
[2021.12.16-16.28.14:754][  0]LogConfig: Setting CVar [[r.DOF.Scatter.BackgroundCompositing:2    ; additive background scattering]]
[2021.12.16-16.28.14:754][  0]LogConfig: Setting CVar [[r.DOF.Scatter.EnableBokehSettings:1      ; bokeh simulation when scattering]]
[2021.12.16-16.28.14:754][  0]LogConfig: Setting CVar [[r.DOF.Scatter.MaxSpriteRatio:0.1         ; only a maximum of 10% of scattered bokeh]]
[2021.12.16-16.28.14:754][  0]LogConfig: Setting CVar [[r.DOF.Recombine.Quality:1                ; cheap slight out of focus]]
[2021.12.16-16.28.14:754][  0]LogConfig: Setting CVar [[r.DOF.Recombine.EnableBokehSettings:0    ; no bokeh simulation on slight out of focus]]
[2021.12.16-16.28.14:754][  0]LogConfig: Setting CVar [[r.DOF.TemporalAAQuality:1                ; more stable temporal accumulation]]
[2021.12.16-16.28.14:754][  0]LogConfig: Setting CVar [[r.DOF.Kernel.MaxForegroundRadius:0.025]]
[2021.12.16-16.28.14:754][  0]LogConfig: Setting CVar [[r.DOF.Kernel.MaxBackgroundRadius:0.025]]
[2021.12.16-16.28.14:754][  0]LogConfig: Applying CVar settings from Section [TextureQuality@3] File [D:/github/group-project/group_project/Saved/Config/Windows/Scalability.ini]
[2021.12.16-16.28.14:754][  0]LogConfig: Setting CVar [[r.Streaming.MipBias:0]]
[2021.12.16-16.28.14:754][  0]LogConfig: Setting CVar [[r.Streaming.AmortizeCPUToGPUCopy:0]]
[2021.12.16-16.28.14:754][  0]LogConfig: Setting CVar [[r.Streaming.MaxNumTexturesToStreamPerFrame:0]]
[2021.12.16-16.28.14:754][  0]LogConfig: Setting CVar [[r.Streaming.Boost:1]]
[2021.12.16-16.28.14:754][  0]LogConfig: Setting CVar [[r.MaxAnisotropy:8]]
[2021.12.16-16.28.14:754][  0]LogConfig: Setting CVar [[r.VT.MaxAnisotropy:8]]
[2021.12.16-16.28.14:754][  0]LogConfig: Setting CVar [[r.Streaming.LimitPoolSizeToVRAM:0]]
[2021.12.16-16.28.14:754][  0]LogConfig: Setting CVar [[r.Streaming.PoolSize:1000]]
[2021.12.16-16.28.14:754][  0]LogConfig: Setting CVar [[r.Streaming.MaxEffectiveScreenSize:0]]
[2021.12.16-16.28.14:754][  0]LogConfig: Applying CVar settings from Section [EffectsQuality@3] File [D:/github/group-project/group_project/Saved/Config/Windows/Scalability.ini]
[2021.12.16-16.28.14:754][  0]LogConfig: Setting CVar [[r.TranslucencyLightingVolumeDim:64]]
[2021.12.16-16.28.14:754][  0]LogConfig: Setting CVar [[r.RefractionQuality:2]]
[2021.12.16-16.28.14:754][  0]LogConfig: Setting CVar [[r.SSR.Quality:3]]
[2021.12.16-16.28.14:754][  0]LogConfig: Setting CVar [[r.SSR.HalfResSceneColor:0]]
[2021.12.16-16.28.14:754][  0]LogConfig: Setting CVar [[r.SceneColorFormat:4]]
[2021.12.16-16.28.14:754][  0]LogConfig: Setting CVar [[r.DetailMode:2]]
[2021.12.16-16.28.14:754][  0]LogConfig: Setting CVar [[r.TranslucencyVolumeBlur:1]]
[2021.12.16-16.28.14:754][  0]LogConfig: Setting CVar [[r.MaterialQualityLevel:1 ; High quality]]
[2021.12.16-16.28.14:754][  0]LogConfig: Setting CVar [[r.AnisotropicMaterials:1]]
[2021.12.16-16.28.14:754][  0]LogConfig: Setting CVar [[r.SSS.Scale:1]]
[2021.12.16-16.28.14:754][  0]LogConfig: Setting CVar [[r.SSS.SampleSet:2]]
[2021.12.16-16.28.14:754][  0]LogConfig: Setting CVar [[r.SSS.Quality:1]]
[2021.12.16-16.28.14:754][  0]LogConfig: Setting CVar [[r.SSS.HalfRes:0]]
[2021.12.16-16.28.14:754][  0]LogConfig: Setting CVar [[r.SSGI.Quality:3]]
[2021.12.16-16.28.14:754][  0]LogConfig: Setting CVar [[r.EmitterSpawnRateScale:1.0]]
[2021.12.16-16.28.14:754][  0]LogConfig: Setting CVar [[r.ParticleLightQuality:2]]
[2021.12.16-16.28.14:754][  0]LogConfig: Setting CVar [[r.SkyAtmosphere.AerialPerspectiveLUT.FastApplyOnOpaque:1 ; Always have FastSkyLUT 1 in this case to avoid wrong sky]]
[2021.12.16-16.28.14:754][  0]LogConfig: Setting CVar [[r.SkyAtmosphere.AerialPerspectiveLUT.SampleCountMaxPerSlice:4]]
[2021.12.16-16.28.14:754][  0]LogConfig: Setting CVar [[r.SkyAtmosphere.AerialPerspectiveLUT.DepthResolution:16.0]]
[2021.12.16-16.28.14:754][  0]LogConfig: Setting CVar [[r.SkyAtmosphere.FastSkyLUT:1]]
[2021.12.16-16.28.14:754][  0]LogConfig: Setting CVar [[r.SkyAtmosphere.FastSkyLUT.SampleCountMin:4.0]]
[2021.12.16-16.28.14:754][  0]LogConfig: Setting CVar [[r.SkyAtmosphere.FastSkyLUT.SampleCountMax:128.0]]
[2021.12.16-16.28.14:754][  0]LogConfig: Setting CVar [[r.SkyAtmosphere.SampleCountMin:4.0]]
[2021.12.16-16.28.14:754][  0]LogConfig: Setting CVar [[r.SkyAtmosphere.SampleCountMax:128.0]]
[2021.12.16-16.28.14:755][  0]LogConfig: Setting CVar [[r.SkyAtmosphere.TransmittanceLUT.UseSmallFormat:0]]
[2021.12.16-16.28.14:755][  0]LogConfig: Setting CVar [[r.SkyAtmosphere.TransmittanceLUT.SampleCount:10.0]]
[2021.12.16-16.28.14:755][  0]LogConfig: Setting CVar [[r.SkyAtmosphere.MultiScatteringLUT.SampleCount:15.0]]
[2021.12.16-16.28.14:755][  0]LogConfig: Setting CVar [[r.SkyLight.RealTimeReflectionCapture:1]]
[2021.12.16-16.28.14:755][  0]LogConfig: Applying CVar settings from Section [FoliageQuality@3] File [D:/github/group-project/group_project/Saved/Config/Windows/Scalability.ini]
[2021.12.16-16.28.14:755][  0]LogConfig: Setting CVar [[foliage.DensityScale:1.0]]
[2021.12.16-16.28.14:755][  0]LogConfig: Setting CVar [[grass.DensityScale:1.0]]
[2021.12.16-16.28.14:755][  0]LogConfig: Applying CVar settings from Section [ShadingQuality@3] File [D:/github/group-project/group_project/Saved/Config/Windows/Scalability.ini]
[2021.12.16-16.28.14:755][  0]LogConfig: Setting CVar [[r.HairStrands.SkyLighting.IntegrationType:2]]
[2021.12.16-16.28.14:755][  0]LogConfig: Setting CVar [[r.HairStrands.SkyAO.SampleCount:4]]
[2021.12.16-16.28.14:755][  0]LogConfig: Setting CVar [[r.HairStrands.Visibility.MSAA.SamplePerPixel:4]]
[2021.12.16-16.28.14:755][  0]LogInit: Selected Device Profile: [Windows]
[2021.12.16-16.28.14:755][  0]LogInit: Applying CVar settings loaded from the selected device profile: [Windows]
[2021.12.16-16.28.14:755][  0]LogHAL: Display: Platform has ~ 32 GB [34325741568 / 34359738368 / 32], which maps to Largest [LargestMinGB=32, LargerMinGB=12, DefaultMinGB=8, SmallerMinGB=6, SmallestMinGB=0)
[2021.12.16-16.28.14:755][  0]LogInit: Going up to parent DeviceProfile []
[2021.12.16-16.28.14:755][  0]LogConfig: Applying CVar settings from Section [ViewDistanceQuality@3] File [D:/github/group-project/group_project/Saved/Config/Windows/Scalability.ini]
[2021.12.16-16.28.14:755][  0]LogConfig: Setting CVar [[r.SkeletalMeshLODBias:0]]
[2021.12.16-16.28.14:755][  0]LogConfig: Setting CVar [[r.ViewDistanceScale:1.0]]
[2021.12.16-16.28.14:755][  0]LogConfig: Applying CVar settings from Section [AntiAliasingQuality@3] File [D:/github/group-project/group_project/Saved/Config/Windows/Scalability.ini]
[2021.12.16-16.28.14:755][  0]LogConfig: Setting CVar [[r.PostProcessAAQuality:4]]
[2021.12.16-16.28.14:755][  0]LogConfig: Applying CVar settings from Section [ShadowQuality@3] File [D:/github/group-project/group_project/Saved/Config/Windows/Scalability.ini]
[2021.12.16-16.28.14:755][  0]LogConfig: Setting CVar [[r.LightFunctionQuality:1]]
[2021.12.16-16.28.14:755][  0]LogConfig: Setting CVar [[r.ShadowQuality:5]]
[2021.12.16-16.28.14:755][  0]LogConfig: Setting CVar [[r.Shadow.CSM.MaxCascades:10]]
[2021.12.16-16.28.14:755][  0]LogConfig: Setting CVar [[r.Shadow.MaxResolution:2048]]
[2021.12.16-16.28.14:755][  0]LogConfig: Setting CVar [[r.Shadow.MaxCSMResolution:2048]]
[2021.12.16-16.28.14:755][  0]LogConfig: Setting CVar [[r.Shadow.RadiusThreshold:0.01]]
[2021.12.16-16.28.14:755][  0]LogConfig: Setting CVar [[r.Shadow.DistanceScale:1.0]]
[2021.12.16-16.28.14:755][  0]LogConfig: Setting CVar [[r.Shadow.CSM.TransitionScale:1.0]]
[2021.12.16-16.28.14:755][  0]LogConfig: Setting CVar [[r.Shadow.PreShadowResolutionFactor:1.0]]
[2021.12.16-16.28.14:755][  0]LogConfig: Setting CVar [[r.DistanceFieldShadowing:1]]
[2021.12.16-16.28.14:755][  0]LogConfig: Setting CVar [[r.DistanceFieldAO:1]]
[2021.12.16-16.28.14:755][  0]LogConfig: Setting CVar [[r.AOQuality:2]]
[2021.12.16-16.28.14:755][  0]LogConfig: Setting CVar [[r.VolumetricFog:1]]
[2021.12.16-16.28.14:755][  0]LogConfig: Setting CVar [[r.VolumetricFog.GridPixelSize:8]]
[2021.12.16-16.28.14:755][  0]LogConfig: Setting CVar [[r.VolumetricFog.GridSizeZ:128]]
[2021.12.16-16.28.14:755][  0]LogConfig: Setting CVar [[r.VolumetricFog.HistoryMissSupersampleCount:4]]
[2021.12.16-16.28.14:755][  0]LogConfig: Setting CVar [[r.LightMaxDrawDistanceScale:1]]
[2021.12.16-16.28.14:755][  0]LogConfig: Setting CVar [[r.CapsuleShadows:1]]
[2021.12.16-16.28.14:755][  0]LogConfig: Applying CVar settings from Section [PostProcessQuality@3] File [D:/github/group-project/group_project/Saved/Config/Windows/Scalability.ini]
[2021.12.16-16.28.14:755][  0]LogConfig: Setting CVar [[r.MotionBlurQuality:4]]
[2021.12.16-16.28.14:755][  0]LogConfig: Setting CVar [[r.AmbientOcclusionMipLevelFactor:0.4]]
[2021.12.16-16.28.14:755][  0]LogConfig: Setting CVar [[r.AmbientOcclusionMaxQuality:100]]
[2021.12.16-16.28.14:755][  0]LogConfig: Setting CVar [[r.AmbientOcclusionLevels:-1]]
[2021.12.16-16.28.14:755][  0]LogConfig: Setting CVar [[r.AmbientOcclusionRadiusScale:1.0]]
[2021.12.16-16.28.14:755][  0]LogConfig: Setting CVar [[r.DepthOfFieldQuality:2]]
[2021.12.16-16.28.14:755][  0]LogConfig: Setting CVar [[r.RenderTargetPoolMin:400]]
[2021.12.16-16.28.14:755][  0]LogConfig: Setting CVar [[r.LensFlareQuality:2]]
[2021.12.16-16.28.14:755][  0]LogConfig: Setting CVar [[r.SceneColorFringeQuality:1]]
[2021.12.16-16.28.14:755][  0]LogConfig: Setting CVar [[r.EyeAdaptationQuality:2]]
[2021.12.16-16.28.14:755][  0]LogConfig: Setting CVar [[r.BloomQuality:5]]
[2021.12.16-16.28.14:755][  0]LogConfig: Setting CVar [[r.FastBlurThreshold:100]]
[2021.12.16-16.28.14:755][  0]LogConfig: Setting CVar [[r.Upscale.Quality:3]]
[2021.12.16-16.28.14:755][  0]LogConfig: Setting CVar [[r.Tonemapper.GrainQuantization:1]]
[2021.12.16-16.28.14:755][  0]LogConfig: Setting CVar [[r.LightShaftQuality:1]]
[2021.12.16-16.28.14:755][  0]LogConfig: Setting CVar [[r.Filter.SizeScale:1]]
[2021.12.16-16.28.14:755][  0]LogConfig: Setting CVar [[r.Tonemapper.Quality:5]]
[2021.12.16-16.28.14:755][  0]LogConfig: Setting CVar [[r.DOF.Gather.AccumulatorQuality:1        ; higher gathering accumulator quality]]
[2021.12.16-16.28.14:755][  0]LogConfig: Setting CVar [[r.DOF.Gather.PostfilterMethod:1          ; Median3x3 postfilering method]]
[2021.12.16-16.28.14:755][  0]LogConfig: Setting CVar [[r.DOF.Gather.EnableBokehSettings:0       ; no bokeh simulation when gathering]]
[2021.12.16-16.28.14:755][  0]LogConfig: Setting CVar [[r.DOF.Gather.RingCount:4                 ; medium number of samples when gathering]]
[2021.12.16-16.28.14:755][  0]LogConfig: Setting CVar [[r.DOF.Scatter.ForegroundCompositing:1    ; additive foreground scattering]]
[2021.12.16-16.28.14:755][  0]LogConfig: Setting CVar [[r.DOF.Scatter.BackgroundCompositing:2    ; additive background scattering]]
[2021.12.16-16.28.14:755][  0]LogConfig: Setting CVar [[r.DOF.Scatter.EnableBokehSettings:1      ; bokeh simulation when scattering]]
[2021.12.16-16.28.14:755][  0]LogConfig: Setting CVar [[r.DOF.Scatter.MaxSpriteRatio:0.1         ; only a maximum of 10% of scattered bokeh]]
[2021.12.16-16.28.14:755][  0]LogConfig: Setting CVar [[r.DOF.Recombine.Quality:1                ; cheap slight out of focus]]
[2021.12.16-16.28.14:755][  0]LogConfig: Setting CVar [[r.DOF.Recombine.EnableBokehSettings:0    ; no bokeh simulation on slight out of focus]]
[2021.12.16-16.28.14:755][  0]LogConfig: Setting CVar [[r.DOF.TemporalAAQuality:1                ; more stable temporal accumulation]]
[2021.12.16-16.28.14:755][  0]LogConfig: Setting CVar [[r.DOF.Kernel.MaxForegroundRadius:0.025]]
[2021.12.16-16.28.14:755][  0]LogConfig: Setting CVar [[r.DOF.Kernel.MaxBackgroundRadius:0.025]]
[2021.12.16-16.28.14:755][  0]LogConfig: Applying CVar settings from Section [TextureQuality@3] File [D:/github/group-project/group_project/Saved/Config/Windows/Scalability.ini]
[2021.12.16-16.28.14:755][  0]LogConfig: Setting CVar [[r.Streaming.MipBias:0]]
[2021.12.16-16.28.14:755][  0]LogConfig: Setting CVar [[r.Streaming.AmortizeCPUToGPUCopy:0]]
[2021.12.16-16.28.14:755][  0]LogConfig: Setting CVar [[r.Streaming.MaxNumTexturesToStreamPerFrame:0]]
[2021.12.16-16.28.14:755][  0]LogConfig: Setting CVar [[r.Streaming.Boost:1]]
[2021.12.16-16.28.14:755][  0]LogConfig: Setting CVar [[r.MaxAnisotropy:8]]
[2021.12.16-16.28.14:756][  0]LogConfig: Setting CVar [[r.VT.MaxAnisotropy:8]]
[2021.12.16-16.28.14:756][  0]LogConfig: Setting CVar [[r.Streaming.LimitPoolSizeToVRAM:0]]
[2021.12.16-16.28.14:756][  0]LogConfig: Setting CVar [[r.Streaming.PoolSize:1000]]
[2021.12.16-16.28.14:756][  0]LogConfig: Setting CVar [[r.Streaming.MaxEffectiveScreenSize:0]]
[2021.12.16-16.28.14:756][  0]LogConfig: Applying CVar settings from Section [EffectsQuality@3] File [D:/github/group-project/group_project/Saved/Config/Windows/Scalability.ini]
[2021.12.16-16.28.14:756][  0]LogConfig: Setting CVar [[r.TranslucencyLightingVolumeDim:64]]
[2021.12.16-16.28.14:756][  0]LogConfig: Setting CVar [[r.RefractionQuality:2]]
[2021.12.16-16.28.14:756][  0]LogConfig: Setting CVar [[r.SSR.Quality:3]]
[2021.12.16-16.28.14:756][  0]LogConfig: Setting CVar [[r.SSR.HalfResSceneColor:0]]
[2021.12.16-16.28.14:756][  0]LogConfig: Setting CVar [[r.SceneColorFormat:4]]
[2021.12.16-16.28.14:756][  0]LogConfig: Setting CVar [[r.DetailMode:2]]
[2021.12.16-16.28.14:756][  0]LogConfig: Setting CVar [[r.TranslucencyVolumeBlur:1]]
[2021.12.16-16.28.14:756][  0]LogConfig: Setting CVar [[r.MaterialQualityLevel:1 ; High quality]]
[2021.12.16-16.28.14:756][  0]LogConfig: Setting CVar [[r.AnisotropicMaterials:1]]
[2021.12.16-16.28.14:756][  0]LogConfig: Setting CVar [[r.SSS.Scale:1]]
[2021.12.16-16.28.14:756][  0]LogConfig: Setting CVar [[r.SSS.SampleSet:2]]
[2021.12.16-16.28.14:756][  0]LogConfig: Setting CVar [[r.SSS.Quality:1]]
[2021.12.16-16.28.14:756][  0]LogConfig: Setting CVar [[r.SSS.HalfRes:0]]
[2021.12.16-16.28.14:756][  0]LogConfig: Setting CVar [[r.SSGI.Quality:3]]
[2021.12.16-16.28.14:756][  0]LogConfig: Setting CVar [[r.EmitterSpawnRateScale:1.0]]
[2021.12.16-16.28.14:756][  0]LogConfig: Setting CVar [[r.ParticleLightQuality:2]]
[2021.12.16-16.28.14:756][  0]LogConfig: Setting CVar [[r.SkyAtmosphere.AerialPerspectiveLUT.FastApplyOnOpaque:1 ; Always have FastSkyLUT 1 in this case to avoid wrong sky]]
[2021.12.16-16.28.14:756][  0]LogConfig: Setting CVar [[r.SkyAtmosphere.AerialPerspectiveLUT.SampleCountMaxPerSlice:4]]
[2021.12.16-16.28.14:756][  0]LogConfig: Setting CVar [[r.SkyAtmosphere.AerialPerspectiveLUT.DepthResolution:16.0]]
[2021.12.16-16.28.14:756][  0]LogConfig: Setting CVar [[r.SkyAtmosphere.FastSkyLUT:1]]
[2021.12.16-16.28.14:756][  0]LogConfig: Setting CVar [[r.SkyAtmosphere.FastSkyLUT.SampleCountMin:4.0]]
[2021.12.16-16.28.14:756][  0]LogConfig: Setting CVar [[r.SkyAtmosphere.FastSkyLUT.SampleCountMax:128.0]]
[2021.12.16-16.28.14:756][  0]LogConfig: Setting CVar [[r.SkyAtmosphere.SampleCountMin:4.0]]
[2021.12.16-16.28.14:756][  0]LogConfig: Setting CVar [[r.SkyAtmosphere.SampleCountMax:128.0]]
[2021.12.16-16.28.14:756][  0]LogConfig: Setting CVar [[r.SkyAtmosphere.TransmittanceLUT.UseSmallFormat:0]]
[2021.12.16-16.28.14:756][  0]LogConfig: Setting CVar [[r.SkyAtmosphere.TransmittanceLUT.SampleCount:10.0]]
[2021.12.16-16.28.14:756][  0]LogConfig: Setting CVar [[r.SkyAtmosphere.MultiScatteringLUT.SampleCount:15.0]]
[2021.12.16-16.28.14:756][  0]LogConfig: Setting CVar [[r.SkyLight.RealTimeReflectionCapture:1]]
[2021.12.16-16.28.14:756][  0]LogConfig: Applying CVar settings from Section [FoliageQuality@3] File [D:/github/group-project/group_project/Saved/Config/Windows/Scalability.ini]
[2021.12.16-16.28.14:756][  0]LogConfig: Setting CVar [[foliage.DensityScale:1.0]]
[2021.12.16-16.28.14:756][  0]LogConfig: Setting CVar [[grass.DensityScale:1.0]]
[2021.12.16-16.28.14:756][  0]LogConfig: Applying CVar settings from Section [ShadingQuality@3] File [D:/github/group-project/group_project/Saved/Config/Windows/Scalability.ini]
[2021.12.16-16.28.14:756][  0]LogConfig: Setting CVar [[r.HairStrands.SkyLighting.IntegrationType:2]]
[2021.12.16-16.28.14:756][  0]LogConfig: Setting CVar [[r.HairStrands.SkyAO.SampleCount:4]]
[2021.12.16-16.28.14:756][  0]LogConfig: Setting CVar [[r.HairStrands.Visibility.MSAA.SamplePerPixel:4]]
[2021.12.16-16.28.14:756][  0]LogConfig: Applying CVar settings from Section [Startup] File [../../../Engine/Config/ConsoleVariables.ini]
[2021.12.16-16.28.14:757][  0]LogConfig: Setting CVar [[net.UseAdaptiveNetUpdateFrequency:0]]
[2021.12.16-16.28.14:757][  0]LogConfig: Setting CVar [[p.chaos.AllowCreatePhysxBodies:1]]
[2021.12.16-16.28.14:757][  0]LogConfig: Setting CVar [[fx.SkipVectorVMBackendOptimizations:1]]
[2021.12.16-16.28.14:757][  0]LogConfig: Applying CVar settings from Section [ConsoleVariables] File [D:/github/group-project/group_project/Saved/Config/Windows/Engine.ini]
[2021.12.16-16.28.14:757][  0]LogConfig: Applying CVar settings from Section [ConsoleVariables] File [D:/github/group-project/group_project/Saved/Config/Windows/Editor.ini]
[2021.12.16-16.28.14:757][  0]LogInit: Computer: DESKTOP-T6K128S
[2021.12.16-16.28.14:757][  0]LogInit: User: 傻子吕师宇
[2021.12.16-16.28.14:757][  0]LogInit: CPU Page size=4096, Cores=4
[2021.12.16-16.28.14:757][  0]LogInit: High frequency timer resolution =10.000000 MHz
[2021.12.16-16.28.14:757][  0]LogMemory: Memory total: Physical=32.0GB (32GB approx)
[2021.12.16-16.28.14:757][  0]LogMemory: Platform Memory Stats for Windows
[2021.12.16-16.28.14:757][  0]LogMemory: Process Physical Memory: 149.69 MB used, 149.69 MB peak
[2021.12.16-16.28.14:757][  0]LogMemory: Process Virtual Memory: 126.78 MB used, 126.78 MB peak
[2021.12.16-16.28.14:757][  0]LogMemory: Physical Memory: 11434.20 MB used,  21301.38 MB free, 32735.58 MB total
[2021.12.16-16.28.14:757][  0]LogMemory: Virtual Memory: 134193672.00 MB used,  24053.46 MB free, 134217728.00 MB total
[2021.12.16-16.28.14:774][  0]LogWindows: WindowsPlatformFeatures enabled
[2021.12.16-16.28.14:907][  0]LogInit: Physics initialised using underlying interface: PhysX
[2021.12.16-16.28.14:907][  0]LogInit: Using OS detected language (en-GB).
[2021.12.16-16.28.14:908][  0]LogInit: Using OS detected locale (en-CA).
[2021.12.16-16.28.14:919][  0]LogTextLocalizationManager: No specific localization for 'en-GB' exists, so the 'en' localization will be used.
[2021.12.16-16.28.15:206][  0]LogWindowsTextInputMethodSystem: Display: IME system deactivated.
[2021.12.16-16.28.15:313][  0]LogSlate: New Slate User Created.  User Index 0, Is Virtual User: 0
[2021.12.16-16.28.15:313][  0]LogSlate: Slate User Registered.  User Index 0, Is Virtual User: 0
[2021.12.16-16.28.15:412][  0]LogD3D11RHI: Loaded GFSDK_Aftermath_Lib.x64.dll
[2021.12.16-16.28.15:417][  0]LogHMD: Failed to initialize OpenVR with code 110
[2021.12.16-16.28.15:417][  0]LogD3D11RHI: D3D11 min allowed feature level: 11_0
[2021.12.16-16.28.15:417][  0]LogD3D11RHI: D3D11 max allowed feature level: 11_0
[2021.12.16-16.28.15:417][  0]LogD3D11RHI: D3D11 adapters:
[2021.12.16-16.28.15:587][  0]LogD3D11RHI:    0. 'NVIDIA GeForce GTX 1080' (Feature Level 11_0)
[2021.12.16-16.28.15:588][  0]LogD3D11RHI:       8079/0/16367 MB DedicatedVideo/DedicatedSystem/SharedSystem, Outputs:2, VendorId:0x10de
[2021.12.16-16.28.15:591][  0]LogD3D11RHI:    1. 'Microsoft Basic Render Driver' (Feature Level 11_0)
[2021.12.16-16.28.15:591][  0]LogD3D11RHI:       0/0/16367 MB DedicatedVideo/DedicatedSystem/SharedSystem, Outputs:0, VendorId:0x1414
[2021.12.16-16.28.15:591][  0]LogD3D11RHI: Chosen D3D11 Adapter:
[2021.12.16-16.28.15:591][  0]LogD3D11RHI:     Description : NVIDIA GeForce GTX 1080
[2021.12.16-16.28.15:591][  0]LogD3D11RHI:     VendorId    : 10de
[2021.12.16-16.28.15:591][  0]LogD3D11RHI:     DeviceId    : 1b80
[2021.12.16-16.28.15:591][  0]LogD3D11RHI:     SubSysId    : 37301458
[2021.12.16-16.28.15:591][  0]LogD3D11RHI:     Revision    : 00a1
[2021.12.16-16.28.15:591][  0]LogD3D11RHI:     DedicatedVideoMemory : 8471445504 bytes
[2021.12.16-16.28.15:591][  0]LogD3D11RHI:     DedicatedSystemMemory : 0 bytes
[2021.12.16-16.28.15:591][  0]LogD3D11RHI:     SharedSystemMemory : 17162870784 bytes
[2021.12.16-16.28.15:591][  0]LogD3D11RHI:     AdapterLuid : 0 56898
[2021.12.16-16.28.15:596][  0]LogD3D11RHI: Creating new Direct3DDevice
[2021.12.16-16.28.15:596][  0]LogD3D11RHI:     GPU DeviceId: 0x1b80 (for the marketing name, search the web for "GPU Device Id")
[2021.12.16-16.28.15:596][  0]LogWindows: EnumDisplayDevices:
[2021.12.16-16.28.15:596][  0]LogWindows:    0. 'NVIDIA GeForce GTX 1080' (P:0 D:1)
[2021.12.16-16.28.15:597][  0]LogWindows:    1. 'NVIDIA GeForce GTX 1080' (P:1 D:1)
[2021.12.16-16.28.15:598][  0]LogWindows:    2. 'NVIDIA GeForce GTX 1080' (P:0 D:0)
[2021.12.16-16.28.15:598][  0]LogWindows:    3. 'NVIDIA GeForce GTX 1080' (P:0 D:0)
[2021.12.16-16.28.15:599][  0]LogWindows: DebugString: FoundDriverCount:4 
[2021.12.16-16.28.15:599][  0]LogD3D11RHI:     Adapter Name: NVIDIA GeForce GTX 1080
[2021.12.16-16.28.15:599][  0]LogD3D11RHI:   Driver Version: 496.76 (internal:30.0.14.9676, unified:496.76)
[2021.12.16-16.28.15:599][  0]LogD3D11RHI:      Driver Date: 11-9-2021
[2021.12.16-16.28.15:599][  0]LogRHI: Texture pool is 5655 MB (70% of 8079 MB)
[2021.12.16-16.28.15:599][  0]LogD3D11RHI: Creating D3DDevice using adapter:
[2021.12.16-16.28.15:599][  0]LogD3D11RHI:     Description : NVIDIA GeForce GTX 1080
[2021.12.16-16.28.15:599][  0]LogD3D11RHI:     VendorId    : 10de
[2021.12.16-16.28.15:599][  0]LogD3D11RHI:     DeviceId    : 1b80
[2021.12.16-16.28.15:599][  0]LogD3D11RHI:     SubSysId    : 37301458
[2021.12.16-16.28.15:599][  0]LogD3D11RHI:     Revision    : 00a1
[2021.12.16-16.28.15:599][  0]LogD3D11RHI:     DedicatedVideoMemory : 8471445504 bytes
[2021.12.16-16.28.15:599][  0]LogD3D11RHI:     DedicatedSystemMemory : 0 bytes
[2021.12.16-16.28.15:599][  0]LogD3D11RHI:     SharedSystemMemory : 17162870784 bytes
[2021.12.16-16.28.15:599][  0]LogD3D11RHI:     AdapterLuid : 0 56898
[2021.12.16-16.28.15:657][  0]LogD3D11RHI: RHI has support for 64 bit atomics
[2021.12.16-16.28.15:657][  0]LogD3D11RHI: Async texture creation enabled
[2021.12.16-16.28.15:657][  0]LogD3D11RHI: Array index from any shader is supported
[2021.12.16-16.28.15:661][  0]LogD3D11RHI: HDR output is supported on display 1 (NvId: 0x80061082).
[2021.12.16-16.28.15:681][  0]LogD3D11RHI: GPU Timing Frequency: 1000.000000 (Debug: 2 1)
[2021.12.16-16.28.15:779][  0]LogRHI: GeForceNow SDK initialized: 1
[2021.12.16-16.28.16:256][  0]LogTargetPlatformManager: Display: Loaded TargetPlatform 'WindowsNoEditor'
[2021.12.16-16.28.16:266][  0]LogTargetPlatformManager: Display: Loaded TargetPlatform 'Windows'
[2021.12.16-16.28.16:275][  0]LogTargetPlatformManager: Display: Loaded TargetPlatform 'WindowsClient'
[2021.12.16-16.28.16:284][  0]LogTargetPlatformManager: Display: Loaded TargetPlatform 'WindowsServer'
[2021.12.16-16.28.16:284][  0]LogTargetPlatformManager: Display: Building Assets For Windows
[2021.12.16-16.28.16:302][  0]LogAudioDebug: Display: Lib vorbis DLL was dynamically loaded.
[2021.12.16-16.28.16:388][  0]LogTextureFormatOodle: Display: Oodle Texture 2.9.0 init RDO Off
[2021.12.16-16.28.16:462][  0]LogRendererCore: Ray tracing is disabled. Reason: r.RayTracing=0.
[2021.12.16-16.28.16:462][  0]LogShaderCompilers: Guid format shader working directory is -4 characters bigger than the processId version (../../../../../github/group-project/group_project/Intermediate/Shaders/WorkingDirectory/15180/).
[2021.12.16-16.28.16:462][  0]LogShaderCompilers: Cleaned the shader compiler working directory 'C:/Users/傻子吕师宇/AppData/Local/Temp/UnrealShaderWorkingDir/9D7D48664A33FD15A24634AF1A03522F/'.
[2021.12.16-16.28.16:463][  0]LogXGEController: Cannot use XGE Controller as Incredibuild is not installed on this machine.
[2021.12.16-16.28.16:463][  0]LogShaderCompilers: Cannot use XGE Shader Compiler as Incredibuild is not installed on this machine.
[2021.12.16-16.28.16:463][  0]LogShaderCompilers: Display: Using Local Shader Compiler.
[2021.12.16-16.28.17:264][  0]LogDerivedDataCache: Display: Max Cache Size: 512 MB
[2021.12.16-16.28.17:355][  0]LogDerivedDataCache: Loaded boot cache 0.09s 153MB C:/Users/傻子吕师宇/AppData/Local/UnrealEngine/4.27/DerivedDataCache/Boot.ddc.
[2021.12.16-16.28.17:355][  0]LogDerivedDataCache: Display: Loaded Boot cache: C:/Users/傻子吕师宇/AppData/Local/UnrealEngine/4.27/DerivedDataCache/Boot.ddc
[2021.12.16-16.28.17:355][  0]LogDerivedDataCache: FDerivedDataBackendGraph:  Pak pak cache file ../../../../../github/group-project/group_project/DerivedDataCache/DDC.ddp not found, will not use a pak cache.
[2021.12.16-16.28.17:355][  0]LogDerivedDataCache: Unable to find inner node Pak for hierarchical cache Hierarchy.
[2021.12.16-16.28.17:355][  0]LogDerivedDataCache: FDerivedDataBackendGraph:  CompressedPak pak cache file ../../../../../github/group-project/group_project/DerivedDataCache/Compressed.ddp not found, will not use a pak cache.
[2021.12.16-16.28.17:355][  0]LogDerivedDataCache: Unable to find inner node CompressedPak for hierarchical cache Hierarchy.
[2021.12.16-16.28.17:371][  0]LogDerivedDataCache: Display: Pak cache opened for reading ../../../Engine/DerivedDataCache/Compressed.ddp.
[2021.12.16-16.28.17:371][  0]LogDerivedDataCache: FDerivedDataBackendGraph:  EnterprisePak pak cache file ../../../Enterprise/DerivedDataCache/Compressed.ddp not found, will not use a pak cache.
[2021.12.16-16.28.17:371][  0]LogDerivedDataCache: Unable to find inner node EnterprisePak for hierarchical cache Hierarchy.
[2021.12.16-16.28.17:382][  0]LogDerivedDataCache: Speed tests for C:/Users/傻子吕师宇/AppData/Local/UnrealEngine/Common/DerivedDataCache took 0.01 seconds
[2021.12.16-16.28.17:382][  0]LogDerivedDataCache: Display: Performance to C:/Users/傻子吕师宇/AppData/Local/UnrealEngine/Common/DerivedDataCache: Latency=0.17ms. RandomReadSpeed=377.66MBs, RandomWriteSpeed=145.60MBs. Assigned SpeedClass 'Local'
[2021.12.16-16.28.17:383][  0]LogDerivedDataCache: Using Local data cache path C:/Users/傻子吕师宇/AppData/Local/UnrealEngine/Common/DerivedDataCache: Writable
[2021.12.16-16.28.17:383][  0]LogDerivedDataCache: Shared data cache path not found in *engine.ini, will not use an Shared cache.
[2021.12.16-16.28.17:383][  0]LogDerivedDataCache: Unable to find inner node Shared for hierarchical cache Hierarchy.
[2021.12.16-16.28.17:417][  0]LogSlate: Using FreeType 2.10.0
[2021.12.16-16.28.17:418][  0]LogSlate: SlateFontServices - WITH_FREETYPE: 1, WITH_HARFBUZZ: 1
[2021.12.16-16.28.17:518][  0]LogInit: Using OS detected language (en-GB).
[2021.12.16-16.28.17:518][  0]LogInit: Using OS detected locale (en-CA).
[2021.12.16-16.28.17:518][  0]LogTextLocalizationManager: No localization for 'en-GB' exists, so 'en' will be used for the language.
[2021.12.16-16.28.17:518][  0]LogTextLocalizationManager: No localization for 'en-CA' exists, so 'en' will be used for the locale.
[2021.12.16-16.28.17:518][  0]LogSlate: FontCache flush requested. Reason: Culture for localization was changed
[2021.12.16-16.28.17:518][  0]LogSlate: FontCache flush requested. Reason: Culture for localization was changed
[2021.12.16-16.28.17:521][  0]LogTextLocalizationManager: Compacting localization data took   0.00ms
[2021.12.16-16.28.17:521][  0]LogAssetRegistry: FAssetRegistry took 0.0017 seconds to start up
[2021.12.16-16.28.17:668][  0]LogPackageLocalizationCache: Processed 28 localized package path(s) for 1 prioritized culture(s) in 0.001409 seconds
[2021.12.16-16.28.17:748][  0]LogInit: Selected Device Profile: [Windows]
[2021.12.16-16.28.17:748][  0]LogInit: Active device profile: [0000027139BCCC00][000002712F0DD080 49] Windows
[2021.12.16-16.28.17:748][  0]LogInit: Profiles: [0000027139BCCC00][000002712F0DD080 49] Windows, [0000027139B95D00][000002712F235200 49] WindowsNoEditor, [0000027139BCDA00][000002712F239380 49] WindowsServer, [0000027139B96A00][000002712F23D500 49] WindowsClient, [0000027139BCE600][000002712F241680 49] IOS, [0000027139B97F00][000002712F0E17C0 49] iPadAir, [0000027139BCCA00][000002712F245900 49] iPadAir2, [0000027139B48E00][000002712F017B40 49] IPadPro, [0000027139B48F00][000002712F249B80 49] iPadAir3, [0000027139B95E00][000002712F01E180 49] iPadAir4, [0000027139B4B400][000002712F022300 49] iPadMini2, [0000027139B96D00][000002712F026480 49] iPadMini3, [0000027139B4BA00][000002712F02A600 49] iPadMini4, [0000027139B96E00][000002712F02E780 49] iPadMini5, [0000027139B50800][000002712F036A40 49] iPhone6, [0000027139B50900][000002712F032A80 49] iPodTouch6, [0000027139BCF000][000002712F03ED40 49] iPhone7, [0000027139BCF100][000002712F03AD80 49] iPodTouch7, [0000027139B4B000][000002712F042F00 49] iPhone5S, [0000027139B48600][000002712F047080 49] iPhone6Plus, [0000027139B52800][000002712F04B200 49] iPhone6S, [0000027139B49600][000002712F04F380 49] iPhone6SPlus, [0000027139B52600][000002712F053500 49] iPhone7Plus, [0000027139B48800][000002712F057680 49] iPhoneSE, [0000027139B52500][000002712F05B800 49] iPhone8, [0000027139B49800][000002712F01B940 49] iPhone8Plus, [0000027139BCEA00][000002712F05FA80 49] iPhoneX, [0000027139B4AA00][000002712FDEBBC0 49] iPhoneXS, [0000027139BCED00][000002712FDEE180 49] iPhoneXSMax, [0000027139B48D00][000002712FDF6300 49] iPhoneXR, [0000027139BCC200][000002712FDFA480 49] iPhone11, [0000027139B4A400][000002712FDFE600 49] iPhone11Pro, [0000027139BCD100][000002712FE02780 49] iPhone11ProMax, [0000027139B48100][000002712FE06900 49] iPhoneSE2, [0000027139BCD600][000002712FE0AA80 49] iPhone12Mini, [0000027139B48A00][000002712FE0EC00 49] iPhone12, [0000027139BCD500][000002712FE12D80 49] iPhone12Pro, [0000027139B49100][000002712FE16F00 49] iPhone12ProMax, [0000027139BCDD00][000002712FE1B080 49] iPadPro105, [0000027139B49500][000002712FE1F200 49] iPadPro129, [0000027139BCC600][000002712FE23380 49] iPadPro97, [0000027139B48700][000002712FE27500 49] iPadPro2_129, [0000027139BCFE00][000002712FE2B680 49] iPad5, [0000027139B49F00][000002712FE2F800 49] iPad6, [0000027139BCC800][000002712FE33980 49] iPad7, [0000027139B4B700][000002712FDF3AC0 49] iPad8, [0000027139BCF700][000002712FE37C00 49] iPadPro11, [0000027139B4A200][000002712FE3A1C0 49] iPadPro2_11, [0000027139BCF200][000002712FE3E300 49] iPadPro3_129, [0000027139B48400][000002712FE46480 49] iPadPro4_129, [0000027139BCD700][000002712FE4A600 49] AppleTV, [0000027139B4A000][000002712FE4E780 49] AppleTV4K, [0000027139BCE500][000002712FE52900 49] TVOS, [0000027139B49000][000002712FE56A80 49] Mac, [0000027139BCE000][000002712FE5AC00 49] MacClient, [0000027139B4B600][000002712FE5ED80 49] MacNoEditor, [0000027139BCC100][000002712FE62F00 49] MacServer, [0000027139B4A300][000002712FE67080 49] Linux, [0000027139BCFB00][000002712FE6B200 49] LinuxAArch64, [0000027139B48C00][000002712FE6F380 49] LinuxNoEditor, [0000027139BCDB00][000002712FE73500 49] LinuxAArch64NoEditor, [0000027139B49A00][000002712FE77680 49] LinuxClient, [0000027139BCD800][000002712FE7B800 49] LinuxAArch64Client, [0000027139B48500][000002712FE7F980 49] LinuxServer, [0000027139BCF900][000002712FE83B00 49] LinuxAArch64Server, [0000027139B49D00][000002712FE86100 49] Android, [0000027139BCD000][000002712FE42240 49] Android_Low, [0000027139B4B200][000002712FE8A380 49] Android_Mid, [0000027139BCF800][000002712FE8E4C0 49] Android_High, [0000027139B4BE00][000002712FE96640 49] Android_Default, [0000027139BCD200][000002712FE9A7C0 49] Android_Adreno4xx, [0000027139B4A800][000002712F84E940 49] Android_Adreno5xx_Low, [0000027139BCC300][000002712F852AC0 49] Android_Adreno5xx, [0000027139B53800][000002712F856C40 49] Android_Adreno6xx, [0000027139B97200][000002712F85ADC0 49] Android_Adreno6xx_Vulkan, [0000027139B51000][000002712F85EF40 49] Android_Mali_T6xx, [0000027139B96900][000002712F8630C0 49] Android_Mali_T7xx, [0000027139B51400][000002712F867240 49] Android_Mali_T8xx, [0000027139B95500][000002712F86B3C0 49] Android_Mali_G71, [0000027139B50E00][000002712F86F540 49] Android_Mali_G72, [0000027139B97400][000002712F8736C0 49] Android_Mali_G72_Vulkan, [0000027139B50400][000002712F877840 49] Android_Mali_G76, [0000027139B97800][000002712F87B9C0 49] Android_Mali_G76_Vulkan, [0000027139B53400][000002712F87FB40 49] Android_Mali_G77, [0000027139B96400][000002712F882140 49] Android_Mali_G77_Vulkan, [0000027139B50B00][000002712F8862C0 49] Android_Mali_G78, [0000027139B96F00][000002712FE92400 49] Android_Mali_G78_Vulkan, [0000027139B53900][000002712F062540 49] Android_Mali_G710, [0000027139B97E00][000002712F066680 49] Android_Mali_G710_Vulkan, [0000027139B50F00][000002712F06A7C0 49] Android_Vulkan_SM5, [0000027139B97900][000002712F072940 49] Android_PowerVR_G6xxx, [0000027139B51500][000002712F076AC0 49] Android_PowerVR_GT7xxx, [0000027139B94100][000002712F07AC40 49] Android_PowerVR_GE8xxx, [0000027139B52B00][000002712F07EDC0 49] Android_PowerVR_GM9xxx, [0000027139B94D00][000002712F082F40 49] Android_PowerVR_GM9xxx_Vulkan, [0000027139B50100][000002712F0870C0 49] Android_TegraK1, [0000027139B96100][000002712F88B240 49] Android_Unknown_Vulkan, [0000027139B51C00][000002712F88F3C0 49] Lumin, [0000027139B94300][000002712F893540 49] Lumin_Desktop, [0000027139B51300][000002712F8976C0 49] HoloLens, 
[2021.12.16-16.28.17:831][  0]LogMeshReduction: Using QuadricMeshReduction for automatic static mesh reduction
[2021.12.16-16.28.17:831][  0]LogMeshReduction: Using SimplygonMeshReduction for automatic skeletal mesh reduction
[2021.12.16-16.28.17:831][  0]LogMeshReduction: Using ProxyLODMeshReduction for automatic mesh merging
[2021.12.16-16.28.17:831][  0]LogMeshReduction: No distributed automatic mesh merging module available
[2021.12.16-16.28.17:831][  0]LogMeshMerging: No distributed automatic mesh merging module available
[2021.12.16-16.28.18:007][  0]LogNetVersion: group_project 1.0.0, NetCL: 17155196, EngineNetVer: 17, GameNetVer: 0 (Checksum: 2067258830)
[2021.12.16-16.28.18:269][  0]LogTexture: Default maximum texture size for cubemaps generated from long-lat sources has been changed from 512 to unlimited. In order to preserve old behaiour for '/Engine/MapTemplates/Sky/DaylightAmbientCubemap.DaylightAmbientCubemap', its maximum texture size has been explicitly set to 512.
[2021.12.16-16.28.18:318][  0]LogHMD: PokeAHoleMaterial loaded successfully
[2021.12.16-16.28.18:566][  0]LogMoviePlayer: Initializing movie player
[2021.12.16-16.28.18:723][  0]LogNiagaraDebuggerClient: Niagara Debugger Client Initialized | Session: 9AE7AB1449311817CB7FFF98F7742D6E | Instance: 7337CF7B46D4A2AD5C089E97F5C45450 (DESKTOP-T6K128S-15180).
[2021.12.16-16.28.18:755][  0]LogCollectionManager: Loaded 0 collections in 0.000706 seconds
[2021.12.16-16.28.18:758][  0]LogFileCache: Scanning file cache for directory 'D:/github/group-project/group_project/Saved/Collections/' took 0.00s
[2021.12.16-16.28.18:758][  0]LogFileCache: Scanning file cache for directory 'D:/github/group-project/group_project/Content/Developers/傻子吕师宇/Collections/' took 0.00s
[2021.12.16-16.28.18:758][  0]LogFileCache: Scanning file cache for directory 'D:/github/group-project/group_project/Content/Collections/' took 0.00s
[2021.12.16-16.28.18:758][  0]LogCollectionManager: Fixed up redirectors for 0 collections in 0.000002 seconds (updated 0 objects)
[2021.12.16-16.28.18:789][  0]LogPython: Using Python 3.7.7
[2021.12.16-16.28.19:393][  0]LogUdpMessaging: Initializing bridge on interface 0.0.0.0:0 to multicast group 230.0.0.1:6666.
[2021.12.16-16.28.19:403][  0]LogTcpMessaging: Initializing TcpMessaging bridge
[2021.12.16-16.28.19:617][  0]SourceControl: Source control is disabled
[2021.12.16-16.28.19:617][  0]SourceControl: Source control is disabled
[2021.12.16-16.28.19:624][  0]SourceControl: Source control is disabled
[2021.12.16-16.28.19:639][  0]LogUProjectInfo: Found projects:
[2021.12.16-16.28.19:808][  0]LogOpenImageDenoise: OIDN starting up
[2021.12.16-16.28.20:826][  0]LogAndroidPermission: UAndroidPermissionCallbackProxy::GetInstance
[2021.12.16-16.28.20:871][  0]LogAudioCaptureCore: Display: No Audio Capture implementations found. Audio input will be silent.
[2021.12.16-16.28.20:871][  0]LogAudioCaptureCore: Display: No Audio Capture implementations found. Audio input will be silent.
[2021.12.16-16.28.20:980][  0]LogOcInput: OculusInput pre-init called
[2021.12.16-16.28.20:987][  0]LogUObjectArray: 29571 objects as part of root set at end of initial load.
[2021.12.16-16.28.20:988][  0]LogUObjectAllocator: 9189488 out of 0 bytes used by permanent object pool.
[2021.12.16-16.28.20:988][  0]LogUObjectArray: CloseDisregardForGC: 0/0 objects in disregard for GC pool
[2021.12.16-16.28.21:040][  0]LogEngine: Initializing Engine...
[2021.12.16-16.28.21:043][  0]LogHMD: Failed to enumerate extensions. Please check that you have a valid OpenXR runtime installed.
[2021.12.16-16.28.21:043][  0]LogHMD: Failed to initialize OpenVR with code 110
[2021.12.16-16.28.21:043][  0]LogMagicLeap: Warning: VR disabled because ZI is not enabled.  To enable, in the editor, Edit -> Project Settings -> Plugins -> Magic Leap Plugin -> Enable Zero Iteration
[2021.12.16-16.28.21:045][  0]LogStats: UGameplayTagsManager::InitializeManager -  0.000 s
[2021.12.16-16.28.21:128][  0]LogInit: Initializing FReadOnlyCVARCache
[2021.12.16-16.28.21:128][  0]LogAudio: Display: Initializing Audio Device Manager...
[2021.12.16-16.28.21:139][  0]LogAudio: Display: Loading Default Audio Settings Objects...
[2021.12.16-16.28.21:140][  0]LogAudio: Display: No default SoundConcurrencyObject specified (or failed to load).
[2021.12.16-16.28.21:140][  0]LogAudio: Display: Audio Device Manager Initialized
[2021.12.16-16.28.21:140][  0]LogAudio: Display: Creating Audio Device:                 Id: 1, Scope: Shared, Realtime: True
[2021.12.16-16.28.21:140][  0]LogAudioMixer: Display: Audio Mixer Platform Settings:
[2021.12.16-16.28.21:140][  0]LogAudioMixer: Display: 	Sample Rate:						  48000
[2021.12.16-16.28.21:140][  0]LogAudioMixer: Display: 	Callback Buffer Frame Size Requested: 1024
[2021.12.16-16.28.21:140][  0]LogAudioMixer: Display: 	Callback Buffer Frame Size To Use:	  1024
[2021.12.16-16.28.21:140][  0]LogAudioMixer: Display: 	Number of buffers to queue:			  2
[2021.12.16-16.28.21:140][  0]LogAudioMixer: Display: 	Max Channels (voices):				  32
[2021.12.16-16.28.21:140][  0]LogAudioMixer: Display: 	Number of Async Source Workers:		  0
[2021.12.16-16.28.21:140][  0]LogAudio: Display: AudioDevice MaxSources: 32
[2021.12.16-16.28.21:140][  0]LogAudio: Display: Audio Spatialization Plugin: None (built-in).
[2021.12.16-16.28.21:141][  0]LogAudio: Display: Audio Reverb Plugin: None (built-in).
[2021.12.16-16.28.21:141][  0]LogAudio: Display: Audio Occlusion Plugin: None (built-in).
[2021.12.16-16.28.21:141][  0]LogAudioMixer: Display: Initializing audio mixer.
[2021.12.16-16.28.21:173][  0]LogAudioMixer: Display: 0: FrontLeft
[2021.12.16-16.28.21:173][  0]LogAudioMixer: Display: 1: FrontRight
[2021.12.16-16.28.21:191][  0]LogAudioMixer: Display: Using Audio Device 扬声器 (Realtek High Definition Audio)
[2021.12.16-16.28.21:195][  0]LogAudioMixer: Display: Initializing Sound Submixes...
[2021.12.16-16.28.21:198][  0]LogAudioMixer: Display: Creating Master Submix 'MasterSubmixDefault'
[2021.12.16-16.28.21:198][  0]LogAudioMixer: Display: Creating Master Submix 'MasterReverbSubmixDefault'
[2021.12.16-16.28.21:199][  0]LogAudioMixer: Display: Creating Master Submix 'MasterEQSubmixDefault'
[2021.12.16-16.28.21:199][  0]LogAudioMixer: FMixerPlatformXAudio2::StartAudioStream() called
[2021.12.16-16.28.21:199][  0]LogAudioMixer: Display: Output buffers initialized: Frames=1024, Channels=2, Samples=2048
[2021.12.16-16.28.21:202][  0]LogAudioMixer: Display: Starting AudioMixerPlatformInterface::RunInternal()
[2021.12.16-16.28.21:202][  0]LogAudioMixer: Display: FMixerPlatformXAudio2::SubmitBuffer() called for the first time
[2021.12.16-16.28.21:203][  0]LogInit: FAudioDevice initialized.
[2021.12.16-16.28.21:204][  0]LogNetVersion: Set ProjectVersion to 1.0.0.0. Version Checksum will be recalculated on next use.
[2021.12.16-16.28.21:209][  0]LogInit: Texture streaming: Enabled
[2021.12.16-16.28.21:299][  0]LogAudio: Display: Audio Device (ID: 1) registered with world 'Untitled'.
[2021.12.16-16.28.21:299][  0]LogSlate: Updating window title bar state: overlay mode, drag disabled, window buttons hidden, title bar hidden
[2021.12.16-16.28.21:300][  0]LogInit: Display: Game Engine Initialized.
[2021.12.16-16.28.21:300][  0]LogNiagaraEditor: GEditor isn't valid! Particle reset commands will not work for Niagara components!
[2021.12.16-16.28.21:481][  0]LogInit: Display: Starting Game.
[2021.12.16-16.28.21:481][  0]LogNet: Browse: /Game/FirstPersonBP/Maps/Logan/Level1?Name=Player
[2021.12.16-16.28.21:481][  0]LogLoad: LoadMap: /Game/FirstPersonBP/Maps/Logan/Level1?Name=Player
[2021.12.16-16.28.21:481][  0]LogWorld: BeginTearingDown for /Temp/Untitled_0
[2021.12.16-16.28.21:483][  0]LogWorld: UWorld::CleanupWorld for Untitled, bSessionEnded=true, bCleanupResources=true
[2021.12.16-16.28.21:483][  0]LogSlate: InvalidateAllWidgets triggered.  All widgets were invalidated
[2021.12.16-16.28.21:487][  0]LogAudio: Display: Audio Device unregistered from world 'None'.
[2021.12.16-16.28.21:489][  0]LogUObjectHash: Compacting FUObjectHashTables data took   0.76ms
[2021.12.16-16.28.21:661][  0]LogBlueprint: Warning: [AssetLog] D:\github\group-project\group_project\Content\FirstPersonBP\Maps\Peixin_li\peixin_files\FindPlayerByAttacked.uasset: [Compiler] 'Enemy 1' does not inherit from 'AIController' ( Cast To Enemy1  would always fail).
[2021.12.16-16.28.22:156][  0]LogSkeletalMesh: Display: [AssetLog] D:\github\group-project\group_project\Content\CityofBrass_Enemies\Meshes\Enemy\Large\Large_Mesh.uasset: Find and fix some bad tangent! please re-import this skeletal mesh asset to fix the issue. The shading of the skeletal mesh will be bad and faceted.
[2021.12.16-16.28.22:221][  0]LogSkeletalMesh: Display: [AssetLog] D:\github\group-project\group_project\Content\CityofBrass_Enemies\Meshes\Enemy\Archer\Archer.uasset: Find and fix some bad tangent! please re-import this skeletal mesh asset to fix the issue. The shading of the skeletal mesh will be bad and faceted.
[2021.12.16-16.28.22:275][  0]LogAudio: Display: Audio Device (ID: 1) registered with world 'Level1'.
[2021.12.16-16.28.22:287][  0]LogAIModule: Creating AISystem for world Level1
[2021.12.16-16.28.22:288][  0]LogLoad: Game class is 'FirstPersonGameMode_C'
[2021.12.16-16.28.22:296][  0]LogWorld: Bringing World /Game/FirstPersonBP/Maps/Logan/Level1.Level1 up for play (max tick rate 0) at 2021.12.16-11.28.22
[2021.12.16-16.28.22:297][  0]LogWorld: Bringing up level for play took: 0.008510
[2021.12.16-16.28.22:301][  0]LogLoad: Took 0.819749 seconds to LoadMap(/Game/FirstPersonBP/Maps/Logan/Level1)
[2021.12.16-16.28.22:750][  0]LogSlate: Took 0.000271 seconds to synchronously load lazily loaded font '../../../Engine/Content/Slate/Fonts/Roboto-Regular.ttf' (155K)
[2021.12.16-16.28.23:019][  0]LogRenderer: Reallocating scene render targets to support 1280x720 Format 10 NumSamples 1 (Frame:1).
[2021.12.16-16.28.23:019][  0]LogInit: Display: Engine is initialized. Leaving FEngineLoop::Init()
[2021.12.16-16.28.23:019][  0]LogLoad: (Engine Initialization) Total time: 11.11 seconds
[2021.12.16-16.28.23:019][  0]LogLoad: (Engine Initialization) Total Blueprint compile time: 0.00 seconds
[2021.12.16-16.28.23:024][  0]LogContentStreaming: Texture pool size now 1000 MB
[2021.12.16-16.28.23:026][  0]LogSlate: InvalidateAllWidgets triggered.  All widgets were invalidated
[2021.12.16-16.28.23:064][  0]LogRenderer: Reallocating scene render targets to support 128x128 Format 10 NumSamples 1 (Frame:1).
[2021.12.16-16.28.23:134][  0]LogRenderer: Reallocating scene render targets to support 1280x720 Format 10 NumSamples 1 (Frame:2).
[2021.12.16-16.28.23:227][  1]LogSlate: Took 0.000269 seconds to synchronously load lazily loaded font '../../../Engine/Content/Slate/Fonts/Roboto-Regular.ttf' (155K)
[2021.12.16-16.28.24:194][109]LogBlueprintUserMessages: [Enemy1_2] true
[2021.12.16-16.28.30:895][989]Closing by request
[2021.12.16-16.28.30:895][989]LogWindows: FPlatformMisc::RequestExit(0)
[2021.12.16-16.28.30:895][989]LogWindows: FPlatformMisc::RequestExitWithStatus(0, 0)
[2021.12.16-16.28.30:895][989]LogCore: Engine exit requested (reason: Win RequestExit)
[2021.12.16-16.28.30:899][990]LogCore: Engine exit requested (reason: EngineExit() was called; note: exit was already requested)
[2021.12.16-16.28.30:899][990]LogInit: Display: PreExit Game.
[2021.12.16-16.28.30:911][990]LogWorld: BeginTearingDown for /Game/FirstPersonBP/Maps/Logan/Level1
[2021.12.16-16.28.30:912][990]LogWorld: UWorld::CleanupWorld for Level1, bSessionEnded=true, bCleanupResources=true
[2021.12.16-16.28.30:912][990]LogSlate: InvalidateAllWidgets triggered.  All widgets were invalidated
[2021.12.16-16.28.31:053][990]LogAudio: Display: Beginning Audio Device Manager Shutdown (Module: AudioMixerXAudio2)...
[2021.12.16-16.28.31:053][990]LogAudio: Display: Destroying 1 Remaining Audio Device(s)...
[2021.12.16-16.28.31:053][990]LogAudio: Display: Audio Device unregistered from world 'Level1'.
[2021.12.16-16.28.31:078][990]LogAudioMixer: FMixerPlatformXAudio2::StopAudioStream() called
[2021.12.16-16.28.31:080][990]LogAudioMixer: FMixerPlatformXAudio2::StopAudioStream() called
[2021.12.16-16.28.31:083][990]LogAudio: Display: Audio Device Manager Shutdown
[2021.12.16-16.28.31:088][990]LogSlate: Window 'group_project (64-bit Development PCD3D_SM5) ' being destroyed
[2021.12.16-16.28.31:091][990]LogWindowsTextInputMethodSystem: Display: IME system activated using TSF (中文(简体) - 手心输入法).
[2021.12.16-16.28.31:106][990]LogExit: Preparing to exit.
[2021.12.16-16.28.31:414][990]LogUObjectHash: Compacting FUObjectHashTables data took   1.42ms
[2021.12.16-16.28.31:487][990]LogMoviePlayer: Shutting down movie player
[2021.12.16-16.28.31:523][990]LogSlate: Updating window title bar state: overlay mode, drag disabled, window buttons hidden, title bar hidden
[2021.12.16-16.28.31:556][990]LogDemo: Cleaned up 0 splitscreen connections with owner deletion
[2021.12.16-16.28.31:560][990]LogExit: Game engine shut down
[2021.12.16-16.28.31:605][990]LogExit: Object subsystem successfully closed.
[2021.12.16-16.28.31:611][990]LogShaderCompilers: Display: === FShaderJobCache stats ===
[2021.12.16-16.28.31:611][990]LogShaderCompilers: Display: Total job queries 0, among them cache hits 0 (0.00%)
[2021.12.16-16.28.31:611][990]LogShaderCompilers: Display: Tracking 0 distinct input hashes that result in 0 distinct outputs (0.00%)
[2021.12.16-16.28.31:611][990]LogShaderCompilers: Display: RAM used: 0.00 MB (0.00 GB) of 1638.40 MB (1.60 GB) budget. Usage: 0.00%
[2021.12.16-16.28.31:611][990]LogShaderCompilers: Display: ================================================
[2021.12.16-16.28.31:618][990]LogShaderCompilers: Display: Shaders left to compile 0
[2021.12.16-16.28.31:681][990]LogModuleManager: Shutting down and abandoning module SequenceRecorderSections (562)
[2021.12.16-16.28.31:681][990]LogModuleManager: Shutting down and abandoning module SequenceRecorder (560)
[2021.12.16-16.28.31:681][990]LogModuleManager: Shutting down and abandoning module AutomationController (558)
[2021.12.16-16.28.31:681][990]LogModuleManager: Shutting down and abandoning module AutomationWorker (556)
[2021.12.16-16.28.31:681][990]LogModuleManager: Shutting down and abandoning module Voice (554)
[2021.12.16-16.28.31:681][990]LogModuleManager: Shutting down and abandoning module AIModule (552)
[2021.12.16-16.28.31:681][990]LogModuleManager: Shutting down and abandoning module GameplayDebugger (551)
[2021.12.16-16.28.31:681][990]LogModuleManager: Shutting down and abandoning module AITestSuite (549)
[2021.12.16-16.28.31:681][990]LogModuleManager: Shutting down and abandoning module NavigationSystem (547)
[2021.12.16-16.28.31:681][990]LogModuleManager: Shutting down and abandoning module AnimGraph (544)
[2021.12.16-16.28.31:682][990]LogModuleManager: Shutting down and abandoning module SteamVREditor (542)
[2021.12.16-16.28.31:682][990]LogModuleManager: Shutting down and abandoning module ToolMenus (541)
[2021.12.16-16.28.31:682][990]LogModuleManager: Shutting down and abandoning module OculusMR (538)
[2021.12.16-16.28.31:682][990]LogModuleManager: Shutting down and abandoning module TakeRecorderSources (536)
[2021.12.16-16.28.31:682][990]LogModuleManager: Shutting down and abandoning module TakeRecorder (535)
[2021.12.16-16.28.31:682][990]LogModuleManager: Shutting down and abandoning module TakeTrackRecorders (532)
[2021.12.16-16.28.31:682][990]LogModuleManager: Shutting down and abandoning module TakesCore (530)
[2021.12.16-16.28.31:682][990]LogModuleManager: Shutting down and abandoning module OpenXRInput (528)
[2021.12.16-16.28.31:682][990]LogModuleManager: Shutting down and abandoning module WmfMediaFactory (526)
[2021.12.16-16.28.31:682][990]LogModuleManager: Shutting down and abandoning module WebMMediaFactory (524)
[2021.12.16-16.28.31:682][990]LogModuleManager: Shutting down and abandoning module WebMMedia (522)
[2021.12.16-16.28.31:682][990]LogModuleManager: Shutting down and abandoning module OpenExrWrapper (520)
[2021.12.16-16.28.31:682][990]LogModuleManager: Shutting down and abandoning module ImgMediaFactory (518)
[2021.12.16-16.28.31:682][990]LogModuleManager: Shutting down and abandoning module AvfMediaFactory (516)
[2021.12.16-16.28.31:682][990]LogModuleManager: Shutting down and abandoning module MagicLeapMediaCodecFactory (514)
[2021.12.16-16.28.31:682][990]LogModuleManager: Shutting down and abandoning module MagicLeapMediaFactory (512)
[2021.12.16-16.28.31:682][990]LogModuleManager: Shutting down and abandoning module PlanarCut (510)
[2021.12.16-16.28.31:682][990]LogModuleManager: Shutting down and abandoning module CharacterAI (508)
[2021.12.16-16.28.31:682][990]LogModuleManager: Shutting down and abandoning module SessionServices (506)
[2021.12.16-16.28.31:682][990]LogModuleManager: Shutting down and abandoning module MovieSceneCapture (504)
[2021.12.16-16.28.31:682][990]LogModuleManager: Shutting down and abandoning module LiveCoding (502)
[2021.12.16-16.28.31:683][990]LogModuleManager: Shutting down and abandoning module LevelSequence (500)
[2021.12.16-16.28.31:683][990]LogModuleManager: Shutting down and abandoning module MovieSceneTracks (498)
[2021.12.16-16.28.31:683][990]LogModuleManager: Shutting down and abandoning module MovieScene (496)
[2021.12.16-16.28.31:683][990]LogModuleManager: Shutting down and abandoning module StreamingPauseRendering (494)
[2021.12.16-16.28.31:683][990]LogModuleManager: Shutting down and abandoning module PortalServices (492)
[2021.12.16-16.28.31:683][990]LogModuleManager: Shutting down and abandoning module PortalRpc (490)
[2021.12.16-16.28.31:683][990]LogModuleManager: Shutting down and abandoning module MessagingRpc (488)
[2021.12.16-16.28.31:683][990]LogModuleManager: Shutting down and abandoning module AudioMixerXAudio2 (486)
[2021.12.16-16.28.31:683][990]LogModuleManager: Shutting down and abandoning module AudioMixerCore (485)
[2021.12.16-16.28.31:683][990]LogModuleManager: Shutting down and abandoning module ImageWriteQueue (482)
[2021.12.16-16.28.31:683][990]LogModuleManager: Shutting down and abandoning module ProfilerService (480)
[2021.12.16-16.28.31:782][990]LogModuleManager: Shutting down and abandoning module TaskGraph (478)
[2021.12.16-16.28.31:782][990]LogModuleManager: Shutting down and abandoning module OculusInput (476)
[2021.12.16-16.28.31:782][990]LogModuleManager: Shutting down and abandoning module TakeMovieScene (474)
[2021.12.16-16.28.31:782][990]LogModuleManager: Shutting down and abandoning module Synthesis (472)
[2021.12.16-16.28.31:782][990]LogModuleManager: Shutting down and abandoning module ProceduralMeshComponent (470)
[2021.12.16-16.28.31:782][990]LogModuleManager: Shutting down and abandoning module MobilePatchingUtils (468)
[2021.12.16-16.28.31:782][990]LogModuleManager: Shutting down and abandoning module GooglePAD (466)
[2021.12.16-16.28.31:782][990]LogModuleManager: Shutting down and abandoning module CustomMeshComponent (464)
[2021.12.16-16.28.31:782][990]LogModuleManager: Shutting down and abandoning module EditableMesh (462)
[2021.12.16-16.28.31:782][990]LogModuleManager: Shutting down and abandoning module CableComponent (460)
[2021.12.16-16.28.31:782][990]LogModuleManager: Shutting down and abandoning module AudioCapture (458)
[2021.12.16-16.28.31:782][990]LogModuleManager: Shutting down and abandoning module AudioCaptureRtAudio (457)
[2021.12.16-16.28.31:782][990]LogModuleManager: Shutting down and abandoning module AssetTags (454)
[2021.12.16-16.28.31:782][990]LogModuleManager: Shutting down and abandoning module ArchVisCharacter (452)
[2021.12.16-16.28.31:782][990]LogModuleManager: Shutting down and abandoning module AppleImageUtilsBlueprintSupport (450)
[2021.12.16-16.28.31:782][990]LogModuleManager: Shutting down and abandoning module AppleImageUtils (448)
[2021.12.16-16.28.31:782][990]LogModuleManager: Shutting down and abandoning module AndroidPermission (446)
[2021.12.16-16.28.31:782][990]LogModuleManager: Shutting down and abandoning module ActorLayerUtilities (444)
[2021.12.16-16.28.31:782][990]LogModuleManager: Shutting down and abandoning module TemplateSequence (442)
[2021.12.16-16.28.31:782][990]LogModuleManager: Shutting down and abandoning module MediaCompositing (440)
[2021.12.16-16.28.31:782][990]LogModuleManager: Shutting down and abandoning module ImgMedia (438)
[2021.12.16-16.28.31:782][990]LogModuleManager: Shutting down and abandoning module MagicLeapSharedWorld (436)
[2021.12.16-16.28.31:782][990]LogModuleManager: Shutting down and abandoning module WeatherSystem (434)
[2021.12.16-16.28.31:782][990]LogModuleManager: Shutting down and abandoning module MagicLeapLightEstimation (432)
[2021.12.16-16.28.31:782][990]LogModuleManager: Shutting down and abandoning module MagicLeapHelperVulkan (430)
[2021.12.16-16.28.31:782][990]LogModuleManager: Shutting down and abandoning module MagicLeapHelperOpenGL (428)
[2021.12.16-16.28.31:782][990]LogModuleManager: Shutting down and abandoning module MagicLeapAudio (426)
[2021.12.16-16.28.31:782][990]LogModuleManager: Shutting down and abandoning module OpenImageDenoise (424)
[2021.12.16-16.28.31:782][990]LogOpenImageDenoise: OIDN shutting down
[2021.12.16-16.28.31:783][990]LogModuleManager: Shutting down and abandoning module MotoSynth (422)
[2021.12.16-16.28.31:783][990]LogModuleManager: Shutting down and abandoning module GeometryCollectionTracks (420)
[2021.12.16-16.28.31:783][990]LogModuleManager: Shutting down and abandoning module GeometryCollectionSequencer (419)
[2021.12.16-16.28.31:783][990]LogModuleManager: Shutting down and abandoning module GeometryCacheTracks (416)
[2021.12.16-16.28.31:783][990]LogModuleManager: Shutting down and abandoning module GeometryCacheSequencer (415)
[2021.12.16-16.28.31:783][990]LogModuleManager: Shutting down and abandoning module GeometryCache (412)
[2021.12.16-16.28.31:783][990]LogModuleManager: Shutting down and abandoning module GeometryCacheEd (411)
[2021.12.16-16.28.31:783][990]LogModuleManager: Shutting down and abandoning module MeshConversion (408)
[2021.12.16-16.28.31:783][990]LogModuleManager: Shutting down and abandoning module DynamicMesh (406)
[2021.12.16-16.28.31:783][990]LogModuleManager: Shutting down and abandoning module GeometryAlgorithms (404)
[2021.12.16-16.28.31:783][990]LogModuleManager: Shutting down and abandoning module GeometricObjects (402)
[2021.12.16-16.28.31:783][990]LogModuleManager: Shutting down and abandoning module ChaosNiagara (400)
[2021.12.16-16.28.31:783][990]LogModuleManager: Shutting down and abandoning module FieldSystemEngine (399)
[2021.12.16-16.28.31:783][990]LogModuleManager: Shutting down and abandoning module BackChannel (396)
[2021.12.16-16.28.31:783][990]LogModuleManager: Shutting down and abandoning module AutomationUtils (394)
[2021.12.16-16.28.31:783][990]LogModuleManager: Shutting down and abandoning module VisualStudioSourceCodeAccess (392)
[2021.12.16-16.28.31:783][990]LogModuleManager: Shutting down and abandoning module HotReload (391)
[2021.12.16-16.28.31:783][990]LogModuleManager: Shutting down and abandoning module VisualStudioCodeSourceCodeAccess (388)
[2021.12.16-16.28.31:783][990]LogModuleManager: Shutting down and abandoning module UObjectPlugin (386)
[2021.12.16-16.28.31:783][990]LogModuleManager: Shutting down and abandoning module SubversionSourceControl (384)
[2021.12.16-16.28.31:783][990]LogModuleManager: Shutting down and abandoning module PerforceSourceControl (382)
[2021.12.16-16.28.31:783][990]LogModuleManager: Shutting down and abandoning module SourceControl (381)
[2021.12.16-16.28.31:783][990]LogModuleManager: Shutting down and abandoning module CLionSourceCodeAccess (378)
[2021.12.16-16.28.31:783][990]LogModuleManager: Shutting down and abandoning module OodleNetworkHandlerComponent (376)
[2021.12.16-16.28.31:783][990]LogModuleManager: Shutting down and abandoning module LiveLinkSequencer (374)
[2021.12.16-16.28.31:783][990]LogModuleManager: Shutting down and abandoning module LiveLinkMovieScene (372)
[2021.12.16-16.28.31:783][990]LogModuleManager: Shutting down and abandoning module LiveLinkGraphNode (370)
[2021.12.16-16.28.31:783][990]LogModuleManager: Shutting down and abandoning module LiveLinkComponents (368)
[2021.12.16-16.28.31:784][990]LogModuleManager: Shutting down and abandoning module LiveLink (366)
[2021.12.16-16.28.32:507][990]LogModuleManager: Shutting down and abandoning module GameplayCameras (364)
[2021.12.16-16.28.32:507][990]LogModuleManager: Shutting down and abandoning module SoundFields (362)
[2021.12.16-16.28.32:507][990]LogModuleManager: Shutting down and abandoning module SignificanceManager (360)
[2021.12.16-16.28.32:507][990]LogModuleManager: Shutting down and abandoning module RuntimePhysXCooking (358)
[2021.12.16-16.28.32:507][990]LogModuleManager: Shutting down and abandoning module PropertyAccessEditor (356)
[2021.12.16-16.28.32:507][990]LogModuleManager: Shutting down and abandoning module PhysXVehiclesEditor (354)
[2021.12.16-16.28.32:507][990]LogModuleManager: Shutting down and abandoning module LocationServicesBPLibrary (350)
[2021.12.16-16.28.32:507][990]LogModuleManager: Shutting down and abandoning module AudioSynesthesia (348)
[2021.12.16-16.28.32:507][990]LogModuleManager: Shutting down and abandoning module AudioSynesthesiaCore (346)
[2021.12.16-16.28.32:507][990]LogModuleManager: Shutting down and abandoning module TcpMessaging (344)
[2021.12.16-16.28.32:608][990]LogModuleManager: Shutting down and abandoning module UdpMessaging (342)
[2021.12.16-16.28.32:709][990]LogModuleManager: Shutting down and abandoning module ActorSequence (340)
[2021.12.16-16.28.32:709][990]LogModuleManager: Shutting down and abandoning module ImgMediaEngine (338)
[2021.12.16-16.28.32:709][990]LogModuleManager: Shutting down and abandoning module MagicLeapARPin (336)
[2021.12.16-16.28.32:709][990]LogModuleManager: Shutting down and abandoning module MagicLeapHandMeshing (334)
[2021.12.16-16.28.32:709][990]LogModuleManager: Shutting down and abandoning module MagicLeapSecureStorage (332)
[2021.12.16-16.28.32:709][990]LogModuleManager: Shutting down and abandoning module MagicLeapPrivileges (330)
[2021.12.16-16.28.32:709][990]LogModuleManager: Shutting down and abandoning module MagicLeapPlanes (328)
[2021.12.16-16.28.32:709][990]LogMagicLeapPlanes: Planes tracker already destroyed.
[2021.12.16-16.28.32:709][990]LogModuleManager: Shutting down and abandoning module MagicLeapImageTracker (326)
[2021.12.16-16.28.32:709][990]LogModuleManager: Shutting down and abandoning module MagicLeapIdentity (324)
[2021.12.16-16.28.32:709][990]LogModuleManager: Shutting down and abandoning module MagicLeapHandTracking (322)
[2021.12.16-16.28.32:709][990]LogModuleManager: Shutting down and abandoning module MagicLeapEyeTracker (320)
[2021.12.16-16.28.32:709][990]LogModuleManager: Shutting down and abandoning module MagicLeapController (318)
[2021.12.16-16.28.32:709][990]LogModuleManager: Shutting down and abandoning module MagicLeapARPinImpl (316)
[2021.12.16-16.28.32:709][990]LogModuleManager: Shutting down and abandoning module MagicLeapAR (314)
[2021.12.16-16.28.32:709][990]LogModuleManager: Shutting down and abandoning module PythonScriptPlugin (312)
[2021.12.16-16.28.32:709][990]LogModuleManager: Shutting down and abandoning module NiagaraAnimNotifies (310)
[2021.12.16-16.28.32:709][990]LogModuleManager: Shutting down and abandoning module Niagara (308)
[2021.12.16-16.28.32:709][990]LogModuleManager: Shutting down and abandoning module SignalProcessing (307)
[2021.12.16-16.28.32:709][990]LogModuleManager: Shutting down and abandoning module NiagaraEditor (305)
[2021.12.16-16.28.32:709][990]LogModuleManager: Shutting down and abandoning module ContentBrowser (304)
[2021.12.16-16.28.32:709][990]LogModuleManager: Shutting down and abandoning module CollectionManager (303)
[2021.12.16-16.28.32:709][990]LogModuleManager: Shutting down and abandoning module DirectoryWatcher (302)
[2021.12.16-16.28.32:709][990]LogModuleManager: Shutting down and abandoning module ContentBrowserData (299)
[2021.12.16-16.28.32:709][990]LogModuleManager: Shutting down and abandoning module NiagaraCore (294)
[2021.12.16-16.28.32:709][990]LogModuleManager: Shutting down and abandoning module GameplayTagsEditor (292)
[2021.12.16-16.28.32:709][990]LogModuleManager: Shutting down and abandoning module FacialAnimation (290)
[2021.12.16-16.28.32:709][990]LogModuleManager: Shutting down and abandoning module AssetManagerEditor (288)
[2021.12.16-16.28.32:709][990]LogModuleManager: Shutting down and abandoning module TreeMap (287)
[2021.12.16-16.28.32:709][990]LogModuleManager: Shutting down and abandoning module PropertyAccessNode (284)
[2021.12.16-16.28.32:709][990]LogModuleManager: Shutting down and abandoning module AnimationSharing (282)
[2021.12.16-16.28.32:709][990]LogModuleManager: Shutting down and abandoning module LightPropagationVolumeRuntime (280)
[2021.12.16-16.28.32:709][990]LogModuleManager: Shutting down and abandoning module EnvironmentQueryEditor (278)
[2021.12.16-16.28.32:709][990]LogModuleManager: Shutting down and abandoning module Paper2D (276)
[2021.12.16-16.28.32:709][990]LogModuleManager: Shutting down and abandoning module WindowsMoviePlayer (274)
[2021.12.16-16.28.32:710][990]LogModuleManager: Shutting down and abandoning module WebMMoviePlayer (272)
[2021.12.16-16.28.32:710][990]LogModuleManager: Shutting down and abandoning module NetworkReplayStreaming (270)
[2021.12.16-16.28.32:710][990]LogModuleManager: Shutting down and abandoning module PacketHandler (268)
[2021.12.16-16.28.32:710][990]LogModuleManager: Shutting down and abandoning module ClothingSystemEditor (266)
[2021.12.16-16.28.32:710][990]LogModuleManager: Shutting down and abandoning module ClothingSystemRuntimeNv (264)
[2021.12.16-16.28.32:710][990]LogModuleManager: Shutting down and abandoning module MediaAssets (262)
[2021.12.16-16.28.32:710][990]LogModuleManager: Shutting down and abandoning module Overlay (260)
[2021.12.16-16.28.32:710][990]LogModuleManager: Shutting down and abandoning module OverlayEditor (259)
[2021.12.16-16.28.32:710][990]LogModuleManager: Shutting down and abandoning module VREditor (256)
[2021.12.16-16.28.32:710][990]LogModuleManager: Shutting down and abandoning module StringTableEditor (254)
[2021.12.16-16.28.32:710][990]LogModuleManager: Shutting down and abandoning module GameplayTasksEditor (252)
[2021.12.16-16.28.32:710][990]LogModuleManager: Shutting down and abandoning module BehaviorTreeEditor (250)
[2021.12.16-16.28.32:710][990]LogModuleManager: Shutting down and abandoning module FunctionalTesting (248)
[2021.12.16-16.28.32:710][990]LogModuleManager: Shutting down and abandoning module CollisionAnalyzer (246)
[2021.12.16-16.28.32:710][990]LogModuleManager: Shutting down and abandoning module WorkspaceMenuStructure (245)
[2021.12.16-16.28.32:710][990]LogModuleManager: Shutting down and abandoning module UMG (242)
[2021.12.16-16.28.32:710][990]LogModuleManager: Shutting down and abandoning module UMGEditor (241)
[2021.12.16-16.28.32:710][990]LogModuleManager: Shutting down and abandoning module Sequencer (240)
[2021.12.16-16.28.32:710][990]LogModuleManager: Shutting down and abandoning module MessageLog (237)
[2021.12.16-16.28.32:710][990]LogModuleManager: Shutting down and abandoning module SlateReflector (232)
[2021.12.16-16.28.32:710][990]LogModuleManager: Shutting down and abandoning module Slate (230)
[2021.12.16-16.28.32:710][990]LogModuleManager: Shutting down and abandoning module SlateCore (228)
[2021.12.16-16.28.32:711][990]LogModuleManager: Shutting down and abandoning module LandscapeEditorUtilities (226)
[2021.12.16-16.28.32:711][990]LogModuleManager: Shutting down and abandoning module UnrealEd (224)
[2021.12.16-16.28.32:711][990]LogModuleManager: Shutting down and abandoning module MRMesh (222)
[2021.12.16-16.28.32:711][990]LogModuleManager: Shutting down and abandoning module Messaging (220)
[2021.12.16-16.28.32:711][990]LogModuleManager: Shutting down and abandoning module SourceCodeAccess (218)
[2021.12.16-16.28.32:711][990]LogModuleManager: Shutting down and abandoning module HeadMountedDisplay (216)
[2021.12.16-16.28.32:711][990]LogModuleManager: Shutting down and abandoning module XAudio2 (214)
[2021.12.16-16.28.32:711][990]LogModuleManager: Shutting down and abandoning module Networking (212)
[2021.12.16-16.28.32:711][990]LogModuleManager: Shutting down and abandoning module Core (210)
[2021.12.16-16.28.32:711][990]LogModuleManager: Shutting down and abandoning module MaterialEditor (208)
[2021.12.16-16.28.32:711][990]LogModuleManager: Shutting down and abandoning module MovieSceneTools (206)
[2021.12.16-16.28.32:711][990]LogModuleManager: Shutting down and abandoning module EditorStyle (205)
[2021.12.16-16.28.32:712][990]LogModuleManager: Shutting down and abandoning module KismetCompiler (202)
[2021.12.16-16.28.32:712][990]LogModuleManager: Shutting down and abandoning module MeshBuilder (200)
[2021.12.16-16.28.32:712][990]LogModuleManager: Shutting down and abandoning module MeshUtilities (198)
[2021.12.16-16.28.32:712][990]LogModuleManager: Shutting down and abandoning module MeshMergeUtilities (197)
[2021.12.16-16.28.32:712][990]LogModuleManager: Shutting down and abandoning module MeshReductionInterface (196)
[2021.12.16-16.28.32:712][990]LogModuleManager: Shutting down and abandoning module MeshBoneReduction (195)
[2021.12.16-16.28.32:712][990]LogModuleManager: Shutting down and abandoning module SkeletalMeshReduction (193)
[2021.12.16-16.28.32:712][990]LogModuleManager: Shutting down and abandoning module ProxyLODMeshReduction (191)
[2021.12.16-16.28.32:712][990]LogModuleManager: Shutting down and abandoning module QuadricMeshReduction (189)
[2021.12.16-16.28.32:712][990]LogModuleManager: Shutting down and abandoning module MaterialBaking (185)
[2021.12.16-16.28.32:712][990]LogModuleManager: Shutting down and abandoning module NullInstallBundleManager (180)
[2021.12.16-16.28.32:712][990]LogModuleManager: Shutting down and abandoning module PIEPreviewDeviceProfileSelector (178)
[2021.12.16-16.28.32:712][990]LogModuleManager: Shutting down and abandoning module DerivedDataCache (176)
[2021.12.16-16.28.32:712][990]LogModuleManager: Shutting down and abandoning module TargetPlatform (174)
[2021.12.16-16.28.32:712][990]LogModuleManager: Shutting down and abandoning module VulkanShaderFormat (173)
[2021.12.16-16.28.32:712][990]LogModuleManager: Shutting down and abandoning module ShaderFormatVectorVM (171)
[2021.12.16-16.28.32:712][990]LogModuleManager: Shutting down and abandoning module ShaderFormatOpenGL (169)
[2021.12.16-16.28.32:712][990]LogModuleManager: Shutting down and abandoning module ShaderFormatD3D (167)
[2021.12.16-16.28.32:712][990]LogModuleManager: Shutting down and abandoning module MetalShaderFormat (165)
[2021.12.16-16.28.32:712][990]LogModuleManager: Shutting down and abandoning module TextureFormatOodle (163)
[2021.12.16-16.28.32:712][990]LogModuleManager: Shutting down and abandoning module TextureFormatUncompressed (161)
[2021.12.16-16.28.32:712][990]LogModuleManager: Shutting down and abandoning module TextureFormatPVR (159)
[2021.12.16-16.28.32:712][990]LogModuleManager: Shutting down and abandoning module TextureFormatETC2 (157)
[2021.12.16-16.28.32:712][990]LogModuleManager: Shutting down and abandoning module TextureFormatDXT (155)
[2021.12.16-16.28.32:712][990]LogModuleManager: Shutting down and abandoning module TextureFormatIntelISPCTexComp (153)
[2021.12.16-16.28.32:712][990]LogModuleManager: Shutting down and abandoning module TextureFormatASTC (151)
[2021.12.16-16.28.32:712][990]LogModuleManager: Shutting down and abandoning module ImageWrapper (150)
[2021.12.16-16.28.32:712][990]LogModuleManager: Shutting down and abandoning module AudioFormatOpus (147)
[2021.12.16-16.28.32:712][990]LogModuleManager: Shutting down and abandoning module AudioFormatOgg (145)
[2021.12.16-16.28.32:712][990]LogModuleManager: Shutting down and abandoning module AudioFormatADPCM (143)
[2021.12.16-16.28.32:712][990]LogModuleManager: Shutting down and abandoning module WindowsServerTargetPlatform (141)
[2021.12.16-16.28.32:712][990]LogModuleManager: Shutting down and abandoning module WindowsClientTargetPlatform (139)
[2021.12.16-16.28.32:712][990]LogModuleManager: Shutting down and abandoning module WindowsTargetPlatform (137)
[2021.12.16-16.28.32:712][990]LogModuleManager: Shutting down and abandoning module WindowsNoEditorTargetPlatform (135)
[2021.12.16-16.28.32:712][990]LogModuleManager: Shutting down and abandoning module D3D11RHI (132)
[2021.12.16-16.28.32:712][990]LogModuleManager: Shutting down and abandoning module InputCore (130)
[2021.12.16-16.28.32:712][990]LogModuleManager: Shutting down and abandoning module Settings (128)
[2021.12.16-16.28.32:712][990]LogModuleManager: Shutting down and abandoning module PhysXCooking (126)
[2021.12.16-16.28.32:712][990]LogModuleManager: Shutting down and abandoning module Chaos (124)
[2021.12.16-16.28.32:712][990]LogModuleManager: Shutting down and abandoning module WindowsPlatformFeatures (122)
[2021.12.16-16.28.32:712][990]LogModuleManager: Shutting down and abandoning module GameplayMediaEncoder (121)
[2021.12.16-16.28.32:712][990]LogModuleManager: Shutting down and abandoning module AVEncoder (120)
[2021.12.16-16.28.32:712][990]LogModuleManager: Shutting down and abandoning module SteamVRInputDevice (116)
[2021.12.16-16.28.32:712][990]LogModuleManager: Shutting down and abandoning module SteamVRInput (114)
[2021.12.16-16.28.32:712][990]LogModuleManager: Shutting down and abandoning module SteamVR (112)
[2021.12.16-16.28.32:712][990]LogHMD: Freeing OpenVRDLLHandle.
[2021.12.16-16.28.32:712][990]LogModuleManager: Shutting down and abandoning module OculusHMD (110)
[2021.12.16-16.28.32:712][990]LogModuleManager: Shutting down and abandoning module OpenXREyeTracker (108)
[2021.12.16-16.28.32:712][990]LogModuleManager: Shutting down and abandoning module OpenXRHandTracking (106)
[2021.12.16-16.28.32:712][990]LogSlate: Slate User Destroyed.  User Index 0, Is Virtual User: 0
[2021.12.16-16.28.32:712][990]LogModuleManager: Shutting down and abandoning module OpenXRAR (104)
[2021.12.16-16.28.32:712][990]LogModuleManager: Shutting down and abandoning module AugmentedReality (103)
[2021.12.16-16.28.32:712][990]LogModuleManager: Shutting down and abandoning module OpenXRHMD (100)
[2021.12.16-16.28.32:713][990]LogModuleManager: Shutting down and abandoning module ExampleDeviceProfileSelector (98)
[2021.12.16-16.28.32:713][990]LogModuleManager: Shutting down and abandoning module ChunkDownloader (96)
[2021.12.16-16.28.32:713][990]LogModuleManager: Shutting down and abandoning module LauncherChunkInstaller (94)
[2021.12.16-16.28.32:713][990]LogModuleManager: Shutting down and abandoning module OnlineBlueprintSupport (92)
[2021.12.16-16.28.32:713][990]LogModuleManager: Shutting down and abandoning module OnlineSubsystem (88)
[2021.12.16-16.28.32:713][990]LogModuleManager: Shutting down and abandoning module XMPP (83)
[2021.12.16-16.28.32:713][990]LogModuleManager: Shutting down and abandoning module WebSockets (82)
[2021.12.16-16.28.32:747][990]LogModuleManager: Shutting down and abandoning module HTTP (79)
[2021.12.16-16.28.32:747][990]LogHttp: Display: cleaning up 0 outstanding Http requests.
[2021.12.16-16.28.32:748][990]LogModuleManager: Shutting down and abandoning module SSL (78)
[2021.12.16-16.28.32:749][990]LogModuleManager: Shutting down and abandoning module WmfMedia (74)
[2021.12.16-16.28.32:750][990]LogModuleManager: Shutting down and abandoning module Media (73)
[2021.12.16-16.28.32:750][990]LogModuleManager: Shutting down and abandoning module MediaInfo (72)
[2021.12.16-16.28.32:750][990]LogModuleManager: Shutting down and abandoning module ExrReaderGpu (68)
[2021.12.16-16.28.32:750][990]LogModuleManager: Shutting down and abandoning module MLSDK (66)
[2021.12.16-16.28.32:750][990]LogModuleManager: Shutting down and abandoning module MagicLeap (64)
[2021.12.16-16.28.32:750][990]LogModuleManager: Shutting down and abandoning module ChaosCloth (62)
[2021.12.16-16.28.32:750][990]LogModuleManager: Shutting down and abandoning module VariantManagerContent (60)
[2021.12.16-16.28.32:750][990]LogModuleManager: Shutting down and abandoning module NiagaraVertexFactories (58)
[2021.12.16-16.28.32:750][990]LogModuleManager: Shutting down and abandoning module NiagaraShader (56)
[2021.12.16-16.28.32:751][990]LogModuleManager: Shutting down and abandoning module DatasmithContent (54)
[2021.12.16-16.28.32:751][990]LogModuleManager: Shutting down and abandoning module PixWinPlugin (52)
[2021.12.16-16.28.32:751][990]LogModuleManager: Shutting down and abandoning module AISupportModule (50)
[2021.12.16-16.28.32:751][990]LogModuleManager: Shutting down and abandoning module DesktopPlatform (48)
[2021.12.16-16.28.32:751][990]LogModuleManager: Shutting down and abandoning module PythonScriptPluginPreload (46)
[2021.12.16-16.28.32:751][990]LogModuleManager: Shutting down and abandoning module PlatformCryptoOpenSSL (44)
[2021.12.16-16.28.32:751][990]LogModuleManager: Shutting down and abandoning module PlatformCryptoTypes (42)
[2021.12.16-16.28.32:751][990]LogModuleManager: Shutting down and abandoning module PlatformCrypto (40)
[2021.12.16-16.28.32:751][990]LogModuleManager: Shutting down and abandoning module OodleDataCompressionFormat (38)
[2021.12.16-16.28.32:751][990]LogModuleManager: Shutting down and abandoning module XGEController (36)
[2021.12.16-16.28.32:751][990]LogModuleManager: Shutting down and abandoning module AnimationModifiers (34)
[2021.12.16-16.28.32:751][990]LogModuleManager: Shutting down and abandoning module AudioEditor (32)
[2021.12.16-16.28.32:751][990]LogModuleManager: Shutting down and abandoning module PropertyEditor (31)
[2021.12.16-16.28.32:751][990]LogModuleManager: Shutting down and abandoning module TextureCompressor (28)
[2021.12.16-16.28.32:752][990]LogModuleManager: Shutting down and abandoning module RenderCore (26)
[2021.12.16-16.28.32:752][990]LogModuleManager: Shutting down and abandoning module Landscape (24)
[2021.12.16-16.28.32:752][990]LogModuleManager: Shutting down and abandoning module SlateRHIRenderer (22)
[2021.12.16-16.28.32:752][990]LogModuleManager: Shutting down and abandoning module AnimGraphRuntime (20)
[2021.12.16-16.28.32:752][990]LogModuleManager: Shutting down and abandoning module Renderer (18)
[2021.12.16-16.28.32:752][990]LogModuleManager: Shutting down and abandoning module Engine (16)
[2021.12.16-16.28.32:752][990]LogModuleManager: Shutting down and abandoning module CoreUObject (14)
[2021.12.16-16.28.32:752][990]LogModuleManager: Shutting down and abandoning module NetworkFile (12)
[2021.12.16-16.28.32:752][990]LogModuleManager: Shutting down and abandoning module CookedIterativeFile (10)
[2021.12.16-16.28.32:752][990]LogModuleManager: Shutting down and abandoning module StreamingFile (8)
[2021.12.16-16.28.32:752][990]LogModuleManager: Shutting down and abandoning module SandboxFile (6)
[2021.12.16-16.28.32:752][990]LogModuleManager: Shutting down and abandoning module PakFile (4)
[2021.12.16-16.28.32:752][990]LogModuleManager: Shutting down and abandoning module RSA (3)
[2021.12.16-16.28.32:764][990]LogContentStreaming: Display: There are 1 unreleased StreamingManagers
[2021.12.16-16.28.32:770][990]LogD3D11RHI: Shutdown
[2021.12.16-16.28.32:770][990]LogD3D11RHI: CleanupD3DDevice
[2021.12.16-16.28.32:771][990]LogExit: Exiting.
[2021.12.16-16.28.32:825][990]Log file closed, 12/16/21 11:28:32
