Log file open, 12/15/21 18:15:51
LogWindows: Failed to load 'aqProf.dll' (GetLastError=126)
LogWindows: File 'aqProf.dll' does not exist
LogWindows: Failed to load 'VtuneApi.dll' (GetLastError=126)
LogWindows: File 'VtuneApi.dll' does not exist
LogWindows: Failed to load 'VtuneApi32e.dll' (GetLastError=126)
LogWindows: File 'VtuneApi32e.dll' does not exist
LogConsoleResponse: Display: Failed to find resolution value strings in scalability ini. Falling back to default.
LogConsoleResponse: Display: Failed to find resolution value strings in scalability ini. Falling back to default.
LogInit: Display: Running engine for game: group_project
LogPlatformFile: Not using cached read wrapper
LogTaskGraph: Started task graph with 5 named threads and 23 total threads with 3 sets of task threads.
LogStats: Stats thread started at 0.461106
LogICUInternationalization: ICU TimeZone Detection - Raw Offset: -5:00, Platform Override: ''
LogInit: Display: Loading text-based GConfig....
LogPluginManager: Mounting plugin MeshPainting
LogPluginManager: Mounting plugin XGEController
LogPluginManager: Mounting plugin Paper2D
LogPluginManager: Mounting plugin AISupport
LogPluginManager: Mounting plugin LiveLink
LogPluginManager: Mounting plugin LightPropagationVolume
LogPluginManager: Mounting plugin CameraShakePreviewer
LogPluginManager: Mounting plugin EnvironmentQueryEditor
LogPluginManager: Mounting plugin OodleData
LogPluginManager: Mounting plugin AnimationSharing
LogPluginManager: Mounting plugin OodleNetwork
LogPluginManager: Mounting plugin GameplayCameras
LogPluginManager: Mounting plugin CodeLiteSourceCodeAccess
LogPluginManager: Mounting plugin PerforceSourceControl
LogPluginManager: Mounting plugin NullSourceCodeAccess
LogPluginManager: Mounting plugin GitSourceControl
LogPluginManager: Mounting plugin KDevelopSourceCodeAccess
LogPluginManager: Mounting plugin PixWinPlugin
LogPluginManager: Mounting plugin CLionSourceCodeAccess
LogPluginManager: Mounting plugin PlasticSourceControl
LogPluginManager: Mounting plugin PluginUtils
LogPluginManager: Mounting plugin RiderSourceCodeAccess
LogPluginManager: Mounting plugin SubversionSourceControl
LogPluginManager: Mounting plugin PropertyAccessNode
LogPluginManager: Mounting plugin UObjectPlugin
LogPluginManager: Mounting plugin VisualStudioSourceCodeAccess
LogPluginManager: Mounting plugin XCodeSourceCodeAccess
LogPluginManager: Mounting plugin TextureFormatOodle
LogPluginManager: Mounting plugin VisualStudioCodeSourceCodeAccess
LogPluginManager: Mounting plugin AssetManagerEditor
LogPluginManager: Mounting plugin CryptoKeys
LogPluginManager: Mounting plugin CurveEditorTools
LogPluginManager: Mounting plugin DataValidation
LogPluginManager: Mounting plugin FacialAnimation
LogPluginManager: Mounting plugin GameplayTagsEditor
LogPluginManager: Mounting plugin GeometryMode
LogPluginManager: Mounting plugin MacGraphicsSwitching
LogPluginManager: Mounting plugin MaterialAnalyzer
LogPluginManager: Mounting plugin MobileLauncherProfileWizard
LogPluginManager: Mounting plugin AlembicImporter
LogPluginManager: Mounting plugin AutomationUtils
LogPluginManager: Mounting plugin PluginBrowser
LogPluginManager: Mounting plugin BackChannel
LogPluginManager: Mounting plugin SpeedTreeImporter
LogPluginManager: Mounting plugin ChaosNiagara
LogPluginManager: Mounting plugin ChaosCloth
LogPluginManager: Mounting plugin ChaosEditor
LogPluginManager: Mounting plugin ChaosSolverPlugin
LogPluginManager: Mounting plugin ChaosClothEditor
LogPluginManager: Mounting plugin CharacterAI
LogPluginManager: Mounting plugin GeometryCache
LogPluginManager: Mounting plugin GeometryCollectionPlugin
LogPluginManager: Mounting plugin GeometryProcessing
LogPluginManager: Mounting plugin MotoSynth
LogPluginManager: Mounting plugin OpenImageDenoise
LogPluginManager: Mounting plugin PlanarCut
LogPluginManager: Mounting plugin PlatformCrypto
LogPluginManager: Mounting plugin ProxyLODPlugin
LogPluginManager: Mounting plugin PythonScriptPlugin
LogPluginManager: Mounting plugin SkeletalReduction
LogPluginManager: Mounting plugin LuminPlatformFeatures
LogPluginManager: Mounting plugin MagicLeap
LogPluginManager: Mounting plugin DatasmithContent
LogPluginManager: Mounting plugin MagicLeapMedia
LogPluginManager: Mounting plugin MagicLeapLightEstimation
LogPluginManager: Mounting plugin MagicLeapPassableWorld
LogPluginManager: Mounting plugin MLSDK
LogPluginManager: Mounting plugin VariantManagerContent
LogPluginManager: Mounting plugin AndroidMedia
LogPluginManager: Mounting plugin AvfMedia
LogPluginManager: Mounting plugin ImgMedia
LogPluginManager: Mounting plugin MediaCompositing
LogPluginManager: Mounting plugin MediaPlayerEditor
LogPluginManager: Mounting plugin Niagara
LogPluginManager: Mounting plugin WmfMedia
LogPluginManager: Mounting plugin TcpMessaging
LogPluginManager: Mounting plugin UdpMessaging
LogPluginManager: Mounting plugin WebMMedia
LogPluginManager: Mounting plugin ActorSequence
LogPluginManager: Mounting plugin LevelSequenceEditor
LogPluginManager: Mounting plugin MatineeToLevelSequence
LogPluginManager: Mounting plugin TemplateSequence
LogPluginManager: Mounting plugin OnlineSubsystem
LogPluginManager: Mounting plugin OnlineSubsystemNull
LogPluginManager: Mounting plugin OnlineSubsystemUtils
LogPluginManager: Mounting plugin LauncherChunkInstaller
LogPluginManager: Mounting plugin ActorLayerUtilities
LogPluginManager: Mounting plugin AndroidDeviceProfileSelector
LogPluginManager: Mounting plugin AndroidMoviePlayer
LogPluginManager: Mounting plugin AndroidPermission
LogPluginManager: Mounting plugin AppleImageUtils
LogPluginManager: Mounting plugin AppleMoviePlayer
LogPluginManager: Mounting plugin AssetTags
LogPluginManager: Mounting plugin ArchVisCharacter
LogPluginManager: Mounting plugin AudioCapture
LogPluginManager: Mounting plugin AudioSynesthesia
LogPluginManager: Mounting plugin CableComponent
LogPluginManager: Mounting plugin ChunkDownloader
LogPluginManager: Mounting plugin CustomMeshComponent
LogPluginManager: Mounting plugin EditableMesh
LogPluginManager: Mounting plugin ExampleDeviceProfileSelector
LogPluginManager: Mounting plugin GoogleCloudMessaging
LogPluginManager: Mounting plugin GooglePAD
LogPluginManager: Mounting plugin IOSDeviceProfileSelector
LogPluginManager: Mounting plugin LinuxDeviceProfileSelector
LogPluginManager: Mounting plugin WeatherSystem
LogPluginManager: Mounting plugin LocationServicesBPLibrary
LogPluginManager: Mounting plugin MobilePatchingUtils
LogPluginManager: Mounting plugin OpenXR
LogPluginManager: Mounting plugin OpenXREyeTracker
LogPluginManager: Mounting plugin OpenXRHandTracking
LogPluginManager: Mounting plugin PhysXVehicles
LogPluginManager: Mounting plugin PostSplashScreen
LogPluginManager: Mounting plugin ProceduralMeshComponent
LogPluginManager: Mounting plugin PropertyAccessEditor
LogPluginManager: Mounting plugin SignificanceManager
LogPluginManager: Mounting plugin RuntimePhysXCooking
LogPluginManager: Mounting plugin SoundFields
LogPluginManager: Mounting plugin Synthesis
LogPluginManager: Mounting plugin WebMMoviePlayer
LogPluginManager: Mounting plugin WindowsMoviePlayer
LogPluginManager: Mounting plugin ScreenshotTools
LogPluginManager: Mounting plugin Takes
LogPluginManager: Mounting plugin ContentBrowserAssetDataSource
LogPluginManager: Mounting plugin ContentBrowserFileDataSource
LogPluginManager: Mounting plugin ContentBrowserClassDataSource
LogPluginManager: Mounting plugin OnlineSubsystemGooglePlay
LogPluginManager: Mounting plugin OnlineSubsystemIOS
LogPluginManager: Mounting plugin OculusVR
LogPluginManager: Mounting plugin SteamVR
PixWinPlugin: PIX capture plugin failed to initialize! Check that the process is launched from PIX.
LogInit: Using libcurl 7.55.1-DEV
LogInit:  - built for x86_64-pc-win32
LogInit:  - supports SSL with OpenSSL/1.1.1
LogInit:  - supports HTTP deflate (compression) using libz 1.2.8
LogInit:  - other features:
LogInit:      CURL_VERSION_SSL
LogInit:      CURL_VERSION_LIBZ
LogInit:      CURL_VERSION_IPV6
LogInit:      CURL_VERSION_ASYNCHDNS
LogInit:      CURL_VERSION_LARGEFILE
LogInit:      CURL_VERSION_IDN
LogInit:  CurlRequestOptions (configurable via config and command line):
LogInit:  - bVerifyPeer = true  - Libcurl will verify peer certificate
LogInit:  - bUseHttpProxy = false  - Libcurl will NOT use HTTP proxy
LogInit:  - bDontReuseConnections = false  - Libcurl will reuse connections
LogInit:  - MaxHostConnections = 16  - Libcurl will limit the number of connections to a host
LogInit:  - LocalHostAddr = Default
LogInit:  - BufferSize = 65536
LogOnline: OSS: Creating online subsystem instance for: NULL
LogInit: WinSock: version 1.1 (2.2), MaxSocks=32767, MaxUdp=65467
LogOnline: OSS: TryLoadSubsystemAndSetDefault: Loaded subsystem for module [NULL]
LogOculusPluginWrapper: OculusPlugin initialized successfully
LogHMD: Failed initializing OVRPlugin 1.59.0
LogInit: Build: ++UE4+Release-4.27-CL-18319896
LogInit: Engine Version: 4.27.2-18319896+++UE4+Release-4.27
LogInit: Compatible Engine Version: 4.27.0-17155196+++UE4+Release-4.27
LogInit: Net CL: 17155196
LogInit: OS: Windows 10 (Release 2009) (), CPU: Intel(R) Core(TM) i7-7700K CPU @ 4.20GHz, GPU: NVIDIA GeForce GTX 1080
LogInit: Compiled (64-bit): Nov 30 2021 07:12:08
LogInit: Compiled with Visual C++: 19.24.28315.00
LogInit: Build Configuration: Development
LogInit: Branch Name: ++UE4+Release-4.27
LogInit: Command Line:  /Game/FirstPersonBP/Maps/sixiangcai/LevelE -game -PIEVIACONSOLE -Multiprocess GameUserSettingsINI=D:/github/group-project/group_project/Saved/Config/Windows/PIEGameUserSettings0.ini -MultiprocessSaveConfig -forcepassthrough -messaging -SessionName="Play in Standalone Game" -windowed -ResX=1280 -ResY=720
LogInit: Base Directory: D:/epic/UE_4.27/Engine/Binaries/Win64/
LogInit: Allocator: TBB
LogInit: Installed Engine Build: 1
LogDevObjectVersion: Number of dev versions registered: 29
LogDevObjectVersion:   Dev-Blueprints (B0D832E4-1F89-4F0D-ACCF-7EB736FD4AA2): 10
LogDevObjectVersion:   Dev-Build (E1C64328-A22C-4D53-A36C-8E866417BD8C): 0
LogDevObjectVersion:   Dev-Core (375EC13C-06E4-48FB-B500-84F0262A717E): 4
LogDevObjectVersion:   Dev-Editor (E4B068ED-F494-42E9-A231-DA0B2E46BB41): 40
LogDevObjectVersion:   Dev-Framework (CFFC743F-43B0-4480-9391-14DF171D2073): 37
LogDevObjectVersion:   Dev-Mobile (B02B49B5-BB20-44E9-A304-32B752E40360): 3
LogDevObjectVersion:   Dev-Networking (A4E4105C-59A1-49B5-A7C5-40C4547EDFEE): 0
LogDevObjectVersion:   Dev-Online (39C831C9-5AE6-47DC-9A44-9C173E1C8E7C): 0
LogDevObjectVersion:   Dev-Physics (78F01B33-EBEA-4F98-B9B4-84EACCB95AA2): 14
LogDevObjectVersion:   Dev-Platform (6631380F-2D4D-43E0-8009-CF276956A95A): 0
LogDevObjectVersion:   Dev-Rendering (12F88B9F-8875-4AFC-A67C-D90C383ABD29): 45
LogDevObjectVersion:   Dev-Sequencer (7B5AE74C-D270-4C10-A958-57980B212A5A): 13
LogDevObjectVersion:   Dev-VR (D7296918-1DD6-4BDD-9DE2-64A83CC13884): 3
LogDevObjectVersion:   Dev-LoadTimes (C2A15278-BFE7-4AFE-6C17-90FF531DF755): 1
LogDevObjectVersion:   Private-Geometry (6EACA3D4-40EC-4CC1-B786-8BED09428FC5): 3
LogDevObjectVersion:   Dev-AnimPhys (29E575DD-E0A3-4627-9D10-D276232CDCEA): 17
LogDevObjectVersion:   Dev-Anim (AF43A65D-7FD3-4947-9873-3E8ED9C1BB05): 15
LogDevObjectVersion:   Dev-ReflectionCapture (6B266CEC-1EC7-4B8F-A30B-E4D90942FC07): 1
LogDevObjectVersion:   Dev-Automation (0DF73D61-A23F-47EA-B727-89E90C41499A): 1
LogDevObjectVersion:   FortniteMain (601D1886-AC64-4F84-AA16-D3DE0DEAC7D6): 47
LogDevObjectVersion:   FortniteRelease (E7086368-6B23-4C58-8439-1B7016265E91): 1
LogDevObjectVersion:   Dev-Enterprise (9DFFBCD6-494F-0158-E221-12823C92A888): 10
LogDevObjectVersion:   Dev-Niagara (F2AED0AC-9AFE-416F-8664-AA7FFA26D6FC): 1
LogDevObjectVersion:   Dev-Destruction (174F1F0B-B4C6-45A5-B13F-2EE8D0FB917D): 10
LogDevObjectVersion:   Dev-Physics-Ext (35F94A83-E258-406C-A318-09F59610247C): 41
LogDevObjectVersion:   Dev-PhysicsMaterial-Chaos (B68FC16E-8B1B-42E2-B453-215C058844FE): 1
LogDevObjectVersion:   Dev-CineCamera (B2E18506-4273-CFC2-A54E-F4BB758BBA07): 1
LogDevObjectVersion:   Dev-VirtualProduction (64F58936-FD1B-42BA-BA96-7289D5D0FA4E): 1
LogDevObjectVersion:   Dev-MediaFramework (6F0ED827-A609-4895-9C91-998D90180EA4): 2
LogInit: Presizing for max 25165824 objects, including 0 objects not considered by GC, pre-allocating 0 bytes for permanent pool.
LogConfig: Applying CVar settings from Section [/Script/Engine.StreamingSettings] File [D:/github/group-project/group_project/Saved/Config/Windows/Engine.ini]
LogConfig: Setting CVar [[s.MinBulkDataSizeForAsyncLoading:131072]]
LogConfig: Setting CVar [[s.AsyncLoadingThreadEnabled:0]]
LogConfig: Setting CVar [[s.EventDrivenLoaderEnabled:1]]
LogConfig: Setting CVar [[s.WarnIfTimeLimitExceeded:0]]
LogConfig: Setting CVar [[s.TimeLimitExceededMultiplier:1.5]]
LogConfig: Setting CVar [[s.TimeLimitExceededMinTime:0.005]]
LogConfig: Setting CVar [[s.UseBackgroundLevelStreaming:1]]
LogConfig: Setting CVar [[s.PriorityAsyncLoadingExtraTime:15.0]]
LogConfig: Setting CVar [[s.LevelStreamingActorsUpdateTimeLimit:5.0]]
LogConfig: Setting CVar [[s.PriorityLevelStreamingActorsUpdateExtraTime:5.0]]
LogConfig: Setting CVar [[s.LevelStreamingComponentsRegistrationGranularity:10]]
LogConfig: Setting CVar [[s.UnregisterComponentsTimeLimit:1.0]]
LogConfig: Setting CVar [[s.LevelStreamingComponentsUnregistrationGranularity:5]]
LogConfig: Setting CVar [[s.FlushStreamingOnExit:1]]
LogInit: Object subsystem initialized
LogConfig: Setting CVar [[con.DebugEarlyDefault:1]]
LogConfig: Setting CVar [[r.setres:1280x720]]
[2021.12.15-23.15.52:735][  0]LogConfig: Setting CVar [[con.DebugEarlyDefault:1]]
[2021.12.15-23.15.52:735][  0]LogConfig: Setting CVar [[r.setres:1280x720]]
[2021.12.15-23.15.52:736][  0]LogConfig: Applying CVar settings from Section [/Script/Engine.RendererSettings] File [D:/github/group-project/group_project/Saved/Config/Windows/Engine.ini]
[2021.12.15-23.15.52:736][  0]LogConfig: Setting CVar [[r.GPUCrashDebugging:0]]
[2021.12.15-23.15.52:736][  0]LogConfig: Applying CVar settings from Section [/Script/Engine.RendererOverrideSettings] File [D:/github/group-project/group_project/Saved/Config/Windows/Engine.ini]
[2021.12.15-23.15.52:736][  0]LogConfig: Applying CVar settings from Section [/Script/Engine.StreamingSettings] File [D:/github/group-project/group_project/Saved/Config/Windows/Engine.ini]
[2021.12.15-23.15.52:736][  0]LogConfig: Setting CVar [[s.MinBulkDataSizeForAsyncLoading:131072]]
[2021.12.15-23.15.52:736][  0]LogConfig: Setting CVar [[s.AsyncLoadingThreadEnabled:0]]
[2021.12.15-23.15.52:736][  0]LogConfig: Setting CVar [[s.EventDrivenLoaderEnabled:1]]
[2021.12.15-23.15.52:736][  0]LogConfig: Setting CVar [[s.WarnIfTimeLimitExceeded:0]]
[2021.12.15-23.15.52:736][  0]LogConfig: Setting CVar [[s.TimeLimitExceededMultiplier:1.5]]
[2021.12.15-23.15.52:736][  0]LogConfig: Setting CVar [[s.TimeLimitExceededMinTime:0.005]]
[2021.12.15-23.15.52:736][  0]LogConfig: Setting CVar [[s.UseBackgroundLevelStreaming:1]]
[2021.12.15-23.15.52:736][  0]LogConfig: Setting CVar [[s.PriorityAsyncLoadingExtraTime:15.0]]
[2021.12.15-23.15.52:736][  0]LogConfig: Setting CVar [[s.LevelStreamingActorsUpdateTimeLimit:5.0]]
[2021.12.15-23.15.52:736][  0]LogConfig: Setting CVar [[s.PriorityLevelStreamingActorsUpdateExtraTime:5.0]]
[2021.12.15-23.15.52:736][  0]LogConfig: Setting CVar [[s.LevelStreamingComponentsRegistrationGranularity:10]]
[2021.12.15-23.15.52:736][  0]LogConfig: Setting CVar [[s.UnregisterComponentsTimeLimit:1.0]]
[2021.12.15-23.15.52:736][  0]LogConfig: Setting CVar [[s.LevelStreamingComponentsUnregistrationGranularity:5]]
[2021.12.15-23.15.52:736][  0]LogConfig: Setting CVar [[s.FlushStreamingOnExit:1]]
[2021.12.15-23.15.52:736][  0]LogConfig: Applying CVar settings from Section [/Script/Engine.GarbageCollectionSettings] File [D:/github/group-project/group_project/Saved/Config/Windows/Engine.ini]
[2021.12.15-23.15.52:736][  0]LogConfig: Setting CVar [[gc.MaxObjectsNotConsideredByGC:1]]
[2021.12.15-23.15.52:736][  0]LogConfig: Setting CVar [[gc.SizeOfPermanentObjectPool:0]]
[2021.12.15-23.15.52:736][  0]LogConfig: Setting CVar [[gc.FlushStreamingOnGC:0]]
[2021.12.15-23.15.52:736][  0]LogConfig: Setting CVar [[gc.NumRetriesBeforeForcingGC:10]]
[2021.12.15-23.15.52:736][  0]LogConfig: Setting CVar [[gc.AllowParallelGC:1]]
[2021.12.15-23.15.52:736][  0]LogConfig: Setting CVar [[gc.TimeBetweenPurgingPendingKillObjects:61.1]]
[2021.12.15-23.15.52:736][  0]LogConfig: Setting CVar [[gc.MaxObjectsInEditor:25165824]]
[2021.12.15-23.15.52:736][  0]LogConfig: Setting CVar [[gc.IncrementalBeginDestroyEnabled:1]]
[2021.12.15-23.15.52:736][  0]LogConfig: Setting CVar [[gc.CreateGCClusters:1]]
[2021.12.15-23.15.52:736][  0]LogConfig: Setting CVar [[gc.MinGCClusterSize:5]]
[2021.12.15-23.15.52:736][  0]LogConfig: Setting CVar [[gc.ActorClusteringEnabled:0]]
[2021.12.15-23.15.52:736][  0]LogConfig: Setting CVar [[gc.BlueprintClusteringEnabled:0]]
[2021.12.15-23.15.52:736][  0]LogConfig: Setting CVar [[gc.UseDisregardForGCOnDedicatedServers:0]]
[2021.12.15-23.15.52:736][  0]LogConfig: Setting CVar [[gc.MultithreadedDestructionEnabled:1]]
[2021.12.15-23.15.52:736][  0]LogConfig: Applying CVar settings from Section [/Script/Engine.NetworkSettings] File [D:/github/group-project/group_project/Saved/Config/Windows/Engine.ini]
[2021.12.15-23.15.52:736][  0]LogConfig: Applying CVar settings from Section [/Script/UnrealEd.CookerSettings] File [D:/github/group-project/group_project/Saved/Config/Windows/Engine.ini]
[2021.12.15-23.15.52:876][  0]LogConfig: Applying CVar settings from Section [ViewDistanceQuality@3] File [D:/github/group-project/group_project/Saved/Config/Windows/Scalability.ini]
[2021.12.15-23.15.52:876][  0]LogConfig: Setting CVar [[r.SkeletalMeshLODBias:0]]
[2021.12.15-23.15.52:876][  0]LogConfig: Setting CVar [[r.ViewDistanceScale:1.0]]
[2021.12.15-23.15.52:876][  0]LogConfig: Applying CVar settings from Section [AntiAliasingQuality@3] File [D:/github/group-project/group_project/Saved/Config/Windows/Scalability.ini]
[2021.12.15-23.15.52:876][  0]LogConfig: Setting CVar [[r.PostProcessAAQuality:4]]
[2021.12.15-23.15.52:876][  0]LogConfig: Applying CVar settings from Section [ShadowQuality@3] File [D:/github/group-project/group_project/Saved/Config/Windows/Scalability.ini]
[2021.12.15-23.15.52:876][  0]LogConfig: Setting CVar [[r.LightFunctionQuality:1]]
[2021.12.15-23.15.52:876][  0]LogConfig: Setting CVar [[r.ShadowQuality:5]]
[2021.12.15-23.15.52:876][  0]LogConfig: Setting CVar [[r.Shadow.CSM.MaxCascades:10]]
[2021.12.15-23.15.52:876][  0]LogConfig: Setting CVar [[r.Shadow.MaxResolution:2048]]
[2021.12.15-23.15.52:876][  0]LogConfig: Setting CVar [[r.Shadow.MaxCSMResolution:2048]]
[2021.12.15-23.15.52:876][  0]LogConfig: Setting CVar [[r.Shadow.RadiusThreshold:0.01]]
[2021.12.15-23.15.52:876][  0]LogConfig: Setting CVar [[r.Shadow.DistanceScale:1.0]]
[2021.12.15-23.15.52:876][  0]LogConfig: Setting CVar [[r.Shadow.CSM.TransitionScale:1.0]]
[2021.12.15-23.15.52:876][  0]LogConfig: Setting CVar [[r.Shadow.PreShadowResolutionFactor:1.0]]
[2021.12.15-23.15.52:877][  0]LogConfig: Setting CVar [[r.DistanceFieldShadowing:1]]
[2021.12.15-23.15.52:877][  0]LogConfig: Setting CVar [[r.DistanceFieldAO:1]]
[2021.12.15-23.15.52:877][  0]LogConfig: Setting CVar [[r.AOQuality:2]]
[2021.12.15-23.15.52:877][  0]LogConfig: Setting CVar [[r.VolumetricFog:1]]
[2021.12.15-23.15.52:877][  0]LogConfig: Setting CVar [[r.VolumetricFog.GridPixelSize:8]]
[2021.12.15-23.15.52:877][  0]LogConfig: Setting CVar [[r.VolumetricFog.GridSizeZ:128]]
[2021.12.15-23.15.52:877][  0]LogConfig: Setting CVar [[r.VolumetricFog.HistoryMissSupersampleCount:4]]
[2021.12.15-23.15.52:877][  0]LogConfig: Setting CVar [[r.LightMaxDrawDistanceScale:1]]
[2021.12.15-23.15.52:877][  0]LogConfig: Setting CVar [[r.CapsuleShadows:1]]
[2021.12.15-23.15.52:877][  0]LogConfig: Applying CVar settings from Section [PostProcessQuality@3] File [D:/github/group-project/group_project/Saved/Config/Windows/Scalability.ini]
[2021.12.15-23.15.52:877][  0]LogConfig: Setting CVar [[r.MotionBlurQuality:4]]
[2021.12.15-23.15.52:877][  0]LogConfig: Setting CVar [[r.AmbientOcclusionMipLevelFactor:0.4]]
[2021.12.15-23.15.52:877][  0]LogConfig: Setting CVar [[r.AmbientOcclusionMaxQuality:100]]
[2021.12.15-23.15.52:877][  0]LogConfig: Setting CVar [[r.AmbientOcclusionLevels:-1]]
[2021.12.15-23.15.52:877][  0]LogConfig: Setting CVar [[r.AmbientOcclusionRadiusScale:1.0]]
[2021.12.15-23.15.52:877][  0]LogConfig: Setting CVar [[r.DepthOfFieldQuality:2]]
[2021.12.15-23.15.52:877][  0]LogConfig: Setting CVar [[r.RenderTargetPoolMin:400]]
[2021.12.15-23.15.52:877][  0]LogConfig: Setting CVar [[r.LensFlareQuality:2]]
[2021.12.15-23.15.52:877][  0]LogConfig: Setting CVar [[r.SceneColorFringeQuality:1]]
[2021.12.15-23.15.52:877][  0]LogConfig: Setting CVar [[r.EyeAdaptationQuality:2]]
[2021.12.15-23.15.52:877][  0]LogConfig: Setting CVar [[r.BloomQuality:5]]
[2021.12.15-23.15.52:877][  0]LogConfig: Setting CVar [[r.FastBlurThreshold:100]]
[2021.12.15-23.15.52:877][  0]LogConfig: Setting CVar [[r.Upscale.Quality:3]]
[2021.12.15-23.15.52:877][  0]LogConfig: Setting CVar [[r.Tonemapper.GrainQuantization:1]]
[2021.12.15-23.15.52:877][  0]LogConfig: Setting CVar [[r.LightShaftQuality:1]]
[2021.12.15-23.15.52:877][  0]LogConfig: Setting CVar [[r.Filter.SizeScale:1]]
[2021.12.15-23.15.52:877][  0]LogConfig: Setting CVar [[r.Tonemapper.Quality:5]]
[2021.12.15-23.15.52:877][  0]LogConfig: Setting CVar [[r.DOF.Gather.AccumulatorQuality:1        ; higher gathering accumulator quality]]
[2021.12.15-23.15.52:877][  0]LogConfig: Setting CVar [[r.DOF.Gather.PostfilterMethod:1          ; Median3x3 postfilering method]]
[2021.12.15-23.15.52:877][  0]LogConfig: Setting CVar [[r.DOF.Gather.EnableBokehSettings:0       ; no bokeh simulation when gathering]]
[2021.12.15-23.15.52:877][  0]LogConfig: Setting CVar [[r.DOF.Gather.RingCount:4                 ; medium number of samples when gathering]]
[2021.12.15-23.15.52:877][  0]LogConfig: Setting CVar [[r.DOF.Scatter.ForegroundCompositing:1    ; additive foreground scattering]]
[2021.12.15-23.15.52:877][  0]LogConfig: Setting CVar [[r.DOF.Scatter.BackgroundCompositing:2    ; additive background scattering]]
[2021.12.15-23.15.52:877][  0]LogConfig: Setting CVar [[r.DOF.Scatter.EnableBokehSettings:1      ; bokeh simulation when scattering]]
[2021.12.15-23.15.52:877][  0]LogConfig: Setting CVar [[r.DOF.Scatter.MaxSpriteRatio:0.1         ; only a maximum of 10% of scattered bokeh]]
[2021.12.15-23.15.52:877][  0]LogConfig: Setting CVar [[r.DOF.Recombine.Quality:1                ; cheap slight out of focus]]
[2021.12.15-23.15.52:877][  0]LogConfig: Setting CVar [[r.DOF.Recombine.EnableBokehSettings:0    ; no bokeh simulation on slight out of focus]]
[2021.12.15-23.15.52:877][  0]LogConfig: Setting CVar [[r.DOF.TemporalAAQuality:1                ; more stable temporal accumulation]]
[2021.12.15-23.15.52:877][  0]LogConfig: Setting CVar [[r.DOF.Kernel.MaxForegroundRadius:0.025]]
[2021.12.15-23.15.52:877][  0]LogConfig: Setting CVar [[r.DOF.Kernel.MaxBackgroundRadius:0.025]]
[2021.12.15-23.15.52:877][  0]LogConfig: Applying CVar settings from Section [TextureQuality@3] File [D:/github/group-project/group_project/Saved/Config/Windows/Scalability.ini]
[2021.12.15-23.15.52:877][  0]LogConfig: Setting CVar [[r.Streaming.MipBias:0]]
[2021.12.15-23.15.52:877][  0]LogConfig: Setting CVar [[r.Streaming.AmortizeCPUToGPUCopy:0]]
[2021.12.15-23.15.52:877][  0]LogConfig: Setting CVar [[r.Streaming.MaxNumTexturesToStreamPerFrame:0]]
[2021.12.15-23.15.52:877][  0]LogConfig: Setting CVar [[r.Streaming.Boost:1]]
[2021.12.15-23.15.52:877][  0]LogConfig: Setting CVar [[r.MaxAnisotropy:8]]
[2021.12.15-23.15.52:877][  0]LogConfig: Setting CVar [[r.VT.MaxAnisotropy:8]]
[2021.12.15-23.15.52:877][  0]LogConfig: Setting CVar [[r.Streaming.LimitPoolSizeToVRAM:0]]
[2021.12.15-23.15.52:877][  0]LogConfig: Setting CVar [[r.Streaming.PoolSize:1000]]
[2021.12.15-23.15.52:877][  0]LogConfig: Setting CVar [[r.Streaming.MaxEffectiveScreenSize:0]]
[2021.12.15-23.15.52:877][  0]LogConfig: Applying CVar settings from Section [EffectsQuality@3] File [D:/github/group-project/group_project/Saved/Config/Windows/Scalability.ini]
[2021.12.15-23.15.52:877][  0]LogConfig: Setting CVar [[r.TranslucencyLightingVolumeDim:64]]
[2021.12.15-23.15.52:877][  0]LogConfig: Setting CVar [[r.RefractionQuality:2]]
[2021.12.15-23.15.52:877][  0]LogConfig: Setting CVar [[r.SSR.Quality:3]]
[2021.12.15-23.15.52:877][  0]LogConfig: Setting CVar [[r.SSR.HalfResSceneColor:0]]
[2021.12.15-23.15.52:877][  0]LogConfig: Setting CVar [[r.SceneColorFormat:4]]
[2021.12.15-23.15.52:877][  0]LogConfig: Setting CVar [[r.DetailMode:2]]
[2021.12.15-23.15.52:878][  0]LogConfig: Setting CVar [[r.TranslucencyVolumeBlur:1]]
[2021.12.15-23.15.52:878][  0]LogConfig: Setting CVar [[r.MaterialQualityLevel:1 ; High quality]]
[2021.12.15-23.15.52:878][  0]LogConfig: Setting CVar [[r.AnisotropicMaterials:1]]
[2021.12.15-23.15.52:878][  0]LogConfig: Setting CVar [[r.SSS.Scale:1]]
[2021.12.15-23.15.52:878][  0]LogConfig: Setting CVar [[r.SSS.SampleSet:2]]
[2021.12.15-23.15.52:878][  0]LogConfig: Setting CVar [[r.SSS.Quality:1]]
[2021.12.15-23.15.52:878][  0]LogConfig: Setting CVar [[r.SSS.HalfRes:0]]
[2021.12.15-23.15.52:878][  0]LogConfig: Setting CVar [[r.SSGI.Quality:3]]
[2021.12.15-23.15.52:878][  0]LogConfig: Setting CVar [[r.EmitterSpawnRateScale:1.0]]
[2021.12.15-23.15.52:878][  0]LogConfig: Setting CVar [[r.ParticleLightQuality:2]]
[2021.12.15-23.15.52:878][  0]LogConfig: Setting CVar [[r.SkyAtmosphere.AerialPerspectiveLUT.FastApplyOnOpaque:1 ; Always have FastSkyLUT 1 in this case to avoid wrong sky]]
[2021.12.15-23.15.52:878][  0]LogConfig: Setting CVar [[r.SkyAtmosphere.AerialPerspectiveLUT.SampleCountMaxPerSlice:4]]
[2021.12.15-23.15.52:878][  0]LogConfig: Setting CVar [[r.SkyAtmosphere.AerialPerspectiveLUT.DepthResolution:16.0]]
[2021.12.15-23.15.52:878][  0]LogConfig: Setting CVar [[r.SkyAtmosphere.FastSkyLUT:1]]
[2021.12.15-23.15.52:878][  0]LogConfig: Setting CVar [[r.SkyAtmosphere.FastSkyLUT.SampleCountMin:4.0]]
[2021.12.15-23.15.52:878][  0]LogConfig: Setting CVar [[r.SkyAtmosphere.FastSkyLUT.SampleCountMax:128.0]]
[2021.12.15-23.15.52:878][  0]LogConfig: Setting CVar [[r.SkyAtmosphere.SampleCountMin:4.0]]
[2021.12.15-23.15.52:878][  0]LogConfig: Setting CVar [[r.SkyAtmosphere.SampleCountMax:128.0]]
[2021.12.15-23.15.52:878][  0]LogConfig: Setting CVar [[r.SkyAtmosphere.TransmittanceLUT.UseSmallFormat:0]]
[2021.12.15-23.15.52:878][  0]LogConfig: Setting CVar [[r.SkyAtmosphere.TransmittanceLUT.SampleCount:10.0]]
[2021.12.15-23.15.52:878][  0]LogConfig: Setting CVar [[r.SkyAtmosphere.MultiScatteringLUT.SampleCount:15.0]]
[2021.12.15-23.15.52:878][  0]LogConfig: Setting CVar [[r.SkyLight.RealTimeReflectionCapture:1]]
[2021.12.15-23.15.52:878][  0]LogConfig: Applying CVar settings from Section [FoliageQuality@3] File [D:/github/group-project/group_project/Saved/Config/Windows/Scalability.ini]
[2021.12.15-23.15.52:878][  0]LogConfig: Setting CVar [[foliage.DensityScale:1.0]]
[2021.12.15-23.15.52:878][  0]LogConfig: Setting CVar [[grass.DensityScale:1.0]]
[2021.12.15-23.15.52:878][  0]LogConfig: Applying CVar settings from Section [ShadingQuality@3] File [D:/github/group-project/group_project/Saved/Config/Windows/Scalability.ini]
[2021.12.15-23.15.52:878][  0]LogConfig: Setting CVar [[r.HairStrands.SkyLighting.IntegrationType:2]]
[2021.12.15-23.15.52:878][  0]LogConfig: Setting CVar [[r.HairStrands.SkyAO.SampleCount:4]]
[2021.12.15-23.15.52:878][  0]LogConfig: Setting CVar [[r.HairStrands.Visibility.MSAA.SamplePerPixel:4]]
[2021.12.15-23.15.52:878][  0]LogInit: Selected Device Profile: [Windows]
[2021.12.15-23.15.52:878][  0]LogInit: Applying CVar settings loaded from the selected device profile: [Windows]
[2021.12.15-23.15.52:878][  0]LogHAL: Display: Platform has ~ 32 GB [34325741568 / 34359738368 / 32], which maps to Largest [LargestMinGB=32, LargerMinGB=12, DefaultMinGB=8, SmallerMinGB=6, SmallestMinGB=0)
[2021.12.15-23.15.52:878][  0]LogInit: Going up to parent DeviceProfile []
[2021.12.15-23.15.52:878][  0]LogConfig: Applying CVar settings from Section [ViewDistanceQuality@3] File [D:/github/group-project/group_project/Saved/Config/Windows/Scalability.ini]
[2021.12.15-23.15.52:878][  0]LogConfig: Setting CVar [[r.SkeletalMeshLODBias:0]]
[2021.12.15-23.15.52:878][  0]LogConfig: Setting CVar [[r.ViewDistanceScale:1.0]]
[2021.12.15-23.15.52:878][  0]LogConfig: Applying CVar settings from Section [AntiAliasingQuality@3] File [D:/github/group-project/group_project/Saved/Config/Windows/Scalability.ini]
[2021.12.15-23.15.52:878][  0]LogConfig: Setting CVar [[r.PostProcessAAQuality:4]]
[2021.12.15-23.15.52:878][  0]LogConfig: Applying CVar settings from Section [ShadowQuality@3] File [D:/github/group-project/group_project/Saved/Config/Windows/Scalability.ini]
[2021.12.15-23.15.52:878][  0]LogConfig: Setting CVar [[r.LightFunctionQuality:1]]
[2021.12.15-23.15.52:878][  0]LogConfig: Setting CVar [[r.ShadowQuality:5]]
[2021.12.15-23.15.52:878][  0]LogConfig: Setting CVar [[r.Shadow.CSM.MaxCascades:10]]
[2021.12.15-23.15.52:878][  0]LogConfig: Setting CVar [[r.Shadow.MaxResolution:2048]]
[2021.12.15-23.15.52:878][  0]LogConfig: Setting CVar [[r.Shadow.MaxCSMResolution:2048]]
[2021.12.15-23.15.52:878][  0]LogConfig: Setting CVar [[r.Shadow.RadiusThreshold:0.01]]
[2021.12.15-23.15.52:878][  0]LogConfig: Setting CVar [[r.Shadow.DistanceScale:1.0]]
[2021.12.15-23.15.52:878][  0]LogConfig: Setting CVar [[r.Shadow.CSM.TransitionScale:1.0]]
[2021.12.15-23.15.52:878][  0]LogConfig: Setting CVar [[r.Shadow.PreShadowResolutionFactor:1.0]]
[2021.12.15-23.15.52:878][  0]LogConfig: Setting CVar [[r.DistanceFieldShadowing:1]]
[2021.12.15-23.15.52:878][  0]LogConfig: Setting CVar [[r.DistanceFieldAO:1]]
[2021.12.15-23.15.52:878][  0]LogConfig: Setting CVar [[r.AOQuality:2]]
[2021.12.15-23.15.52:878][  0]LogConfig: Setting CVar [[r.VolumetricFog:1]]
[2021.12.15-23.15.52:878][  0]LogConfig: Setting CVar [[r.VolumetricFog.GridPixelSize:8]]
[2021.12.15-23.15.52:878][  0]LogConfig: Setting CVar [[r.VolumetricFog.GridSizeZ:128]]
[2021.12.15-23.15.52:878][  0]LogConfig: Setting CVar [[r.VolumetricFog.HistoryMissSupersampleCount:4]]
[2021.12.15-23.15.52:878][  0]LogConfig: Setting CVar [[r.LightMaxDrawDistanceScale:1]]
[2021.12.15-23.15.52:878][  0]LogConfig: Setting CVar [[r.CapsuleShadows:1]]
[2021.12.15-23.15.52:878][  0]LogConfig: Applying CVar settings from Section [PostProcessQuality@3] File [D:/github/group-project/group_project/Saved/Config/Windows/Scalability.ini]
[2021.12.15-23.15.52:878][  0]LogConfig: Setting CVar [[r.MotionBlurQuality:4]]
[2021.12.15-23.15.52:878][  0]LogConfig: Setting CVar [[r.AmbientOcclusionMipLevelFactor:0.4]]
[2021.12.15-23.15.52:878][  0]LogConfig: Setting CVar [[r.AmbientOcclusionMaxQuality:100]]
[2021.12.15-23.15.52:878][  0]LogConfig: Setting CVar [[r.AmbientOcclusionLevels:-1]]
[2021.12.15-23.15.52:878][  0]LogConfig: Setting CVar [[r.AmbientOcclusionRadiusScale:1.0]]
[2021.12.15-23.15.52:878][  0]LogConfig: Setting CVar [[r.DepthOfFieldQuality:2]]
[2021.12.15-23.15.52:878][  0]LogConfig: Setting CVar [[r.RenderTargetPoolMin:400]]
[2021.12.15-23.15.52:878][  0]LogConfig: Setting CVar [[r.LensFlareQuality:2]]
[2021.12.15-23.15.52:878][  0]LogConfig: Setting CVar [[r.SceneColorFringeQuality:1]]
[2021.12.15-23.15.52:878][  0]LogConfig: Setting CVar [[r.EyeAdaptationQuality:2]]
[2021.12.15-23.15.52:878][  0]LogConfig: Setting CVar [[r.BloomQuality:5]]
[2021.12.15-23.15.52:878][  0]LogConfig: Setting CVar [[r.FastBlurThreshold:100]]
[2021.12.15-23.15.52:878][  0]LogConfig: Setting CVar [[r.Upscale.Quality:3]]
[2021.12.15-23.15.52:878][  0]LogConfig: Setting CVar [[r.Tonemapper.GrainQuantization:1]]
[2021.12.15-23.15.52:879][  0]LogConfig: Setting CVar [[r.LightShaftQuality:1]]
[2021.12.15-23.15.52:879][  0]LogConfig: Setting CVar [[r.Filter.SizeScale:1]]
[2021.12.15-23.15.52:879][  0]LogConfig: Setting CVar [[r.Tonemapper.Quality:5]]
[2021.12.15-23.15.52:879][  0]LogConfig: Setting CVar [[r.DOF.Gather.AccumulatorQuality:1        ; higher gathering accumulator quality]]
[2021.12.15-23.15.52:879][  0]LogConfig: Setting CVar [[r.DOF.Gather.PostfilterMethod:1          ; Median3x3 postfilering method]]
[2021.12.15-23.15.52:879][  0]LogConfig: Setting CVar [[r.DOF.Gather.EnableBokehSettings:0       ; no bokeh simulation when gathering]]
[2021.12.15-23.15.52:879][  0]LogConfig: Setting CVar [[r.DOF.Gather.RingCount:4                 ; medium number of samples when gathering]]
[2021.12.15-23.15.52:879][  0]LogConfig: Setting CVar [[r.DOF.Scatter.ForegroundCompositing:1    ; additive foreground scattering]]
[2021.12.15-23.15.52:879][  0]LogConfig: Setting CVar [[r.DOF.Scatter.BackgroundCompositing:2    ; additive background scattering]]
[2021.12.15-23.15.52:879][  0]LogConfig: Setting CVar [[r.DOF.Scatter.EnableBokehSettings:1      ; bokeh simulation when scattering]]
[2021.12.15-23.15.52:879][  0]LogConfig: Setting CVar [[r.DOF.Scatter.MaxSpriteRatio:0.1         ; only a maximum of 10% of scattered bokeh]]
[2021.12.15-23.15.52:879][  0]LogConfig: Setting CVar [[r.DOF.Recombine.Quality:1                ; cheap slight out of focus]]
[2021.12.15-23.15.52:879][  0]LogConfig: Setting CVar [[r.DOF.Recombine.EnableBokehSettings:0    ; no bokeh simulation on slight out of focus]]
[2021.12.15-23.15.52:879][  0]LogConfig: Setting CVar [[r.DOF.TemporalAAQuality:1                ; more stable temporal accumulation]]
[2021.12.15-23.15.52:879][  0]LogConfig: Setting CVar [[r.DOF.Kernel.MaxForegroundRadius:0.025]]
[2021.12.15-23.15.52:879][  0]LogConfig: Setting CVar [[r.DOF.Kernel.MaxBackgroundRadius:0.025]]
[2021.12.15-23.15.52:879][  0]LogConfig: Applying CVar settings from Section [TextureQuality@3] File [D:/github/group-project/group_project/Saved/Config/Windows/Scalability.ini]
[2021.12.15-23.15.52:879][  0]LogConfig: Setting CVar [[r.Streaming.MipBias:0]]
[2021.12.15-23.15.52:879][  0]LogConfig: Setting CVar [[r.Streaming.AmortizeCPUToGPUCopy:0]]
[2021.12.15-23.15.52:879][  0]LogConfig: Setting CVar [[r.Streaming.MaxNumTexturesToStreamPerFrame:0]]
[2021.12.15-23.15.52:879][  0]LogConfig: Setting CVar [[r.Streaming.Boost:1]]
[2021.12.15-23.15.52:879][  0]LogConfig: Setting CVar [[r.MaxAnisotropy:8]]
[2021.12.15-23.15.52:879][  0]LogConfig: Setting CVar [[r.VT.MaxAnisotropy:8]]
[2021.12.15-23.15.52:879][  0]LogConfig: Setting CVar [[r.Streaming.LimitPoolSizeToVRAM:0]]
[2021.12.15-23.15.52:879][  0]LogConfig: Setting CVar [[r.Streaming.PoolSize:1000]]
[2021.12.15-23.15.52:879][  0]LogConfig: Setting CVar [[r.Streaming.MaxEffectiveScreenSize:0]]
[2021.12.15-23.15.52:879][  0]LogConfig: Applying CVar settings from Section [EffectsQuality@3] File [D:/github/group-project/group_project/Saved/Config/Windows/Scalability.ini]
[2021.12.15-23.15.52:879][  0]LogConfig: Setting CVar [[r.TranslucencyLightingVolumeDim:64]]
[2021.12.15-23.15.52:879][  0]LogConfig: Setting CVar [[r.RefractionQuality:2]]
[2021.12.15-23.15.52:879][  0]LogConfig: Setting CVar [[r.SSR.Quality:3]]
[2021.12.15-23.15.52:879][  0]LogConfig: Setting CVar [[r.SSR.HalfResSceneColor:0]]
[2021.12.15-23.15.52:879][  0]LogConfig: Setting CVar [[r.SceneColorFormat:4]]
[2021.12.15-23.15.52:879][  0]LogConfig: Setting CVar [[r.DetailMode:2]]
[2021.12.15-23.15.52:879][  0]LogConfig: Setting CVar [[r.TranslucencyVolumeBlur:1]]
[2021.12.15-23.15.52:879][  0]LogConfig: Setting CVar [[r.MaterialQualityLevel:1 ; High quality]]
[2021.12.15-23.15.52:879][  0]LogConfig: Setting CVar [[r.AnisotropicMaterials:1]]
[2021.12.15-23.15.52:879][  0]LogConfig: Setting CVar [[r.SSS.Scale:1]]
[2021.12.15-23.15.52:879][  0]LogConfig: Setting CVar [[r.SSS.SampleSet:2]]
[2021.12.15-23.15.52:879][  0]LogConfig: Setting CVar [[r.SSS.Quality:1]]
[2021.12.15-23.15.52:879][  0]LogConfig: Setting CVar [[r.SSS.HalfRes:0]]
[2021.12.15-23.15.52:879][  0]LogConfig: Setting CVar [[r.SSGI.Quality:3]]
[2021.12.15-23.15.52:879][  0]LogConfig: Setting CVar [[r.EmitterSpawnRateScale:1.0]]
[2021.12.15-23.15.52:879][  0]LogConfig: Setting CVar [[r.ParticleLightQuality:2]]
[2021.12.15-23.15.52:879][  0]LogConfig: Setting CVar [[r.SkyAtmosphere.AerialPerspectiveLUT.FastApplyOnOpaque:1 ; Always have FastSkyLUT 1 in this case to avoid wrong sky]]
[2021.12.15-23.15.52:879][  0]LogConfig: Setting CVar [[r.SkyAtmosphere.AerialPerspectiveLUT.SampleCountMaxPerSlice:4]]
[2021.12.15-23.15.52:879][  0]LogConfig: Setting CVar [[r.SkyAtmosphere.AerialPerspectiveLUT.DepthResolution:16.0]]
[2021.12.15-23.15.52:879][  0]LogConfig: Setting CVar [[r.SkyAtmosphere.FastSkyLUT:1]]
[2021.12.15-23.15.52:879][  0]LogConfig: Setting CVar [[r.SkyAtmosphere.FastSkyLUT.SampleCountMin:4.0]]
[2021.12.15-23.15.52:879][  0]LogConfig: Setting CVar [[r.SkyAtmosphere.FastSkyLUT.SampleCountMax:128.0]]
[2021.12.15-23.15.52:879][  0]LogConfig: Setting CVar [[r.SkyAtmosphere.SampleCountMin:4.0]]
[2021.12.15-23.15.52:879][  0]LogConfig: Setting CVar [[r.SkyAtmosphere.SampleCountMax:128.0]]
[2021.12.15-23.15.52:879][  0]LogConfig: Setting CVar [[r.SkyAtmosphere.TransmittanceLUT.UseSmallFormat:0]]
[2021.12.15-23.15.52:879][  0]LogConfig: Setting CVar [[r.SkyAtmosphere.TransmittanceLUT.SampleCount:10.0]]
[2021.12.15-23.15.52:879][  0]LogConfig: Setting CVar [[r.SkyAtmosphere.MultiScatteringLUT.SampleCount:15.0]]
[2021.12.15-23.15.52:879][  0]LogConfig: Setting CVar [[r.SkyLight.RealTimeReflectionCapture:1]]
[2021.12.15-23.15.52:879][  0]LogConfig: Applying CVar settings from Section [FoliageQuality@3] File [D:/github/group-project/group_project/Saved/Config/Windows/Scalability.ini]
[2021.12.15-23.15.52:879][  0]LogConfig: Setting CVar [[foliage.DensityScale:1.0]]
[2021.12.15-23.15.52:879][  0]LogConfig: Setting CVar [[grass.DensityScale:1.0]]
[2021.12.15-23.15.52:879][  0]LogConfig: Applying CVar settings from Section [ShadingQuality@3] File [D:/github/group-project/group_project/Saved/Config/Windows/Scalability.ini]
[2021.12.15-23.15.52:879][  0]LogConfig: Setting CVar [[r.HairStrands.SkyLighting.IntegrationType:2]]
[2021.12.15-23.15.52:879][  0]LogConfig: Setting CVar [[r.HairStrands.SkyAO.SampleCount:4]]
[2021.12.15-23.15.52:879][  0]LogConfig: Setting CVar [[r.HairStrands.Visibility.MSAA.SamplePerPixel:4]]
[2021.12.15-23.15.52:879][  0]LogConfig: Applying CVar settings from Section [Startup] File [../../../Engine/Config/ConsoleVariables.ini]
[2021.12.15-23.15.52:880][  0]LogConfig: Setting CVar [[net.UseAdaptiveNetUpdateFrequency:0]]
[2021.12.15-23.15.52:880][  0]LogConfig: Setting CVar [[p.chaos.AllowCreatePhysxBodies:1]]
[2021.12.15-23.15.52:880][  0]LogConfig: Setting CVar [[fx.SkipVectorVMBackendOptimizations:1]]
[2021.12.15-23.15.52:880][  0]LogConfig: Applying CVar settings from Section [ConsoleVariables] File [D:/github/group-project/group_project/Saved/Config/Windows/Engine.ini]
[2021.12.15-23.15.52:880][  0]LogConfig: Applying CVar settings from Section [ConsoleVariables] File [D:/github/group-project/group_project/Saved/Config/Windows/Editor.ini]
[2021.12.15-23.15.52:880][  0]LogInit: Computer: DESKTOP-T6K128S
[2021.12.15-23.15.52:880][  0]LogInit: User: 傻子吕师宇
[2021.12.15-23.15.52:880][  0]LogInit: CPU Page size=4096, Cores=4
[2021.12.15-23.15.52:880][  0]LogInit: High frequency timer resolution =10.000000 MHz
[2021.12.15-23.15.52:880][  0]LogMemory: Memory total: Physical=32.0GB (32GB approx)
[2021.12.15-23.15.52:880][  0]LogMemory: Platform Memory Stats for Windows
[2021.12.15-23.15.52:880][  0]LogMemory: Process Physical Memory: 149.59 MB used, 149.59 MB peak
[2021.12.15-23.15.52:880][  0]LogMemory: Process Virtual Memory: 126.67 MB used, 126.67 MB peak
[2021.12.15-23.15.52:880][  0]LogMemory: Physical Memory: 12961.30 MB used,  19774.27 MB free, 32735.58 MB total
[2021.12.15-23.15.52:880][  0]LogMemory: Virtual Memory: 134202816.00 MB used,  14911.08 MB free, 134217728.00 MB total
[2021.12.15-23.15.52:900][  0]LogWindows: WindowsPlatformFeatures enabled
[2021.12.15-23.15.53:041][  0]LogInit: Physics initialised using underlying interface: PhysX
[2021.12.15-23.15.53:041][  0]LogInit: Using OS detected language (en-GB).
[2021.12.15-23.15.53:041][  0]LogInit: Using OS detected locale (en-CA).
[2021.12.15-23.15.53:054][  0]LogTextLocalizationManager: No specific localization for 'en-GB' exists, so the 'en' localization will be used.
[2021.12.15-23.15.53:303][  0]LogWindowsTextInputMethodSystem: Display: IME system deactivated.
[2021.12.15-23.15.53:465][  0]LogSlate: New Slate User Created.  User Index 0, Is Virtual User: 0
[2021.12.15-23.15.53:465][  0]LogSlate: Slate User Registered.  User Index 0, Is Virtual User: 0
[2021.12.15-23.15.53:618][  0]LogD3D11RHI: Loaded GFSDK_Aftermath_Lib.x64.dll
[2021.12.15-23.15.53:624][  0]LogHMD: Failed to initialize OpenVR with code 110
[2021.12.15-23.15.53:624][  0]LogD3D11RHI: D3D11 min allowed feature level: 11_0
[2021.12.15-23.15.53:624][  0]LogD3D11RHI: D3D11 max allowed feature level: 11_0
[2021.12.15-23.15.53:624][  0]LogD3D11RHI: D3D11 adapters:
[2021.12.15-23.15.53:838][  0]LogD3D11RHI:    0. 'NVIDIA GeForce GTX 1080' (Feature Level 11_0)
[2021.12.15-23.15.53:838][  0]LogD3D11RHI:       8079/0/16367 MB DedicatedVideo/DedicatedSystem/SharedSystem, Outputs:2, VendorId:0x10de
[2021.12.15-23.15.53:841][  0]LogD3D11RHI:    1. 'Microsoft Basic Render Driver' (Feature Level 11_0)
[2021.12.15-23.15.53:841][  0]LogD3D11RHI:       0/0/16367 MB DedicatedVideo/DedicatedSystem/SharedSystem, Outputs:0, VendorId:0x1414
[2021.12.15-23.15.53:841][  0]LogD3D11RHI: Chosen D3D11 Adapter:
[2021.12.15-23.15.53:841][  0]LogD3D11RHI:     Description : NVIDIA GeForce GTX 1080
[2021.12.15-23.15.53:841][  0]LogD3D11RHI:     VendorId    : 10de
[2021.12.15-23.15.53:841][  0]LogD3D11RHI:     DeviceId    : 1b80
[2021.12.15-23.15.53:841][  0]LogD3D11RHI:     SubSysId    : 37301458
[2021.12.15-23.15.53:841][  0]LogD3D11RHI:     Revision    : 00a1
[2021.12.15-23.15.53:841][  0]LogD3D11RHI:     DedicatedVideoMemory : 8471445504 bytes
[2021.12.15-23.15.53:841][  0]LogD3D11RHI:     DedicatedSystemMemory : 0 bytes
[2021.12.15-23.15.53:841][  0]LogD3D11RHI:     SharedSystemMemory : 17162870784 bytes
[2021.12.15-23.15.53:841][  0]LogD3D11RHI:     AdapterLuid : 0 57316
[2021.12.15-23.15.53:849][  0]LogD3D11RHI: Creating new Direct3DDevice
[2021.12.15-23.15.53:849][  0]LogD3D11RHI:     GPU DeviceId: 0x1b80 (for the marketing name, search the web for "GPU Device Id")
[2021.12.15-23.15.53:849][  0]LogWindows: EnumDisplayDevices:
[2021.12.15-23.15.53:849][  0]LogWindows:    0. 'NVIDIA GeForce GTX 1080' (P:0 D:1)
[2021.12.15-23.15.53:850][  0]LogWindows:    1. 'NVIDIA GeForce GTX 1080' (P:1 D:1)
[2021.12.15-23.15.53:851][  0]LogWindows:    2. 'NVIDIA GeForce GTX 1080' (P:0 D:0)
[2021.12.15-23.15.53:851][  0]LogWindows:    3. 'NVIDIA GeForce GTX 1080' (P:0 D:0)
[2021.12.15-23.15.53:852][  0]LogWindows: DebugString: FoundDriverCount:4 
[2021.12.15-23.15.53:852][  0]LogD3D11RHI:     Adapter Name: NVIDIA GeForce GTX 1080
[2021.12.15-23.15.53:853][  0]LogD3D11RHI:   Driver Version: 496.76 (internal:30.0.14.9676, unified:496.76)
[2021.12.15-23.15.53:853][  0]LogD3D11RHI:      Driver Date: 11-9-2021
[2021.12.15-23.15.53:853][  0]LogRHI: Texture pool is 5655 MB (70% of 8079 MB)
[2021.12.15-23.15.53:853][  0]LogD3D11RHI: Creating D3DDevice using adapter:
[2021.12.15-23.15.53:853][  0]LogD3D11RHI:     Description : NVIDIA GeForce GTX 1080
[2021.12.15-23.15.53:853][  0]LogD3D11RHI:     VendorId    : 10de
[2021.12.15-23.15.53:853][  0]LogD3D11RHI:     DeviceId    : 1b80
[2021.12.15-23.15.53:853][  0]LogD3D11RHI:     SubSysId    : 37301458
[2021.12.15-23.15.53:853][  0]LogD3D11RHI:     Revision    : 00a1
[2021.12.15-23.15.53:853][  0]LogD3D11RHI:     DedicatedVideoMemory : 8471445504 bytes
[2021.12.15-23.15.53:853][  0]LogD3D11RHI:     DedicatedSystemMemory : 0 bytes
[2021.12.15-23.15.53:853][  0]LogD3D11RHI:     SharedSystemMemory : 17162870784 bytes
[2021.12.15-23.15.53:853][  0]LogD3D11RHI:     AdapterLuid : 0 57316
[2021.12.15-23.15.53:926][  0]LogD3D11RHI: RHI has support for 64 bit atomics
[2021.12.15-23.15.53:926][  0]LogD3D11RHI: Async texture creation enabled
[2021.12.15-23.15.53:926][  0]LogD3D11RHI: Array index from any shader is supported
[2021.12.15-23.15.53:933][  0]LogD3D11RHI: HDR output is supported on display 1 (NvId: 0x80061082).
[2021.12.15-23.15.53:963][  0]LogD3D11RHI: GPU Timing Frequency: 1000.000000 (Debug: 2 1)
[2021.12.15-23.15.54:099][  0]LogRHI: GeForceNow SDK initialized: 1
[2021.12.15-23.15.54:723][  0]LogTargetPlatformManager: Display: Loaded TargetPlatform 'WindowsNoEditor'
[2021.12.15-23.15.54:733][  0]LogTargetPlatformManager: Display: Loaded TargetPlatform 'Windows'
[2021.12.15-23.15.54:743][  0]LogTargetPlatformManager: Display: Loaded TargetPlatform 'WindowsClient'
[2021.12.15-23.15.54:753][  0]LogTargetPlatformManager: Display: Loaded TargetPlatform 'WindowsServer'
[2021.12.15-23.15.54:753][  0]LogTargetPlatformManager: Display: Building Assets For Windows
[2021.12.15-23.15.54:777][  0]LogAudioDebug: Display: Lib vorbis DLL was dynamically loaded.
[2021.12.15-23.15.54:886][  0]LogTextureFormatOodle: Display: Oodle Texture 2.9.0 init RDO Off
[2021.12.15-23.15.54:975][  0]LogRendererCore: Ray tracing is disabled. Reason: r.RayTracing=0.
[2021.12.15-23.15.54:975][  0]LogShaderCompilers: Guid format shader working directory is -4 characters bigger than the processId version (../../../../../github/group-project/group_project/Intermediate/Shaders/WorkingDirectory/27112/).
[2021.12.15-23.15.54:975][  0]LogShaderCompilers: Cleaned the shader compiler working directory 'C:/Users/傻子吕师宇/AppData/Local/Temp/UnrealShaderWorkingDir/DF86BA34404AA61D48EAC5A4139B5429/'.
[2021.12.15-23.15.54:975][  0]LogXGEController: Cannot use XGE Controller as Incredibuild is not installed on this machine.
[2021.12.15-23.15.54:976][  0]LogShaderCompilers: Cannot use XGE Shader Compiler as Incredibuild is not installed on this machine.
[2021.12.15-23.15.54:976][  0]LogShaderCompilers: Display: Using Local Shader Compiler.
[2021.12.15-23.15.55:795][  0]LogDerivedDataCache: Display: Max Cache Size: 512 MB
[2021.12.15-23.15.55:877][  0]LogDerivedDataCache: Loaded boot cache 0.08s 153MB C:/Users/傻子吕师宇/AppData/Local/UnrealEngine/4.27/DerivedDataCache/Boot.ddc.
[2021.12.15-23.15.55:877][  0]LogDerivedDataCache: Display: Loaded Boot cache: C:/Users/傻子吕师宇/AppData/Local/UnrealEngine/4.27/DerivedDataCache/Boot.ddc
[2021.12.15-23.15.55:877][  0]LogDerivedDataCache: FDerivedDataBackendGraph:  Pak pak cache file ../../../../../github/group-project/group_project/DerivedDataCache/DDC.ddp not found, will not use a pak cache.
[2021.12.15-23.15.55:877][  0]LogDerivedDataCache: Unable to find inner node Pak for hierarchical cache Hierarchy.
[2021.12.15-23.15.55:877][  0]LogDerivedDataCache: FDerivedDataBackendGraph:  CompressedPak pak cache file ../../../../../github/group-project/group_project/DerivedDataCache/Compressed.ddp not found, will not use a pak cache.
[2021.12.15-23.15.55:877][  0]LogDerivedDataCache: Unable to find inner node CompressedPak for hierarchical cache Hierarchy.
[2021.12.15-23.15.55:894][  0]LogDerivedDataCache: Display: Pak cache opened for reading ../../../Engine/DerivedDataCache/Compressed.ddp.
[2021.12.15-23.15.55:894][  0]LogDerivedDataCache: FDerivedDataBackendGraph:  EnterprisePak pak cache file ../../../Enterprise/DerivedDataCache/Compressed.ddp not found, will not use a pak cache.
[2021.12.15-23.15.55:894][  0]LogDerivedDataCache: Unable to find inner node EnterprisePak for hierarchical cache Hierarchy.
[2021.12.15-23.15.55:906][  0]LogDerivedDataCache: Speed tests for C:/Users/傻子吕师宇/AppData/Local/UnrealEngine/Common/DerivedDataCache took 0.01 seconds
[2021.12.15-23.15.55:906][  0]LogDerivedDataCache: Display: Performance to C:/Users/傻子吕师宇/AppData/Local/UnrealEngine/Common/DerivedDataCache: Latency=0.12ms. RandomReadSpeed=415.41MBs, RandomWriteSpeed=115.41MBs. Assigned SpeedClass 'Local'
[2021.12.15-23.15.55:906][  0]LogDerivedDataCache: Using Local data cache path C:/Users/傻子吕师宇/AppData/Local/UnrealEngine/Common/DerivedDataCache: Writable
[2021.12.15-23.15.55:907][  0]LogDerivedDataCache: Shared data cache path not found in *engine.ini, will not use an Shared cache.
[2021.12.15-23.15.55:907][  0]LogDerivedDataCache: Unable to find inner node Shared for hierarchical cache Hierarchy.
[2021.12.15-23.15.55:948][  0]LogSlate: Using FreeType 2.10.0
[2021.12.15-23.15.55:948][  0]LogSlate: SlateFontServices - WITH_FREETYPE: 1, WITH_HARFBUZZ: 1
[2021.12.15-23.15.56:057][  0]LogInit: Using OS detected language (en-GB).
[2021.12.15-23.15.56:057][  0]LogInit: Using OS detected locale (en-CA).
[2021.12.15-23.15.56:057][  0]LogTextLocalizationManager: No localization for 'en-GB' exists, so 'en' will be used for the language.
[2021.12.15-23.15.56:057][  0]LogTextLocalizationManager: No localization for 'en-CA' exists, so 'en' will be used for the locale.
[2021.12.15-23.15.56:057][  0]LogSlate: FontCache flush requested. Reason: Culture for localization was changed
[2021.12.15-23.15.56:057][  0]LogSlate: FontCache flush requested. Reason: Culture for localization was changed
[2021.12.15-23.15.56:061][  0]LogTextLocalizationManager: Compacting localization data took   0.00ms
[2021.12.15-23.15.56:062][  0]LogAssetRegistry: FAssetRegistry took 0.0024 seconds to start up
[2021.12.15-23.15.56:242][  0]LogPackageLocalizationCache: Processed 28 localized package path(s) for 1 prioritized culture(s) in 0.002579 seconds
[2021.12.15-23.15.56:336][  0]LogInit: Selected Device Profile: [Windows]
[2021.12.15-23.15.56:336][  0]LogInit: Active device profile: [000002576E6AD500][0000025763F03900 49] Windows
[2021.12.15-23.15.56:336][  0]LogInit: Profiles: [000002576E6AD500][0000025763F03900 49] Windows, [000002576E6AC100][0000025763F0BA80 49] WindowsNoEditor, [000002576E62FE00][0000025763701C00 49] WindowsServer, [000002576E63E400][0000025763704200 49] WindowsClient, [000002576E62C300][0000025763708380 49] IOS, [000002576E63E300][000002576370C500 49] iPadAir, [000002576E62DB00][0000025763710680 49] iPadAir2, [000002576E5E4600][0000025763718940 49] IPadPro, [000002576E5E4700][0000025763714980 49] iPadAir3, [000002576E62E000][000002576371CB00 49] iPadAir4, [000002576E5E7F00][0000025763720C80 49] iPadMini2, [000002576E62F900][0000025763724E00 49] iPadMini3, [000002576E5E5400][0000025763728F80 49] iPadMini4, [000002576E62C900][000002576372D100 49] iPadMini5, [000002576E5E3E00][00000257637353C0 49] iPhone6, [000002576E5E3F00][0000025763731400 49] iPodTouch6, [000002576E63E800][000002576399F6C0 49] iPhone7, [000002576E5E7600][000002576399B700 49] iPodTouch7, [000002576E5E0700][0000025763F07840 49] iPhone5S, [000002576E5E4500][00000257639A3980 49] iPhone6Plus, [000002576E5E3100][00000257639A7AC0 49] iPhone6S, [000002576E5E4300][00000257639AE0C0 49] iPhone6SPlus, [000002576E5E1000][00000257639B2240 49] iPhone7Plus, [000002576E5E4F00][00000257639B63C0 49] iPhoneSE, [000002576E5E2800][00000257639BA540 49] iPhone8, [000002576E5E5F00][00000257639BE6C0 49] iPhone8Plus, [000002576E5E1800][00000257639C2840 49] iPhoneX, [000002576E5E4200][00000257639C69C0 49] iPhoneXS, [000002576E5E0A00][00000257639CAB40 49] iPhoneXSMax, [000002576E5E7A00][00000257639CECC0 49] iPhoneXR, [000002576E5E2E00][00000257639D2E40 49] iPhone11, [000002576E5E5C00][00000257639D6FC0 49] iPhone11Pro, [000002576E5E1400][00000257639DB140 49] iPhone11ProMax, [000002576E5E5800][00000257639DF2C0 49] iPhoneSE2, [000002576E5E1A00][00000257639E3440 49] iPhone12Mini, [000002576E5E6C00][0000025767DE35C0 49] iPhone12, [000002576E5E1F00][0000025767DE7740 49] iPhone12Pro, [000002576E5E7000][0000025767DEB8C0 49] iPhone12ProMax, [000002576E5E0500][00000257639ABA00 49] iPadPro105, [000002576E5E4100][0000025767DEFB40 49] iPadPro129, [000002576E5E1700][0000025767DF2100 49] iPadPro97, [000002576E5E4D00][0000025767DFA280 49] iPadPro2_129, [000002576E5E3600][0000025767DFE400 49] iPad5, [000002576E5E6D00][0000025767E02580 49] iPad6, [000002576E5E3A00][0000025767E06700 49] iPad7, [000002576E5E6B00][0000025767E0A880 49] iPad8, [000002576E5E3300][0000025767E0EA00 49] iPadPro11, [000002576E5E6A00][0000025767E12B80 49] iPadPro2_11, [000002576E5E3900][0000025767E16D00 49] iPadPro3_129, [000002576E5E6800][0000025767E1AE80 49] iPadPro4_129, [000002576E5E2400][0000025767E1F000 49] AppleTV, [000002576E5E7700][0000025767E23180 49] AppleTV4K, [000002576E5E0200][0000025767E27300 49] TVOS, [000002576E5E6300][0000025767E2B480 49] Mac, [000002576E5E3700][0000025767E2F600 49] MacClient, [000002576E5E6F00][0000025767E33780 49] MacNoEditor, [000002576E5E3000][0000025767E37900 49] MacServer, [000002576E5E5200][0000025767E3BA80 49] Linux, [000002576E5E2C00][0000025767DF7BC0 49] LinuxAArch64, [000002576E5E7900][0000025767E3E180 49] LinuxNoEditor, [000002576E5E2300][0000025767E422C0 49] LinuxAArch64NoEditor, [000002576E5E7C00][0000025767E4A440 49] LinuxClient, [000002576E5E2500][0000025767E4E5C0 49] LinuxAArch64Client, [000002576E5E5A00][0000025767E52740 49] LinuxServer, [000002576E5E1E00][0000025767E568C0 49] LinuxAArch64Server, [000002576E5E7800][0000025767E5AA40 49] Android, [000002576E5E0B00][0000025767E5EBC0 49] Android_Low, [000002576E6AC600][0000025767E62D40 49] Android_Mid, [000002576E63FD00][0000025767E66EC0 49] Android_High, [000002576E6ACE00][0000025767E6B040 49] Android_Default, [000002576E63EA00][0000025767E6F1C0 49] Android_Adreno4xx, [000002576E6ADC00][0000025767E73340 49] Android_Adreno5xx_Low, [000002576E63D800][0000025767E774C0 49] Android_Adreno5xx, [000002576E6AE600][0000025767E7B640 49] Android_Adreno6xx, [000002576E63D700][0000025767E7F7C0 49] Android_Adreno6xx_Vulkan, [000002576E6AD700][0000025767E83940 49] Android_Mali_T6xx, [000002576E63D400][0000025767E87AC0 49] Android_Mali_T7xx, [000002576E6AD600][0000025767E8A0C0 49] Android_Mali_T8xx, [000002576E63E100][0000025767E46200 49] Android_Mali_G71, [000002576E6AE800][0000025767E8E340 49] Android_Mali_G72, [000002576E63C500][0000025767E92480 49] Android_Mali_G72_Vulkan, [000002576E6ADF00][0000025767E965C0 49] Android_Mali_G76, [000002576E63F600][0000025767E9E740 49] Android_Mali_G76_Vulkan, [000002576E6ADD00][0000025767EA28C0 49] Android_Mali_G77, [000002576E63DA00][0000025767EA6A40 49] Android_Mali_G77_Vulkan, [000002576E6AF200][0000025767EAABC0 49] Android_Mali_G78, [000002576E63FE00][0000025767EAED40 49] Android_Mali_G78_Vulkan, [000002576E6AED00][0000025767EB2EC0 49] Android_Mali_G710, [000002576E63CF00][0000025767EB7040 49] Android_Mali_G710_Vulkan, [000002576E6AE200][0000025767EBB1C0 49] Android_Vulkan_SM5, [000002576E63F800][0000025767EBF340 49] Android_PowerVR_G6xxx, [000002576E6AEF00][0000025767EC34C0 49] Android_PowerVR_GT7xxx, [000002576E63C400][0000025767EC7640 49] Android_PowerVR_GE8xxx, [000002576E6AC400][0000025767ECB7C0 49] Android_PowerVR_GM9xxx, [000002576E5E4800][0000025767ECF940 49] Android_PowerVR_GM9xxx_Vulkan, [000002576E6AD900][0000025767ED3AC0 49] Android_TegraK1, [000002576E5E4900][0000025767ED60C0 49] Android_Unknown_Vulkan, [000002576E6AC800][0000025767EDA240 49] Lumin, [000002576E5E6500][0000025767E9A380 49] Lumin_Desktop, [000002576E6AE500][0000025767EDE4C0 49] HoloLens, 
[2021.12.15-23.15.56:430][  0]LogMeshReduction: Using QuadricMeshReduction for automatic static mesh reduction
[2021.12.15-23.15.56:430][  0]LogMeshReduction: Using SimplygonMeshReduction for automatic skeletal mesh reduction
[2021.12.15-23.15.56:430][  0]LogMeshReduction: Using ProxyLODMeshReduction for automatic mesh merging
[2021.12.15-23.15.56:430][  0]LogMeshReduction: No distributed automatic mesh merging module available
[2021.12.15-23.15.56:430][  0]LogMeshMerging: No distributed automatic mesh merging module available
[2021.12.15-23.15.56:647][  0]LogNetVersion: group_project 1.0.0, NetCL: 17155196, EngineNetVer: 17, GameNetVer: 0 (Checksum: 2067258830)
[2021.12.15-23.15.56:947][  0]LogTexture: Default maximum texture size for cubemaps generated from long-lat sources has been changed from 512 to unlimited. In order to preserve old behaiour for '/Engine/MapTemplates/Sky/DaylightAmbientCubemap.DaylightAmbientCubemap', its maximum texture size has been explicitly set to 512.
[2021.12.15-23.15.57:000][  0]LogHMD: PokeAHoleMaterial loaded successfully
[2021.12.15-23.15.57:286][  0]LogMoviePlayer: Initializing movie player
[2021.12.15-23.15.57:508][  0]LogPython: Using Python 3.7.7
[2021.12.15-23.15.58:201][  0]LogNiagaraDebuggerClient: Niagara Debugger Client Initialized | Session: CC33071D479413A03BC2FA875A9B68C9 | Instance: 769317D24BE0F3CC6A59118FB451D887 (DESKTOP-T6K128S-27112).
[2021.12.15-23.15.58:241][  0]LogCollectionManager: Loaded 0 collections in 0.000941 seconds
[2021.12.15-23.15.58:244][  0]LogFileCache: Scanning file cache for directory 'D:/github/group-project/group_project/Saved/Collections/' took 0.00s
[2021.12.15-23.15.58:244][  0]LogFileCache: Scanning file cache for directory 'D:/github/group-project/group_project/Content/Developers/傻子吕师宇/Collections/' took 0.00s
[2021.12.15-23.15.58:244][  0]LogFileCache: Scanning file cache for directory 'D:/github/group-project/group_project/Content/Collections/' took 0.00s
[2021.12.15-23.15.58:244][  0]LogCollectionManager: Fixed up redirectors for 0 collections in 0.000002 seconds (updated 0 objects)
[2021.12.15-23.15.58:296][  0]LogTcpMessaging: Initializing TcpMessaging bridge
[2021.12.15-23.15.58:305][  0]LogUdpMessaging: Initializing bridge on interface 0.0.0.0:0 to multicast group 230.0.0.1:6666.
[2021.12.15-23.15.58:535][  0]SourceControl: Source control is disabled
[2021.12.15-23.15.58:535][  0]SourceControl: Source control is disabled
[2021.12.15-23.15.58:552][  0]SourceControl: Source control is disabled
[2021.12.15-23.15.58:579][  0]LogUProjectInfo: Found projects:
[2021.12.15-23.15.58:774][  0]LogOpenImageDenoise: OIDN starting up
[2021.12.15-23.15.58:880][  0]LogAndroidPermission: UAndroidPermissionCallbackProxy::GetInstance
[2021.12.15-23.15.58:938][  0]LogAudioCaptureCore: Display: No Audio Capture implementations found. Audio input will be silent.
[2021.12.15-23.15.58:938][  0]LogAudioCaptureCore: Display: No Audio Capture implementations found. Audio input will be silent.
[2021.12.15-23.16.00:127][  0]LogOcInput: OculusInput pre-init called
[2021.12.15-23.16.00:135][  0]LogUObjectArray: 29571 objects as part of root set at end of initial load.
[2021.12.15-23.16.00:135][  0]LogUObjectAllocator: 9189488 out of 0 bytes used by permanent object pool.
[2021.12.15-23.16.00:135][  0]LogUObjectArray: CloseDisregardForGC: 0/0 objects in disregard for GC pool
[2021.12.15-23.16.00:194][  0]LogEngine: Initializing Engine...
[2021.12.15-23.16.00:197][  0]LogHMD: Failed to enumerate extensions. Please check that you have a valid OpenXR runtime installed.
[2021.12.15-23.16.00:198][  0]LogHMD: Failed to initialize OpenVR with code 110
[2021.12.15-23.16.00:198][  0]LogMagicLeap: Warning: VR disabled because ZI is not enabled.  To enable, in the editor, Edit -> Project Settings -> Plugins -> Magic Leap Plugin -> Enable Zero Iteration
[2021.12.15-23.16.00:199][  0]LogStats: UGameplayTagsManager::InitializeManager -  0.000 s
[2021.12.15-23.16.00:292][  0]LogInit: Initializing FReadOnlyCVARCache
[2021.12.15-23.16.00:292][  0]LogAudio: Display: Initializing Audio Device Manager...
[2021.12.15-23.16.00:301][  0]LogAudio: Display: Loading Default Audio Settings Objects...
[2021.12.15-23.16.00:302][  0]LogAudio: Display: No default SoundConcurrencyObject specified (or failed to load).
[2021.12.15-23.16.00:302][  0]LogAudio: Display: Audio Device Manager Initialized
[2021.12.15-23.16.00:302][  0]LogAudio: Display: Creating Audio Device:                 Id: 1, Scope: Shared, Realtime: True
[2021.12.15-23.16.00:302][  0]LogAudioMixer: Display: Audio Mixer Platform Settings:
[2021.12.15-23.16.00:302][  0]LogAudioMixer: Display: 	Sample Rate:						  48000
[2021.12.15-23.16.00:302][  0]LogAudioMixer: Display: 	Callback Buffer Frame Size Requested: 1024
[2021.12.15-23.16.00:302][  0]LogAudioMixer: Display: 	Callback Buffer Frame Size To Use:	  1024
[2021.12.15-23.16.00:302][  0]LogAudioMixer: Display: 	Number of buffers to queue:			  2
[2021.12.15-23.16.00:302][  0]LogAudioMixer: Display: 	Max Channels (voices):				  32
[2021.12.15-23.16.00:302][  0]LogAudioMixer: Display: 	Number of Async Source Workers:		  0
[2021.12.15-23.16.00:302][  0]LogAudio: Display: AudioDevice MaxSources: 32
[2021.12.15-23.16.00:302][  0]LogAudio: Display: Audio Spatialization Plugin: None (built-in).
[2021.12.15-23.16.00:302][  0]LogAudio: Display: Audio Reverb Plugin: None (built-in).
[2021.12.15-23.16.00:302][  0]LogAudio: Display: Audio Occlusion Plugin: None (built-in).
[2021.12.15-23.16.00:302][  0]LogAudioMixer: Display: Initializing audio mixer.
[2021.12.15-23.16.00:338][  0]LogAudioMixer: Display: 0: FrontLeft
[2021.12.15-23.16.00:338][  0]LogAudioMixer: Display: 1: FrontRight
[2021.12.15-23.16.00:361][  0]LogAudioMixer: Display: Using Audio Device 扬声器 (Realtek High Definition Audio)
[2021.12.15-23.16.00:365][  0]LogAudioMixer: Display: Initializing Sound Submixes...
[2021.12.15-23.16.00:368][  0]LogAudioMixer: Display: Creating Master Submix 'MasterSubmixDefault'
[2021.12.15-23.16.00:369][  0]LogAudioMixer: Display: Creating Master Submix 'MasterReverbSubmixDefault'
[2021.12.15-23.16.00:370][  0]LogAudioMixer: Display: Creating Master Submix 'MasterEQSubmixDefault'
[2021.12.15-23.16.00:370][  0]LogAudioMixer: FMixerPlatformXAudio2::StartAudioStream() called
[2021.12.15-23.16.00:370][  0]LogAudioMixer: Display: Output buffers initialized: Frames=1024, Channels=2, Samples=2048
[2021.12.15-23.16.00:372][  0]LogAudioMixer: Display: Starting AudioMixerPlatformInterface::RunInternal()
[2021.12.15-23.16.00:373][  0]LogAudioMixer: Display: FMixerPlatformXAudio2::SubmitBuffer() called for the first time
[2021.12.15-23.16.00:373][  0]LogInit: FAudioDevice initialized.
[2021.12.15-23.16.00:374][  0]LogNetVersion: Set ProjectVersion to 1.0.0.0. Version Checksum will be recalculated on next use.
[2021.12.15-23.16.00:376][  0]LogInit: Texture streaming: Enabled
[2021.12.15-23.16.00:487][  0]LogAudio: Display: Audio Device (ID: 1) registered with world 'Untitled'.
[2021.12.15-23.16.00:487][  0]LogSlate: Updating window title bar state: overlay mode, drag disabled, window buttons hidden, title bar hidden
[2021.12.15-23.16.00:492][  0]LogInit: Display: Game Engine Initialized.
[2021.12.15-23.16.00:492][  0]LogNiagaraEditor: GEditor isn't valid! Particle reset commands will not work for Niagara components!
[2021.12.15-23.16.00:724][  0]LogInit: Display: Starting Game.
[2021.12.15-23.16.00:725][  0]LogNet: Browse: /Game/FirstPersonBP/Maps/sixiangcai/LevelE?Name=Player
[2021.12.15-23.16.00:725][  0]LogLoad: LoadMap: /Game/FirstPersonBP/Maps/sixiangcai/LevelE?Name=Player
[2021.12.15-23.16.00:725][  0]LogWorld: BeginTearingDown for /Temp/Untitled_0
[2021.12.15-23.16.00:726][  0]LogWorld: UWorld::CleanupWorld for Untitled, bSessionEnded=true, bCleanupResources=true
[2021.12.15-23.16.00:726][  0]LogSlate: InvalidateAllWidgets triggered.  All widgets were invalidated
[2021.12.15-23.16.00:731][  0]LogAudio: Display: Audio Device unregistered from world 'None'.
[2021.12.15-23.16.00:733][  0]LogUObjectHash: Compacting FUObjectHashTables data took   0.76ms
[2021.12.15-23.16.01:092][  0]LogAudio: Display: Audio Device (ID: 1) registered with world 'LevelE'.
[2021.12.15-23.16.01:106][  0]LogAIModule: Creating AISystem for world LevelE
[2021.12.15-23.16.01:106][  0]LogLoad: Game class is 'FirstPersonGameMode_C'
[2021.12.15-23.16.01:111][  0]LogWorld: Bringing World /Game/FirstPersonBP/Maps/sixiangcai/LevelE.LevelE up for play (max tick rate 0) at 2021.12.15-18.16.01
[2021.12.15-23.16.01:112][  0]LogWorld: Bringing up level for play took: 0.005080
[2021.12.15-23.16.01:114][  0]LogLoad: Took 0.389799 seconds to LoadMap(/Game/FirstPersonBP/Maps/sixiangcai/LevelE)
[2021.12.15-23.16.01:680][  0]LogSlate: Took 0.000322 seconds to synchronously load lazily loaded font '../../../Engine/Content/Slate/Fonts/Roboto-Regular.ttf' (155K)
[2021.12.15-23.16.02:063][  0]LogRenderer: Reallocating scene render targets to support 1280x720 Format 10 NumSamples 1 (Frame:1).
[2021.12.15-23.16.02:063][  0]LogInit: Display: Engine is initialized. Leaving FEngineLoop::Init()
[2021.12.15-23.16.02:063][  0]LogLoad: (Engine Initialization) Total time: 13.52 seconds
[2021.12.15-23.16.02:063][  0]LogLoad: (Engine Initialization) Total Blueprint compile time: 0.00 seconds
[2021.12.15-23.16.02:088][  0]LogContentStreaming: Texture pool size now 1000 MB
[2021.12.15-23.16.02:091][  0]LogRenderer: Reallocating scene render targets to support 128x128 Format 10 NumSamples 1 (Frame:1).
[2021.12.15-23.16.02:091][  0]LogSlate: InvalidateAllWidgets triggered.  All widgets were invalidated
[2021.12.15-23.16.02:161][  0]LogRenderer: Reallocating scene render targets to support 1280x720 Format 10 NumSamples 1 (Frame:2).
[2021.12.15-23.16.02:216][  1]LogSlate: Took 0.000384 seconds to synchronously load lazily loaded font '../../../Engine/Content/Slate/Fonts/Roboto-Regular.ttf' (155K)
[2021.12.15-23.17.13:717][288]LogSlate: Window 'group_project (64-bit Development PCD3D_SM5) ' being destroyed
[2021.12.15-23.17.13:721][288]LogWindowsTextInputMethodSystem: Display: IME system activated using TSF (中文(简体) - 手心输入法).
[2021.12.15-23.17.13:744][288]LogSlate: Updating window title bar state: overlay mode, drag disabled, window buttons hidden, title bar hidden
[2021.12.15-23.17.13:744][288]LogEngine: All Windows Closed
[2021.12.15-23.17.13:744][288]LogWindows: FPlatformMisc::RequestExit(0)
[2021.12.15-23.17.13:744][288]LogWindows: FPlatformMisc::RequestExitWithStatus(0, 0)
[2021.12.15-23.17.13:744][288]LogCore: Engine exit requested (reason: Win RequestExit)
[2021.12.15-23.17.13:748][289]LogCore: Engine exit requested (reason: EngineExit() was called; note: exit was already requested)
[2021.12.15-23.17.13:748][289]LogInit: Display: PreExit Game.
[2021.12.15-23.17.13:776][289]LogWorld: BeginTearingDown for /Game/FirstPersonBP/Maps/sixiangcai/LevelE
[2021.12.15-23.17.13:783][289]LogWorld: UWorld::CleanupWorld for LevelE, bSessionEnded=true, bCleanupResources=true
[2021.12.15-23.17.13:789][289]LogSlate: InvalidateAllWidgets triggered.  All widgets were invalidated
[2021.12.15-23.17.14:251][289]LogAudio: Display: Beginning Audio Device Manager Shutdown (Module: AudioMixerXAudio2)...
[2021.12.15-23.17.14:251][289]LogAudio: Display: Destroying 1 Remaining Audio Device(s)...
[2021.12.15-23.17.14:251][289]LogAudio: Display: Audio Device unregistered from world 'LevelE'.
[2021.12.15-23.17.14:288][289]LogAudioMixer: FMixerPlatformXAudio2::StopAudioStream() called
[2021.12.15-23.17.14:289][289]LogAudioMixer: FMixerPlatformXAudio2::StopAudioStream() called
[2021.12.15-23.17.14:291][289]LogAudio: Display: Audio Device Manager Shutdown
[2021.12.15-23.17.14:298][289]LogExit: Preparing to exit.
[2021.12.15-23.17.14:372][289]LogSlate: Updating window title bar state: overlay mode, drag disabled, window buttons hidden, title bar hidden
[2021.12.15-23.17.14:375][289]LogUObjectHash: Compacting FUObjectHashTables data took   2.33ms
[2021.12.15-23.17.14:438][289]LogMoviePlayer: Shutting down movie player
[2021.12.15-23.17.14:599][289]LogDemo: Cleaned up 0 splitscreen connections with owner deletion
[2021.12.15-23.17.14:607][289]LogExit: Game engine shut down
[2021.12.15-23.17.14:678][289]LogExit: Object subsystem successfully closed.
[2021.12.15-23.17.14:697][289]LogShaderCompilers: Display: === FShaderJobCache stats ===
[2021.12.15-23.17.14:698][289]LogShaderCompilers: Display: Total job queries 0, among them cache hits 0 (0.00%)
[2021.12.15-23.17.14:698][289]LogShaderCompilers: Display: Tracking 0 distinct input hashes that result in 0 distinct outputs (0.00%)
[2021.12.15-23.17.14:698][289]LogShaderCompilers: Display: RAM used: 0.00 MB (0.00 GB) of 1638.40 MB (1.60 GB) budget. Usage: 0.00%
[2021.12.15-23.17.14:698][289]LogShaderCompilers: Display: ================================================
[2021.12.15-23.17.14:708][289]LogShaderCompilers: Display: Shaders left to compile 0
[2021.12.15-23.17.14:799][289]LogModuleManager: Shutting down and abandoning module SequenceRecorderSections (562)
[2021.12.15-23.17.14:799][289]LogModuleManager: Shutting down and abandoning module SequenceRecorder (560)
[2021.12.15-23.17.14:799][289]LogModuleManager: Shutting down and abandoning module AutomationController (558)
[2021.12.15-23.17.14:799][289]LogModuleManager: Shutting down and abandoning module AutomationWorker (556)
[2021.12.15-23.17.14:799][289]LogModuleManager: Shutting down and abandoning module Voice (554)
[2021.12.15-23.17.14:799][289]LogModuleManager: Shutting down and abandoning module AIModule (552)
[2021.12.15-23.17.14:799][289]LogModuleManager: Shutting down and abandoning module GameplayDebugger (551)
[2021.12.15-23.17.14:799][289]LogModuleManager: Shutting down and abandoning module AITestSuite (549)
[2021.12.15-23.17.14:799][289]LogModuleManager: Shutting down and abandoning module NavigationSystem (547)
[2021.12.15-23.17.14:799][289]LogModuleManager: Shutting down and abandoning module AnimGraph (544)
[2021.12.15-23.17.14:799][289]LogModuleManager: Shutting down and abandoning module SteamVREditor (542)
[2021.12.15-23.17.14:799][289]LogModuleManager: Shutting down and abandoning module ToolMenus (541)
[2021.12.15-23.17.14:799][289]LogModuleManager: Shutting down and abandoning module OculusMR (538)
[2021.12.15-23.17.14:799][289]LogModuleManager: Shutting down and abandoning module TakeRecorderSources (536)
[2021.12.15-23.17.14:799][289]LogModuleManager: Shutting down and abandoning module TakeRecorder (535)
[2021.12.15-23.17.14:799][289]LogModuleManager: Shutting down and abandoning module TakeTrackRecorders (532)
[2021.12.15-23.17.14:799][289]LogModuleManager: Shutting down and abandoning module TakesCore (530)
[2021.12.15-23.17.14:799][289]LogModuleManager: Shutting down and abandoning module OpenXRInput (528)
[2021.12.15-23.17.14:799][289]LogModuleManager: Shutting down and abandoning module WebMMediaFactory (526)
[2021.12.15-23.17.14:799][289]LogModuleManager: Shutting down and abandoning module WebMMedia (524)
[2021.12.15-23.17.14:799][289]LogModuleManager: Shutting down and abandoning module WmfMediaFactory (522)
[2021.12.15-23.17.14:799][289]LogModuleManager: Shutting down and abandoning module OpenExrWrapper (520)
[2021.12.15-23.17.14:799][289]LogModuleManager: Shutting down and abandoning module ImgMediaFactory (518)
[2021.12.15-23.17.14:799][289]LogModuleManager: Shutting down and abandoning module AvfMediaFactory (516)
[2021.12.15-23.17.14:799][289]LogModuleManager: Shutting down and abandoning module MagicLeapMediaCodecFactory (514)
[2021.12.15-23.17.14:799][289]LogModuleManager: Shutting down and abandoning module MagicLeapMediaFactory (512)
[2021.12.15-23.17.14:799][289]LogModuleManager: Shutting down and abandoning module PlanarCut (510)
[2021.12.15-23.17.14:799][289]LogModuleManager: Shutting down and abandoning module CharacterAI (508)
[2021.12.15-23.17.14:800][289]LogModuleManager: Shutting down and abandoning module SessionServices (506)
[2021.12.15-23.17.14:800][289]LogModuleManager: Shutting down and abandoning module MovieSceneCapture (504)
[2021.12.15-23.17.14:800][289]LogModuleManager: Shutting down and abandoning module LiveCoding (502)
[2021.12.15-23.17.14:800][289]LogModuleManager: Shutting down and abandoning module LevelSequence (500)
[2021.12.15-23.17.14:800][289]LogModuleManager: Shutting down and abandoning module MovieSceneTracks (498)
[2021.12.15-23.17.14:800][289]LogModuleManager: Shutting down and abandoning module MovieScene (496)
[2021.12.15-23.17.14:800][289]LogModuleManager: Shutting down and abandoning module StreamingPauseRendering (494)
[2021.12.15-23.17.14:800][289]LogModuleManager: Shutting down and abandoning module PortalServices (492)
[2021.12.15-23.17.14:800][289]LogModuleManager: Shutting down and abandoning module PortalRpc (490)
[2021.12.15-23.17.14:800][289]LogModuleManager: Shutting down and abandoning module MessagingRpc (488)
[2021.12.15-23.17.14:800][289]LogModuleManager: Shutting down and abandoning module AudioMixerXAudio2 (486)
[2021.12.15-23.17.14:800][289]LogModuleManager: Shutting down and abandoning module AudioMixerCore (485)
[2021.12.15-23.17.14:800][289]LogModuleManager: Shutting down and abandoning module ImageWriteQueue (482)
[2021.12.15-23.17.14:800][289]LogModuleManager: Shutting down and abandoning module ProfilerService (480)
[2021.12.15-23.17.14:925][289]LogModuleManager: Shutting down and abandoning module TaskGraph (478)
[2021.12.15-23.17.14:925][289]LogModuleManager: Shutting down and abandoning module OculusInput (476)
[2021.12.15-23.17.14:925][289]LogModuleManager: Shutting down and abandoning module TakeMovieScene (474)
[2021.12.15-23.17.14:925][289]LogModuleManager: Shutting down and abandoning module Synthesis (472)
[2021.12.15-23.17.14:925][289]LogModuleManager: Shutting down and abandoning module ProceduralMeshComponent (470)
[2021.12.15-23.17.14:925][289]LogModuleManager: Shutting down and abandoning module MobilePatchingUtils (468)
[2021.12.15-23.17.14:925][289]LogModuleManager: Shutting down and abandoning module WeatherSystem (466)
[2021.12.15-23.17.14:925][289]LogModuleManager: Shutting down and abandoning module GooglePAD (464)
[2021.12.15-23.17.14:925][289]LogModuleManager: Shutting down and abandoning module EditableMesh (462)
[2021.12.15-23.17.14:926][289]LogModuleManager: Shutting down and abandoning module CustomMeshComponent (460)
[2021.12.15-23.17.14:926][289]LogModuleManager: Shutting down and abandoning module CableComponent (458)
[2021.12.15-23.17.14:926][289]LogModuleManager: Shutting down and abandoning module AudioCapture (456)
[2021.12.15-23.17.14:926][289]LogModuleManager: Shutting down and abandoning module AudioCaptureRtAudio (455)
[2021.12.15-23.17.14:926][289]LogModuleManager: Shutting down and abandoning module ArchVisCharacter (452)
[2021.12.15-23.17.14:926][289]LogModuleManager: Shutting down and abandoning module AssetTags (450)
[2021.12.15-23.17.14:926][289]LogModuleManager: Shutting down and abandoning module AppleImageUtilsBlueprintSupport (448)
[2021.12.15-23.17.14:926][289]LogModuleManager: Shutting down and abandoning module AppleImageUtils (446)
[2021.12.15-23.17.14:926][289]LogModuleManager: Shutting down and abandoning module AndroidPermission (444)
[2021.12.15-23.17.14:926][289]LogModuleManager: Shutting down and abandoning module ActorLayerUtilities (442)
[2021.12.15-23.17.14:926][289]LogModuleManager: Shutting down and abandoning module TemplateSequence (440)
[2021.12.15-23.17.14:927][289]LogModuleManager: Shutting down and abandoning module MediaCompositing (438)
[2021.12.15-23.17.14:927][289]LogModuleManager: Shutting down and abandoning module ImgMedia (436)
[2021.12.15-23.17.14:927][289]LogModuleManager: Shutting down and abandoning module MagicLeapSharedWorld (434)
[2021.12.15-23.17.14:927][289]LogModuleManager: Shutting down and abandoning module MagicLeapLightEstimation (432)
[2021.12.15-23.17.14:927][289]LogModuleManager: Shutting down and abandoning module MagicLeapHelperVulkan (430)
[2021.12.15-23.17.14:927][289]LogModuleManager: Shutting down and abandoning module MagicLeapHelperOpenGL (428)
[2021.12.15-23.17.14:927][289]LogModuleManager: Shutting down and abandoning module MagicLeapAudio (426)
[2021.12.15-23.17.14:927][289]LogModuleManager: Shutting down and abandoning module OpenImageDenoise (424)
[2021.12.15-23.17.14:927][289]LogOpenImageDenoise: OIDN shutting down
[2021.12.15-23.17.14:927][289]LogModuleManager: Shutting down and abandoning module MotoSynth (422)
[2021.12.15-23.17.14:927][289]LogModuleManager: Shutting down and abandoning module MeshConversion (420)
[2021.12.15-23.17.14:927][289]LogModuleManager: Shutting down and abandoning module DynamicMesh (418)
[2021.12.15-23.17.14:927][289]LogModuleManager: Shutting down and abandoning module GeometryAlgorithms (416)
[2021.12.15-23.17.14:927][289]LogModuleManager: Shutting down and abandoning module GeometricObjects (414)
[2021.12.15-23.17.14:927][289]LogModuleManager: Shutting down and abandoning module GeometryCollectionTracks (412)
[2021.12.15-23.17.14:927][289]LogModuleManager: Shutting down and abandoning module GeometryCollectionSequencer (411)
[2021.12.15-23.17.14:927][289]LogModuleManager: Shutting down and abandoning module GeometryCacheTracks (408)
[2021.12.15-23.17.14:927][289]LogModuleManager: Shutting down and abandoning module GeometryCacheSequencer (407)
[2021.12.15-23.17.14:927][289]LogModuleManager: Shutting down and abandoning module GeometryCache (404)
[2021.12.15-23.17.14:927][289]LogModuleManager: Shutting down and abandoning module GeometryCacheEd (403)
[2021.12.15-23.17.14:927][289]LogModuleManager: Shutting down and abandoning module ChaosNiagara (400)
[2021.12.15-23.17.14:929][289]LogModuleManager: Shutting down and abandoning module FieldSystemEngine (399)
[2021.12.15-23.17.14:929][289]LogModuleManager: Shutting down and abandoning module BackChannel (396)
[2021.12.15-23.17.14:929][289]LogModuleManager: Shutting down and abandoning module AutomationUtils (394)
[2021.12.15-23.17.14:929][289]LogModuleManager: Shutting down and abandoning module VisualStudioCodeSourceCodeAccess (392)
[2021.12.15-23.17.14:930][289]LogModuleManager: Shutting down and abandoning module VisualStudioSourceCodeAccess (390)
[2021.12.15-23.17.14:930][289]LogModuleManager: Shutting down and abandoning module HotReload (389)
[2021.12.15-23.17.14:930][289]LogModuleManager: Shutting down and abandoning module UObjectPlugin (386)
[2021.12.15-23.17.14:930][289]LogModuleManager: Shutting down and abandoning module SubversionSourceControl (384)
[2021.12.15-23.17.14:930][289]LogModuleManager: Shutting down and abandoning module CLionSourceCodeAccess (382)
[2021.12.15-23.17.14:930][289]LogModuleManager: Shutting down and abandoning module PerforceSourceControl (380)
[2021.12.15-23.17.14:930][289]LogModuleManager: Shutting down and abandoning module SourceControl (379)
[2021.12.15-23.17.14:931][289]LogModuleManager: Shutting down and abandoning module OodleNetworkHandlerComponent (376)
[2021.12.15-23.17.14:931][289]LogModuleManager: Shutting down and abandoning module LiveLinkSequencer (374)
[2021.12.15-23.17.14:931][289]LogModuleManager: Shutting down and abandoning module LiveLinkMovieScene (372)
[2021.12.15-23.17.14:931][289]LogModuleManager: Shutting down and abandoning module LiveLinkGraphNode (370)
[2021.12.15-23.17.14:931][289]LogModuleManager: Shutting down and abandoning module LiveLinkComponents (368)
[2021.12.15-23.17.14:931][289]LogModuleManager: Shutting down and abandoning module LiveLink (366)
[2021.12.15-23.17.15:444][289]LogModuleManager: Shutting down and abandoning module SoundFields (364)
[2021.12.15-23.17.15:444][289]LogModuleManager: Shutting down and abandoning module RuntimePhysXCooking (362)
[2021.12.15-23.17.15:444][289]LogModuleManager: Shutting down and abandoning module SignificanceManager (360)
[2021.12.15-23.17.15:444][289]LogModuleManager: Shutting down and abandoning module PropertyAccessEditor (358)
[2021.12.15-23.17.15:444][289]LogModuleManager: Shutting down and abandoning module PhysXVehiclesEditor (356)
[2021.12.15-23.17.15:444][289]LogModuleManager: Shutting down and abandoning module LocationServicesBPLibrary (352)
[2021.12.15-23.17.15:444][289]LogModuleManager: Shutting down and abandoning module AudioSynesthesia (350)
[2021.12.15-23.17.15:444][289]LogModuleManager: Shutting down and abandoning module AudioSynesthesiaCore (348)
[2021.12.15-23.17.15:444][289]LogModuleManager: Shutting down and abandoning module ActorSequence (346)
[2021.12.15-23.17.15:444][289]LogModuleManager: Shutting down and abandoning module UdpMessaging (344)
[2021.12.15-23.17.15:546][289]LogModuleManager: Shutting down and abandoning module TcpMessaging (342)
[2021.12.15-23.17.15:646][289]LogModuleManager: Shutting down and abandoning module NiagaraAnimNotifies (340)
[2021.12.15-23.17.15:646][289]LogModuleManager: Shutting down and abandoning module Niagara (338)
[2021.12.15-23.17.15:646][289]LogModuleManager: Shutting down and abandoning module SignalProcessing (337)
[2021.12.15-23.17.15:646][289]LogModuleManager: Shutting down and abandoning module NiagaraEditor (335)
[2021.12.15-23.17.15:647][289]LogModuleManager: Shutting down and abandoning module ContentBrowser (334)
[2021.12.15-23.17.15:647][289]LogModuleManager: Shutting down and abandoning module CollectionManager (333)
[2021.12.15-23.17.15:647][289]LogModuleManager: Shutting down and abandoning module DirectoryWatcher (332)
[2021.12.15-23.17.15:647][289]LogModuleManager: Shutting down and abandoning module ContentBrowserData (329)
[2021.12.15-23.17.15:647][289]LogModuleManager: Shutting down and abandoning module NiagaraCore (324)
[2021.12.15-23.17.15:647][289]LogModuleManager: Shutting down and abandoning module ImgMediaEngine (322)
[2021.12.15-23.17.15:647][289]LogModuleManager: Shutting down and abandoning module MagicLeapARPin (320)
[2021.12.15-23.17.15:647][289]LogModuleManager: Shutting down and abandoning module MagicLeapHandMeshing (318)
[2021.12.15-23.17.15:647][289]LogModuleManager: Shutting down and abandoning module MagicLeapSecureStorage (316)
[2021.12.15-23.17.15:647][289]LogModuleManager: Shutting down and abandoning module MagicLeapPrivileges (314)
[2021.12.15-23.17.15:647][289]LogModuleManager: Shutting down and abandoning module MagicLeapPlanes (312)
[2021.12.15-23.17.15:647][289]LogMagicLeapPlanes: Planes tracker already destroyed.
[2021.12.15-23.17.15:648][289]LogModuleManager: Shutting down and abandoning module MagicLeapImageTracker (310)
[2021.12.15-23.17.15:648][289]LogModuleManager: Shutting down and abandoning module MagicLeapIdentity (308)
[2021.12.15-23.17.15:648][289]LogModuleManager: Shutting down and abandoning module MagicLeapHandTracking (306)
[2021.12.15-23.17.15:648][289]LogModuleManager: Shutting down and abandoning module MagicLeapEyeTracker (304)
[2021.12.15-23.17.15:648][289]LogModuleManager: Shutting down and abandoning module MagicLeapController (302)
[2021.12.15-23.17.15:648][289]LogModuleManager: Shutting down and abandoning module MagicLeapARPinImpl (300)
[2021.12.15-23.17.15:648][289]LogModuleManager: Shutting down and abandoning module MagicLeapAR (298)
[2021.12.15-23.17.15:648][289]LogModuleManager: Shutting down and abandoning module PythonScriptPlugin (296)
[2021.12.15-23.17.15:648][289]LogModuleManager: Shutting down and abandoning module GameplayTagsEditor (294)
[2021.12.15-23.17.15:648][289]LogModuleManager: Shutting down and abandoning module FacialAnimation (292)
[2021.12.15-23.17.15:648][289]LogModuleManager: Shutting down and abandoning module AssetManagerEditor (290)
[2021.12.15-23.17.15:648][289]LogModuleManager: Shutting down and abandoning module TreeMap (289)
[2021.12.15-23.17.15:648][289]LogModuleManager: Shutting down and abandoning module PropertyAccessNode (286)
[2021.12.15-23.17.15:648][289]LogModuleManager: Shutting down and abandoning module GameplayCameras (284)
[2021.12.15-23.17.15:648][289]LogModuleManager: Shutting down and abandoning module AnimationSharing (282)
[2021.12.15-23.17.15:648][289]LogModuleManager: Shutting down and abandoning module EnvironmentQueryEditor (280)
[2021.12.15-23.17.15:648][289]LogModuleManager: Shutting down and abandoning module LightPropagationVolumeRuntime (278)
[2021.12.15-23.17.15:648][289]LogModuleManager: Shutting down and abandoning module Paper2D (276)
[2021.12.15-23.17.15:648][289]LogModuleManager: Shutting down and abandoning module WindowsMoviePlayer (274)
[2021.12.15-23.17.15:650][289]LogModuleManager: Shutting down and abandoning module WebMMoviePlayer (272)
[2021.12.15-23.17.15:650][289]LogModuleManager: Shutting down and abandoning module NetworkReplayStreaming (270)
[2021.12.15-23.17.15:650][289]LogModuleManager: Shutting down and abandoning module PacketHandler (268)
[2021.12.15-23.17.15:650][289]LogModuleManager: Shutting down and abandoning module ClothingSystemEditor (266)
[2021.12.15-23.17.15:650][289]LogModuleManager: Shutting down and abandoning module ClothingSystemRuntimeNv (264)
[2021.12.15-23.17.15:650][289]LogModuleManager: Shutting down and abandoning module MediaAssets (262)
[2021.12.15-23.17.15:651][289]LogModuleManager: Shutting down and abandoning module Overlay (260)
[2021.12.15-23.17.15:651][289]LogModuleManager: Shutting down and abandoning module OverlayEditor (259)
[2021.12.15-23.17.15:651][289]LogModuleManager: Shutting down and abandoning module VREditor (256)
[2021.12.15-23.17.15:651][289]LogModuleManager: Shutting down and abandoning module StringTableEditor (254)
[2021.12.15-23.17.15:651][289]LogModuleManager: Shutting down and abandoning module GameplayTasksEditor (252)
[2021.12.15-23.17.15:651][289]LogModuleManager: Shutting down and abandoning module BehaviorTreeEditor (250)
[2021.12.15-23.17.15:651][289]LogModuleManager: Shutting down and abandoning module FunctionalTesting (248)
[2021.12.15-23.17.15:651][289]LogModuleManager: Shutting down and abandoning module CollisionAnalyzer (246)
[2021.12.15-23.17.15:651][289]LogModuleManager: Shutting down and abandoning module WorkspaceMenuStructure (245)
[2021.12.15-23.17.15:651][289]LogModuleManager: Shutting down and abandoning module UMG (242)
[2021.12.15-23.17.15:651][289]LogModuleManager: Shutting down and abandoning module UMGEditor (241)
[2021.12.15-23.17.15:651][289]LogModuleManager: Shutting down and abandoning module Sequencer (240)
[2021.12.15-23.17.15:651][289]LogModuleManager: Shutting down and abandoning module MessageLog (237)
[2021.12.15-23.17.15:651][289]LogModuleManager: Shutting down and abandoning module SlateReflector (232)
[2021.12.15-23.17.15:651][289]LogModuleManager: Shutting down and abandoning module Slate (230)
[2021.12.15-23.17.15:651][289]LogModuleManager: Shutting down and abandoning module SlateCore (228)
[2021.12.15-23.17.15:652][289]LogModuleManager: Shutting down and abandoning module LandscapeEditorUtilities (226)
[2021.12.15-23.17.15:653][289]LogModuleManager: Shutting down and abandoning module UnrealEd (224)
[2021.12.15-23.17.15:653][289]LogModuleManager: Shutting down and abandoning module MRMesh (222)
[2021.12.15-23.17.15:653][289]LogModuleManager: Shutting down and abandoning module Messaging (220)
[2021.12.15-23.17.15:653][289]LogModuleManager: Shutting down and abandoning module SourceCodeAccess (218)
[2021.12.15-23.17.15:653][289]LogModuleManager: Shutting down and abandoning module HeadMountedDisplay (216)
[2021.12.15-23.17.15:653][289]LogModuleManager: Shutting down and abandoning module XAudio2 (214)
[2021.12.15-23.17.15:653][289]LogModuleManager: Shutting down and abandoning module Networking (212)
[2021.12.15-23.17.15:653][289]LogModuleManager: Shutting down and abandoning module Core (210)
[2021.12.15-23.17.15:653][289]LogModuleManager: Shutting down and abandoning module MaterialEditor (208)
[2021.12.15-23.17.15:653][289]LogModuleManager: Shutting down and abandoning module MovieSceneTools (206)
[2021.12.15-23.17.15:653][289]LogModuleManager: Shutting down and abandoning module EditorStyle (205)
[2021.12.15-23.17.15:654][289]LogModuleManager: Shutting down and abandoning module KismetCompiler (202)
[2021.12.15-23.17.15:654][289]LogModuleManager: Shutting down and abandoning module MeshBuilder (200)
[2021.12.15-23.17.15:654][289]LogModuleManager: Shutting down and abandoning module MeshUtilities (198)
[2021.12.15-23.17.15:654][289]LogModuleManager: Shutting down and abandoning module MeshMergeUtilities (197)
[2021.12.15-23.17.15:655][289]LogModuleManager: Shutting down and abandoning module MeshReductionInterface (196)
[2021.12.15-23.17.15:655][289]LogModuleManager: Shutting down and abandoning module MeshBoneReduction (195)
[2021.12.15-23.17.15:655][289]LogModuleManager: Shutting down and abandoning module SkeletalMeshReduction (193)
[2021.12.15-23.17.15:655][289]LogModuleManager: Shutting down and abandoning module ProxyLODMeshReduction (191)
[2021.12.15-23.17.15:655][289]LogModuleManager: Shutting down and abandoning module QuadricMeshReduction (189)
[2021.12.15-23.17.15:655][289]LogModuleManager: Shutting down and abandoning module MaterialBaking (185)
[2021.12.15-23.17.15:655][289]LogModuleManager: Shutting down and abandoning module NullInstallBundleManager (180)
[2021.12.15-23.17.15:655][289]LogModuleManager: Shutting down and abandoning module PIEPreviewDeviceProfileSelector (178)
[2021.12.15-23.17.15:655][289]LogModuleManager: Shutting down and abandoning module DerivedDataCache (176)
[2021.12.15-23.17.15:655][289]LogModuleManager: Shutting down and abandoning module TargetPlatform (174)
[2021.12.15-23.17.15:655][289]LogModuleManager: Shutting down and abandoning module VulkanShaderFormat (173)
[2021.12.15-23.17.15:655][289]LogModuleManager: Shutting down and abandoning module ShaderFormatVectorVM (171)
[2021.12.15-23.17.15:655][289]LogModuleManager: Shutting down and abandoning module ShaderFormatOpenGL (169)
[2021.12.15-23.17.15:655][289]LogModuleManager: Shutting down and abandoning module ShaderFormatD3D (167)
[2021.12.15-23.17.15:655][289]LogModuleManager: Shutting down and abandoning module MetalShaderFormat (165)
[2021.12.15-23.17.15:655][289]LogModuleManager: Shutting down and abandoning module TextureFormatOodle (163)
[2021.12.15-23.17.15:655][289]LogModuleManager: Shutting down and abandoning module TextureFormatUncompressed (161)
[2021.12.15-23.17.15:655][289]LogModuleManager: Shutting down and abandoning module TextureFormatPVR (159)
[2021.12.15-23.17.15:655][289]LogModuleManager: Shutting down and abandoning module TextureFormatETC2 (157)
[2021.12.15-23.17.15:655][289]LogModuleManager: Shutting down and abandoning module TextureFormatDXT (155)
[2021.12.15-23.17.15:655][289]LogModuleManager: Shutting down and abandoning module TextureFormatIntelISPCTexComp (153)
[2021.12.15-23.17.15:655][289]LogModuleManager: Shutting down and abandoning module TextureFormatASTC (151)
[2021.12.15-23.17.15:655][289]LogModuleManager: Shutting down and abandoning module ImageWrapper (150)
[2021.12.15-23.17.15:655][289]LogModuleManager: Shutting down and abandoning module AudioFormatOpus (147)
[2021.12.15-23.17.15:655][289]LogModuleManager: Shutting down and abandoning module AudioFormatOgg (145)
[2021.12.15-23.17.15:655][289]LogModuleManager: Shutting down and abandoning module AudioFormatADPCM (143)
[2021.12.15-23.17.15:656][289]LogModuleManager: Shutting down and abandoning module WindowsServerTargetPlatform (141)
[2021.12.15-23.17.15:656][289]LogModuleManager: Shutting down and abandoning module WindowsClientTargetPlatform (139)
[2021.12.15-23.17.15:656][289]LogModuleManager: Shutting down and abandoning module WindowsTargetPlatform (137)
[2021.12.15-23.17.15:656][289]LogModuleManager: Shutting down and abandoning module WindowsNoEditorTargetPlatform (135)
[2021.12.15-23.17.15:656][289]LogModuleManager: Shutting down and abandoning module D3D11RHI (132)
[2021.12.15-23.17.15:656][289]LogModuleManager: Shutting down and abandoning module InputCore (130)
[2021.12.15-23.17.15:656][289]LogModuleManager: Shutting down and abandoning module Settings (128)
[2021.12.15-23.17.15:656][289]LogModuleManager: Shutting down and abandoning module PhysXCooking (126)
[2021.12.15-23.17.15:656][289]LogModuleManager: Shutting down and abandoning module Chaos (124)
[2021.12.15-23.17.15:656][289]LogModuleManager: Shutting down and abandoning module WindowsPlatformFeatures (122)
[2021.12.15-23.17.15:656][289]LogModuleManager: Shutting down and abandoning module GameplayMediaEncoder (121)
[2021.12.15-23.17.15:656][289]LogModuleManager: Shutting down and abandoning module AVEncoder (120)
[2021.12.15-23.17.15:656][289]LogModuleManager: Shutting down and abandoning module SteamVRInputDevice (116)
[2021.12.15-23.17.15:656][289]LogModuleManager: Shutting down and abandoning module SteamVRInput (114)
[2021.12.15-23.17.15:656][289]LogModuleManager: Shutting down and abandoning module SteamVR (112)
[2021.12.15-23.17.15:656][289]LogHMD: Freeing OpenVRDLLHandle.
[2021.12.15-23.17.15:656][289]LogModuleManager: Shutting down and abandoning module OculusHMD (110)
[2021.12.15-23.17.15:656][289]LogModuleManager: Shutting down and abandoning module OpenXRHandTracking (108)
[2021.12.15-23.17.15:656][289]LogSlate: Slate User Destroyed.  User Index 0, Is Virtual User: 0
[2021.12.15-23.17.15:656][289]LogModuleManager: Shutting down and abandoning module OpenXREyeTracker (106)
[2021.12.15-23.17.15:656][289]LogModuleManager: Shutting down and abandoning module OpenXRAR (104)
[2021.12.15-23.17.15:656][289]LogModuleManager: Shutting down and abandoning module AugmentedReality (103)
[2021.12.15-23.17.15:656][289]LogModuleManager: Shutting down and abandoning module OpenXRHMD (100)
[2021.12.15-23.17.15:656][289]LogModuleManager: Shutting down and abandoning module ExampleDeviceProfileSelector (98)
[2021.12.15-23.17.15:656][289]LogModuleManager: Shutting down and abandoning module ChunkDownloader (96)
[2021.12.15-23.17.15:656][289]LogModuleManager: Shutting down and abandoning module LauncherChunkInstaller (94)
[2021.12.15-23.17.15:657][289]LogModuleManager: Shutting down and abandoning module OnlineBlueprintSupport (92)
[2021.12.15-23.17.15:657][289]LogModuleManager: Shutting down and abandoning module OnlineSubsystem (88)
[2021.12.15-23.17.15:658][289]LogModuleManager: Shutting down and abandoning module XMPP (83)
[2021.12.15-23.17.15:658][289]LogModuleManager: Shutting down and abandoning module WebSockets (82)
[2021.12.15-23.17.15:677][289]LogModuleManager: Shutting down and abandoning module HTTP (79)
[2021.12.15-23.17.15:677][289]LogHttp: Display: cleaning up 0 outstanding Http requests.
[2021.12.15-23.17.15:682][289]LogModuleManager: Shutting down and abandoning module SSL (78)
[2021.12.15-23.17.15:685][289]LogModuleManager: Shutting down and abandoning module WmfMedia (74)
[2021.12.15-23.17.15:687][289]LogModuleManager: Shutting down and abandoning module Media (73)
[2021.12.15-23.17.15:688][289]LogModuleManager: Shutting down and abandoning module MediaInfo (72)
[2021.12.15-23.17.15:688][289]LogModuleManager: Shutting down and abandoning module NiagaraVertexFactories (68)
[2021.12.15-23.17.15:688][289]LogModuleManager: Shutting down and abandoning module NiagaraShader (66)
[2021.12.15-23.17.15:688][289]LogModuleManager: Shutting down and abandoning module ExrReaderGpu (64)
[2021.12.15-23.17.15:688][289]LogModuleManager: Shutting down and abandoning module VariantManagerContent (62)
[2021.12.15-23.17.15:688][289]LogModuleManager: Shutting down and abandoning module MLSDK (60)
[2021.12.15-23.17.15:688][289]LogModuleManager: Shutting down and abandoning module DatasmithContent (58)
[2021.12.15-23.17.15:689][289]LogModuleManager: Shutting down and abandoning module MagicLeap (56)
[2021.12.15-23.17.15:689][289]LogModuleManager: Shutting down and abandoning module ChaosCloth (54)
[2021.12.15-23.17.15:689][289]LogModuleManager: Shutting down and abandoning module PixWinPlugin (52)
[2021.12.15-23.17.15:689][289]LogModuleManager: Shutting down and abandoning module AISupportModule (50)
[2021.12.15-23.17.15:689][289]LogModuleManager: Shutting down and abandoning module DesktopPlatform (48)
[2021.12.15-23.17.15:689][289]LogModuleManager: Shutting down and abandoning module PythonScriptPluginPreload (46)
[2021.12.15-23.17.15:689][289]LogModuleManager: Shutting down and abandoning module PlatformCryptoOpenSSL (44)
[2021.12.15-23.17.15:690][289]LogModuleManager: Shutting down and abandoning module PlatformCryptoTypes (42)
[2021.12.15-23.17.15:690][289]LogModuleManager: Shutting down and abandoning module PlatformCrypto (40)
[2021.12.15-23.17.15:690][289]LogModuleManager: Shutting down and abandoning module OodleDataCompressionFormat (38)
[2021.12.15-23.17.15:690][289]LogModuleManager: Shutting down and abandoning module XGEController (36)
[2021.12.15-23.17.15:690][289]LogModuleManager: Shutting down and abandoning module AnimationModifiers (34)
[2021.12.15-23.17.15:690][289]LogModuleManager: Shutting down and abandoning module AudioEditor (32)
[2021.12.15-23.17.15:690][289]LogModuleManager: Shutting down and abandoning module PropertyEditor (31)
[2021.12.15-23.17.15:690][289]LogModuleManager: Shutting down and abandoning module TextureCompressor (28)
[2021.12.15-23.17.15:690][289]LogModuleManager: Shutting down and abandoning module RenderCore (26)
[2021.12.15-23.17.15:690][289]LogModuleManager: Shutting down and abandoning module Landscape (24)
[2021.12.15-23.17.15:690][289]LogModuleManager: Shutting down and abandoning module SlateRHIRenderer (22)
[2021.12.15-23.17.15:690][289]LogModuleManager: Shutting down and abandoning module AnimGraphRuntime (20)
[2021.12.15-23.17.15:690][289]LogModuleManager: Shutting down and abandoning module Renderer (18)
[2021.12.15-23.17.15:690][289]LogModuleManager: Shutting down and abandoning module Engine (16)
[2021.12.15-23.17.15:690][289]LogModuleManager: Shutting down and abandoning module CoreUObject (14)
[2021.12.15-23.17.15:690][289]LogModuleManager: Shutting down and abandoning module NetworkFile (12)
[2021.12.15-23.17.15:690][289]LogModuleManager: Shutting down and abandoning module CookedIterativeFile (10)
[2021.12.15-23.17.15:690][289]LogModuleManager: Shutting down and abandoning module StreamingFile (8)
[2021.12.15-23.17.15:691][289]LogModuleManager: Shutting down and abandoning module SandboxFile (6)
[2021.12.15-23.17.15:691][289]LogModuleManager: Shutting down and abandoning module PakFile (4)
[2021.12.15-23.17.15:691][289]LogModuleManager: Shutting down and abandoning module RSA (3)
[2021.12.15-23.17.16:086][289]LogContentStreaming: Display: There are 1 unreleased StreamingManagers
[2021.12.15-23.17.16:106][289]LogD3D11RHI: Shutdown
[2021.12.15-23.17.16:106][289]LogD3D11RHI: CleanupD3DDevice
[2021.12.15-23.17.16:107][289]LogExit: Exiting.
[2021.12.15-23.17.16:150][289]Log file closed, 12/15/21 18:17:16
