Log file open, 12/11/21 17:25:33
LogWindows: Failed to load 'aqProf.dll' (GetLastError=126)
LogWindows: File 'aqProf.dll' does not exist
LogWindows: Failed to load 'VtuneApi.dll' (GetLastError=126)
LogWindows: File 'VtuneApi.dll' does not exist
LogWindows: Failed to load 'VtuneApi32e.dll' (GetLastError=126)
LogWindows: File 'VtuneApi32e.dll' does not exist
LogConsoleResponse: Display: Failed to find resolution value strings in scalability ini. Falling back to default.
LogConsoleResponse: Display: Failed to find resolution value strings in scalability ini. Falling back to default.
LogInit: Display: Running engine for game: group_project
LogPlatformFile: Not using cached read wrapper
LogTaskGraph: Started task graph with 5 named threads and 47 total threads with 3 sets of task threads.
LogStats: Stats thread started at 0.196572
LogICUInternationalization: ICU TimeZone Detection - Raw Offset: -5:00, Platform Override: ''
LogInit: Display: Loading text-based GConfig....
LogPluginManager: Mounting plugin MeshPainting
LogPluginManager: Mounting plugin XGEController
LogPluginManager: Mounting plugin Paper2D
LogPluginManager: Mounting plugin LiveLink
LogPluginManager: Mounting plugin EnvironmentQueryEditor
LogPluginManager: Mounting plugin AISupport
LogPluginManager: Mounting plugin OodleData
LogPluginManager: Mounting plugin LightPropagationVolume
LogPluginManager: Mounting plugin GameplayCameras
LogPluginManager: Mounting plugin OodleNetwork
LogPluginManager: Mounting plugin AnimationSharing
LogPluginManager: Mounting plugin CLionSourceCodeAccess
LogPluginManager: Mounting plugin CameraShakePreviewer
LogPluginManager: Mounting plugin KDevelopSourceCodeAccess
LogPluginManager: Mounting plugin GitSourceControl
LogPluginManager: Mounting plugin NullSourceCodeAccess
LogPluginManager: Mounting plugin PixWinPlugin
LogPluginManager: Mounting plugin PerforceSourceControl
LogPluginManager: Mounting plugin PluginUtils
LogPluginManager: Mounting plugin PropertyAccessNode
LogPluginManager: Mounting plugin PlasticSourceControl
LogPluginManager: Mounting plugin CodeLiteSourceCodeAccess
LogPluginManager: Mounting plugin RiderSourceCodeAccess
LogPluginManager: Mounting plugin SubversionSourceControl
LogPluginManager: Mounting plugin UObjectPlugin
LogPluginManager: Mounting plugin VisualStudioCodeSourceCodeAccess
LogPluginManager: Mounting plugin BackChannel
LogPluginManager: Mounting plugin ChaosCloth
LogPluginManager: Mounting plugin AutomationUtils
LogPluginManager: Mounting plugin TextureFormatOodle
LogPluginManager: Mounting plugin ChaosNiagara
LogPluginManager: Mounting plugin AlembicImporter
LogPluginManager: Mounting plugin ChaosEditor
LogPluginManager: Mounting plugin ChaosSolverPlugin
LogPluginManager: Mounting plugin CharacterAI
LogPluginManager: Mounting plugin XCodeSourceCodeAccess
LogPluginManager: Mounting plugin VisualStudioSourceCodeAccess
LogPluginManager: Mounting plugin GeometryCache
LogPluginManager: Mounting plugin GeometryCollectionPlugin
LogPluginManager: Mounting plugin GeometryProcessing
LogPluginManager: Mounting plugin AssetManagerEditor
LogPluginManager: Mounting plugin ChaosClothEditor
LogPluginManager: Mounting plugin LuminPlatformFeatures
LogPluginManager: Mounting plugin Niagara
LogPluginManager: Mounting plugin DatasmithContent
LogPluginManager: Mounting plugin MagicLeap
LogPluginManager: Mounting plugin LauncherChunkInstaller
LogPluginManager: Mounting plugin CryptoKeys
LogPluginManager: Mounting plugin DataValidation
LogPluginManager: Mounting plugin CurveEditorTools
LogPluginManager: Mounting plugin MotoSynth
LogPluginManager: Mounting plugin OpenImageDenoise
LogPluginManager: Mounting plugin MagicLeapLightEstimation
LogPluginManager: Mounting plugin PlanarCut
LogPluginManager: Mounting plugin PlatformCrypto
LogPluginManager: Mounting plugin ProxyLODPlugin
LogPluginManager: Mounting plugin MagicLeapMedia
LogPluginManager: Mounting plugin MagicLeapPassableWorld
LogPluginManager: Mounting plugin MLSDK
LogPluginManager: Mounting plugin PythonScriptPlugin
LogPluginManager: Mounting plugin FacialAnimation
LogPluginManager: Mounting plugin SkeletalReduction
LogPluginManager: Mounting plugin GameplayTagsEditor
LogPluginManager: Mounting plugin GeometryMode
LogPluginManager: Mounting plugin MaterialAnalyzer
LogPluginManager: Mounting plugin MobileLauncherProfileWizard
LogPluginManager: Mounting plugin PluginBrowser
LogPluginManager: Mounting plugin VariantManagerContent
LogPluginManager: Mounting plugin SpeedTreeImporter
LogPluginManager: Mounting plugin AndroidMedia
LogPluginManager: Mounting plugin MacGraphicsSwitching
LogPluginManager: Mounting plugin ActorSequence
LogPluginManager: Mounting plugin OnlineSubsystem
LogPluginManager: Mounting plugin LevelSequenceEditor
LogPluginManager: Mounting plugin MatineeToLevelSequence
LogPluginManager: Mounting plugin OnlineSubsystemNull
LogPluginManager: Mounting plugin OnlineSubsystemUtils
LogPluginManager: Mounting plugin AvfMedia
LogPluginManager: Mounting plugin ImgMedia
LogPluginManager: Mounting plugin MediaCompositing
LogPluginManager: Mounting plugin TemplateSequence
LogPluginManager: Mounting plugin MediaPlayerEditor
LogPluginManager: Mounting plugin WebMMedia
LogPluginManager: Mounting plugin ActorLayerUtilities
LogPluginManager: Mounting plugin TcpMessaging
LogPluginManager: Mounting plugin WmfMedia
LogPluginManager: Mounting plugin UdpMessaging
LogPluginManager: Mounting plugin AndroidDeviceProfileSelector
LogPluginManager: Mounting plugin AndroidMoviePlayer
LogPluginManager: Mounting plugin AndroidPermission
LogPluginManager: Mounting plugin AppleImageUtils
LogPluginManager: Mounting plugin ArchVisCharacter
LogPluginManager: Mounting plugin AppleMoviePlayer
LogPluginManager: Mounting plugin AssetTags
LogPluginManager: Mounting plugin AudioCapture
LogPluginManager: Mounting plugin AudioSynesthesia
LogPluginManager: Mounting plugin ChunkDownloader
LogPluginManager: Mounting plugin CableComponent
LogPluginManager: Mounting plugin CustomMeshComponent
LogPluginManager: Mounting plugin ScreenshotTools
LogPluginManager: Mounting plugin EditableMesh
LogPluginManager: Mounting plugin ExampleDeviceProfileSelector
LogPluginManager: Mounting plugin GoogleCloudMessaging
LogPluginManager: Mounting plugin GooglePAD
LogPluginManager: Mounting plugin Takes
LogPluginManager: Mounting plugin IOSDeviceProfileSelector
LogPluginManager: Mounting plugin LinuxDeviceProfileSelector
LogPluginManager: Mounting plugin LocationServicesBPLibrary
LogPluginManager: Mounting plugin MobilePatchingUtils
LogPluginManager: Mounting plugin OpenXREyeTracker
LogPluginManager: Mounting plugin OpenXR
LogPluginManager: Mounting plugin OpenXRHandTracking
LogPluginManager: Mounting plugin PhysXVehicles
LogPluginManager: Mounting plugin PostSplashScreen
LogPluginManager: Mounting plugin PropertyAccessEditor
LogPluginManager: Mounting plugin ProceduralMeshComponent
LogPluginManager: Mounting plugin RuntimePhysXCooking
LogPluginManager: Mounting plugin SignificanceManager
LogPluginManager: Mounting plugin SoundFields
LogPluginManager: Mounting plugin Synthesis
LogPluginManager: Mounting plugin WebMMoviePlayer
LogPluginManager: Mounting plugin WindowsMoviePlayer
LogPluginManager: Mounting plugin ContentBrowserAssetDataSource
LogPluginManager: Mounting plugin ContentBrowserFileDataSource
LogPluginManager: Mounting plugin ContentBrowserClassDataSource
LogPluginManager: Mounting plugin OnlineSubsystemGooglePlay
LogPluginManager: Mounting plugin OnlineSubsystemIOS
LogPluginManager: Mounting plugin OculusVR
LogPluginManager: Mounting plugin SteamVR
PixWinPlugin: PIX capture plugin failed to initialize! Check that the process is launched from PIX.
LogInit: Using libcurl 7.55.1-DEV
LogInit:  - built for x86_64-pc-win32
LogInit:  - supports SSL with OpenSSL/1.1.1
LogInit:  - supports HTTP deflate (compression) using libz 1.2.8
LogInit:  - other features:
LogInit:      CURL_VERSION_SSL
LogInit:      CURL_VERSION_LIBZ
LogInit:      CURL_VERSION_IPV6
LogInit:      CURL_VERSION_ASYNCHDNS
LogInit:      CURL_VERSION_LARGEFILE
LogInit:      CURL_VERSION_IDN
LogInit:  CurlRequestOptions (configurable via config and command line):
LogInit:  - bVerifyPeer = true  - Libcurl will verify peer certificate
LogInit:  - bUseHttpProxy = false  - Libcurl will NOT use HTTP proxy
LogInit:  - bDontReuseConnections = false  - Libcurl will reuse connections
LogInit:  - MaxHostConnections = 16  - Libcurl will limit the number of connections to a host
LogInit:  - LocalHostAddr = Default
LogInit:  - BufferSize = 65536
LogOnline: OSS: Creating online subsystem instance for: NULL
LogInit: WinSock: version 1.1 (2.2), MaxSocks=32767, MaxUdp=65467
LogOnline: OSS: TryLoadSubsystemAndSetDefault: Loaded subsystem for module [NULL]
LogOculusPluginWrapper: OculusPlugin initialized successfully
LogHMD: Failed initializing OVRPlugin 1.59.0
LogInit: Build: ++UE4+Release-4.27-CL-17735300
LogInit: Engine Version: 4.27.1-17735300+++UE4+Release-4.27
LogInit: Compatible Engine Version: 4.27.0-17155196+++UE4+Release-4.27
LogInit: Net CL: 17155196
LogInit: OS: Windows 10 (Release 2009) (), CPU: AMD Ryzen 7 5800X 8-Core Processor             , GPU: NVIDIA GeForce RTX 3080
LogInit: Compiled (64-bit): Oct  6 2021 14:42:51
LogInit: Compiled with Visual C++: 19.24.28315.00
LogInit: Build Configuration: Development
LogInit: Branch Name: ++UE4+Release-4.27
LogInit: Command Line:  -EpicPortal -epicusername=lpx123 -epicuserid=ff800abd0e0941d297b753fbb69cc90b -epiclocale=zh-Hans -epicsandboxid=ue
LogInit: Base Directory: D:/UE_4.27/Engine/Binaries/Win64/
LogInit: Allocator: TBB
LogInit: Installed Engine Build: 1
LogDevObjectVersion: Number of dev versions registered: 29
LogDevObjectVersion:   Dev-Blueprints (B0D832E4-1F89-4F0D-ACCF-7EB736FD4AA2): 10
LogDevObjectVersion:   Dev-Build (E1C64328-A22C-4D53-A36C-8E866417BD8C): 0
LogDevObjectVersion:   Dev-Core (375EC13C-06E4-48FB-B500-84F0262A717E): 4
LogDevObjectVersion:   Dev-Editor (E4B068ED-F494-42E9-A231-DA0B2E46BB41): 40
LogDevObjectVersion:   Dev-Framework (CFFC743F-43B0-4480-9391-14DF171D2073): 37
LogDevObjectVersion:   Dev-Mobile (B02B49B5-BB20-44E9-A304-32B752E40360): 3
LogDevObjectVersion:   Dev-Networking (A4E4105C-59A1-49B5-A7C5-40C4547EDFEE): 0
LogDevObjectVersion:   Dev-Online (39C831C9-5AE6-47DC-9A44-9C173E1C8E7C): 0
LogDevObjectVersion:   Dev-Physics (78F01B33-EBEA-4F98-B9B4-84EACCB95AA2): 14
LogDevObjectVersion:   Dev-Platform (6631380F-2D4D-43E0-8009-CF276956A95A): 0
LogDevObjectVersion:   Dev-Rendering (12F88B9F-8875-4AFC-A67C-D90C383ABD29): 45
LogDevObjectVersion:   Dev-Sequencer (7B5AE74C-D270-4C10-A958-57980B212A5A): 13
LogDevObjectVersion:   Dev-VR (D7296918-1DD6-4BDD-9DE2-64A83CC13884): 3
LogDevObjectVersion:   Dev-LoadTimes (C2A15278-BFE7-4AFE-6C17-90FF531DF755): 1
LogDevObjectVersion:   Private-Geometry (6EACA3D4-40EC-4CC1-B786-8BED09428FC5): 3
LogDevObjectVersion:   Dev-AnimPhys (29E575DD-E0A3-4627-9D10-D276232CDCEA): 17
LogDevObjectVersion:   Dev-Anim (AF43A65D-7FD3-4947-9873-3E8ED9C1BB05): 15
LogDevObjectVersion:   Dev-ReflectionCapture (6B266CEC-1EC7-4B8F-A30B-E4D90942FC07): 1
LogDevObjectVersion:   Dev-Automation (0DF73D61-A23F-47EA-B727-89E90C41499A): 1
LogDevObjectVersion:   FortniteMain (601D1886-AC64-4F84-AA16-D3DE0DEAC7D6): 47
LogDevObjectVersion:   FortniteRelease (E7086368-6B23-4C58-8439-1B7016265E91): 1
LogDevObjectVersion:   Dev-Enterprise (9DFFBCD6-494F-0158-E221-12823C92A888): 10
LogDevObjectVersion:   Dev-Niagara (F2AED0AC-9AFE-416F-8664-AA7FFA26D6FC): 1
LogDevObjectVersion:   Dev-Destruction (174F1F0B-B4C6-45A5-B13F-2EE8D0FB917D): 10
LogDevObjectVersion:   Dev-Physics-Ext (35F94A83-E258-406C-A318-09F59610247C): 41
LogDevObjectVersion:   Dev-PhysicsMaterial-Chaos (B68FC16E-8B1B-42E2-B453-215C058844FE): 1
LogDevObjectVersion:   Dev-CineCamera (B2E18506-4273-CFC2-A54E-F4BB758BBA07): 1
LogDevObjectVersion:   Dev-VirtualProduction (64F58936-FD1B-42BA-BA96-7289D5D0FA4E): 1
LogDevObjectVersion:   Dev-MediaFramework (6F0ED827-A609-4895-9C91-998D90180EA4): 2
LogInit: Presizing for max 25165824 objects, including 0 objects not considered by GC, pre-allocating 0 bytes for permanent pool.
LogConfig: Applying CVar settings from Section [/Script/Engine.StreamingSettings] File [E:/github unreal project/group-project/group_project/Saved/Config/Windows/Engine.ini]
LogConfig: Setting CVar [[s.MinBulkDataSizeForAsyncLoading:131072]]
LogConfig: Setting CVar [[s.AsyncLoadingThreadEnabled:0]]
LogConfig: Setting CVar [[s.EventDrivenLoaderEnabled:1]]
LogConfig: Setting CVar [[s.WarnIfTimeLimitExceeded:0]]
LogConfig: Setting CVar [[s.TimeLimitExceededMultiplier:1.5]]
LogConfig: Setting CVar [[s.TimeLimitExceededMinTime:0.005]]
LogConfig: Setting CVar [[s.UseBackgroundLevelStreaming:1]]
LogConfig: Setting CVar [[s.PriorityAsyncLoadingExtraTime:15.0]]
LogConfig: Setting CVar [[s.LevelStreamingActorsUpdateTimeLimit:5.0]]
LogConfig: Setting CVar [[s.PriorityLevelStreamingActorsUpdateExtraTime:5.0]]
LogConfig: Setting CVar [[s.LevelStreamingComponentsRegistrationGranularity:10]]
LogConfig: Setting CVar [[s.UnregisterComponentsTimeLimit:1.0]]
LogConfig: Setting CVar [[s.LevelStreamingComponentsUnregistrationGranularity:5]]
LogConfig: Setting CVar [[s.FlushStreamingOnExit:1]]
LogInit: Object subsystem initialized
LogConfig: Setting CVar [[con.DebugEarlyDefault:1]]
LogConfig: Setting CVar [[r.setres:1280x720]]
[2021.12.11-22.25.34:403][  0]LogConfig: Setting CVar [[r.VSync:0]]
[2021.12.11-22.25.34:403][  0]LogConfig: Setting CVar [[r.RHICmdBypass:0]]
[2021.12.11-22.25.34:403][  0]LogConfig: Applying CVar settings from Section [/Script/Engine.RendererSettings] File [E:/github unreal project/group-project/group_project/Saved/Config/Windows/Engine.ini]
[2021.12.11-22.25.34:403][  0]LogConfig: Setting CVar [[r.GPUCrashDebugging:0]]
[2021.12.11-22.25.34:403][  0]LogConfig: Applying CVar settings from Section [/Script/Engine.RendererOverrideSettings] File [E:/github unreal project/group-project/group_project/Saved/Config/Windows/Engine.ini]
[2021.12.11-22.25.34:403][  0]LogConfig: Applying CVar settings from Section [/Script/Engine.StreamingSettings] File [E:/github unreal project/group-project/group_project/Saved/Config/Windows/Engine.ini]
[2021.12.11-22.25.34:403][  0]LogConfig: Setting CVar [[s.MinBulkDataSizeForAsyncLoading:131072]]
[2021.12.11-22.25.34:403][  0]LogConfig: Setting CVar [[s.AsyncLoadingThreadEnabled:0]]
[2021.12.11-22.25.34:403][  0]LogConfig: Setting CVar [[s.EventDrivenLoaderEnabled:1]]
[2021.12.11-22.25.34:403][  0]LogConfig: Setting CVar [[s.WarnIfTimeLimitExceeded:0]]
[2021.12.11-22.25.34:403][  0]LogConfig: Setting CVar [[s.TimeLimitExceededMultiplier:1.5]]
[2021.12.11-22.25.34:403][  0]LogConfig: Setting CVar [[s.TimeLimitExceededMinTime:0.005]]
[2021.12.11-22.25.34:403][  0]LogConfig: Setting CVar [[s.UseBackgroundLevelStreaming:1]]
[2021.12.11-22.25.34:403][  0]LogConfig: Setting CVar [[s.PriorityAsyncLoadingExtraTime:15.0]]
[2021.12.11-22.25.34:403][  0]LogConfig: Setting CVar [[s.LevelStreamingActorsUpdateTimeLimit:5.0]]
[2021.12.11-22.25.34:403][  0]LogConfig: Setting CVar [[s.PriorityLevelStreamingActorsUpdateExtraTime:5.0]]
[2021.12.11-22.25.34:403][  0]LogConfig: Setting CVar [[s.LevelStreamingComponentsRegistrationGranularity:10]]
[2021.12.11-22.25.34:403][  0]LogConfig: Setting CVar [[s.UnregisterComponentsTimeLimit:1.0]]
[2021.12.11-22.25.34:403][  0]LogConfig: Setting CVar [[s.LevelStreamingComponentsUnregistrationGranularity:5]]
[2021.12.11-22.25.34:403][  0]LogConfig: Setting CVar [[s.FlushStreamingOnExit:1]]
[2021.12.11-22.25.34:403][  0]LogConfig: Applying CVar settings from Section [/Script/Engine.GarbageCollectionSettings] File [E:/github unreal project/group-project/group_project/Saved/Config/Windows/Engine.ini]
[2021.12.11-22.25.34:403][  0]LogConfig: Setting CVar [[gc.MaxObjectsNotConsideredByGC:1]]
[2021.12.11-22.25.34:403][  0]LogConfig: Setting CVar [[gc.SizeOfPermanentObjectPool:0]]
[2021.12.11-22.25.34:403][  0]LogConfig: Setting CVar [[gc.FlushStreamingOnGC:0]]
[2021.12.11-22.25.34:403][  0]LogConfig: Setting CVar [[gc.NumRetriesBeforeForcingGC:10]]
[2021.12.11-22.25.34:403][  0]LogConfig: Setting CVar [[gc.AllowParallelGC:1]]
[2021.12.11-22.25.34:403][  0]LogConfig: Setting CVar [[gc.TimeBetweenPurgingPendingKillObjects:61.1]]
[2021.12.11-22.25.34:403][  0]LogConfig: Setting CVar [[gc.MaxObjectsInEditor:25165824]]
[2021.12.11-22.25.34:403][  0]LogConfig: Setting CVar [[gc.IncrementalBeginDestroyEnabled:1]]
[2021.12.11-22.25.34:403][  0]LogConfig: Setting CVar [[gc.CreateGCClusters:1]]
[2021.12.11-22.25.34:403][  0]LogConfig: Setting CVar [[gc.MinGCClusterSize:5]]
[2021.12.11-22.25.34:403][  0]LogConfig: Setting CVar [[gc.ActorClusteringEnabled:0]]
[2021.12.11-22.25.34:403][  0]LogConfig: Setting CVar [[gc.BlueprintClusteringEnabled:0]]
[2021.12.11-22.25.34:403][  0]LogConfig: Setting CVar [[gc.UseDisregardForGCOnDedicatedServers:0]]
[2021.12.11-22.25.34:403][  0]LogConfig: Setting CVar [[gc.MultithreadedDestructionEnabled:1]]
[2021.12.11-22.25.34:403][  0]LogConfig: Applying CVar settings from Section [/Script/Engine.NetworkSettings] File [E:/github unreal project/group-project/group_project/Saved/Config/Windows/Engine.ini]
[2021.12.11-22.25.34:403][  0]LogConfig: Applying CVar settings from Section [/Script/UnrealEd.CookerSettings] File [E:/github unreal project/group-project/group_project/Saved/Config/Windows/Engine.ini]
[2021.12.11-22.25.34:438][  0]LogConfig: Applying CVar settings from Section [ViewDistanceQuality@3] File [E:/github unreal project/group-project/group_project/Saved/Config/Windows/Scalability.ini]
[2021.12.11-22.25.34:438][  0]LogConfig: Setting CVar [[r.SkeletalMeshLODBias:0]]
[2021.12.11-22.25.34:438][  0]LogConfig: Setting CVar [[r.ViewDistanceScale:1.0]]
[2021.12.11-22.25.34:438][  0]LogConfig: Applying CVar settings from Section [AntiAliasingQuality@3] File [E:/github unreal project/group-project/group_project/Saved/Config/Windows/Scalability.ini]
[2021.12.11-22.25.34:438][  0]LogConfig: Setting CVar [[r.PostProcessAAQuality:4]]
[2021.12.11-22.25.34:438][  0]LogConfig: Applying CVar settings from Section [ShadowQuality@3] File [E:/github unreal project/group-project/group_project/Saved/Config/Windows/Scalability.ini]
[2021.12.11-22.25.34:438][  0]LogConfig: Setting CVar [[r.LightFunctionQuality:1]]
[2021.12.11-22.25.34:438][  0]LogConfig: Setting CVar [[r.ShadowQuality:5]]
[2021.12.11-22.25.34:438][  0]LogConfig: Setting CVar [[r.Shadow.CSM.MaxCascades:10]]
[2021.12.11-22.25.34:438][  0]LogConfig: Setting CVar [[r.Shadow.MaxResolution:2048]]
[2021.12.11-22.25.34:438][  0]LogConfig: Setting CVar [[r.Shadow.MaxCSMResolution:2048]]
[2021.12.11-22.25.34:438][  0]LogConfig: Setting CVar [[r.Shadow.RadiusThreshold:0.01]]
[2021.12.11-22.25.34:438][  0]LogConfig: Setting CVar [[r.Shadow.DistanceScale:1.0]]
[2021.12.11-22.25.34:438][  0]LogConfig: Setting CVar [[r.Shadow.CSM.TransitionScale:1.0]]
[2021.12.11-22.25.34:438][  0]LogConfig: Setting CVar [[r.Shadow.PreShadowResolutionFactor:1.0]]
[2021.12.11-22.25.34:438][  0]LogConfig: Setting CVar [[r.DistanceFieldShadowing:1]]
[2021.12.11-22.25.34:438][  0]LogConfig: Setting CVar [[r.DistanceFieldAO:1]]
[2021.12.11-22.25.34:438][  0]LogConfig: Setting CVar [[r.AOQuality:2]]
[2021.12.11-22.25.34:438][  0]LogConfig: Setting CVar [[r.VolumetricFog:1]]
[2021.12.11-22.25.34:438][  0]LogConfig: Setting CVar [[r.VolumetricFog.GridPixelSize:8]]
[2021.12.11-22.25.34:438][  0]LogConfig: Setting CVar [[r.VolumetricFog.GridSizeZ:128]]
[2021.12.11-22.25.34:438][  0]LogConfig: Setting CVar [[r.VolumetricFog.HistoryMissSupersampleCount:4]]
[2021.12.11-22.25.34:438][  0]LogConfig: Setting CVar [[r.LightMaxDrawDistanceScale:1]]
[2021.12.11-22.25.34:438][  0]LogConfig: Setting CVar [[r.CapsuleShadows:1]]
[2021.12.11-22.25.34:438][  0]LogConfig: Applying CVar settings from Section [PostProcessQuality@3] File [E:/github unreal project/group-project/group_project/Saved/Config/Windows/Scalability.ini]
[2021.12.11-22.25.34:438][  0]LogConfig: Setting CVar [[r.MotionBlurQuality:4]]
[2021.12.11-22.25.34:438][  0]LogConfig: Setting CVar [[r.AmbientOcclusionMipLevelFactor:0.4]]
[2021.12.11-22.25.34:438][  0]LogConfig: Setting CVar [[r.AmbientOcclusionMaxQuality:100]]
[2021.12.11-22.25.34:438][  0]LogConfig: Setting CVar [[r.AmbientOcclusionLevels:-1]]
[2021.12.11-22.25.34:438][  0]LogConfig: Setting CVar [[r.AmbientOcclusionRadiusScale:1.0]]
[2021.12.11-22.25.34:438][  0]LogConfig: Setting CVar [[r.DepthOfFieldQuality:2]]
[2021.12.11-22.25.34:438][  0]LogConfig: Setting CVar [[r.RenderTargetPoolMin:400]]
[2021.12.11-22.25.34:438][  0]LogConfig: Setting CVar [[r.LensFlareQuality:2]]
[2021.12.11-22.25.34:438][  0]LogConfig: Setting CVar [[r.SceneColorFringeQuality:1]]
[2021.12.11-22.25.34:438][  0]LogConfig: Setting CVar [[r.EyeAdaptationQuality:2]]
[2021.12.11-22.25.34:438][  0]LogConfig: Setting CVar [[r.BloomQuality:5]]
[2021.12.11-22.25.34:438][  0]LogConfig: Setting CVar [[r.FastBlurThreshold:100]]
[2021.12.11-22.25.34:438][  0]LogConfig: Setting CVar [[r.Upscale.Quality:3]]
[2021.12.11-22.25.34:438][  0]LogConfig: Setting CVar [[r.Tonemapper.GrainQuantization:1]]
[2021.12.11-22.25.34:438][  0]LogConfig: Setting CVar [[r.LightShaftQuality:1]]
[2021.12.11-22.25.34:438][  0]LogConfig: Setting CVar [[r.Filter.SizeScale:1]]
[2021.12.11-22.25.34:438][  0]LogConfig: Setting CVar [[r.Tonemapper.Quality:5]]
[2021.12.11-22.25.34:438][  0]LogConfig: Setting CVar [[r.DOF.Gather.AccumulatorQuality:1        ; higher gathering accumulator quality]]
[2021.12.11-22.25.34:438][  0]LogConfig: Setting CVar [[r.DOF.Gather.PostfilterMethod:1          ; Median3x3 postfilering method]]
[2021.12.11-22.25.34:438][  0]LogConfig: Setting CVar [[r.DOF.Gather.EnableBokehSettings:0       ; no bokeh simulation when gathering]]
[2021.12.11-22.25.34:438][  0]LogConfig: Setting CVar [[r.DOF.Gather.RingCount:4                 ; medium number of samples when gathering]]
[2021.12.11-22.25.34:438][  0]LogConfig: Setting CVar [[r.DOF.Scatter.ForegroundCompositing:1    ; additive foreground scattering]]
[2021.12.11-22.25.34:438][  0]LogConfig: Setting CVar [[r.DOF.Scatter.BackgroundCompositing:2    ; additive background scattering]]
[2021.12.11-22.25.34:438][  0]LogConfig: Setting CVar [[r.DOF.Scatter.EnableBokehSettings:1      ; bokeh simulation when scattering]]
[2021.12.11-22.25.34:438][  0]LogConfig: Setting CVar [[r.DOF.Scatter.MaxSpriteRatio:0.1         ; only a maximum of 10% of scattered bokeh]]
[2021.12.11-22.25.34:438][  0]LogConfig: Setting CVar [[r.DOF.Recombine.Quality:1                ; cheap slight out of focus]]
[2021.12.11-22.25.34:438][  0]LogConfig: Setting CVar [[r.DOF.Recombine.EnableBokehSettings:0    ; no bokeh simulation on slight out of focus]]
[2021.12.11-22.25.34:438][  0]LogConfig: Setting CVar [[r.DOF.TemporalAAQuality:1                ; more stable temporal accumulation]]
[2021.12.11-22.25.34:438][  0]LogConfig: Setting CVar [[r.DOF.Kernel.MaxForegroundRadius:0.025]]
[2021.12.11-22.25.34:438][  0]LogConfig: Setting CVar [[r.DOF.Kernel.MaxBackgroundRadius:0.025]]
[2021.12.11-22.25.34:438][  0]LogConfig: Applying CVar settings from Section [TextureQuality@3] File [E:/github unreal project/group-project/group_project/Saved/Config/Windows/Scalability.ini]
[2021.12.11-22.25.34:438][  0]LogConfig: Setting CVar [[r.Streaming.MipBias:0]]
[2021.12.11-22.25.34:438][  0]LogConfig: Setting CVar [[r.Streaming.AmortizeCPUToGPUCopy:0]]
[2021.12.11-22.25.34:438][  0]LogConfig: Setting CVar [[r.Streaming.MaxNumTexturesToStreamPerFrame:0]]
[2021.12.11-22.25.34:438][  0]LogConfig: Setting CVar [[r.Streaming.Boost:1]]
[2021.12.11-22.25.34:439][  0]LogConfig: Setting CVar [[r.MaxAnisotropy:8]]
[2021.12.11-22.25.34:439][  0]LogConfig: Setting CVar [[r.VT.MaxAnisotropy:8]]
[2021.12.11-22.25.34:439][  0]LogConfig: Setting CVar [[r.Streaming.LimitPoolSizeToVRAM:0]]
[2021.12.11-22.25.34:439][  0]LogConfig: Setting CVar [[r.Streaming.PoolSize:1000]]
[2021.12.11-22.25.34:439][  0]LogConfig: Setting CVar [[r.Streaming.MaxEffectiveScreenSize:0]]
[2021.12.11-22.25.34:439][  0]LogConfig: Applying CVar settings from Section [EffectsQuality@3] File [E:/github unreal project/group-project/group_project/Saved/Config/Windows/Scalability.ini]
[2021.12.11-22.25.34:439][  0]LogConfig: Setting CVar [[r.TranslucencyLightingVolumeDim:64]]
[2021.12.11-22.25.34:439][  0]LogConfig: Setting CVar [[r.RefractionQuality:2]]
[2021.12.11-22.25.34:439][  0]LogConfig: Setting CVar [[r.SSR.Quality:3]]
[2021.12.11-22.25.34:439][  0]LogConfig: Setting CVar [[r.SSR.HalfResSceneColor:0]]
[2021.12.11-22.25.34:439][  0]LogConfig: Setting CVar [[r.SceneColorFormat:4]]
[2021.12.11-22.25.34:439][  0]LogConfig: Setting CVar [[r.DetailMode:2]]
[2021.12.11-22.25.34:439][  0]LogConfig: Setting CVar [[r.TranslucencyVolumeBlur:1]]
[2021.12.11-22.25.34:439][  0]LogConfig: Setting CVar [[r.MaterialQualityLevel:1 ; High quality]]
[2021.12.11-22.25.34:439][  0]LogConfig: Setting CVar [[r.AnisotropicMaterials:1]]
[2021.12.11-22.25.34:439][  0]LogConfig: Setting CVar [[r.SSS.Scale:1]]
[2021.12.11-22.25.34:439][  0]LogConfig: Setting CVar [[r.SSS.SampleSet:2]]
[2021.12.11-22.25.34:439][  0]LogConfig: Setting CVar [[r.SSS.Quality:1]]
[2021.12.11-22.25.34:439][  0]LogConfig: Setting CVar [[r.SSS.HalfRes:0]]
[2021.12.11-22.25.34:439][  0]LogConfig: Setting CVar [[r.SSGI.Quality:3]]
[2021.12.11-22.25.34:439][  0]LogConfig: Setting CVar [[r.EmitterSpawnRateScale:1.0]]
[2021.12.11-22.25.34:439][  0]LogConfig: Setting CVar [[r.ParticleLightQuality:2]]
[2021.12.11-22.25.34:439][  0]LogConfig: Setting CVar [[r.SkyAtmosphere.AerialPerspectiveLUT.FastApplyOnOpaque:1 ; Always have FastSkyLUT 1 in this case to avoid wrong sky]]
[2021.12.11-22.25.34:439][  0]LogConfig: Setting CVar [[r.SkyAtmosphere.AerialPerspectiveLUT.SampleCountMaxPerSlice:4]]
[2021.12.11-22.25.34:439][  0]LogConfig: Setting CVar [[r.SkyAtmosphere.AerialPerspectiveLUT.DepthResolution:16.0]]
[2021.12.11-22.25.34:439][  0]LogConfig: Setting CVar [[r.SkyAtmosphere.FastSkyLUT:1]]
[2021.12.11-22.25.34:439][  0]LogConfig: Setting CVar [[r.SkyAtmosphere.FastSkyLUT.SampleCountMin:4.0]]
[2021.12.11-22.25.34:439][  0]LogConfig: Setting CVar [[r.SkyAtmosphere.FastSkyLUT.SampleCountMax:128.0]]
[2021.12.11-22.25.34:439][  0]LogConfig: Setting CVar [[r.SkyAtmosphere.SampleCountMin:4.0]]
[2021.12.11-22.25.34:439][  0]LogConfig: Setting CVar [[r.SkyAtmosphere.SampleCountMax:128.0]]
[2021.12.11-22.25.34:439][  0]LogConfig: Setting CVar [[r.SkyAtmosphere.TransmittanceLUT.UseSmallFormat:0]]
[2021.12.11-22.25.34:439][  0]LogConfig: Setting CVar [[r.SkyAtmosphere.TransmittanceLUT.SampleCount:10.0]]
[2021.12.11-22.25.34:439][  0]LogConfig: Setting CVar [[r.SkyAtmosphere.MultiScatteringLUT.SampleCount:15.0]]
[2021.12.11-22.25.34:439][  0]LogConfig: Setting CVar [[r.SkyLight.RealTimeReflectionCapture:1]]
[2021.12.11-22.25.34:439][  0]LogConfig: Applying CVar settings from Section [FoliageQuality@3] File [E:/github unreal project/group-project/group_project/Saved/Config/Windows/Scalability.ini]
[2021.12.11-22.25.34:439][  0]LogConfig: Setting CVar [[foliage.DensityScale:1.0]]
[2021.12.11-22.25.34:439][  0]LogConfig: Setting CVar [[grass.DensityScale:1.0]]
[2021.12.11-22.25.34:439][  0]LogConfig: Applying CVar settings from Section [ShadingQuality@3] File [E:/github unreal project/group-project/group_project/Saved/Config/Windows/Scalability.ini]
[2021.12.11-22.25.34:439][  0]LogConfig: Setting CVar [[r.HairStrands.SkyLighting.IntegrationType:2]]
[2021.12.11-22.25.34:439][  0]LogConfig: Setting CVar [[r.HairStrands.SkyAO.SampleCount:4]]
[2021.12.11-22.25.34:439][  0]LogConfig: Setting CVar [[r.HairStrands.Visibility.MSAA.SamplePerPixel:4]]
[2021.12.11-22.25.34:439][  0]LogInit: Selected Device Profile: [Windows]
[2021.12.11-22.25.34:439][  0]LogInit: Applying CVar settings loaded from the selected device profile: [Windows]
[2021.12.11-22.25.34:439][  0]LogHAL: Display: Platform has ~ 32 GB [34282385408 / 34359738368 / 32], which maps to Largest [LargestMinGB=32, LargerMinGB=12, DefaultMinGB=8, SmallerMinGB=6, SmallestMinGB=0)
[2021.12.11-22.25.34:439][  0]LogInit: Going up to parent DeviceProfile []
[2021.12.11-22.25.34:439][  0]LogConfig: Applying CVar settings from Section [ViewDistanceQuality@3] File [E:/github unreal project/group-project/group_project/Saved/Config/Windows/Scalability.ini]
[2021.12.11-22.25.34:439][  0]LogConfig: Setting CVar [[r.SkeletalMeshLODBias:0]]
[2021.12.11-22.25.34:439][  0]LogConfig: Setting CVar [[r.ViewDistanceScale:1.0]]
[2021.12.11-22.25.34:439][  0]LogConfig: Applying CVar settings from Section [AntiAliasingQuality@3] File [E:/github unreal project/group-project/group_project/Saved/Config/Windows/Scalability.ini]
[2021.12.11-22.25.34:439][  0]LogConfig: Setting CVar [[r.PostProcessAAQuality:4]]
[2021.12.11-22.25.34:439][  0]LogConfig: Applying CVar settings from Section [ShadowQuality@3] File [E:/github unreal project/group-project/group_project/Saved/Config/Windows/Scalability.ini]
[2021.12.11-22.25.34:439][  0]LogConfig: Setting CVar [[r.LightFunctionQuality:1]]
[2021.12.11-22.25.34:439][  0]LogConfig: Setting CVar [[r.ShadowQuality:5]]
[2021.12.11-22.25.34:439][  0]LogConfig: Setting CVar [[r.Shadow.CSM.MaxCascades:10]]
[2021.12.11-22.25.34:439][  0]LogConfig: Setting CVar [[r.Shadow.MaxResolution:2048]]
[2021.12.11-22.25.34:439][  0]LogConfig: Setting CVar [[r.Shadow.MaxCSMResolution:2048]]
[2021.12.11-22.25.34:439][  0]LogConfig: Setting CVar [[r.Shadow.RadiusThreshold:0.01]]
[2021.12.11-22.25.34:439][  0]LogConfig: Setting CVar [[r.Shadow.DistanceScale:1.0]]
[2021.12.11-22.25.34:439][  0]LogConfig: Setting CVar [[r.Shadow.CSM.TransitionScale:1.0]]
[2021.12.11-22.25.34:439][  0]LogConfig: Setting CVar [[r.Shadow.PreShadowResolutionFactor:1.0]]
[2021.12.11-22.25.34:439][  0]LogConfig: Setting CVar [[r.DistanceFieldShadowing:1]]
[2021.12.11-22.25.34:439][  0]LogConfig: Setting CVar [[r.DistanceFieldAO:1]]
[2021.12.11-22.25.34:439][  0]LogConfig: Setting CVar [[r.AOQuality:2]]
[2021.12.11-22.25.34:439][  0]LogConfig: Setting CVar [[r.VolumetricFog:1]]
[2021.12.11-22.25.34:439][  0]LogConfig: Setting CVar [[r.VolumetricFog.GridPixelSize:8]]
[2021.12.11-22.25.34:439][  0]LogConfig: Setting CVar [[r.VolumetricFog.GridSizeZ:128]]
[2021.12.11-22.25.34:439][  0]LogConfig: Setting CVar [[r.VolumetricFog.HistoryMissSupersampleCount:4]]
[2021.12.11-22.25.34:439][  0]LogConfig: Setting CVar [[r.LightMaxDrawDistanceScale:1]]
[2021.12.11-22.25.34:439][  0]LogConfig: Setting CVar [[r.CapsuleShadows:1]]
[2021.12.11-22.25.34:439][  0]LogConfig: Applying CVar settings from Section [PostProcessQuality@3] File [E:/github unreal project/group-project/group_project/Saved/Config/Windows/Scalability.ini]
[2021.12.11-22.25.34:439][  0]LogConfig: Setting CVar [[r.MotionBlurQuality:4]]
[2021.12.11-22.25.34:439][  0]LogConfig: Setting CVar [[r.AmbientOcclusionMipLevelFactor:0.4]]
[2021.12.11-22.25.34:439][  0]LogConfig: Setting CVar [[r.AmbientOcclusionMaxQuality:100]]
[2021.12.11-22.25.34:439][  0]LogConfig: Setting CVar [[r.AmbientOcclusionLevels:-1]]
[2021.12.11-22.25.34:439][  0]LogConfig: Setting CVar [[r.AmbientOcclusionRadiusScale:1.0]]
[2021.12.11-22.25.34:439][  0]LogConfig: Setting CVar [[r.DepthOfFieldQuality:2]]
[2021.12.11-22.25.34:439][  0]LogConfig: Setting CVar [[r.RenderTargetPoolMin:400]]
[2021.12.11-22.25.34:439][  0]LogConfig: Setting CVar [[r.LensFlareQuality:2]]
[2021.12.11-22.25.34:439][  0]LogConfig: Setting CVar [[r.SceneColorFringeQuality:1]]
[2021.12.11-22.25.34:439][  0]LogConfig: Setting CVar [[r.EyeAdaptationQuality:2]]
[2021.12.11-22.25.34:439][  0]LogConfig: Setting CVar [[r.BloomQuality:5]]
[2021.12.11-22.25.34:439][  0]LogConfig: Setting CVar [[r.FastBlurThreshold:100]]
[2021.12.11-22.25.34:439][  0]LogConfig: Setting CVar [[r.Upscale.Quality:3]]
[2021.12.11-22.25.34:439][  0]LogConfig: Setting CVar [[r.Tonemapper.GrainQuantization:1]]
[2021.12.11-22.25.34:439][  0]LogConfig: Setting CVar [[r.LightShaftQuality:1]]
[2021.12.11-22.25.34:439][  0]LogConfig: Setting CVar [[r.Filter.SizeScale:1]]
[2021.12.11-22.25.34:439][  0]LogConfig: Setting CVar [[r.Tonemapper.Quality:5]]
[2021.12.11-22.25.34:439][  0]LogConfig: Setting CVar [[r.DOF.Gather.AccumulatorQuality:1        ; higher gathering accumulator quality]]
[2021.12.11-22.25.34:439][  0]LogConfig: Setting CVar [[r.DOF.Gather.PostfilterMethod:1          ; Median3x3 postfilering method]]
[2021.12.11-22.25.34:439][  0]LogConfig: Setting CVar [[r.DOF.Gather.EnableBokehSettings:0       ; no bokeh simulation when gathering]]
[2021.12.11-22.25.34:439][  0]LogConfig: Setting CVar [[r.DOF.Gather.RingCount:4                 ; medium number of samples when gathering]]
[2021.12.11-22.25.34:439][  0]LogConfig: Setting CVar [[r.DOF.Scatter.ForegroundCompositing:1    ; additive foreground scattering]]
[2021.12.11-22.25.34:439][  0]LogConfig: Setting CVar [[r.DOF.Scatter.BackgroundCompositing:2    ; additive background scattering]]
[2021.12.11-22.25.34:439][  0]LogConfig: Setting CVar [[r.DOF.Scatter.EnableBokehSettings:1      ; bokeh simulation when scattering]]
[2021.12.11-22.25.34:439][  0]LogConfig: Setting CVar [[r.DOF.Scatter.MaxSpriteRatio:0.1         ; only a maximum of 10% of scattered bokeh]]
[2021.12.11-22.25.34:439][  0]LogConfig: Setting CVar [[r.DOF.Recombine.Quality:1                ; cheap slight out of focus]]
[2021.12.11-22.25.34:439][  0]LogConfig: Setting CVar [[r.DOF.Recombine.EnableBokehSettings:0    ; no bokeh simulation on slight out of focus]]
[2021.12.11-22.25.34:439][  0]LogConfig: Setting CVar [[r.DOF.TemporalAAQuality:1                ; more stable temporal accumulation]]
[2021.12.11-22.25.34:439][  0]LogConfig: Setting CVar [[r.DOF.Kernel.MaxForegroundRadius:0.025]]
[2021.12.11-22.25.34:439][  0]LogConfig: Setting CVar [[r.DOF.Kernel.MaxBackgroundRadius:0.025]]
[2021.12.11-22.25.34:439][  0]LogConfig: Applying CVar settings from Section [TextureQuality@3] File [E:/github unreal project/group-project/group_project/Saved/Config/Windows/Scalability.ini]
[2021.12.11-22.25.34:439][  0]LogConfig: Setting CVar [[r.Streaming.MipBias:0]]
[2021.12.11-22.25.34:439][  0]LogConfig: Setting CVar [[r.Streaming.AmortizeCPUToGPUCopy:0]]
[2021.12.11-22.25.34:439][  0]LogConfig: Setting CVar [[r.Streaming.MaxNumTexturesToStreamPerFrame:0]]
[2021.12.11-22.25.34:439][  0]LogConfig: Setting CVar [[r.Streaming.Boost:1]]
[2021.12.11-22.25.34:439][  0]LogConfig: Setting CVar [[r.MaxAnisotropy:8]]
[2021.12.11-22.25.34:439][  0]LogConfig: Setting CVar [[r.VT.MaxAnisotropy:8]]
[2021.12.11-22.25.34:439][  0]LogConfig: Setting CVar [[r.Streaming.LimitPoolSizeToVRAM:0]]
[2021.12.11-22.25.34:439][  0]LogConfig: Setting CVar [[r.Streaming.PoolSize:1000]]
[2021.12.11-22.25.34:439][  0]LogConfig: Setting CVar [[r.Streaming.MaxEffectiveScreenSize:0]]
[2021.12.11-22.25.34:439][  0]LogConfig: Applying CVar settings from Section [EffectsQuality@3] File [E:/github unreal project/group-project/group_project/Saved/Config/Windows/Scalability.ini]
[2021.12.11-22.25.34:439][  0]LogConfig: Setting CVar [[r.TranslucencyLightingVolumeDim:64]]
[2021.12.11-22.25.34:439][  0]LogConfig: Setting CVar [[r.RefractionQuality:2]]
[2021.12.11-22.25.34:439][  0]LogConfig: Setting CVar [[r.SSR.Quality:3]]
[2021.12.11-22.25.34:439][  0]LogConfig: Setting CVar [[r.SSR.HalfResSceneColor:0]]
[2021.12.11-22.25.34:440][  0]LogConfig: Setting CVar [[r.SceneColorFormat:4]]
[2021.12.11-22.25.34:440][  0]LogConfig: Setting CVar [[r.DetailMode:2]]
[2021.12.11-22.25.34:440][  0]LogConfig: Setting CVar [[r.TranslucencyVolumeBlur:1]]
[2021.12.11-22.25.34:440][  0]LogConfig: Setting CVar [[r.MaterialQualityLevel:1 ; High quality]]
[2021.12.11-22.25.34:440][  0]LogConfig: Setting CVar [[r.AnisotropicMaterials:1]]
[2021.12.11-22.25.34:440][  0]LogConfig: Setting CVar [[r.SSS.Scale:1]]
[2021.12.11-22.25.34:440][  0]LogConfig: Setting CVar [[r.SSS.SampleSet:2]]
[2021.12.11-22.25.34:440][  0]LogConfig: Setting CVar [[r.SSS.Quality:1]]
[2021.12.11-22.25.34:440][  0]LogConfig: Setting CVar [[r.SSS.HalfRes:0]]
[2021.12.11-22.25.34:440][  0]LogConfig: Setting CVar [[r.SSGI.Quality:3]]
[2021.12.11-22.25.34:440][  0]LogConfig: Setting CVar [[r.EmitterSpawnRateScale:1.0]]
[2021.12.11-22.25.34:440][  0]LogConfig: Setting CVar [[r.ParticleLightQuality:2]]
[2021.12.11-22.25.34:440][  0]LogConfig: Setting CVar [[r.SkyAtmosphere.AerialPerspectiveLUT.FastApplyOnOpaque:1 ; Always have FastSkyLUT 1 in this case to avoid wrong sky]]
[2021.12.11-22.25.34:440][  0]LogConfig: Setting CVar [[r.SkyAtmosphere.AerialPerspectiveLUT.SampleCountMaxPerSlice:4]]
[2021.12.11-22.25.34:440][  0]LogConfig: Setting CVar [[r.SkyAtmosphere.AerialPerspectiveLUT.DepthResolution:16.0]]
[2021.12.11-22.25.34:440][  0]LogConfig: Setting CVar [[r.SkyAtmosphere.FastSkyLUT:1]]
[2021.12.11-22.25.34:440][  0]LogConfig: Setting CVar [[r.SkyAtmosphere.FastSkyLUT.SampleCountMin:4.0]]
[2021.12.11-22.25.34:440][  0]LogConfig: Setting CVar [[r.SkyAtmosphere.FastSkyLUT.SampleCountMax:128.0]]
[2021.12.11-22.25.34:440][  0]LogConfig: Setting CVar [[r.SkyAtmosphere.SampleCountMin:4.0]]
[2021.12.11-22.25.34:440][  0]LogConfig: Setting CVar [[r.SkyAtmosphere.SampleCountMax:128.0]]
[2021.12.11-22.25.34:440][  0]LogConfig: Setting CVar [[r.SkyAtmosphere.TransmittanceLUT.UseSmallFormat:0]]
[2021.12.11-22.25.34:440][  0]LogConfig: Setting CVar [[r.SkyAtmosphere.TransmittanceLUT.SampleCount:10.0]]
[2021.12.11-22.25.34:440][  0]LogConfig: Setting CVar [[r.SkyAtmosphere.MultiScatteringLUT.SampleCount:15.0]]
[2021.12.11-22.25.34:440][  0]LogConfig: Setting CVar [[r.SkyLight.RealTimeReflectionCapture:1]]
[2021.12.11-22.25.34:440][  0]LogConfig: Applying CVar settings from Section [FoliageQuality@3] File [E:/github unreal project/group-project/group_project/Saved/Config/Windows/Scalability.ini]
[2021.12.11-22.25.34:440][  0]LogConfig: Setting CVar [[foliage.DensityScale:1.0]]
[2021.12.11-22.25.34:440][  0]LogConfig: Setting CVar [[grass.DensityScale:1.0]]
[2021.12.11-22.25.34:440][  0]LogConfig: Applying CVar settings from Section [ShadingQuality@3] File [E:/github unreal project/group-project/group_project/Saved/Config/Windows/Scalability.ini]
[2021.12.11-22.25.34:440][  0]LogConfig: Setting CVar [[r.HairStrands.SkyLighting.IntegrationType:2]]
[2021.12.11-22.25.34:440][  0]LogConfig: Setting CVar [[r.HairStrands.SkyAO.SampleCount:4]]
[2021.12.11-22.25.34:440][  0]LogConfig: Setting CVar [[r.HairStrands.Visibility.MSAA.SamplePerPixel:4]]
[2021.12.11-22.25.34:440][  0]LogConfig: Applying CVar settings from Section [Startup] File [../../../Engine/Config/ConsoleVariables.ini]
[2021.12.11-22.25.34:440][  0]LogConfig: Setting CVar [[net.UseAdaptiveNetUpdateFrequency:0]]
[2021.12.11-22.25.34:440][  0]LogConfig: Setting CVar [[p.chaos.AllowCreatePhysxBodies:1]]
[2021.12.11-22.25.34:440][  0]LogConfig: Setting CVar [[fx.SkipVectorVMBackendOptimizations:1]]
[2021.12.11-22.25.34:440][  0]LogConfig: Applying CVar settings from Section [ConsoleVariables] File [E:/github unreal project/group-project/group_project/Saved/Config/Windows/Engine.ini]
[2021.12.11-22.25.34:440][  0]LogConfig: Applying CVar settings from Section [ConsoleVariables] File [E:/github unreal project/group-project/group_project/Saved/Config/Windows/Editor.ini]
[2021.12.11-22.25.34:440][  0]LogInit: Computer: DESKTOP-A43L7Q2
[2021.12.11-22.25.34:440][  0]LogInit: User: Peixin
[2021.12.11-22.25.34:440][  0]LogInit: CPU Page size=4096, Cores=8
[2021.12.11-22.25.34:440][  0]LogInit: High frequency timer resolution =10.000000 MHz
[2021.12.11-22.25.34:440][  0]LogMemory: Memory total: Physical=31.9GB (32GB approx)
[2021.12.11-22.25.34:440][  0]LogMemory: Platform Memory Stats for Windows
[2021.12.11-22.25.34:440][  0]LogMemory: Process Physical Memory: 151.77 MB used, 151.78 MB peak
[2021.12.11-22.25.34:440][  0]LogMemory: Process Virtual Memory: 133.64 MB used, 133.64 MB peak
[2021.12.11-22.25.34:440][  0]LogMemory: Physical Memory: 9136.22 MB used,  23558.01 MB free, 32694.23 MB total
[2021.12.11-22.25.34:440][  0]LogMemory: Virtual Memory: 134192784.00 MB used,  24940.92 MB free, 134217728.00 MB total
[2021.12.11-22.25.34:445][  0]LogWindows: WindowsPlatformFeatures enabled
[2021.12.11-22.25.34:482][  0]LogInit: Physics initialised using underlying interface: PhysX
[2021.12.11-22.25.34:483][  0]LogInit: Overriding language with editor language configuration option (en).
[2021.12.11-22.25.34:483][  0]LogInit: Using OS detected locale (zh-CN).
[2021.12.11-22.25.34:645][  0]LogInit: Setting process to per monitor DPI aware
[2021.12.11-22.25.34:652][  0]LogWindowsTextInputMethodSystem: Display: IME system deactivated.
[2021.12.11-22.25.34:666][  0]LogSlate: New Slate User Created.  User Index 0, Is Virtual User: 0
[2021.12.11-22.25.34:666][  0]LogSlate: Slate User Registered.  User Index 0, Is Virtual User: 0
[2021.12.11-22.25.34:751][  0]LogD3D11RHI: Loaded GFSDK_Aftermath_Lib.x64.dll
[2021.12.11-22.25.34:791][  0]LogHMD: Failed to initialize OpenVR with code 108
[2021.12.11-22.25.34:791][  0]LogD3D11RHI: D3D11 min allowed feature level: 11_0
[2021.12.11-22.25.34:791][  0]LogD3D11RHI: D3D11 max allowed feature level: 11_0
[2021.12.11-22.25.34:791][  0]LogD3D11RHI: D3D11 adapters:
[2021.12.11-22.25.34:865][  0]LogD3D11RHI:    0. 'NVIDIA GeForce RTX 3080' (Feature Level 11_0)
[2021.12.11-22.25.34:865][  0]LogD3D11RHI:       10078/0/16347 MB DedicatedVideo/DedicatedSystem/SharedSystem, Outputs:1, VendorId:0x10de
[2021.12.11-22.25.34:866][  0]LogD3D11RHI:    1. 'Microsoft Basic Render Driver' (Feature Level 11_0)
[2021.12.11-22.25.34:866][  0]LogD3D11RHI:       0/0/16347 MB DedicatedVideo/DedicatedSystem/SharedSystem, Outputs:0, VendorId:0x1414
[2021.12.11-22.25.34:866][  0]LogD3D11RHI: Chosen D3D11 Adapter:
[2021.12.11-22.25.34:866][  0]LogD3D11RHI:     Description : NVIDIA GeForce RTX 3080
[2021.12.11-22.25.34:866][  0]LogD3D11RHI:     VendorId    : 10de
[2021.12.11-22.25.34:866][  0]LogD3D11RHI:     DeviceId    : 2216
[2021.12.11-22.25.34:866][  0]LogD3D11RHI:     SubSysId    : 403f1458
[2021.12.11-22.25.34:866][  0]LogD3D11RHI:     Revision    : 00a1
[2021.12.11-22.25.34:866][  0]LogD3D11RHI:     DedicatedVideoMemory : 10567548928 bytes
[2021.12.11-22.25.34:866][  0]LogD3D11RHI:     DedicatedSystemMemory : 0 bytes
[2021.12.11-22.25.34:866][  0]LogD3D11RHI:     SharedSystemMemory : 17141192704 bytes
[2021.12.11-22.25.34:866][  0]LogD3D11RHI:     AdapterLuid : 0 57646
[2021.12.11-22.25.34:873][  0]LogD3D11RHI: Creating new Direct3DDevice
[2021.12.11-22.25.34:873][  0]LogD3D11RHI:     GPU DeviceId: 0x2216 (for the marketing name, search the web for "GPU Device Id")
[2021.12.11-22.25.34:873][  0]LogWindows: EnumDisplayDevices:
[2021.12.11-22.25.34:873][  0]LogWindows:    0. 'NVIDIA GeForce RTX 3080' (P:1 D:1)
[2021.12.11-22.25.34:873][  0]LogWindows:    1. 'NVIDIA GeForce RTX 3080' (P:0 D:0)
[2021.12.11-22.25.34:873][  0]LogWindows:    2. 'NVIDIA GeForce RTX 3080' (P:0 D:0)
[2021.12.11-22.25.34:874][  0]LogWindows:    3. 'NVIDIA GeForce RTX 3080' (P:0 D:0)
[2021.12.11-22.25.34:874][  0]LogWindows: DebugString: FoundDriverCount:4 
[2021.12.11-22.25.34:874][  0]LogD3D11RHI:     Adapter Name: NVIDIA GeForce RTX 3080
[2021.12.11-22.25.34:874][  0]LogD3D11RHI:   Driver Version: 497.09 (internal:30.0.14.9709, unified:497.09)
[2021.12.11-22.25.34:874][  0]LogD3D11RHI:      Driver Date: 11-26-2021
[2021.12.11-22.25.34:874][  0]LogRHI: Texture pool is 7054 MB (70% of 10078 MB)
[2021.12.11-22.25.34:874][  0]LogD3D11RHI: Creating D3DDevice using adapter:
[2021.12.11-22.25.34:874][  0]LogD3D11RHI:     Description : NVIDIA GeForce RTX 3080
[2021.12.11-22.25.34:874][  0]LogD3D11RHI:     VendorId    : 10de
[2021.12.11-22.25.34:874][  0]LogD3D11RHI:     DeviceId    : 2216
[2021.12.11-22.25.34:874][  0]LogD3D11RHI:     SubSysId    : 403f1458
[2021.12.11-22.25.34:874][  0]LogD3D11RHI:     Revision    : 00a1
[2021.12.11-22.25.34:874][  0]LogD3D11RHI:     DedicatedVideoMemory : 10567548928 bytes
[2021.12.11-22.25.34:874][  0]LogD3D11RHI:     DedicatedSystemMemory : 0 bytes
[2021.12.11-22.25.34:874][  0]LogD3D11RHI:     SharedSystemMemory : 17141192704 bytes
[2021.12.11-22.25.34:874][  0]LogD3D11RHI:     AdapterLuid : 0 57646
[2021.12.11-22.25.34:917][  0]LogD3D11RHI: RHI has support for 64 bit atomics
[2021.12.11-22.25.34:917][  0]LogD3D11RHI: Async texture creation enabled
[2021.12.11-22.25.34:917][  0]LogD3D11RHI: Array index from any shader is supported
[2021.12.11-22.25.34:918][  0]LogD3D11RHI: HDR output is supported on display 0 (NvId: 0x80061080).
[2021.12.11-22.25.34:933][  0]LogD3D11RHI: GPU Timing Frequency: 1000.000000 (Debug: 2 1)
[2021.12.11-22.25.34:947][  0]LogRHI: GeForceNow SDK initialized: 1
[2021.12.11-22.25.35:186][  0]LogTargetPlatformManager: Display: Loaded TargetPlatform 'AllDesktop'
[2021.12.11-22.25.35:204][  0]LogTargetPlatformManager: Display: Loaded TargetPlatform 'Android'
[2021.12.11-22.25.35:204][  0]LogTargetPlatformManager: Display: Loaded TargetPlatform 'Android_ASTC'
[2021.12.11-22.25.35:204][  0]LogTargetPlatformManager: Display: Loaded TargetPlatform 'Android_DXT'
[2021.12.11-22.25.35:204][  0]LogTargetPlatformManager: Display: Loaded TargetPlatform 'Android_ETC2'
[2021.12.11-22.25.35:204][  0]LogTargetPlatformManager: Display: Loaded TargetPlatform 'AndroidClient'
[2021.12.11-22.25.35:204][  0]LogTargetPlatformManager: Display: Loaded TargetPlatform 'Android_ASTCClient'
[2021.12.11-22.25.35:204][  0]LogTargetPlatformManager: Display: Loaded TargetPlatform 'Android_DXTClient'
[2021.12.11-22.25.35:204][  0]LogTargetPlatformManager: Display: Loaded TargetPlatform 'Android_ETC2Client'
[2021.12.11-22.25.35:204][  0]LogTargetPlatformManager: Display: Loaded TargetPlatform 'Android_Multi'
[2021.12.11-22.25.35:204][  0]LogTargetPlatformManager: Display: Loaded TargetPlatform 'Android_MultiClient'
[2021.12.11-22.25.35:218][  0]LogTargetPlatformManager: Display: Loaded TargetPlatform 'IOSClient'
[2021.12.11-22.25.35:218][  0]LogTargetPlatformManager: Display: Loaded TargetPlatform 'IOS'
[2021.12.11-22.25.35:226][  0]LogTargetPlatformManager: Display: Loaded TargetPlatform 'Linux'
[2021.12.11-22.25.35:229][  0]LogTargetPlatformManager: Display: Loaded TargetPlatform 'LinuxNoEditor'
[2021.12.11-22.25.35:233][  0]LogTargetPlatformManager: Display: Loaded TargetPlatform 'LinuxClient'
[2021.12.11-22.25.35:236][  0]LogTargetPlatformManager: Display: Loaded TargetPlatform 'LinuxServer'
[2021.12.11-22.25.35:243][  0]LogTargetPlatformManager: Display: Loaded TargetPlatform 'LinuxAArch64NoEditor'
[2021.12.11-22.25.35:247][  0]LogTargetPlatformManager: Display: Loaded TargetPlatform 'LinuxAArch64Client'
[2021.12.11-22.25.35:250][  0]LogTargetPlatformManager: Display: Loaded TargetPlatform 'LinuxAArch64Server'
[2021.12.11-22.25.35:268][  0]LogTargetPlatformManager: Display: Loaded TargetPlatform 'Lumin'
[2021.12.11-22.25.35:268][  0]LogTargetPlatformManager: Display: Loaded TargetPlatform 'LuminClient'
[2021.12.11-22.25.35:274][  0]LogTargetPlatformManager: Display: Loaded TargetPlatform 'MacNoEditor'
[2021.12.11-22.25.35:277][  0]LogTargetPlatformManager: Display: Loaded TargetPlatform 'Mac'
[2021.12.11-22.25.35:280][  0]LogTargetPlatformManager: Display: Loaded TargetPlatform 'MacClient'
[2021.12.11-22.25.35:283][  0]LogTargetPlatformManager: Display: Loaded TargetPlatform 'MacServer'
[2021.12.11-22.25.35:290][  0]LogTargetPlatformManager: Display: Loaded TargetPlatform 'TVOSClient'
[2021.12.11-22.25.35:290][  0]LogTargetPlatformManager: Display: Loaded TargetPlatform 'TVOS'
[2021.12.11-22.25.35:297][  0]LogTargetPlatformManager: Display: Loaded TargetPlatform 'WindowsNoEditor'
[2021.12.11-22.25.35:300][  0]LogTargetPlatformManager: Display: Loaded TargetPlatform 'Windows'
[2021.12.11-22.25.35:303][  0]LogTargetPlatformManager: Display: Loaded TargetPlatform 'WindowsClient'
[2021.12.11-22.25.35:307][  0]LogTargetPlatformManager: Display: Loaded TargetPlatform 'WindowsServer'
[2021.12.11-22.25.35:307][  0]LogTargetPlatformManager: Display: Building Assets For Windows
[2021.12.11-22.25.35:312][  0]LogAudioDebug: Display: Lib vorbis DLL was dynamically loaded.
[2021.12.11-22.25.35:333][  0]LogTextureFormatOodle: Display: Oodle Texture 2.9.0 init RDO Off
[2021.12.11-22.25.35:355][  0]LogRendererCore: Ray tracing is disabled. Reason: r.RayTracing=0.
[2021.12.11-22.25.35:355][  0]LogShaderCompilers: Guid format shader working directory is -5 characters bigger than the processId version (E:/github unreal project/group-project/group_project/Intermediate/Shaders/WorkingDirectory/6040/).
[2021.12.11-22.25.35:356][  0]LogShaderCompilers: Cleaned the shader compiler working directory 'C:/Users/Peixin/AppData/Local/Temp/UnrealShaderWorkingDir/BBADCF644E55973CE6C9409281CC71F0/'.
[2021.12.11-22.25.35:356][  0]LogXGEController: Cannot use XGE Controller as Incredibuild is not installed on this machine.
[2021.12.11-22.25.35:356][  0]LogShaderCompilers: Cannot use XGE Shader Compiler as Incredibuild is not installed on this machine.
[2021.12.11-22.25.35:356][  0]LogShaderCompilers: Display: Using Local Shader Compiler.
[2021.12.11-22.25.35:865][  0]LogDerivedDataCache: Display: Max Cache Size: 512 MB
[2021.12.11-22.25.35:926][  0]LogDerivedDataCache: Loaded boot cache 0.06s 94MB C:/Users/Peixin/AppData/Local/UnrealEngine/4.27/DerivedDataCache/Boot.ddc.
[2021.12.11-22.25.35:926][  0]LogDerivedDataCache: Display: Loaded Boot cache: C:/Users/Peixin/AppData/Local/UnrealEngine/4.27/DerivedDataCache/Boot.ddc
[2021.12.11-22.25.35:927][  0]LogDerivedDataCache: FDerivedDataBackendGraph:  Pak pak cache file E:/github unreal project/group-project/group_project/DerivedDataCache/DDC.ddp not found, will not use a pak cache.
[2021.12.11-22.25.35:927][  0]LogDerivedDataCache: Unable to find inner node Pak for hierarchical cache Hierarchy.
[2021.12.11-22.25.35:927][  0]LogDerivedDataCache: FDerivedDataBackendGraph:  CompressedPak pak cache file E:/github unreal project/group-project/group_project/DerivedDataCache/Compressed.ddp not found, will not use a pak cache.
[2021.12.11-22.25.35:927][  0]LogDerivedDataCache: Unable to find inner node CompressedPak for hierarchical cache Hierarchy.
[2021.12.11-22.25.35:940][  0]LogDerivedDataCache: Display: Pak cache opened for reading ../../../Engine/DerivedDataCache/Compressed.ddp.
[2021.12.11-22.25.35:941][  0]LogDerivedDataCache: FDerivedDataBackendGraph:  EnterprisePak pak cache file ../../../Enterprise/DerivedDataCache/Compressed.ddp not found, will not use a pak cache.
[2021.12.11-22.25.35:941][  0]LogDerivedDataCache: Unable to find inner node EnterprisePak for hierarchical cache Hierarchy.
[2021.12.11-22.25.35:949][  0]LogDerivedDataCache: Speed tests for C:/Users/Peixin/AppData/Local/UnrealEngine/Common/DerivedDataCache took 0.01 seconds
[2021.12.11-22.25.35:949][  0]LogDerivedDataCache: Display: Performance to C:/Users/Peixin/AppData/Local/UnrealEngine/Common/DerivedDataCache: Latency=0.03ms. RandomReadSpeed=1532.12MBs, RandomWriteSpeed=133.87MBs. Assigned SpeedClass 'Local'
[2021.12.11-22.25.35:950][  0]LogDerivedDataCache: Using Local data cache path C:/Users/Peixin/AppData/Local/UnrealEngine/Common/DerivedDataCache: Writable
[2021.12.11-22.25.35:951][  0]LogDerivedDataCache: Shared data cache path not found in *engine.ini, will not use an Shared cache.
[2021.12.11-22.25.35:951][  0]LogDerivedDataCache: Unable to find inner node Shared for hierarchical cache Hierarchy.
[2021.12.11-22.25.35:990][  0]LogSlate: Using FreeType 2.10.0
[2021.12.11-22.25.35:991][  0]LogSlate: SlateFontServices - WITH_FREETYPE: 1, WITH_HARFBUZZ: 1
[2021.12.11-22.25.36:008][  0]LogAssetRegistry: FAssetRegistry took 0.0025 seconds to start up
[2021.12.11-22.25.36:181][  0]LogInit: Selected Device Profile: [Windows]
[2021.12.11-22.25.36:181][  0]LogInit: Active device profile: [000002268B9BC900][000002268B16C4C0 49] Windows
[2021.12.11-22.25.36:181][  0]LogInit: Profiles: [000002268B9BC900][000002268B16C4C0 49] Windows, [000002268B94B800][000002268B170600 49] WindowsNoEditor, [000002268B9BF500][0000022681B1C740 49] WindowsServer, [000002268B948E00][0000022681B20880 49] WindowsClient, [000002268B9BF800][0000022681B249C0 49] IOS, [000002268B94A800][0000022681B30B40 49] iPadAir, [000002268B9BE000][00000226889A0CC0 49] iPadAir2, [000002268B6CCA00][00000226889B8F80 49] IPadPro, [000002268B6CCB00][00000226889B0FC0 49] iPadAir3, [000002268B949900][0000022681B3D140 49] iPadAir4, [000002268B6CF400][0000022681B412C0 49] iPadMini2, [000002268B94AA00][0000022681B45440 49] iPadMini3, [000002268B6CD700][0000022681B6F5C0 49] iPadMini4, [000002268B9BD100][0000022681B7B740 49] iPadMini5, [000002268B6FC300][000002268B5A3A00 49] iPhone6, [000002268B6FC400][000002268B57FA40 49] iPodTouch6, [000002268B6CBF00][000002268B5B6180 49] iPhone7, [000002268B6CBE00][000002268B5B21C0 49] iPodTouch7, [000002268B94A000][000002268B5BA340 49] iPhone5S, [000002268B6C9A00][000002268058C4C0 49] iPhone6Plus, [000002268B6FC200][000002268B01C640 49] iPhone6S, [000002268B6C8600][0000022681B2C780 49] iPhone6SPlus, [000002268B6FE900][00000226800748C0 49] iPhone7Plus, [000002268B6CB100][0000022680078A00 49] iPhoneSE, [000002268B6FE200][0000022680514B40 49] iPhone8, [000002268B6CBB00][000002268007CCC0 49] iPhone8Plus, [000002268B6FCA00][0000022680080E40 49] iPhoneX, [000002268B6C9400][0000022680084FC0 49] iPhoneXS, [000002268B6FF900][0000022680089140 49] iPhoneXSMax, [000002268B6C8900][000002268008D2C0 49] iPhoneXR, [000002268B6FEF00][0000022688A35440 49] iPhone11, [000002268B6C9300][0000022688A395C0 49] iPhone11Pro, [000002268B6FD000][0000022688A3D740 49] iPhone11ProMax, [000002268B6CAA00][0000022688A418C0 49] iPhoneSE2, [000002268B6FD400][0000022688A49A40 49] iPhone12Mini, [000002268B6CA400][0000022688A4DBC0 49] iPhone12, [000002268B6FCD00][000002268B0381C0 49] iPhone12Pro, [000002268B6CAB00][000002268B03C340 49] iPhone12ProMax, [000002268B6FF000][000002268B0404C0 49] iPadPro105, [000002268B6C8700][000002268B044640 49] iPadPro129, [000002268B6FE800][000002268B0487C0 49] iPadPro97, [000002268B6CA600][000002268B3E4940 49] iPadPro2_129, [000002268B6FFC00][0000022680518A80 49] iPad5, [000002268B6CA200][000002268AFECBC0 49] iPad6, [000002268B6FCF00][000002268B014D00 49] iPad7, [000002268B6CAD00][000002268B458E80 49] iPad8, [000002268B6FD100][000002268B471000 49] iPadPro11, [000002268B6C9600][0000022680569180 49] iPadPro2_11, [000002268B6FF400][000002268C84D300 49] iPadPro3_129, [000002268B6CA800][000002268C88B480 49] iPadPro4_129, [000002268B6FFA00][000002268C88F600 49] AppleTV, [000002268B6CA100][000002268C893780 49] AppleTV4K, [000002268B6FDF00][000002268C897900 49] TVOS, [000002268B6CB400][000002268C8D9A80 49] Mac, [000002268B6FF800][000002268C8DDC00 49] MacClient, [000002268B6C9E00][000002268C90C200 49] MacNoEditor, [000002268B6FFF00][000002268C914380 49] MacServer, [000002268B6CB500][000002268056C500 49] Linux, [000002268B6FCC00][0000022680570680 49] LinuxAArch64, [000002268B6CAF00][0000022680574800 49] LinuxNoEditor, [000002268B6FCB00][0000022680578980 49] LinuxAArch64NoEditor, [000002268B6CB700][000002268057CB00 49] LinuxClient, [000002268B6FDA00][000002268B018C40 49] LinuxAArch64Client, [000002268B6C9000][0000022680580D80 49] LinuxServer, [000002268B6FE500][000002268C910EC0 49] LinuxAArch64Server, [000002268B6C9900][0000022680585040 49] Android, [000002268B6FD300][00000226805891C0 49] Android_Low, [000002268B6CA700][000002268B259340 49] Android_Mid, [000002268B6FEB00][000002268B25D4C0 49] Android_High, [000002268B6CB800][000002268B261640 49] Android_Default, [000002268B6FD600][000002268B2657C0 49] Android_Adreno4xx, [000002268B6C9500][0000022680091940 49] Android_Adreno5xx_Low, [000002268B6CF600][0000022681B73AC0 49] Android_Adreno5xx, [000002268B949800][0000022681B760C0 49] Android_Adreno6xx, [000002268B6CD200][000002268B556240 49] Android_Adreno6xx_Vulkan, [000002268B94BC00][000002268B55A3C0 49] Android_Mali_T6xx, [000002268B6CD100][000002268B55E540 49] Android_Mali_T7xx, [000002268B949600][000002268B5626C0 49] Android_Mali_T8xx, [000002268B6CDE00][000002268B566840 49] Android_Mali_G71, [000002268B948500][000002268B56A9C0 49] Android_Mali_G72, [000002268B6CC800][000002268B56EB40 49] Android_Mali_G72_Vulkan, [000002268B949300][000002268B572CC0 49] Android_Mali_G76, [000002268B6CC100][000002268C89AE00 49] Android_Mali_G76_Vulkan, [000002268B949F00][000002268B576F40 49] Android_Mali_G77, [000002268B6CD000][000002268B57B080 49] Android_Mali_G77_Vulkan, [000002268B948A00][000002268C9871C0 49] Android_Mali_G78, [000002268B6CEC00][000002268C98F340 49] Android_Mali_G78_Vulkan, [000002268B94B600][000002268C9934C0 49] Android_Mali_G710, [000002268B6CEA00][000002268C997640 49] Android_Mali_G710_Vulkan, [000002268B94BF00][000002268C99B7C0 49] Android_Vulkan_SM5, [000002268B6CFB00][000002268C99F940 49] Android_PowerVR_G6xxx, [000002268B94BB00][000002268C9A3AC0 49] Android_PowerVR_GT7xxx, [000002268B6CF900][000002268C9A60C0 49] Android_PowerVR_GE8xxx, [000002268B948C00][000002268C9AA240 49] Android_PowerVR_GM9xxx, [000002268B6CE700][000002268C9AE3C0 49] Android_PowerVR_GM9xxx_Vulkan, [000002268B94A700][000002268C9B2540 49] Android_TegraK1, [000002268B6CC900][000002268C9B66C0 49] Android_Unknown_Vulkan, [000002268B949D00][000002268C9BA840 49] Lumin, [000002268B6CC500][000002268C9BE9C0 49] Lumin_Desktop, [000002268B94B300][000002268C9C2B40 49] HoloLens, 
[2021.12.11-22.25.36:278][  0]LogMeshReduction: Using QuadricMeshReduction for automatic static mesh reduction
[2021.12.11-22.25.36:278][  0]LogMeshReduction: Using SimplygonMeshReduction for automatic skeletal mesh reduction
[2021.12.11-22.25.36:278][  0]LogMeshReduction: Using ProxyLODMeshReduction for automatic mesh merging
[2021.12.11-22.25.36:278][  0]LogMeshReduction: No distributed automatic mesh merging module available
[2021.12.11-22.25.36:278][  0]LogMeshMerging: No distributed automatic mesh merging module available
[2021.12.11-22.25.36:289][  0]LogNetVersion: group_project 1.0.0, NetCL: 17155196, EngineNetVer: 17, GameNetVer: 0 (Checksum: 2067258830)
[2021.12.11-22.25.36:531][  0]LogTexture: Default maximum texture size for cubemaps generated from long-lat sources has been changed from 512 to unlimited. In order to preserve old behaiour for '/Engine/MapTemplates/Sky/DaylightAmbientCubemap.DaylightAmbientCubemap', its maximum texture size has been explicitly set to 512.
[2021.12.11-22.25.36:570][  0]LogHMD: PokeAHoleMaterial loaded successfully
[2021.12.11-22.25.36:575][  0]LogUObjectArray: 17178 objects as part of root set at end of initial load.
[2021.12.11-22.25.36:575][  0]LogUObjectAllocator: 4301856 out of 0 bytes used by permanent object pool.
[2021.12.11-22.25.36:575][  0]LogUObjectArray: CloseDisregardForGC: 0/0 objects in disregard for GC pool
[2021.12.11-22.25.36:764][  0]LogNiagaraDebuggerClient: Niagara Debugger Client Initialized | Session: 9A8BDB80476C046BC6224CBFA9AC3F8C | Instance: 0C7403644F9DCB4CB74D5D9D067FA8E5 (DESKTOP-A43L7Q2-6040).
[2021.12.11-22.25.36:853][  0]LogImageWrapper: Warning: PNG Warning: Duplicate iCCP chunk
[2021.12.11-22.25.36:853][  0]LogImageWrapper: Warning: PNG Warning: Duplicate iCCP chunk
[2021.12.11-22.25.36:853][  0]LogPython: Using Python 3.7.7
[2021.12.11-22.25.37:228][  0]LogTcpMessaging: Initializing TcpMessaging bridge
[2021.12.11-22.25.37:232][  0]LogUdpMessaging: Initializing bridge on interface 0.0.0.0:0 to multicast group 230.0.0.1:6666.
[2021.12.11-22.25.37:337][  0]SourceControl: Source control is disabled
[2021.12.11-22.25.37:337][  0]SourceControl: Source control is disabled
[2021.12.11-22.25.37:340][  0]SourceControl: Source control is disabled
[2021.12.11-22.25.37:344][  0]SourceControl: Source control is disabled
[2021.12.11-22.25.37:349][  0]SourceControl: Source control is disabled
[2021.12.11-22.25.37:354][  0]LogUProjectInfo: Found projects:
[2021.12.11-22.25.37:422][  0]LogVSAccessor: Display: Unable to create Visual Studio setup instance: 80040154
[2021.12.11-22.25.37:422][  0]LogVSAccessor: Display: Unable to create Visual Studio setup instance: 80040154
[2021.12.11-22.25.37:423][  0]LogVSAccessor: Display: Unable to create Visual Studio setup instance: 80040154
[2021.12.11-22.25.37:476][  0]LogOpenImageDenoise: OIDN starting up
[2021.12.11-22.25.37:534][  0]LogAndroidPermission: UAndroidPermissionCallbackProxy::GetInstance
[2021.12.11-22.25.37:553][  0]LogAudioCaptureCore: Display: No Audio Capture implementations found. Audio input will be silent.
[2021.12.11-22.25.37:553][  0]LogAudioCaptureCore: Display: No Audio Capture implementations found. Audio input will be silent.
[2021.12.11-22.25.37:644][  0]LogCollectionManager: Loaded 0 collections in 0.000484 seconds
[2021.12.11-22.25.37:661][  0]LogFileCache: Scanning file cache for directory 'E:/github unreal project/group-project/group_project/Saved/Collections/' took 0.00s
[2021.12.11-22.25.37:661][  0]LogFileCache: Scanning file cache for directory 'E:/github unreal project/group-project/group_project/Content/Developers/Peixin/Collections/' took 0.00s
[2021.12.11-22.25.37:661][  0]LogFileCache: Scanning file cache for directory 'E:/github unreal project/group-project/group_project/Content/Collections/' took 0.00s
[2021.12.11-22.25.37:661][  0]LogOcInput: OculusInput pre-init called
[2021.12.11-22.25.37:810][  0]LogImageWrapper: Warning: PNG Warning: Duplicate iCCP chunk
[2021.12.11-22.25.37:810][  0]LogImageWrapper: Warning: PNG Warning: Duplicate iCCP chunk
[2021.12.11-22.25.37:810][  0]LogEngine: Initializing Engine...
[2021.12.11-22.25.37:857][  0]LogHMD: Failed to initialize OpenVR with code 108
[2021.12.11-22.25.37:865][  0]LogHMD: Optional extension XR_VARJO_quad_views is not available
[2021.12.11-22.25.37:865][  0]LogHMD: Warning: Required extension XR_EXT_eye_gaze_interaction is not available
[2021.12.11-22.25.37:865][  0]LogHMD: Could not enable all required OpenXR extensions for OpenXREyeTracker on current system. This plugin will be loaded but ignored, but will be enabled on a target platform that supports the required extension.
[2021.12.11-22.25.37:886][  0]LogHMD: Failed to create an OpenXR instance, result is XR_ERROR_RUNTIME_FAILURE. Please check if you have an OpenXR runtime installed. The following extensions were enabled:
[2021.12.11-22.25.37:886][  0]LogHMD: - XR_KHR_D3D11_enable
[2021.12.11-22.25.37:886][  0]LogHMD: - XR_KHR_D3D12_enable
[2021.12.11-22.25.37:886][  0]LogHMD: - XR_KHR_opengl_enable
[2021.12.11-22.25.37:886][  0]LogHMD: - XR_KHR_vulkan_enable
[2021.12.11-22.25.37:886][  0]LogHMD: - XR_KHR_composition_layer_depth
[2021.12.11-22.25.37:886][  0]LogHMD: - XR_KHR_visibility_mask
[2021.12.11-22.25.37:886][  0]LogHMD: - XR_EXT_hand_tracking
[2021.12.11-22.25.37:886][  0]LogMagicLeap: Warning: VR disabled because ZI is not enabled.  To enable, in the editor, Edit -> Project Settings -> Plugins -> Magic Leap Plugin -> Enable Zero Iteration
[2021.12.11-22.25.37:887][  0]LogStats: UGameplayTagsManager::InitializeManager -  0.000 s
[2021.12.11-22.25.37:979][  0]LogInit: Initializing FReadOnlyCVARCache
[2021.12.11-22.25.37:985][  0]LogAIModule: Creating AISystem for world Untitled
[2021.12.11-22.25.37:985][  0]LogAudio: Display: Initializing Audio Device Manager...
[2021.12.11-22.25.37:987][  0]LogAudio: Display: Loading Default Audio Settings Objects...
[2021.12.11-22.25.37:988][  0]LogAudio: Display: No default SoundConcurrencyObject specified (or failed to load).
[2021.12.11-22.25.37:988][  0]LogAudio: Display: Audio Device Manager Initialized
[2021.12.11-22.25.37:988][  0]LogAudio: Display: Creating Audio Device:                 Id: 1, Scope: Shared, Realtime: True
[2021.12.11-22.25.37:988][  0]LogAudioMixer: Display: Audio Mixer Platform Settings:
[2021.12.11-22.25.37:988][  0]LogAudioMixer: Display: 	Sample Rate:						  48000
[2021.12.11-22.25.37:988][  0]LogAudioMixer: Display: 	Callback Buffer Frame Size Requested: 1024
[2021.12.11-22.25.37:988][  0]LogAudioMixer: Display: 	Callback Buffer Frame Size To Use:	  1024
[2021.12.11-22.25.37:988][  0]LogAudioMixer: Display: 	Number of buffers to queue:			  2
[2021.12.11-22.25.37:988][  0]LogAudioMixer: Display: 	Max Channels (voices):				  32
[2021.12.11-22.25.37:988][  0]LogAudioMixer: Display: 	Number of Async Source Workers:		  0
[2021.12.11-22.25.37:988][  0]LogAudio: Display: AudioDevice MaxSources: 32
[2021.12.11-22.25.37:988][  0]LogAudio: Display: Audio Spatialization Plugin: None (built-in).
[2021.12.11-22.25.37:988][  0]LogAudio: Display: Audio Reverb Plugin: None (built-in).
[2021.12.11-22.25.37:988][  0]LogAudio: Display: Audio Occlusion Plugin: None (built-in).
[2021.12.11-22.25.37:988][  0]LogAudioMixer: Display: Initializing audio mixer.
[2021.12.11-22.25.37:999][  0]LogAudioMixer: Warning: Did not find the channel type flags for audio device 'Headset (px Hands-Free AG Audio)'. Reverting to a default channel ordering.
[2021.12.11-22.25.37:999][  0]LogAudioMixer: Display: 0: FrontLeft
[2021.12.11-22.25.37:999][  0]LogAudioMixer: Display: 1: FrontRight
[2021.12.11-22.25.38:010][  0]LogAudioMixer: Display: Using Audio Device Headset (px Hands-Free AG Audio)
[2021.12.11-22.25.38:011][  0]LogAudioMixer: Display: Initializing Sound Submixes...
[2021.12.11-22.25.38:013][  0]LogAudioMixer: Display: Creating Master Submix 'MasterSubmixDefault'
[2021.12.11-22.25.38:013][  0]LogAudioMixer: Display: Creating Master Submix 'MasterReverbSubmixDefault'
[2021.12.11-22.25.38:013][  0]LogAudioMixer: Display: Creating Master Submix 'MasterEQSubmixDefault'
[2021.12.11-22.25.38:013][  0]LogAudioMixer: FMixerPlatformXAudio2::StartAudioStream() called
[2021.12.11-22.25.38:013][  0]LogAudioMixer: Display: Output buffers initialized: Frames=1024, Channels=2, Samples=2048
[2021.12.11-22.25.38:014][  0]LogAudioMixer: Display: Starting AudioMixerPlatformInterface::RunInternal()
[2021.12.11-22.25.38:014][  0]LogAudioMixer: Display: FMixerPlatformXAudio2::SubmitBuffer() called for the first time
[2021.12.11-22.25.38:014][  0]LogInit: FAudioDevice initialized.
[2021.12.11-22.25.38:014][  0]LogAudio: Display: Audio Device (ID: 1) registered with world 'Untitled'.
[2021.12.11-22.25.38:014][  0]LogNetVersion: Set ProjectVersion to 1.0.0.0. Version Checksum will be recalculated on next use.
[2021.12.11-22.25.38:060][  0]LogDerivedDataCache: Saved boot cache 0.05s 94MB C:/Users/Peixin/AppData/Local/UnrealEngine/4.27/DerivedDataCache/Boot.ddc.
[2021.12.11-22.25.38:061][  0]LogInit: Texture streaming: Enabled
[2021.12.11-22.25.38:071][  0]LogAnalytics: Display: [UEEditor.Rocket.Release] APIServer = https://datarouter.ol.epicgames.com/. AppVersion = 4.27.1-17735300+++UE4+Release-4.27
[2021.12.11-22.25.38:076][  0]LogEngineSessionManager: EngineSessionManager initialized
[2021.12.11-22.25.38:076][  0]LogEditorSessionSummary: Verbose: Initializing EditorSessionSummaryWriter for editor session tracking
[2021.12.11-22.25.38:079][  0]LogEditorSessionSummary: EditorSessionSummaryWriter initialized
[2021.12.11-22.25.38:134][  0]LogInit: Transaction tracking system initialized
[2021.12.11-22.25.38:149][  0]BlueprintLog: New page: Editor Load
[2021.12.11-22.25.38:199][  0]LocalizationService: Localization service is disabled
[2021.12.11-22.25.38:219][  0]TimingProfiler: Initialize
[2021.12.11-22.25.38:219][  0]TimingProfiler: OnSessionChanged
[2021.12.11-22.25.38:219][  0]LoadingProfiler: Initialize
[2021.12.11-22.25.38:219][  0]LoadingProfiler: OnSessionChanged
[2021.12.11-22.25.38:219][  0]NetworkingProfiler: Initialize
[2021.12.11-22.25.38:219][  0]NetworkingProfiler: OnSessionChanged
[2021.12.11-22.25.38:219][  0]MemoryProfiler: Initialize
[2021.12.11-22.25.38:219][  0]MemoryProfiler: OnSessionChanged
[2021.12.11-22.25.38:262][  0]LogVSAccessor: Display: Unable to create Visual Studio setup instance: 80040154
[2021.12.11-22.25.38:263][  0]LogVSAccessor: Display: Unable to create Visual Studio setup instance: 80040154
[2021.12.11-22.25.38:263][  0]LogVSAccessor: Display: Unable to create Visual Studio setup instance: 80040154
[2021.12.11-22.25.38:319][  0]LogCook: Display: CookSettings for Memory: MemoryMaxUsedVirtual 0MiB, MemoryMaxUsedPhysical 16384MiB, MemoryMinFreeVirtual 0MiB, MemoryMinFreePhysical 1024MiB
[2021.12.11-22.25.38:319][  0]LogCook: Display: Mobile HDR setting 1
[2021.12.11-22.25.38:354][  0]LogFileCache: Scanning file cache for directory 'E:/github unreal project/group-project/group_project/Content/' took 0.00s
[2021.12.11-22.25.38:566][  0]LogImageWrapper: Warning: PNG Warning: Duplicate iCCP chunk
[2021.12.11-22.25.38:566][  0]LogImageWrapper: Warning: PNG Warning: Duplicate iCCP chunk
[2021.12.11-22.25.38:566][  0]LogInit: Display: Engine is initialized. Leaving FEngineLoop::Init()
[2021.12.11-22.25.38:569][  0]SourceControl: Source control is disabled
[2021.12.11-22.25.38:569][  0]LogUnrealEdMisc: Loading editor; pre map load, took 5.510
[2021.12.11-22.25.38:569][  0]Cmd: MAP LOAD FILE="E:/github unreal project/group-project/group_project/Content/FirstPersonBP/Maps/FirstPersonExampleMap.umap" TEMPLATE=0 SHOWPROGRESS=1 FEATURELEVEL=3
[2021.12.11-22.25.38:570][  0]LogEditorServer: Warning: Can't find file 'E:/github unreal project/group-project/group_project/Content/FirstPersonBP/Maps/FirstPersonExampleMap.umap'
[2021.12.11-22.25.38:570][  0]Cmd: MAP CHECKDEP NOCLEARLOG
[2021.12.11-22.25.38:570][  0]MapCheck: Map check complete: 0 Error(s), 0 Warning(s), took 0.163ms to complete.
[2021.12.11-22.25.38:570][  0]LogFileHelpers: Loading map 'FirstPersonExampleMap' took 0.000
[2021.12.11-22.25.38:571][  0]LogUnrealEdMisc: Total Editor Startup Time, took 5.512
[2021.12.11-22.25.38:666][  0]LogSlate: Updating window title bar state: overlay mode, drag disabled, window buttons hidden, title bar hidden
[2021.12.11-22.25.38:671][  0]LogSlate: Updating window title bar state: overlay mode, drag disabled, window buttons hidden, title bar hidden
[2021.12.11-22.25.38:675][  0]LogSlate: Updating window title bar state: overlay mode, drag disabled, window buttons hidden, title bar hidden
[2021.12.11-22.25.38:679][  0]LogSlate: Updating window title bar state: overlay mode, drag disabled, window buttons hidden, title bar hidden
[2021.12.11-22.25.38:690][  0]LogNativeClassHierarchy: Verbose: Native class hierarchy populated in 0.0077 seconds. Added 3822 classes and 928 folders.
[2021.12.11-22.25.38:692][  0]LogNativeClassHierarchy: Verbose: Native class hierarchy updated for 'WidgetCarousel' in 0.0002 seconds. Added 0 classes and 0 folders.
[2021.12.11-22.25.38:693][  0]LogPakFile: PakFile PrimaryIndexSize=187
[2021.12.11-22.25.38:693][  0]LogPakFile: PakFile PathHashIndexSize=101
[2021.12.11-22.25.38:693][  0]LogPakFile: PakFile FullDirectoryIndexSize=148
[2021.12.11-22.25.38:693][  0]LogShaderLibrary: Display: ShaderCodeLibraryPakFileMountedCallback: PakFile 'D:/UE_4.27/FeaturePacks/FP_FirstPerson.upack' (chunk index -1, root 'root:/') mounted
[2021.12.11-22.25.38:693][  0]LogShaderLibrary: Display: ShaderCodeLibraryPakFileMountedCallback: pending pak file info (ChunkID:-1 Root:root:/ File:D:/UE_4.27/FeaturePacks/FP_FirstPerson.upack)
[2021.12.11-22.25.38:693][  0]LogPakFile: OnPakFileMounted2Time == 0.000041
[2021.12.11-22.25.38:693][  0]LogPakFile: PakFile PrimaryIndexSize=189
[2021.12.11-22.25.38:693][  0]LogPakFile: PakFile PathHashIndexSize=101
[2021.12.11-22.25.38:693][  0]LogPakFile: PakFile FullDirectoryIndexSize=152
[2021.12.11-22.25.38:693][  0]LogShaderLibrary: Display: ShaderCodeLibraryPakFileMountedCallback: PakFile 'D:/UE_4.27/FeaturePacks/FP_FirstPersonBP.upack' (chunk index -1, root 'root:/') mounted
[2021.12.11-22.25.38:693][  0]LogShaderLibrary: Display: ShaderCodeLibraryPakFileMountedCallback: pending pak file info (ChunkID:-1 Root:root:/ File:D:/UE_4.27/FeaturePacks/FP_FirstPersonBP.upack)
[2021.12.11-22.25.38:693][  0]LogPakFile: OnPakFileMounted2Time == 0.000023
[2021.12.11-22.25.38:694][  0]LogPakFile: PakFile PrimaryIndexSize=191
[2021.12.11-22.25.38:694][  0]LogPakFile: PakFile PathHashIndexSize=101
[2021.12.11-22.25.38:694][  0]LogPakFile: PakFile FullDirectoryIndexSize=160
[2021.12.11-22.25.38:694][  0]LogShaderLibrary: Display: ShaderCodeLibraryPakFileMountedCallback: PakFile 'D:/UE_4.27/FeaturePacks/MobileStarterContent.upack' (chunk index -1, root 'root:/') mounted
[2021.12.11-22.25.38:694][  0]LogShaderLibrary: Display: ShaderCodeLibraryPakFileMountedCallback: pending pak file info (ChunkID:-1 Root:root:/ File:D:/UE_4.27/FeaturePacks/MobileStarterContent.upack)
[2021.12.11-22.25.38:694][  0]LogPakFile: OnPakFileMounted2Time == 0.000021
[2021.12.11-22.25.38:694][  0]LogPakFile: PakFile PrimaryIndexSize=185
[2021.12.11-22.25.38:694][  0]LogPakFile: PakFile PathHashIndexSize=101
[2021.12.11-22.25.38:694][  0]LogPakFile: PakFile FullDirectoryIndexSize=148
[2021.12.11-22.25.38:694][  0]LogShaderLibrary: Display: ShaderCodeLibraryPakFileMountedCallback: PakFile 'D:/UE_4.27/FeaturePacks/StarterContent.upack' (chunk index -1, root 'root:/') mounted
[2021.12.11-22.25.38:694][  0]LogShaderLibrary: Display: ShaderCodeLibraryPakFileMountedCallback: pending pak file info (ChunkID:-1 Root:root:/ File:D:/UE_4.27/FeaturePacks/StarterContent.upack)
[2021.12.11-22.25.38:694][  0]LogPakFile: OnPakFileMounted2Time == 0.000023
[2021.12.11-22.25.38:695][  0]LogPakFile: PakFile PrimaryIndexSize=190
[2021.12.11-22.25.38:695][  0]LogPakFile: PakFile PathHashIndexSize=101
[2021.12.11-22.25.38:695][  0]LogPakFile: PakFile FullDirectoryIndexSize=154
[2021.12.11-22.25.38:695][  0]LogShaderLibrary: Display: ShaderCodeLibraryPakFileMountedCallback: PakFile 'D:/UE_4.27/FeaturePacks/TP_2DSideScroller.upack' (chunk index -1, root 'root:/') mounted
[2021.12.11-22.25.38:695][  0]LogShaderLibrary: Display: ShaderCodeLibraryPakFileMountedCallback: pending pak file info (ChunkID:-1 Root:root:/ File:D:/UE_4.27/FeaturePacks/TP_2DSideScroller.upack)
[2021.12.11-22.25.38:695][  0]LogPakFile: OnPakFileMounted2Time == 0.000020
[2021.12.11-22.25.38:695][  0]LogPakFile: PakFile PrimaryIndexSize=192
[2021.12.11-22.25.38:695][  0]LogPakFile: PakFile PathHashIndexSize=101
[2021.12.11-22.25.38:695][  0]LogPakFile: PakFile FullDirectoryIndexSize=158
[2021.12.11-22.25.38:695][  0]LogShaderLibrary: Display: ShaderCodeLibraryPakFileMountedCallback: PakFile 'D:/UE_4.27/FeaturePacks/TP_2DSideScrollerBP.upack' (chunk index -1, root 'root:/') mounted
[2021.12.11-22.25.38:695][  0]LogShaderLibrary: Display: ShaderCodeLibraryPakFileMountedCallback: pending pak file info (ChunkID:-1 Root:root:/ File:D:/UE_4.27/FeaturePacks/TP_2DSideScrollerBP.upack)
[2021.12.11-22.25.38:695][  0]LogPakFile: OnPakFileMounted2Time == 0.000020
[2021.12.11-22.25.38:696][  0]LogPakFile: PakFile PrimaryIndexSize=182
[2021.12.11-22.25.38:696][  0]LogPakFile: PakFile PathHashIndexSize=101
[2021.12.11-22.25.38:696][  0]LogPakFile: PakFile FullDirectoryIndexSize=138
[2021.12.11-22.25.38:696][  0]LogShaderLibrary: Display: ShaderCodeLibraryPakFileMountedCallback: PakFile 'D:/UE_4.27/FeaturePacks/TP_Flying.upack' (chunk index -1, root 'root:/') mounted
[2021.12.11-22.25.38:696][  0]LogShaderLibrary: Display: ShaderCodeLibraryPakFileMountedCallback: pending pak file info (ChunkID:-1 Root:root:/ File:D:/UE_4.27/FeaturePacks/TP_Flying.upack)
[2021.12.11-22.25.38:696][  0]LogPakFile: OnPakFileMounted2Time == 0.000019
[2021.12.11-22.25.38:696][  0]LogPakFile: PakFile PrimaryIndexSize=184
[2021.12.11-22.25.38:696][  0]LogPakFile: PakFile PathHashIndexSize=101
[2021.12.11-22.25.38:696][  0]LogPakFile: PakFile FullDirectoryIndexSize=142
[2021.12.11-22.25.38:696][  0]LogShaderLibrary: Display: ShaderCodeLibraryPakFileMountedCallback: PakFile 'D:/UE_4.27/FeaturePacks/TP_FlyingBP.upack' (chunk index -1, root 'root:/') mounted
[2021.12.11-22.25.38:696][  0]LogShaderLibrary: Display: ShaderCodeLibraryPakFileMountedCallback: pending pak file info (ChunkID:-1 Root:root:/ File:D:/UE_4.27/FeaturePacks/TP_FlyingBP.upack)
[2021.12.11-22.25.38:696][  0]LogPakFile: OnPakFileMounted2Time == 0.000019
[2021.12.11-22.25.38:696][  0]LogPakFile: PakFile PrimaryIndexSize=188
[2021.12.11-22.25.38:696][  0]LogPakFile: PakFile PathHashIndexSize=101
[2021.12.11-22.25.38:696][  0]LogPakFile: PakFile FullDirectoryIndexSize=150
[2021.12.11-22.25.38:696][  0]LogShaderLibrary: Display: ShaderCodeLibraryPakFileMountedCallback: PakFile 'D:/UE_4.27/FeaturePacks/TP_HandheldARBP.upack' (chunk index -1, root 'root:/') mounted
[2021.12.11-22.25.38:696][  0]LogShaderLibrary: Display: ShaderCodeLibraryPakFileMountedCallback: pending pak file info (ChunkID:-1 Root:root:/ File:D:/UE_4.27/FeaturePacks/TP_HandheldARBP.upack)
[2021.12.11-22.25.38:696][  0]LogPakFile: OnPakFileMounted2Time == 0.000021
[2021.12.11-22.25.38:697][  0]LogPakFile: PakFile PrimaryIndexSize=182
[2021.12.11-22.25.38:697][  0]LogPakFile: PakFile PathHashIndexSize=101
[2021.12.11-22.25.38:697][  0]LogPakFile: PakFile FullDirectoryIndexSize=138
[2021.12.11-22.25.38:697][  0]LogShaderLibrary: Display: ShaderCodeLibraryPakFileMountedCallback: PakFile 'D:/UE_4.27/FeaturePacks/TP_Puzzle.upack' (chunk index -1, root 'root:/') mounted
[2021.12.11-22.25.38:697][  0]LogShaderLibrary: Display: ShaderCodeLibraryPakFileMountedCallback: pending pak file info (ChunkID:-1 Root:root:/ File:D:/UE_4.27/FeaturePacks/TP_Puzzle.upack)
[2021.12.11-22.25.38:697][  0]LogPakFile: OnPakFileMounted2Time == 0.000019
[2021.12.11-22.25.38:697][  0]LogPakFile: PakFile PrimaryIndexSize=184
[2021.12.11-22.25.38:697][  0]LogPakFile: PakFile PathHashIndexSize=101
[2021.12.11-22.25.38:697][  0]LogPakFile: PakFile FullDirectoryIndexSize=142
[2021.12.11-22.25.38:697][  0]LogShaderLibrary: Display: ShaderCodeLibraryPakFileMountedCallback: PakFile 'D:/UE_4.27/FeaturePacks/TP_PuzzleBP.upack' (chunk index -1, root 'root:/') mounted
[2021.12.11-22.25.38:697][  0]LogShaderLibrary: Display: ShaderCodeLibraryPakFileMountedCallback: pending pak file info (ChunkID:-1 Root:root:/ File:D:/UE_4.27/FeaturePacks/TP_PuzzleBP.upack)
[2021.12.11-22.25.38:697][  0]LogPakFile: OnPakFileMounted2Time == 0.000020
[2021.12.11-22.25.38:698][  0]LogPakFile: PakFile PrimaryIndexSize=183
[2021.12.11-22.25.38:698][  0]LogPakFile: PakFile PathHashIndexSize=101
[2021.12.11-22.25.38:698][  0]LogPakFile: PakFile FullDirectoryIndexSize=140
[2021.12.11-22.25.38:698][  0]LogShaderLibrary: Display: ShaderCodeLibraryPakFileMountedCallback: PakFile 'D:/UE_4.27/FeaturePacks/TP_Rolling.upack' (chunk index -1, root 'root:/') mounted
[2021.12.11-22.25.38:698][  0]LogShaderLibrary: Display: ShaderCodeLibraryPakFileMountedCallback: pending pak file info (ChunkID:-1 Root:root:/ File:D:/UE_4.27/FeaturePacks/TP_Rolling.upack)
[2021.12.11-22.25.38:698][  0]LogPakFile: OnPakFileMounted2Time == 0.000019
[2021.12.11-22.25.38:698][  0]LogPakFile: PakFile PrimaryIndexSize=185
[2021.12.11-22.25.38:698][  0]LogPakFile: PakFile PathHashIndexSize=101
[2021.12.11-22.25.38:698][  0]LogPakFile: PakFile FullDirectoryIndexSize=144
[2021.12.11-22.25.38:698][  0]LogShaderLibrary: Display: ShaderCodeLibraryPakFileMountedCallback: PakFile 'D:/UE_4.27/FeaturePacks/TP_RollingBP.upack' (chunk index -1, root 'root:/') mounted
[2021.12.11-22.25.38:698][  0]LogShaderLibrary: Display: ShaderCodeLibraryPakFileMountedCallback: pending pak file info (ChunkID:-1 Root:root:/ File:D:/UE_4.27/FeaturePacks/TP_RollingBP.upack)
[2021.12.11-22.25.38:698][  0]LogPakFile: OnPakFileMounted2Time == 0.000019
[2021.12.11-22.25.38:699][  0]LogPakFile: PakFile PrimaryIndexSize=188
[2021.12.11-22.25.38:699][  0]LogPakFile: PakFile PathHashIndexSize=101
[2021.12.11-22.25.38:699][  0]LogPakFile: PakFile FullDirectoryIndexSize=150
[2021.12.11-22.25.38:699][  0]LogShaderLibrary: Display: ShaderCodeLibraryPakFileMountedCallback: PakFile 'D:/UE_4.27/FeaturePacks/TP_SideScroller.upack' (chunk index -1, root 'root:/') mounted
[2021.12.11-22.25.38:699][  0]LogShaderLibrary: Display: ShaderCodeLibraryPakFileMountedCallback: pending pak file info (ChunkID:-1 Root:root:/ File:D:/UE_4.27/FeaturePacks/TP_SideScroller.upack)
[2021.12.11-22.25.38:699][  0]LogPakFile: OnPakFileMounted2Time == 0.000020
[2021.12.11-22.25.38:699][  0]LogPakFile: PakFile PrimaryIndexSize=190
[2021.12.11-22.25.38:699][  0]LogPakFile: PakFile PathHashIndexSize=101
[2021.12.11-22.25.38:699][  0]LogPakFile: PakFile FullDirectoryIndexSize=154
[2021.12.11-22.25.38:699][  0]LogShaderLibrary: Display: ShaderCodeLibraryPakFileMountedCallback: PakFile 'D:/UE_4.27/FeaturePacks/TP_SideScrollerBP.upack' (chunk index -1, root 'root:/') mounted
[2021.12.11-22.25.38:699][  0]LogShaderLibrary: Display: ShaderCodeLibraryPakFileMountedCallback: pending pak file info (ChunkID:-1 Root:root:/ File:D:/UE_4.27/FeaturePacks/TP_SideScrollerBP.upack)
[2021.12.11-22.25.38:699][  0]LogPakFile: OnPakFileMounted2Time == 0.000019
[2021.12.11-22.25.38:699][  0]LogPakFile: PakFile PrimaryIndexSize=187
[2021.12.11-22.25.38:700][  0]LogPakFile: PakFile PathHashIndexSize=101
[2021.12.11-22.25.38:700][  0]LogPakFile: PakFile FullDirectoryIndexSize=148
[2021.12.11-22.25.38:700][  0]LogShaderLibrary: Display: ShaderCodeLibraryPakFileMountedCallback: PakFile 'D:/UE_4.27/FeaturePacks/TP_ThirdPerson.upack' (chunk index -1, root 'root:/') mounted
[2021.12.11-22.25.38:700][  0]LogShaderLibrary: Display: ShaderCodeLibraryPakFileMountedCallback: pending pak file info (ChunkID:-1 Root:root:/ File:D:/UE_4.27/FeaturePacks/TP_ThirdPerson.upack)
[2021.12.11-22.25.38:700][  0]LogPakFile: OnPakFileMounted2Time == 0.000020
[2021.12.11-22.25.38:700][  0]LogPakFile: PakFile PrimaryIndexSize=189
[2021.12.11-22.25.38:700][  0]LogPakFile: PakFile PathHashIndexSize=101
[2021.12.11-22.25.38:700][  0]LogPakFile: PakFile FullDirectoryIndexSize=152
[2021.12.11-22.25.38:700][  0]LogShaderLibrary: Display: ShaderCodeLibraryPakFileMountedCallback: PakFile 'D:/UE_4.27/FeaturePacks/TP_ThirdPersonBP.upack' (chunk index -1, root 'root:/') mounted
[2021.12.11-22.25.38:700][  0]LogShaderLibrary: Display: ShaderCodeLibraryPakFileMountedCallback: pending pak file info (ChunkID:-1 Root:root:/ File:D:/UE_4.27/FeaturePacks/TP_ThirdPersonBP.upack)
[2021.12.11-22.25.38:700][  0]LogPakFile: OnPakFileMounted2Time == 0.000019
[2021.12.11-22.25.38:700][  0]LogPakFile: PakFile PrimaryIndexSize=183
[2021.12.11-22.25.38:700][  0]LogPakFile: PakFile PathHashIndexSize=101
[2021.12.11-22.25.38:700][  0]LogPakFile: PakFile FullDirectoryIndexSize=140
[2021.12.11-22.25.38:700][  0]LogShaderLibrary: Display: ShaderCodeLibraryPakFileMountedCallback: PakFile 'D:/UE_4.27/FeaturePacks/TP_TopDown.upack' (chunk index -1, root 'root:/') mounted
[2021.12.11-22.25.38:700][  0]LogShaderLibrary: Display: ShaderCodeLibraryPakFileMountedCallback: pending pak file info (ChunkID:-1 Root:root:/ File:D:/UE_4.27/FeaturePacks/TP_TopDown.upack)
[2021.12.11-22.25.38:700][  0]LogPakFile: OnPakFileMounted2Time == 0.000025
[2021.12.11-22.25.38:701][  0]LogPakFile: PakFile PrimaryIndexSize=185
[2021.12.11-22.25.38:701][  0]LogPakFile: PakFile PathHashIndexSize=101
[2021.12.11-22.25.38:701][  0]LogPakFile: PakFile FullDirectoryIndexSize=144
[2021.12.11-22.25.38:701][  0]LogShaderLibrary: Display: ShaderCodeLibraryPakFileMountedCallback: PakFile 'D:/UE_4.27/FeaturePacks/TP_TopDownBP.upack' (chunk index -1, root 'root:/') mounted
[2021.12.11-22.25.38:701][  0]LogShaderLibrary: Display: ShaderCodeLibraryPakFileMountedCallback: pending pak file info (ChunkID:-1 Root:root:/ File:D:/UE_4.27/FeaturePacks/TP_TopDownBP.upack)
[2021.12.11-22.25.38:701][  0]LogPakFile: OnPakFileMounted2Time == 0.000020
[2021.12.11-22.25.38:701][  0]LogPakFile: PakFile PrimaryIndexSize=185
[2021.12.11-22.25.38:701][  0]LogPakFile: PakFile PathHashIndexSize=101
[2021.12.11-22.25.38:701][  0]LogPakFile: PakFile FullDirectoryIndexSize=144
[2021.12.11-22.25.38:701][  0]LogShaderLibrary: Display: ShaderCodeLibraryPakFileMountedCallback: PakFile 'D:/UE_4.27/FeaturePacks/TP_TwinStick.upack' (chunk index -1, root 'root:/') mounted
[2021.12.11-22.25.38:701][  0]LogShaderLibrary: Display: ShaderCodeLibraryPakFileMountedCallback: pending pak file info (ChunkID:-1 Root:root:/ File:D:/UE_4.27/FeaturePacks/TP_TwinStick.upack)
[2021.12.11-22.25.38:701][  0]LogPakFile: OnPakFileMounted2Time == 0.000020
[2021.12.11-22.25.38:702][  0]LogPakFile: PakFile PrimaryIndexSize=187
[2021.12.11-22.25.38:702][  0]LogPakFile: PakFile PathHashIndexSize=101
[2021.12.11-22.25.38:702][  0]LogPakFile: PakFile FullDirectoryIndexSize=148
[2021.12.11-22.25.38:702][  0]LogShaderLibrary: Display: ShaderCodeLibraryPakFileMountedCallback: PakFile 'D:/UE_4.27/FeaturePacks/TP_TwinStickBP.upack' (chunk index -1, root 'root:/') mounted
[2021.12.11-22.25.38:702][  0]LogShaderLibrary: Display: ShaderCodeLibraryPakFileMountedCallback: pending pak file info (ChunkID:-1 Root:root:/ File:D:/UE_4.27/FeaturePacks/TP_TwinStickBP.upack)
[2021.12.11-22.25.38:702][  0]LogPakFile: OnPakFileMounted2Time == 0.000019
[2021.12.11-22.25.38:702][  0]LogPakFile: PakFile PrimaryIndexSize=183
[2021.12.11-22.25.38:702][  0]LogPakFile: PakFile PathHashIndexSize=101
[2021.12.11-22.25.38:702][  0]LogPakFile: PakFile FullDirectoryIndexSize=140
[2021.12.11-22.25.38:702][  0]LogShaderLibrary: Display: ShaderCodeLibraryPakFileMountedCallback: PakFile 'D:/UE_4.27/FeaturePacks/TP_Vehicle.upack' (chunk index -1, root 'root:/') mounted
[2021.12.11-22.25.38:702][  0]LogShaderLibrary: Display: ShaderCodeLibraryPakFileMountedCallback: pending pak file info (ChunkID:-1 Root:root:/ File:D:/UE_4.27/FeaturePacks/TP_Vehicle.upack)
[2021.12.11-22.25.38:702][  0]LogPakFile: OnPakFileMounted2Time == 0.000021
[2021.12.11-22.25.38:702][  0]LogPakFile: PakFile PrimaryIndexSize=186
[2021.12.11-22.25.38:702][  0]LogPakFile: PakFile PathHashIndexSize=101
[2021.12.11-22.25.38:702][  0]LogPakFile: PakFile FullDirectoryIndexSize=146
[2021.12.11-22.25.38:702][  0]LogShaderLibrary: Display: ShaderCodeLibraryPakFileMountedCallback: PakFile 'D:/UE_4.27/FeaturePacks/TP_VehicleAdv.upack' (chunk index -1, root 'root:/') mounted
[2021.12.11-22.25.38:702][  0]LogShaderLibrary: Display: ShaderCodeLibraryPakFileMountedCallback: pending pak file info (ChunkID:-1 Root:root:/ File:D:/UE_4.27/FeaturePacks/TP_VehicleAdv.upack)
[2021.12.11-22.25.38:702][  0]LogPakFile: OnPakFileMounted2Time == 0.000020
[2021.12.11-22.25.38:703][  0]LogPakFile: PakFile PrimaryIndexSize=188
[2021.12.11-22.25.38:703][  0]LogPakFile: PakFile PathHashIndexSize=101
[2021.12.11-22.25.38:703][  0]LogPakFile: PakFile FullDirectoryIndexSize=150
[2021.12.11-22.25.38:703][  0]LogShaderLibrary: Display: ShaderCodeLibraryPakFileMountedCallback: PakFile 'D:/UE_4.27/FeaturePacks/TP_VehicleAdvBP.upack' (chunk index -1, root 'root:/') mounted
[2021.12.11-22.25.38:703][  0]LogShaderLibrary: Display: ShaderCodeLibraryPakFileMountedCallback: pending pak file info (ChunkID:-1 Root:root:/ File:D:/UE_4.27/FeaturePacks/TP_VehicleAdvBP.upack)
[2021.12.11-22.25.38:703][  0]LogPakFile: OnPakFileMounted2Time == 0.000020
[2021.12.11-22.25.38:703][  0]LogPakFile: PakFile PrimaryIndexSize=185
[2021.12.11-22.25.38:703][  0]LogPakFile: PakFile PathHashIndexSize=101
[2021.12.11-22.25.38:703][  0]LogPakFile: PakFile FullDirectoryIndexSize=144
[2021.12.11-22.25.38:703][  0]LogShaderLibrary: Display: ShaderCodeLibraryPakFileMountedCallback: PakFile 'D:/UE_4.27/FeaturePacks/TP_VehicleBP.upack' (chunk index -1, root 'root:/') mounted
[2021.12.11-22.25.38:703][  0]LogShaderLibrary: Display: ShaderCodeLibraryPakFileMountedCallback: pending pak file info (ChunkID:-1 Root:root:/ File:D:/UE_4.27/FeaturePacks/TP_VehicleBP.upack)
[2021.12.11-22.25.38:703][  0]LogPakFile: OnPakFileMounted2Time == 0.000021
[2021.12.11-22.25.38:704][  0]LogPakFile: PakFile PrimaryIndexSize=192
[2021.12.11-22.25.38:704][  0]LogPakFile: PakFile PathHashIndexSize=101
[2021.12.11-22.25.38:704][  0]LogPakFile: PakFile FullDirectoryIndexSize=158
[2021.12.11-22.25.38:704][  0]LogShaderLibrary: Display: ShaderCodeLibraryPakFileMountedCallback: PakFile 'D:/UE_4.27/FeaturePacks/TP_VirtualRealityBP.upack' (chunk index -1, root 'root:/') mounted
[2021.12.11-22.25.38:704][  0]LogShaderLibrary: Display: ShaderCodeLibraryPakFileMountedCallback: pending pak file info (ChunkID:-1 Root:root:/ File:D:/UE_4.27/FeaturePacks/TP_VirtualRealityBP.upack)
[2021.12.11-22.25.38:704][  0]LogPakFile: OnPakFileMounted2Time == 0.000020
[2021.12.11-22.25.38:730][  0]LogNativeClassHierarchy: Verbose: Native class hierarchy updated for 'AddContentDialog' in 0.0003 seconds. Added 0 classes and 0 folders.
[2021.12.11-22.25.38:730][  0]LogNativeClassHierarchy: Verbose: Native class hierarchy updated for 'SceneOutliner' in 0.0001 seconds. Added 2 classes and 0 folders.
[2021.12.11-22.25.38:751][  0]LogSlate: Took 0.000109 seconds to synchronously load lazily loaded font '../../../Engine/Content/Slate/Fonts/Roboto-Regular.ttf' (155K)
[2021.12.11-22.25.38:752][  0]LogSlate: Took 0.000085 seconds to synchronously load lazily loaded font '../../../Engine/Content/Editor/Slate/Fonts/FontAwesome.ttf' (139K)
[2021.12.11-22.25.38:753][  0]LogSlate: Took 0.000069 seconds to synchronously load lazily loaded font '../../../Engine/Content/Slate/Fonts/Roboto-Bold.ttf' (160K)
[2021.12.11-22.25.38:806][  0]LogRenderer: Reallocating scene render targets to support 1288x620 Format 10 NumSamples 1 (Frame:1).
[2021.12.11-22.25.38:861][  0]LogNativeClassHierarchy: Verbose: Native class hierarchy updated for 'HierarchicalLODOutliner' in 0.0003 seconds. Added 0 classes and 0 folders.
[2021.12.11-22.25.38:861][  0]LogLoad: (Engine Initialization) Total time: 5.80 seconds
[2021.12.11-22.25.38:861][  0]LogLoad: (Engine Initialization) Total Blueprint compile time: 0.00 seconds
[2021.12.11-22.25.38:897][  0]LogAssetRegistry: Asset discovery search completed in 2.8910 seconds
[2021.12.11-22.25.38:901][  0]LogCollectionManager: Fixed up redirectors for 0 collections in 0.000003 seconds (updated 0 objects)
[2021.12.11-22.25.38:902][  0]LogContentStreaming: Texture pool size now 1000 MB
[2021.12.11-22.25.43:742][541]LogUObjectHash: Compacting FUObjectHashTables data took   0.62ms
[2021.12.11-22.25.43:746][541]LogSlate: Took 0.000111 seconds to synchronously load lazily loaded font '../../../Engine/Content/Slate/Fonts/Roboto-Light.ttf' (167K)
[2021.12.11-22.25.43:914][541]LogAssetEditorSubsystem: Opening Asset editor for World /Game/FirstPersonBP/Maps/Level1.Level1
[2021.12.11-22.25.43:914][541]Cmd: MAP LOAD FILE="E:/github unreal project/group-project/group_project/Content/FirstPersonBP/Maps/Level1.umap" TEMPLATE=0 SHOWPROGRESS=1 FEATURELEVEL=3
[2021.12.11-22.25.43:914][541]LightingResults: New page: Lighting Build
[2021.12.11-22.25.43:915][541]LogNativeClassHierarchy: Verbose: Native class hierarchy updated for 'StatsViewer' in 0.0004 seconds. Added 6 classes and 0 folders.
[2021.12.11-22.25.43:915][541]LoadErrors: New page: Loading map: Level1.umap
[2021.12.11-22.25.43:916][541]LogWorld: UWorld::CleanupWorld for Untitled, bSessionEnded=true, bCleanupResources=true
[2021.12.11-22.25.43:916][541]LogSlate: InvalidateAllWidgets triggered.  All widgets were invalidated
[2021.12.11-22.25.43:916][541]MapCheck: New page: Map Check
[2021.12.11-22.25.43:916][541]LightingResults: New page: Lighting Build
[2021.12.11-22.25.43:937][541]LogAudio: Display: Audio Device unregistered from world 'None'.
[2021.12.11-22.25.43:939][541]LogUObjectHash: Compacting FUObjectHashTables data took   0.78ms
[2021.12.11-22.25.43:939][541]LogAudio: Display: Audio Device (ID: 1) registered with world 'Level1'.
[2021.12.11-22.25.43:943][541]LogEditorServer: Finished looking for orphan Actors (0.000 secs)
[2021.12.11-22.25.43:943][541]LogAIModule: Creating AISystem for world Level1
[2021.12.11-22.25.43:950][541]LogUObjectHash: Compacting FUObjectHashTables data took   0.63ms
[2021.12.11-22.25.43:964][541]Cmd: MAP CHECKDEP NOCLEARLOG
[2021.12.11-22.25.43:965][541]MapCheck: Map check complete: 0 Error(s), 0 Warning(s), took 0.589ms to complete.
[2021.12.11-22.25.43:965][541]LogFileHelpers: Loading map 'Level1' took 0.051
