Log file open, 12/11/21 17:19:14
LogWindows: Failed to load 'aqProf.dll' (GetLastError=126)
LogWindows: File 'aqProf.dll' does not exist
LogWindows: Failed to load 'VtuneApi.dll' (GetLastError=126)
LogWindows: File 'VtuneApi.dll' does not exist
LogWindows: Failed to load 'VtuneApi32e.dll' (GetLastError=126)
LogWindows: File 'VtuneApi32e.dll' does not exist
LogConsoleResponse: Display: Failed to find resolution value strings in scalability ini. Falling back to default.
LogConsoleResponse: Display: Failed to find resolution value strings in scalability ini. Falling back to default.
LogInit: Display: Running engine for game: group_project
LogPlatformFile: Not using cached read wrapper
LogTaskGraph: Started task graph with 5 named threads and 23 total threads with 3 sets of task threads.
LogStats: Stats thread started at 0.379258
LogICUInternationalization: ICU TimeZone Detection - Raw Offset: -5:00, Platform Override: ''
LogInit: Display: Loading text-based GConfig....
LogPluginManager: Mounting plugin MeshPainting
LogPluginManager: Mounting plugin XGEController
LogPluginManager: Mounting plugin Paper2D
LogPluginManager: Mounting plugin LiveLink
LogPluginManager: Mounting plugin AISupport
LogPluginManager: Mounting plugin EnvironmentQueryEditor
LogPluginManager: Mounting plugin LightPropagationVolume
LogPluginManager: Mounting plugin OodleData
LogPluginManager: Mounting plugin CameraShakePreviewer
LogPluginManager: Mounting plugin GameplayCameras
LogPluginManager: Mounting plugin AnimationSharing
LogPluginManager: Mounting plugin OodleNetwork
LogPluginManager: Mounting plugin CLionSourceCodeAccess
LogPluginManager: Mounting plugin CodeLiteSourceCodeAccess
LogPluginManager: Mounting plugin NullSourceCodeAccess
LogPluginManager: Mounting plugin PerforceSourceControl
LogPluginManager: Mounting plugin KDevelopSourceCodeAccess
LogPluginManager: Mounting plugin GitSourceControl
LogPluginManager: Mounting plugin PixWinPlugin
LogPluginManager: Mounting plugin PlasticSourceControl
LogPluginManager: Mounting plugin PluginUtils
LogPluginManager: Mounting plugin PropertyAccessNode
LogPluginManager: Mounting plugin RiderSourceCodeAccess
LogPluginManager: Mounting plugin SubversionSourceControl
LogPluginManager: Mounting plugin TextureFormatOodle
LogPluginManager: Mounting plugin AssetManagerEditor
LogPluginManager: Mounting plugin UObjectPlugin
LogPluginManager: Mounting plugin VisualStudioCodeSourceCodeAccess
LogPluginManager: Mounting plugin VisualStudioSourceCodeAccess
LogPluginManager: Mounting plugin XCodeSourceCodeAccess
LogPluginManager: Mounting plugin CryptoKeys
LogPluginManager: Mounting plugin CurveEditorTools
LogPluginManager: Mounting plugin DataValidation
LogPluginManager: Mounting plugin FacialAnimation
LogPluginManager: Mounting plugin GeometryMode
LogPluginManager: Mounting plugin GameplayTagsEditor
LogPluginManager: Mounting plugin MacGraphicsSwitching
LogPluginManager: Mounting plugin MaterialAnalyzer
LogPluginManager: Mounting plugin MobileLauncherProfileWizard
LogPluginManager: Mounting plugin PluginBrowser
LogPluginManager: Mounting plugin SpeedTreeImporter
LogPluginManager: Mounting plugin DatasmithContent
LogPluginManager: Mounting plugin AlembicImporter
LogPluginManager: Mounting plugin AutomationUtils
LogPluginManager: Mounting plugin BackChannel
LogPluginManager: Mounting plugin VariantManagerContent
LogPluginManager: Mounting plugin ChaosClothEditor
LogPluginManager: Mounting plugin ChaosCloth
LogPluginManager: Mounting plugin ChaosNiagara
LogPluginManager: Mounting plugin ChaosEditor
LogPluginManager: Mounting plugin ChaosSolverPlugin
LogPluginManager: Mounting plugin CharacterAI
LogPluginManager: Mounting plugin GeometryCache
LogPluginManager: Mounting plugin GeometryCollectionPlugin
LogPluginManager: Mounting plugin GeometryProcessing
LogPluginManager: Mounting plugin MotoSynth
LogPluginManager: Mounting plugin OpenImageDenoise
LogPluginManager: Mounting plugin PlanarCut
LogPluginManager: Mounting plugin PlatformCrypto
LogPluginManager: Mounting plugin ProxyLODPlugin
LogPluginManager: Mounting plugin PythonScriptPlugin
LogPluginManager: Mounting plugin Niagara
LogPluginManager: Mounting plugin SkeletalReduction
LogPluginManager: Mounting plugin AndroidMedia
LogPluginManager: Mounting plugin AvfMedia
LogPluginManager: Mounting plugin ImgMedia
LogPluginManager: Mounting plugin MediaCompositing
LogPluginManager: Mounting plugin MediaPlayerEditor
LogPluginManager: Mounting plugin LuminPlatformFeatures
LogPluginManager: Mounting plugin MagicLeap
LogPluginManager: Mounting plugin WebMMedia
LogPluginManager: Mounting plugin WmfMedia
LogPluginManager: Mounting plugin MagicLeapLightEstimation
LogPluginManager: Mounting plugin MagicLeapMedia
LogPluginManager: Mounting plugin MagicLeapPassableWorld
LogPluginManager: Mounting plugin MLSDK
LogPluginManager: Mounting plugin UdpMessaging
LogPluginManager: Mounting plugin TcpMessaging
LogPluginManager: Mounting plugin ActorSequence
LogPluginManager: Mounting plugin LevelSequenceEditor
LogPluginManager: Mounting plugin MatineeToLevelSequence
LogPluginManager: Mounting plugin TemplateSequence
LogPluginManager: Mounting plugin OnlineSubsystem
LogPluginManager: Mounting plugin OnlineSubsystemNull
LogPluginManager: Mounting plugin LauncherChunkInstaller
LogPluginManager: Mounting plugin ActorLayerUtilities
LogPluginManager: Mounting plugin OnlineSubsystemUtils
LogPluginManager: Mounting plugin AndroidDeviceProfileSelector
LogPluginManager: Mounting plugin AndroidMoviePlayer
LogPluginManager: Mounting plugin AndroidPermission
LogPluginManager: Mounting plugin AppleImageUtils
LogPluginManager: Mounting plugin AppleMoviePlayer
LogPluginManager: Mounting plugin ArchVisCharacter
LogPluginManager: Mounting plugin AssetTags
LogPluginManager: Mounting plugin AudioCapture
LogPluginManager: Mounting plugin AudioSynesthesia
LogPluginManager: Mounting plugin CableComponent
LogPluginManager: Mounting plugin ChunkDownloader
LogPluginManager: Mounting plugin CustomMeshComponent
LogPluginManager: Mounting plugin EditableMesh
LogPluginManager: Mounting plugin ExampleDeviceProfileSelector
LogPluginManager: Mounting plugin GoogleCloudMessaging
LogPluginManager: Mounting plugin GooglePAD
LogPluginManager: Mounting plugin LinuxDeviceProfileSelector
LogPluginManager: Mounting plugin IOSDeviceProfileSelector
LogPluginManager: Mounting plugin LocationServicesBPLibrary
LogPluginManager: Mounting plugin MobilePatchingUtils
LogPluginManager: Mounting plugin OpenXR
LogPluginManager: Mounting plugin OpenXREyeTracker
LogPluginManager: Mounting plugin OpenXRHandTracking
LogPluginManager: Mounting plugin PhysXVehicles
LogPluginManager: Mounting plugin PostSplashScreen
LogPluginManager: Mounting plugin ProceduralMeshComponent
LogPluginManager: Mounting plugin PropertyAccessEditor
LogPluginManager: Mounting plugin RuntimePhysXCooking
LogPluginManager: Mounting plugin SignificanceManager
LogPluginManager: Mounting plugin SoundFields
LogPluginManager: Mounting plugin Synthesis
LogPluginManager: Mounting plugin WebMMoviePlayer
LogPluginManager: Mounting plugin WindowsMoviePlayer
LogPluginManager: Mounting plugin ScreenshotTools
LogPluginManager: Mounting plugin Takes
LogPluginManager: Mounting plugin ContentBrowserClassDataSource
LogPluginManager: Mounting plugin ContentBrowserFileDataSource
LogPluginManager: Mounting plugin ContentBrowserAssetDataSource
LogPluginManager: Mounting plugin OnlineSubsystemGooglePlay
LogPluginManager: Mounting plugin OnlineSubsystemIOS
LogPluginManager: Mounting plugin OculusVR
LogPluginManager: Mounting plugin SteamVR
PixWinPlugin: PIX capture plugin failed to initialize! Check that the process is launched from PIX.
LogInit: Using libcurl 7.55.1-DEV
LogInit:  - built for x86_64-pc-win32
LogInit:  - supports SSL with OpenSSL/1.1.1
LogInit:  - supports HTTP deflate (compression) using libz 1.2.8
LogInit:  - other features:
LogInit:      CURL_VERSION_SSL
LogInit:      CURL_VERSION_LIBZ
LogInit:      CURL_VERSION_IPV6
LogInit:      CURL_VERSION_ASYNCHDNS
LogInit:      CURL_VERSION_LARGEFILE
LogInit:      CURL_VERSION_IDN
LogInit:  CurlRequestOptions (configurable via config and command line):
LogInit:  - bVerifyPeer = true  - Libcurl will verify peer certificate
LogInit:  - bUseHttpProxy = false  - Libcurl will NOT use HTTP proxy
LogInit:  - bDontReuseConnections = false  - Libcurl will reuse connections
LogInit:  - MaxHostConnections = 16  - Libcurl will limit the number of connections to a host
LogInit:  - LocalHostAddr = Default
LogInit:  - BufferSize = 65536
LogOnline: OSS: Creating online subsystem instance for: NULL
LogInit: WinSock: version 1.1 (2.2), MaxSocks=32767, MaxUdp=65467
LogOnline: OSS: TryLoadSubsystemAndSetDefault: Loaded subsystem for module [NULL]
LogOculusPluginWrapper: OculusPlugin initialized successfully
LogHMD: Failed initializing OVRPlugin 1.59.0
LogInit: Build: ++UE4+Release-4.27-CL-18319896
LogInit: Engine Version: 4.27.2-18319896+++UE4+Release-4.27
LogInit: Compatible Engine Version: 4.27.0-17155196+++UE4+Release-4.27
LogInit: Net CL: 17155196
LogInit: OS: Windows 10 (Release 2009) (), CPU: Intel(R) Core(TM) i7-7700K CPU @ 4.20GHz, GPU: NVIDIA GeForce GTX 1080
LogInit: Compiled (64-bit): Nov 30 2021 07:12:08
LogInit: Compiled with Visual C++: 19.24.28315.00
LogInit: Build Configuration: Development
LogInit: Branch Name: ++UE4+Release-4.27
LogInit: Command Line:  -EpicPortal -epicusername="CN Logan" -epicuserid=fd7af854c06a4ebe8c8a33dbf52fa687 -epiclocale=zh-Hans -epicsandboxid=ue
LogInit: Base Directory: D:/epic/UE_4.27/Engine/Binaries/Win64/
LogInit: Allocator: TBB
LogInit: Installed Engine Build: 1
LogDevObjectVersion: Number of dev versions registered: 29
LogDevObjectVersion:   Dev-Blueprints (B0D832E4-1F89-4F0D-ACCF-7EB736FD4AA2): 10
LogDevObjectVersion:   Dev-Build (E1C64328-A22C-4D53-A36C-8E866417BD8C): 0
LogDevObjectVersion:   Dev-Core (375EC13C-06E4-48FB-B500-84F0262A717E): 4
LogDevObjectVersion:   Dev-Editor (E4B068ED-F494-42E9-A231-DA0B2E46BB41): 40
LogDevObjectVersion:   Dev-Framework (CFFC743F-43B0-4480-9391-14DF171D2073): 37
LogDevObjectVersion:   Dev-Mobile (B02B49B5-BB20-44E9-A304-32B752E40360): 3
LogDevObjectVersion:   Dev-Networking (A4E4105C-59A1-49B5-A7C5-40C4547EDFEE): 0
LogDevObjectVersion:   Dev-Online (39C831C9-5AE6-47DC-9A44-9C173E1C8E7C): 0
LogDevObjectVersion:   Dev-Physics (78F01B33-EBEA-4F98-B9B4-84EACCB95AA2): 14
LogDevObjectVersion:   Dev-Platform (6631380F-2D4D-43E0-8009-CF276956A95A): 0
LogDevObjectVersion:   Dev-Rendering (12F88B9F-8875-4AFC-A67C-D90C383ABD29): 45
LogDevObjectVersion:   Dev-Sequencer (7B5AE74C-D270-4C10-A958-57980B212A5A): 13
LogDevObjectVersion:   Dev-VR (D7296918-1DD6-4BDD-9DE2-64A83CC13884): 3
LogDevObjectVersion:   Dev-LoadTimes (C2A15278-BFE7-4AFE-6C17-90FF531DF755): 1
LogDevObjectVersion:   Private-Geometry (6EACA3D4-40EC-4CC1-B786-8BED09428FC5): 3
LogDevObjectVersion:   Dev-AnimPhys (29E575DD-E0A3-4627-9D10-D276232CDCEA): 17
LogDevObjectVersion:   Dev-Anim (AF43A65D-7FD3-4947-9873-3E8ED9C1BB05): 15
LogDevObjectVersion:   Dev-ReflectionCapture (6B266CEC-1EC7-4B8F-A30B-E4D90942FC07): 1
LogDevObjectVersion:   Dev-Automation (0DF73D61-A23F-47EA-B727-89E90C41499A): 1
LogDevObjectVersion:   FortniteMain (601D1886-AC64-4F84-AA16-D3DE0DEAC7D6): 47
LogDevObjectVersion:   FortniteRelease (E7086368-6B23-4C58-8439-1B7016265E91): 1
LogDevObjectVersion:   Dev-Enterprise (9DFFBCD6-494F-0158-E221-12823C92A888): 10
LogDevObjectVersion:   Dev-Niagara (F2AED0AC-9AFE-416F-8664-AA7FFA26D6FC): 1
LogDevObjectVersion:   Dev-Destruction (174F1F0B-B4C6-45A5-B13F-2EE8D0FB917D): 10
LogDevObjectVersion:   Dev-Physics-Ext (35F94A83-E258-406C-A318-09F59610247C): 41
LogDevObjectVersion:   Dev-PhysicsMaterial-Chaos (B68FC16E-8B1B-42E2-B453-215C058844FE): 1
LogDevObjectVersion:   Dev-CineCamera (B2E18506-4273-CFC2-A54E-F4BB758BBA07): 1
LogDevObjectVersion:   Dev-VirtualProduction (64F58936-FD1B-42BA-BA96-7289D5D0FA4E): 1
LogDevObjectVersion:   Dev-MediaFramework (6F0ED827-A609-4895-9C91-998D90180EA4): 2
LogInit: Presizing for max 25165824 objects, including 0 objects not considered by GC, pre-allocating 0 bytes for permanent pool.
LogConfig: Applying CVar settings from Section [/Script/Engine.StreamingSettings] File [D:/github/group-project/group_project/Saved/Config/Windows/Engine.ini]
LogConfig: Setting CVar [[s.MinBulkDataSizeForAsyncLoading:131072]]
LogConfig: Setting CVar [[s.AsyncLoadingThreadEnabled:0]]
LogConfig: Setting CVar [[s.EventDrivenLoaderEnabled:1]]
LogConfig: Setting CVar [[s.WarnIfTimeLimitExceeded:0]]
LogConfig: Setting CVar [[s.TimeLimitExceededMultiplier:1.5]]
LogConfig: Setting CVar [[s.TimeLimitExceededMinTime:0.005]]
LogConfig: Setting CVar [[s.UseBackgroundLevelStreaming:1]]
LogConfig: Setting CVar [[s.PriorityAsyncLoadingExtraTime:15.0]]
LogConfig: Setting CVar [[s.LevelStreamingActorsUpdateTimeLimit:5.0]]
LogConfig: Setting CVar [[s.PriorityLevelStreamingActorsUpdateExtraTime:5.0]]
LogConfig: Setting CVar [[s.LevelStreamingComponentsRegistrationGranularity:10]]
LogConfig: Setting CVar [[s.UnregisterComponentsTimeLimit:1.0]]
LogConfig: Setting CVar [[s.LevelStreamingComponentsUnregistrationGranularity:5]]
LogConfig: Setting CVar [[s.FlushStreamingOnExit:1]]
LogInit: Object subsystem initialized
LogConfig: Setting CVar [[con.DebugEarlyDefault:1]]
LogConfig: Setting CVar [[r.setres:1280x720]]
[2021.12.11-22.19.16:181][  0]LogConfig: Setting CVar [[r.VSync:0]]
[2021.12.11-22.19.16:181][  0]LogConfig: Setting CVar [[r.RHICmdBypass:0]]
[2021.12.11-22.19.16:181][  0]LogConfig: Applying CVar settings from Section [/Script/Engine.RendererSettings] File [D:/github/group-project/group_project/Saved/Config/Windows/Engine.ini]
[2021.12.11-22.19.16:181][  0]LogConfig: Setting CVar [[r.GPUCrashDebugging:0]]
[2021.12.11-22.19.16:181][  0]LogConfig: Applying CVar settings from Section [/Script/Engine.RendererOverrideSettings] File [D:/github/group-project/group_project/Saved/Config/Windows/Engine.ini]
[2021.12.11-22.19.16:181][  0]LogConfig: Applying CVar settings from Section [/Script/Engine.StreamingSettings] File [D:/github/group-project/group_project/Saved/Config/Windows/Engine.ini]
[2021.12.11-22.19.16:181][  0]LogConfig: Setting CVar [[s.MinBulkDataSizeForAsyncLoading:131072]]
[2021.12.11-22.19.16:181][  0]LogConfig: Setting CVar [[s.AsyncLoadingThreadEnabled:0]]
[2021.12.11-22.19.16:181][  0]LogConfig: Setting CVar [[s.EventDrivenLoaderEnabled:1]]
[2021.12.11-22.19.16:181][  0]LogConfig: Setting CVar [[s.WarnIfTimeLimitExceeded:0]]
[2021.12.11-22.19.16:181][  0]LogConfig: Setting CVar [[s.TimeLimitExceededMultiplier:1.5]]
[2021.12.11-22.19.16:181][  0]LogConfig: Setting CVar [[s.TimeLimitExceededMinTime:0.005]]
[2021.12.11-22.19.16:181][  0]LogConfig: Setting CVar [[s.UseBackgroundLevelStreaming:1]]
[2021.12.11-22.19.16:181][  0]LogConfig: Setting CVar [[s.PriorityAsyncLoadingExtraTime:15.0]]
[2021.12.11-22.19.16:181][  0]LogConfig: Setting CVar [[s.LevelStreamingActorsUpdateTimeLimit:5.0]]
[2021.12.11-22.19.16:181][  0]LogConfig: Setting CVar [[s.PriorityLevelStreamingActorsUpdateExtraTime:5.0]]
[2021.12.11-22.19.16:181][  0]LogConfig: Setting CVar [[s.LevelStreamingComponentsRegistrationGranularity:10]]
[2021.12.11-22.19.16:181][  0]LogConfig: Setting CVar [[s.UnregisterComponentsTimeLimit:1.0]]
[2021.12.11-22.19.16:181][  0]LogConfig: Setting CVar [[s.LevelStreamingComponentsUnregistrationGranularity:5]]
[2021.12.11-22.19.16:181][  0]LogConfig: Setting CVar [[s.FlushStreamingOnExit:1]]
[2021.12.11-22.19.16:181][  0]LogConfig: Applying CVar settings from Section [/Script/Engine.GarbageCollectionSettings] File [D:/github/group-project/group_project/Saved/Config/Windows/Engine.ini]
[2021.12.11-22.19.16:181][  0]LogConfig: Setting CVar [[gc.MaxObjectsNotConsideredByGC:1]]
[2021.12.11-22.19.16:181][  0]LogConfig: Setting CVar [[gc.SizeOfPermanentObjectPool:0]]
[2021.12.11-22.19.16:181][  0]LogConfig: Setting CVar [[gc.FlushStreamingOnGC:0]]
[2021.12.11-22.19.16:181][  0]LogConfig: Setting CVar [[gc.NumRetriesBeforeForcingGC:10]]
[2021.12.11-22.19.16:181][  0]LogConfig: Setting CVar [[gc.AllowParallelGC:1]]
[2021.12.11-22.19.16:181][  0]LogConfig: Setting CVar [[gc.TimeBetweenPurgingPendingKillObjects:61.1]]
[2021.12.11-22.19.16:181][  0]LogConfig: Setting CVar [[gc.MaxObjectsInEditor:25165824]]
[2021.12.11-22.19.16:181][  0]LogConfig: Setting CVar [[gc.IncrementalBeginDestroyEnabled:1]]
[2021.12.11-22.19.16:181][  0]LogConfig: Setting CVar [[gc.CreateGCClusters:1]]
[2021.12.11-22.19.16:181][  0]LogConfig: Setting CVar [[gc.MinGCClusterSize:5]]
[2021.12.11-22.19.16:181][  0]LogConfig: Setting CVar [[gc.ActorClusteringEnabled:0]]
[2021.12.11-22.19.16:181][  0]LogConfig: Setting CVar [[gc.BlueprintClusteringEnabled:0]]
[2021.12.11-22.19.16:182][  0]LogConfig: Setting CVar [[gc.UseDisregardForGCOnDedicatedServers:0]]
[2021.12.11-22.19.16:182][  0]LogConfig: Setting CVar [[gc.MultithreadedDestructionEnabled:1]]
[2021.12.11-22.19.16:182][  0]LogConfig: Applying CVar settings from Section [/Script/Engine.NetworkSettings] File [D:/github/group-project/group_project/Saved/Config/Windows/Engine.ini]
[2021.12.11-22.19.16:182][  0]LogConfig: Applying CVar settings from Section [/Script/UnrealEd.CookerSettings] File [D:/github/group-project/group_project/Saved/Config/Windows/Engine.ini]
[2021.12.11-22.19.16:195][  0]LogConfig: Applying CVar settings from Section [ViewDistanceQuality@3] File [D:/github/group-project/group_project/Saved/Config/Windows/Scalability.ini]
[2021.12.11-22.19.16:195][  0]LogConfig: Setting CVar [[r.SkeletalMeshLODBias:0]]
[2021.12.11-22.19.16:195][  0]LogConfig: Setting CVar [[r.ViewDistanceScale:1.0]]
[2021.12.11-22.19.16:195][  0]LogConfig: Applying CVar settings from Section [AntiAliasingQuality@3] File [D:/github/group-project/group_project/Saved/Config/Windows/Scalability.ini]
[2021.12.11-22.19.16:195][  0]LogConfig: Setting CVar [[r.PostProcessAAQuality:4]]
[2021.12.11-22.19.16:195][  0]LogConfig: Applying CVar settings from Section [ShadowQuality@3] File [D:/github/group-project/group_project/Saved/Config/Windows/Scalability.ini]
[2021.12.11-22.19.16:195][  0]LogConfig: Setting CVar [[r.LightFunctionQuality:1]]
[2021.12.11-22.19.16:195][  0]LogConfig: Setting CVar [[r.ShadowQuality:5]]
[2021.12.11-22.19.16:195][  0]LogConfig: Setting CVar [[r.Shadow.CSM.MaxCascades:10]]
[2021.12.11-22.19.16:195][  0]LogConfig: Setting CVar [[r.Shadow.MaxResolution:2048]]
[2021.12.11-22.19.16:195][  0]LogConfig: Setting CVar [[r.Shadow.MaxCSMResolution:2048]]
[2021.12.11-22.19.16:195][  0]LogConfig: Setting CVar [[r.Shadow.RadiusThreshold:0.01]]
[2021.12.11-22.19.16:195][  0]LogConfig: Setting CVar [[r.Shadow.DistanceScale:1.0]]
[2021.12.11-22.19.16:195][  0]LogConfig: Setting CVar [[r.Shadow.CSM.TransitionScale:1.0]]
[2021.12.11-22.19.16:195][  0]LogConfig: Setting CVar [[r.Shadow.PreShadowResolutionFactor:1.0]]
[2021.12.11-22.19.16:195][  0]LogConfig: Setting CVar [[r.DistanceFieldShadowing:1]]
[2021.12.11-22.19.16:195][  0]LogConfig: Setting CVar [[r.DistanceFieldAO:1]]
[2021.12.11-22.19.16:195][  0]LogConfig: Setting CVar [[r.AOQuality:2]]
[2021.12.11-22.19.16:195][  0]LogConfig: Setting CVar [[r.VolumetricFog:1]]
[2021.12.11-22.19.16:195][  0]LogConfig: Setting CVar [[r.VolumetricFog.GridPixelSize:8]]
[2021.12.11-22.19.16:195][  0]LogConfig: Setting CVar [[r.VolumetricFog.GridSizeZ:128]]
[2021.12.11-22.19.16:195][  0]LogConfig: Setting CVar [[r.VolumetricFog.HistoryMissSupersampleCount:4]]
[2021.12.11-22.19.16:195][  0]LogConfig: Setting CVar [[r.LightMaxDrawDistanceScale:1]]
[2021.12.11-22.19.16:195][  0]LogConfig: Setting CVar [[r.CapsuleShadows:1]]
[2021.12.11-22.19.16:195][  0]LogConfig: Applying CVar settings from Section [PostProcessQuality@3] File [D:/github/group-project/group_project/Saved/Config/Windows/Scalability.ini]
[2021.12.11-22.19.16:195][  0]LogConfig: Setting CVar [[r.MotionBlurQuality:4]]
[2021.12.11-22.19.16:195][  0]LogConfig: Setting CVar [[r.AmbientOcclusionMipLevelFactor:0.4]]
[2021.12.11-22.19.16:195][  0]LogConfig: Setting CVar [[r.AmbientOcclusionMaxQuality:100]]
[2021.12.11-22.19.16:195][  0]LogConfig: Setting CVar [[r.AmbientOcclusionLevels:-1]]
[2021.12.11-22.19.16:195][  0]LogConfig: Setting CVar [[r.AmbientOcclusionRadiusScale:1.0]]
[2021.12.11-22.19.16:195][  0]LogConfig: Setting CVar [[r.DepthOfFieldQuality:2]]
[2021.12.11-22.19.16:195][  0]LogConfig: Setting CVar [[r.RenderTargetPoolMin:400]]
[2021.12.11-22.19.16:195][  0]LogConfig: Setting CVar [[r.LensFlareQuality:2]]
[2021.12.11-22.19.16:195][  0]LogConfig: Setting CVar [[r.SceneColorFringeQuality:1]]
[2021.12.11-22.19.16:195][  0]LogConfig: Setting CVar [[r.EyeAdaptationQuality:2]]
[2021.12.11-22.19.16:195][  0]LogConfig: Setting CVar [[r.BloomQuality:5]]
[2021.12.11-22.19.16:195][  0]LogConfig: Setting CVar [[r.FastBlurThreshold:100]]
[2021.12.11-22.19.16:195][  0]LogConfig: Setting CVar [[r.Upscale.Quality:3]]
[2021.12.11-22.19.16:195][  0]LogConfig: Setting CVar [[r.Tonemapper.GrainQuantization:1]]
[2021.12.11-22.19.16:195][  0]LogConfig: Setting CVar [[r.LightShaftQuality:1]]
[2021.12.11-22.19.16:195][  0]LogConfig: Setting CVar [[r.Filter.SizeScale:1]]
[2021.12.11-22.19.16:195][  0]LogConfig: Setting CVar [[r.Tonemapper.Quality:5]]
[2021.12.11-22.19.16:195][  0]LogConfig: Setting CVar [[r.DOF.Gather.AccumulatorQuality:1        ; higher gathering accumulator quality]]
[2021.12.11-22.19.16:195][  0]LogConfig: Setting CVar [[r.DOF.Gather.PostfilterMethod:1          ; Median3x3 postfilering method]]
[2021.12.11-22.19.16:195][  0]LogConfig: Setting CVar [[r.DOF.Gather.EnableBokehSettings:0       ; no bokeh simulation when gathering]]
[2021.12.11-22.19.16:195][  0]LogConfig: Setting CVar [[r.DOF.Gather.RingCount:4                 ; medium number of samples when gathering]]
[2021.12.11-22.19.16:195][  0]LogConfig: Setting CVar [[r.DOF.Scatter.ForegroundCompositing:1    ; additive foreground scattering]]
[2021.12.11-22.19.16:196][  0]LogConfig: Setting CVar [[r.DOF.Scatter.BackgroundCompositing:2    ; additive background scattering]]
[2021.12.11-22.19.16:196][  0]LogConfig: Setting CVar [[r.DOF.Scatter.EnableBokehSettings:1      ; bokeh simulation when scattering]]
[2021.12.11-22.19.16:196][  0]LogConfig: Setting CVar [[r.DOF.Scatter.MaxSpriteRatio:0.1         ; only a maximum of 10% of scattered bokeh]]
[2021.12.11-22.19.16:196][  0]LogConfig: Setting CVar [[r.DOF.Recombine.Quality:1                ; cheap slight out of focus]]
[2021.12.11-22.19.16:196][  0]LogConfig: Setting CVar [[r.DOF.Recombine.EnableBokehSettings:0    ; no bokeh simulation on slight out of focus]]
[2021.12.11-22.19.16:196][  0]LogConfig: Setting CVar [[r.DOF.TemporalAAQuality:1                ; more stable temporal accumulation]]
[2021.12.11-22.19.16:196][  0]LogConfig: Setting CVar [[r.DOF.Kernel.MaxForegroundRadius:0.025]]
[2021.12.11-22.19.16:196][  0]LogConfig: Setting CVar [[r.DOF.Kernel.MaxBackgroundRadius:0.025]]
[2021.12.11-22.19.16:196][  0]LogConfig: Applying CVar settings from Section [TextureQuality@3] File [D:/github/group-project/group_project/Saved/Config/Windows/Scalability.ini]
[2021.12.11-22.19.16:196][  0]LogConfig: Setting CVar [[r.Streaming.MipBias:0]]
[2021.12.11-22.19.16:196][  0]LogConfig: Setting CVar [[r.Streaming.AmortizeCPUToGPUCopy:0]]
[2021.12.11-22.19.16:196][  0]LogConfig: Setting CVar [[r.Streaming.MaxNumTexturesToStreamPerFrame:0]]
[2021.12.11-22.19.16:196][  0]LogConfig: Setting CVar [[r.Streaming.Boost:1]]
[2021.12.11-22.19.16:196][  0]LogConfig: Setting CVar [[r.MaxAnisotropy:8]]
[2021.12.11-22.19.16:196][  0]LogConfig: Setting CVar [[r.VT.MaxAnisotropy:8]]
[2021.12.11-22.19.16:196][  0]LogConfig: Setting CVar [[r.Streaming.LimitPoolSizeToVRAM:0]]
[2021.12.11-22.19.16:196][  0]LogConfig: Setting CVar [[r.Streaming.PoolSize:1000]]
[2021.12.11-22.19.16:196][  0]LogConfig: Setting CVar [[r.Streaming.MaxEffectiveScreenSize:0]]
[2021.12.11-22.19.16:196][  0]LogConfig: Applying CVar settings from Section [EffectsQuality@3] File [D:/github/group-project/group_project/Saved/Config/Windows/Scalability.ini]
[2021.12.11-22.19.16:196][  0]LogConfig: Setting CVar [[r.TranslucencyLightingVolumeDim:64]]
[2021.12.11-22.19.16:196][  0]LogConfig: Setting CVar [[r.RefractionQuality:2]]
[2021.12.11-22.19.16:196][  0]LogConfig: Setting CVar [[r.SSR.Quality:3]]
[2021.12.11-22.19.16:196][  0]LogConfig: Setting CVar [[r.SSR.HalfResSceneColor:0]]
[2021.12.11-22.19.16:196][  0]LogConfig: Setting CVar [[r.SceneColorFormat:4]]
[2021.12.11-22.19.16:196][  0]LogConfig: Setting CVar [[r.DetailMode:2]]
[2021.12.11-22.19.16:196][  0]LogConfig: Setting CVar [[r.TranslucencyVolumeBlur:1]]
[2021.12.11-22.19.16:196][  0]LogConfig: Setting CVar [[r.MaterialQualityLevel:1 ; High quality]]
[2021.12.11-22.19.16:196][  0]LogConfig: Setting CVar [[r.AnisotropicMaterials:1]]
[2021.12.11-22.19.16:196][  0]LogConfig: Setting CVar [[r.SSS.Scale:1]]
[2021.12.11-22.19.16:196][  0]LogConfig: Setting CVar [[r.SSS.SampleSet:2]]
[2021.12.11-22.19.16:196][  0]LogConfig: Setting CVar [[r.SSS.Quality:1]]
[2021.12.11-22.19.16:196][  0]LogConfig: Setting CVar [[r.SSS.HalfRes:0]]
[2021.12.11-22.19.16:196][  0]LogConfig: Setting CVar [[r.SSGI.Quality:3]]
[2021.12.11-22.19.16:196][  0]LogConfig: Setting CVar [[r.EmitterSpawnRateScale:1.0]]
[2021.12.11-22.19.16:196][  0]LogConfig: Setting CVar [[r.ParticleLightQuality:2]]
[2021.12.11-22.19.16:196][  0]LogConfig: Setting CVar [[r.SkyAtmosphere.AerialPerspectiveLUT.FastApplyOnOpaque:1 ; Always have FastSkyLUT 1 in this case to avoid wrong sky]]
[2021.12.11-22.19.16:196][  0]LogConfig: Setting CVar [[r.SkyAtmosphere.AerialPerspectiveLUT.SampleCountMaxPerSlice:4]]
[2021.12.11-22.19.16:196][  0]LogConfig: Setting CVar [[r.SkyAtmosphere.AerialPerspectiveLUT.DepthResolution:16.0]]
[2021.12.11-22.19.16:196][  0]LogConfig: Setting CVar [[r.SkyAtmosphere.FastSkyLUT:1]]
[2021.12.11-22.19.16:196][  0]LogConfig: Setting CVar [[r.SkyAtmosphere.FastSkyLUT.SampleCountMin:4.0]]
[2021.12.11-22.19.16:196][  0]LogConfig: Setting CVar [[r.SkyAtmosphere.FastSkyLUT.SampleCountMax:128.0]]
[2021.12.11-22.19.16:196][  0]LogConfig: Setting CVar [[r.SkyAtmosphere.SampleCountMin:4.0]]
[2021.12.11-22.19.16:196][  0]LogConfig: Setting CVar [[r.SkyAtmosphere.SampleCountMax:128.0]]
[2021.12.11-22.19.16:196][  0]LogConfig: Setting CVar [[r.SkyAtmosphere.TransmittanceLUT.UseSmallFormat:0]]
[2021.12.11-22.19.16:196][  0]LogConfig: Setting CVar [[r.SkyAtmosphere.TransmittanceLUT.SampleCount:10.0]]
[2021.12.11-22.19.16:196][  0]LogConfig: Setting CVar [[r.SkyAtmosphere.MultiScatteringLUT.SampleCount:15.0]]
[2021.12.11-22.19.16:196][  0]LogConfig: Setting CVar [[r.SkyLight.RealTimeReflectionCapture:1]]
[2021.12.11-22.19.16:196][  0]LogConfig: Applying CVar settings from Section [FoliageQuality@3] File [D:/github/group-project/group_project/Saved/Config/Windows/Scalability.ini]
[2021.12.11-22.19.16:196][  0]LogConfig: Setting CVar [[foliage.DensityScale:1.0]]
[2021.12.11-22.19.16:196][  0]LogConfig: Setting CVar [[grass.DensityScale:1.0]]
[2021.12.11-22.19.16:196][  0]LogConfig: Applying CVar settings from Section [ShadingQuality@3] File [D:/github/group-project/group_project/Saved/Config/Windows/Scalability.ini]
[2021.12.11-22.19.16:196][  0]LogConfig: Setting CVar [[r.HairStrands.SkyLighting.IntegrationType:2]]
[2021.12.11-22.19.16:196][  0]LogConfig: Setting CVar [[r.HairStrands.SkyAO.SampleCount:4]]
[2021.12.11-22.19.16:196][  0]LogConfig: Setting CVar [[r.HairStrands.Visibility.MSAA.SamplePerPixel:4]]
[2021.12.11-22.19.16:196][  0]LogInit: Selected Device Profile: [Windows]
[2021.12.11-22.19.16:196][  0]LogInit: Applying CVar settings loaded from the selected device profile: [Windows]
[2021.12.11-22.19.16:196][  0]LogHAL: Display: Platform has ~ 32 GB [34325741568 / 34359738368 / 32], which maps to Largest [LargestMinGB=32, LargerMinGB=12, DefaultMinGB=8, SmallerMinGB=6, SmallestMinGB=0)
[2021.12.11-22.19.16:196][  0]LogInit: Going up to parent DeviceProfile []
[2021.12.11-22.19.16:196][  0]LogConfig: Applying CVar settings from Section [ViewDistanceQuality@3] File [D:/github/group-project/group_project/Saved/Config/Windows/Scalability.ini]
[2021.12.11-22.19.16:196][  0]LogConfig: Setting CVar [[r.SkeletalMeshLODBias:0]]
[2021.12.11-22.19.16:196][  0]LogConfig: Setting CVar [[r.ViewDistanceScale:1.0]]
[2021.12.11-22.19.16:196][  0]LogConfig: Applying CVar settings from Section [AntiAliasingQuality@3] File [D:/github/group-project/group_project/Saved/Config/Windows/Scalability.ini]
[2021.12.11-22.19.16:196][  0]LogConfig: Setting CVar [[r.PostProcessAAQuality:4]]
[2021.12.11-22.19.16:196][  0]LogConfig: Applying CVar settings from Section [ShadowQuality@3] File [D:/github/group-project/group_project/Saved/Config/Windows/Scalability.ini]
[2021.12.11-22.19.16:196][  0]LogConfig: Setting CVar [[r.LightFunctionQuality:1]]
[2021.12.11-22.19.16:196][  0]LogConfig: Setting CVar [[r.ShadowQuality:5]]
[2021.12.11-22.19.16:196][  0]LogConfig: Setting CVar [[r.Shadow.CSM.MaxCascades:10]]
[2021.12.11-22.19.16:196][  0]LogConfig: Setting CVar [[r.Shadow.MaxResolution:2048]]
[2021.12.11-22.19.16:196][  0]LogConfig: Setting CVar [[r.Shadow.MaxCSMResolution:2048]]
[2021.12.11-22.19.16:196][  0]LogConfig: Setting CVar [[r.Shadow.RadiusThreshold:0.01]]
[2021.12.11-22.19.16:196][  0]LogConfig: Setting CVar [[r.Shadow.DistanceScale:1.0]]
[2021.12.11-22.19.16:196][  0]LogConfig: Setting CVar [[r.Shadow.CSM.TransitionScale:1.0]]
[2021.12.11-22.19.16:196][  0]LogConfig: Setting CVar [[r.Shadow.PreShadowResolutionFactor:1.0]]
[2021.12.11-22.19.16:196][  0]LogConfig: Setting CVar [[r.DistanceFieldShadowing:1]]
[2021.12.11-22.19.16:196][  0]LogConfig: Setting CVar [[r.DistanceFieldAO:1]]
[2021.12.11-22.19.16:196][  0]LogConfig: Setting CVar [[r.AOQuality:2]]
[2021.12.11-22.19.16:196][  0]LogConfig: Setting CVar [[r.VolumetricFog:1]]
[2021.12.11-22.19.16:196][  0]LogConfig: Setting CVar [[r.VolumetricFog.GridPixelSize:8]]
[2021.12.11-22.19.16:196][  0]LogConfig: Setting CVar [[r.VolumetricFog.GridSizeZ:128]]
[2021.12.11-22.19.16:196][  0]LogConfig: Setting CVar [[r.VolumetricFog.HistoryMissSupersampleCount:4]]
[2021.12.11-22.19.16:196][  0]LogConfig: Setting CVar [[r.LightMaxDrawDistanceScale:1]]
[2021.12.11-22.19.16:196][  0]LogConfig: Setting CVar [[r.CapsuleShadows:1]]
[2021.12.11-22.19.16:197][  0]LogConfig: Applying CVar settings from Section [PostProcessQuality@3] File [D:/github/group-project/group_project/Saved/Config/Windows/Scalability.ini]
[2021.12.11-22.19.16:197][  0]LogConfig: Setting CVar [[r.MotionBlurQuality:4]]
[2021.12.11-22.19.16:197][  0]LogConfig: Setting CVar [[r.AmbientOcclusionMipLevelFactor:0.4]]
[2021.12.11-22.19.16:197][  0]LogConfig: Setting CVar [[r.AmbientOcclusionMaxQuality:100]]
[2021.12.11-22.19.16:197][  0]LogConfig: Setting CVar [[r.AmbientOcclusionLevels:-1]]
[2021.12.11-22.19.16:197][  0]LogConfig: Setting CVar [[r.AmbientOcclusionRadiusScale:1.0]]
[2021.12.11-22.19.16:197][  0]LogConfig: Setting CVar [[r.DepthOfFieldQuality:2]]
[2021.12.11-22.19.16:197][  0]LogConfig: Setting CVar [[r.RenderTargetPoolMin:400]]
[2021.12.11-22.19.16:197][  0]LogConfig: Setting CVar [[r.LensFlareQuality:2]]
[2021.12.11-22.19.16:197][  0]LogConfig: Setting CVar [[r.SceneColorFringeQuality:1]]
[2021.12.11-22.19.16:197][  0]LogConfig: Setting CVar [[r.EyeAdaptationQuality:2]]
[2021.12.11-22.19.16:197][  0]LogConfig: Setting CVar [[r.BloomQuality:5]]
[2021.12.11-22.19.16:197][  0]LogConfig: Setting CVar [[r.FastBlurThreshold:100]]
[2021.12.11-22.19.16:197][  0]LogConfig: Setting CVar [[r.Upscale.Quality:3]]
[2021.12.11-22.19.16:197][  0]LogConfig: Setting CVar [[r.Tonemapper.GrainQuantization:1]]
[2021.12.11-22.19.16:197][  0]LogConfig: Setting CVar [[r.LightShaftQuality:1]]
[2021.12.11-22.19.16:197][  0]LogConfig: Setting CVar [[r.Filter.SizeScale:1]]
[2021.12.11-22.19.16:197][  0]LogConfig: Setting CVar [[r.Tonemapper.Quality:5]]
[2021.12.11-22.19.16:197][  0]LogConfig: Setting CVar [[r.DOF.Gather.AccumulatorQuality:1        ; higher gathering accumulator quality]]
[2021.12.11-22.19.16:197][  0]LogConfig: Setting CVar [[r.DOF.Gather.PostfilterMethod:1          ; Median3x3 postfilering method]]
[2021.12.11-22.19.16:197][  0]LogConfig: Setting CVar [[r.DOF.Gather.EnableBokehSettings:0       ; no bokeh simulation when gathering]]
[2021.12.11-22.19.16:197][  0]LogConfig: Setting CVar [[r.DOF.Gather.RingCount:4                 ; medium number of samples when gathering]]
[2021.12.11-22.19.16:197][  0]LogConfig: Setting CVar [[r.DOF.Scatter.ForegroundCompositing:1    ; additive foreground scattering]]
[2021.12.11-22.19.16:197][  0]LogConfig: Setting CVar [[r.DOF.Scatter.BackgroundCompositing:2    ; additive background scattering]]
[2021.12.11-22.19.16:197][  0]LogConfig: Setting CVar [[r.DOF.Scatter.EnableBokehSettings:1      ; bokeh simulation when scattering]]
[2021.12.11-22.19.16:197][  0]LogConfig: Setting CVar [[r.DOF.Scatter.MaxSpriteRatio:0.1         ; only a maximum of 10% of scattered bokeh]]
[2021.12.11-22.19.16:197][  0]LogConfig: Setting CVar [[r.DOF.Recombine.Quality:1                ; cheap slight out of focus]]
[2021.12.11-22.19.16:197][  0]LogConfig: Setting CVar [[r.DOF.Recombine.EnableBokehSettings:0    ; no bokeh simulation on slight out of focus]]
[2021.12.11-22.19.16:197][  0]LogConfig: Setting CVar [[r.DOF.TemporalAAQuality:1                ; more stable temporal accumulation]]
[2021.12.11-22.19.16:197][  0]LogConfig: Setting CVar [[r.DOF.Kernel.MaxForegroundRadius:0.025]]
[2021.12.11-22.19.16:197][  0]LogConfig: Setting CVar [[r.DOF.Kernel.MaxBackgroundRadius:0.025]]
[2021.12.11-22.19.16:197][  0]LogConfig: Applying CVar settings from Section [TextureQuality@3] File [D:/github/group-project/group_project/Saved/Config/Windows/Scalability.ini]
[2021.12.11-22.19.16:197][  0]LogConfig: Setting CVar [[r.Streaming.MipBias:0]]
[2021.12.11-22.19.16:197][  0]LogConfig: Setting CVar [[r.Streaming.AmortizeCPUToGPUCopy:0]]
[2021.12.11-22.19.16:197][  0]LogConfig: Setting CVar [[r.Streaming.MaxNumTexturesToStreamPerFrame:0]]
[2021.12.11-22.19.16:197][  0]LogConfig: Setting CVar [[r.Streaming.Boost:1]]
[2021.12.11-22.19.16:197][  0]LogConfig: Setting CVar [[r.MaxAnisotropy:8]]
[2021.12.11-22.19.16:197][  0]LogConfig: Setting CVar [[r.VT.MaxAnisotropy:8]]
[2021.12.11-22.19.16:197][  0]LogConfig: Setting CVar [[r.Streaming.LimitPoolSizeToVRAM:0]]
[2021.12.11-22.19.16:197][  0]LogConfig: Setting CVar [[r.Streaming.PoolSize:1000]]
[2021.12.11-22.19.16:197][  0]LogConfig: Setting CVar [[r.Streaming.MaxEffectiveScreenSize:0]]
[2021.12.11-22.19.16:197][  0]LogConfig: Applying CVar settings from Section [EffectsQuality@3] File [D:/github/group-project/group_project/Saved/Config/Windows/Scalability.ini]
[2021.12.11-22.19.16:197][  0]LogConfig: Setting CVar [[r.TranslucencyLightingVolumeDim:64]]
[2021.12.11-22.19.16:197][  0]LogConfig: Setting CVar [[r.RefractionQuality:2]]
[2021.12.11-22.19.16:197][  0]LogConfig: Setting CVar [[r.SSR.Quality:3]]
[2021.12.11-22.19.16:197][  0]LogConfig: Setting CVar [[r.SSR.HalfResSceneColor:0]]
[2021.12.11-22.19.16:197][  0]LogConfig: Setting CVar [[r.SceneColorFormat:4]]
[2021.12.11-22.19.16:197][  0]LogConfig: Setting CVar [[r.DetailMode:2]]
[2021.12.11-22.19.16:197][  0]LogConfig: Setting CVar [[r.TranslucencyVolumeBlur:1]]
[2021.12.11-22.19.16:197][  0]LogConfig: Setting CVar [[r.MaterialQualityLevel:1 ; High quality]]
[2021.12.11-22.19.16:197][  0]LogConfig: Setting CVar [[r.AnisotropicMaterials:1]]
[2021.12.11-22.19.16:197][  0]LogConfig: Setting CVar [[r.SSS.Scale:1]]
[2021.12.11-22.19.16:197][  0]LogConfig: Setting CVar [[r.SSS.SampleSet:2]]
[2021.12.11-22.19.16:197][  0]LogConfig: Setting CVar [[r.SSS.Quality:1]]
[2021.12.11-22.19.16:197][  0]LogConfig: Setting CVar [[r.SSS.HalfRes:0]]
[2021.12.11-22.19.16:197][  0]LogConfig: Setting CVar [[r.SSGI.Quality:3]]
[2021.12.11-22.19.16:197][  0]LogConfig: Setting CVar [[r.EmitterSpawnRateScale:1.0]]
[2021.12.11-22.19.16:197][  0]LogConfig: Setting CVar [[r.ParticleLightQuality:2]]
[2021.12.11-22.19.16:197][  0]LogConfig: Setting CVar [[r.SkyAtmosphere.AerialPerspectiveLUT.FastApplyOnOpaque:1 ; Always have FastSkyLUT 1 in this case to avoid wrong sky]]
[2021.12.11-22.19.16:197][  0]LogConfig: Setting CVar [[r.SkyAtmosphere.AerialPerspectiveLUT.SampleCountMaxPerSlice:4]]
[2021.12.11-22.19.16:197][  0]LogConfig: Setting CVar [[r.SkyAtmosphere.AerialPerspectiveLUT.DepthResolution:16.0]]
[2021.12.11-22.19.16:197][  0]LogConfig: Setting CVar [[r.SkyAtmosphere.FastSkyLUT:1]]
[2021.12.11-22.19.16:197][  0]LogConfig: Setting CVar [[r.SkyAtmosphere.FastSkyLUT.SampleCountMin:4.0]]
[2021.12.11-22.19.16:197][  0]LogConfig: Setting CVar [[r.SkyAtmosphere.FastSkyLUT.SampleCountMax:128.0]]
[2021.12.11-22.19.16:197][  0]LogConfig: Setting CVar [[r.SkyAtmosphere.SampleCountMin:4.0]]
[2021.12.11-22.19.16:197][  0]LogConfig: Setting CVar [[r.SkyAtmosphere.SampleCountMax:128.0]]
[2021.12.11-22.19.16:197][  0]LogConfig: Setting CVar [[r.SkyAtmosphere.TransmittanceLUT.UseSmallFormat:0]]
[2021.12.11-22.19.16:197][  0]LogConfig: Setting CVar [[r.SkyAtmosphere.TransmittanceLUT.SampleCount:10.0]]
[2021.12.11-22.19.16:197][  0]LogConfig: Setting CVar [[r.SkyAtmosphere.MultiScatteringLUT.SampleCount:15.0]]
[2021.12.11-22.19.16:197][  0]LogConfig: Setting CVar [[r.SkyLight.RealTimeReflectionCapture:1]]
[2021.12.11-22.19.16:197][  0]LogConfig: Applying CVar settings from Section [FoliageQuality@3] File [D:/github/group-project/group_project/Saved/Config/Windows/Scalability.ini]
[2021.12.11-22.19.16:197][  0]LogConfig: Setting CVar [[foliage.DensityScale:1.0]]
[2021.12.11-22.19.16:197][  0]LogConfig: Setting CVar [[grass.DensityScale:1.0]]
[2021.12.11-22.19.16:198][  0]LogConfig: Applying CVar settings from Section [ShadingQuality@3] File [D:/github/group-project/group_project/Saved/Config/Windows/Scalability.ini]
[2021.12.11-22.19.16:198][  0]LogConfig: Setting CVar [[r.HairStrands.SkyLighting.IntegrationType:2]]
[2021.12.11-22.19.16:198][  0]LogConfig: Setting CVar [[r.HairStrands.SkyAO.SampleCount:4]]
[2021.12.11-22.19.16:198][  0]LogConfig: Setting CVar [[r.HairStrands.Visibility.MSAA.SamplePerPixel:4]]
[2021.12.11-22.19.16:198][  0]LogConfig: Applying CVar settings from Section [Startup] File [../../../Engine/Config/ConsoleVariables.ini]
[2021.12.11-22.19.16:198][  0]LogConfig: Setting CVar [[net.UseAdaptiveNetUpdateFrequency:0]]
[2021.12.11-22.19.16:198][  0]LogConfig: Setting CVar [[p.chaos.AllowCreatePhysxBodies:1]]
[2021.12.11-22.19.16:198][  0]LogConfig: Setting CVar [[fx.SkipVectorVMBackendOptimizations:1]]
[2021.12.11-22.19.16:198][  0]LogConfig: Applying CVar settings from Section [ConsoleVariables] File [D:/github/group-project/group_project/Saved/Config/Windows/Engine.ini]
[2021.12.11-22.19.16:198][  0]LogConfig: Applying CVar settings from Section [ConsoleVariables] File [D:/github/group-project/group_project/Saved/Config/Windows/Editor.ini]
[2021.12.11-22.19.16:198][  0]LogInit: Computer: DESKTOP-T6K128S
[2021.12.11-22.19.16:198][  0]LogInit: User: 傻子吕师宇
[2021.12.11-22.19.16:198][  0]LogInit: CPU Page size=4096, Cores=4
[2021.12.11-22.19.16:198][  0]LogInit: High frequency timer resolution =10.000000 MHz
[2021.12.11-22.19.16:198][  0]LogMemory: Memory total: Physical=32.0GB (32GB approx)
[2021.12.11-22.19.16:198][  0]LogMemory: Platform Memory Stats for Windows
[2021.12.11-22.19.16:198][  0]LogMemory: Process Physical Memory: 152.02 MB used, 152.02 MB peak
[2021.12.11-22.19.16:198][  0]LogMemory: Process Virtual Memory: 128.96 MB used, 128.96 MB peak
[2021.12.11-22.19.16:198][  0]LogMemory: Physical Memory: 12244.45 MB used,  20491.13 MB free, 32735.58 MB total
[2021.12.11-22.19.16:198][  0]LogMemory: Virtual Memory: 134193544.00 MB used,  24185.04 MB free, 134217728.00 MB total
[2021.12.11-22.19.16:217][  0]LogWindows: WindowsPlatformFeatures enabled
[2021.12.11-22.19.16:352][  0]LogInit: Physics initialised using underlying interface: PhysX
[2021.12.11-22.19.16:353][  0]LogInit: Using OS detected language (en-GB).
[2021.12.11-22.19.16:353][  0]LogInit: Using OS detected locale (en-CA).
[2021.12.11-22.19.16:364][  0]LogTextLocalizationManager: No specific localization for 'en-GB' exists, so the 'en' localization will be used.
[2021.12.11-22.19.16:558][  0]LogInit: Setting process to per monitor DPI aware
[2021.12.11-22.19.16:683][  0]LogWindowsTextInputMethodSystem: Display: IME system deactivated.
[2021.12.11-22.19.16:705][  0]LogSlate: New Slate User Created.  User Index 0, Is Virtual User: 0
[2021.12.11-22.19.16:705][  0]LogSlate: Slate User Registered.  User Index 0, Is Virtual User: 0
[2021.12.11-22.19.17:013][  0]LogD3D11RHI: Loaded GFSDK_Aftermath_Lib.x64.dll
[2021.12.11-22.19.17:018][  0]LogHMD: Failed to initialize OpenVR with code 110
[2021.12.11-22.19.17:018][  0]LogD3D11RHI: D3D11 min allowed feature level: 11_0
[2021.12.11-22.19.17:018][  0]LogD3D11RHI: D3D11 max allowed feature level: 11_0
[2021.12.11-22.19.17:018][  0]LogD3D11RHI: D3D11 adapters:
[2021.12.11-22.19.17:218][  0]LogD3D11RHI:    0. 'NVIDIA GeForce GTX 1080' (Feature Level 11_0)
[2021.12.11-22.19.17:218][  0]LogD3D11RHI:       8079/0/16367 MB DedicatedVideo/DedicatedSystem/SharedSystem, Outputs:1, VendorId:0x10de
[2021.12.11-22.19.17:221][  0]LogD3D11RHI:    1. 'Microsoft Basic Render Driver' (Feature Level 11_0)
[2021.12.11-22.19.17:221][  0]LogD3D11RHI:       0/0/16367 MB DedicatedVideo/DedicatedSystem/SharedSystem, Outputs:0, VendorId:0x1414
[2021.12.11-22.19.17:221][  0]LogD3D11RHI: Chosen D3D11 Adapter:
[2021.12.11-22.19.17:221][  0]LogD3D11RHI:     Description : NVIDIA GeForce GTX 1080
[2021.12.11-22.19.17:221][  0]LogD3D11RHI:     VendorId    : 10de
[2021.12.11-22.19.17:221][  0]LogD3D11RHI:     DeviceId    : 1b80
[2021.12.11-22.19.17:221][  0]LogD3D11RHI:     SubSysId    : 37301458
[2021.12.11-22.19.17:221][  0]LogD3D11RHI:     Revision    : 00a1
[2021.12.11-22.19.17:221][  0]LogD3D11RHI:     DedicatedVideoMemory : 8471445504 bytes
[2021.12.11-22.19.17:221][  0]LogD3D11RHI:     DedicatedSystemMemory : 0 bytes
[2021.12.11-22.19.17:221][  0]LogD3D11RHI:     SharedSystemMemory : 17162870784 bytes
[2021.12.11-22.19.17:221][  0]LogD3D11RHI:     AdapterLuid : 0 61470
[2021.12.11-22.19.17:227][  0]LogD3D11RHI: Creating new Direct3DDevice
[2021.12.11-22.19.17:227][  0]LogD3D11RHI:     GPU DeviceId: 0x1b80 (for the marketing name, search the web for "GPU Device Id")
[2021.12.11-22.19.17:227][  0]LogWindows: EnumDisplayDevices:
[2021.12.11-22.19.17:227][  0]LogWindows:    0. 'NVIDIA GeForce GTX 1080' (P:1 D:1)
[2021.12.11-22.19.17:228][  0]LogWindows:    1. 'NVIDIA GeForce GTX 1080' (P:0 D:0)
[2021.12.11-22.19.17:229][  0]LogWindows:    2. 'NVIDIA GeForce GTX 1080' (P:0 D:0)
[2021.12.11-22.19.17:230][  0]LogWindows:    3. 'NVIDIA GeForce GTX 1080' (P:0 D:0)
[2021.12.11-22.19.17:230][  0]LogWindows: DebugString: FoundDriverCount:4 
[2021.12.11-22.19.17:230][  0]LogD3D11RHI:     Adapter Name: NVIDIA GeForce GTX 1080
[2021.12.11-22.19.17:230][  0]LogD3D11RHI:   Driver Version: 496.76 (internal:30.0.14.9676, unified:496.76)
[2021.12.11-22.19.17:230][  0]LogD3D11RHI:      Driver Date: 11-9-2021
[2021.12.11-22.19.17:230][  0]LogRHI: Texture pool is 5655 MB (70% of 8079 MB)
[2021.12.11-22.19.17:230][  0]LogD3D11RHI: Creating D3DDevice using adapter:
[2021.12.11-22.19.17:230][  0]LogD3D11RHI:     Description : NVIDIA GeForce GTX 1080
[2021.12.11-22.19.17:230][  0]LogD3D11RHI:     VendorId    : 10de
[2021.12.11-22.19.17:230][  0]LogD3D11RHI:     DeviceId    : 1b80
[2021.12.11-22.19.17:231][  0]LogD3D11RHI:     SubSysId    : 37301458
[2021.12.11-22.19.17:231][  0]LogD3D11RHI:     Revision    : 00a1
[2021.12.11-22.19.17:231][  0]LogD3D11RHI:     DedicatedVideoMemory : 8471445504 bytes
[2021.12.11-22.19.17:231][  0]LogD3D11RHI:     DedicatedSystemMemory : 0 bytes
[2021.12.11-22.19.17:231][  0]LogD3D11RHI:     SharedSystemMemory : 17162870784 bytes
[2021.12.11-22.19.17:231][  0]LogD3D11RHI:     AdapterLuid : 0 61470
[2021.12.11-22.19.17:293][  0]LogD3D11RHI: RHI has support for 64 bit atomics
[2021.12.11-22.19.17:294][  0]LogD3D11RHI: Async texture creation enabled
[2021.12.11-22.19.17:294][  0]LogD3D11RHI: Array index from any shader is supported
[2021.12.11-22.19.17:318][  0]LogD3D11RHI: GPU Timing Frequency: 1000.000000 (Debug: 2 1)
[2021.12.11-22.19.17:431][  0]LogRHI: GeForceNow SDK initialized: 1
[2021.12.11-22.19.18:012][  0]LogTargetPlatformManager: Display: Loaded TargetPlatform 'AllDesktop'
[2021.12.11-22.19.18:041][  0]LogTargetPlatformManager: Display: Loaded TargetPlatform 'Android'
[2021.12.11-22.19.18:041][  0]LogTargetPlatformManager: Display: Loaded TargetPlatform 'Android_ASTC'
[2021.12.11-22.19.18:041][  0]LogTargetPlatformManager: Display: Loaded TargetPlatform 'Android_DXT'
[2021.12.11-22.19.18:041][  0]LogTargetPlatformManager: Display: Loaded TargetPlatform 'Android_ETC2'
[2021.12.11-22.19.18:041][  0]LogTargetPlatformManager: Display: Loaded TargetPlatform 'AndroidClient'
[2021.12.11-22.19.18:041][  0]LogTargetPlatformManager: Display: Loaded TargetPlatform 'Android_ASTCClient'
[2021.12.11-22.19.18:041][  0]LogTargetPlatformManager: Display: Loaded TargetPlatform 'Android_DXTClient'
[2021.12.11-22.19.18:041][  0]LogTargetPlatformManager: Display: Loaded TargetPlatform 'Android_ETC2Client'
[2021.12.11-22.19.18:041][  0]LogTargetPlatformManager: Display: Loaded TargetPlatform 'Android_Multi'
[2021.12.11-22.19.18:041][  0]LogTargetPlatformManager: Display: Loaded TargetPlatform 'Android_MultiClient'
[2021.12.11-22.19.18:079][  0]LogTargetPlatformManager: Display: Loaded TargetPlatform 'IOSClient'
[2021.12.11-22.19.18:079][  0]LogTargetPlatformManager: Display: Loaded TargetPlatform 'IOS'
[2021.12.11-22.19.18:096][  0]LogTargetPlatformManager: Display: Loaded TargetPlatform 'Linux'
[2021.12.11-22.19.18:105][  0]LogTargetPlatformManager: Display: Loaded TargetPlatform 'LinuxNoEditor'
[2021.12.11-22.19.18:115][  0]LogTargetPlatformManager: Display: Loaded TargetPlatform 'LinuxClient'
[2021.12.11-22.19.18:125][  0]LogTargetPlatformManager: Display: Loaded TargetPlatform 'LinuxServer'
[2021.12.11-22.19.18:141][  0]LogTargetPlatformManager: Display: Loaded TargetPlatform 'LinuxAArch64NoEditor'
[2021.12.11-22.19.18:152][  0]LogTargetPlatformManager: Display: Loaded TargetPlatform 'LinuxAArch64Client'
[2021.12.11-22.19.18:165][  0]LogTargetPlatformManager: Display: Loaded TargetPlatform 'LinuxAArch64Server'
[2021.12.11-22.19.18:206][  0]LogTargetPlatformManager: Display: Loaded TargetPlatform 'Lumin'
[2021.12.11-22.19.18:206][  0]LogTargetPlatformManager: Display: Loaded TargetPlatform 'LuminClient'
[2021.12.11-22.19.18:224][  0]LogTargetPlatformManager: Display: Loaded TargetPlatform 'MacNoEditor'
[2021.12.11-22.19.18:235][  0]LogTargetPlatformManager: Display: Loaded TargetPlatform 'Mac'
[2021.12.11-22.19.18:246][  0]LogTargetPlatformManager: Display: Loaded TargetPlatform 'MacClient'
[2021.12.11-22.19.18:256][  0]LogTargetPlatformManager: Display: Loaded TargetPlatform 'MacServer'
[2021.12.11-22.19.18:274][  0]LogTargetPlatformManager: Display: Loaded TargetPlatform 'TVOSClient'
[2021.12.11-22.19.18:274][  0]LogTargetPlatformManager: Display: Loaded TargetPlatform 'TVOS'
[2021.12.11-22.19.18:290][  0]LogTargetPlatformManager: Display: Loaded TargetPlatform 'WindowsNoEditor'
[2021.12.11-22.19.18:300][  0]LogTargetPlatformManager: Display: Loaded TargetPlatform 'Windows'
[2021.12.11-22.19.18:310][  0]LogTargetPlatformManager: Display: Loaded TargetPlatform 'WindowsClient'
[2021.12.11-22.19.18:320][  0]LogTargetPlatformManager: Display: Loaded TargetPlatform 'WindowsServer'
[2021.12.11-22.19.18:320][  0]LogTargetPlatformManager: Display: Building Assets For Windows
[2021.12.11-22.19.18:340][  0]LogAudioDebug: Display: Lib vorbis DLL was dynamically loaded.
[2021.12.11-22.19.18:443][  0]LogTextureFormatOodle: Display: Oodle Texture 2.9.0 init RDO Off
[2021.12.11-22.19.18:526][  0]LogRendererCore: Ray tracing is disabled. Reason: r.RayTracing=0.
[2021.12.11-22.19.18:527][  0]LogShaderCompilers: Guid format shader working directory is -4 characters bigger than the processId version (../../../../../github/group-project/group_project/Intermediate/Shaders/WorkingDirectory/21376/).
[2021.12.11-22.19.18:527][  0]LogShaderCompilers: Cleaned the shader compiler working directory 'C:/Users/傻子吕师宇/AppData/Local/Temp/UnrealShaderWorkingDir/D690C938425D14C354F367AC6AEDF539/'.
[2021.12.11-22.19.18:527][  0]LogXGEController: Cannot use XGE Controller as Incredibuild is not installed on this machine.
[2021.12.11-22.19.18:527][  0]LogShaderCompilers: Cannot use XGE Shader Compiler as Incredibuild is not installed on this machine.
[2021.12.11-22.19.18:527][  0]LogShaderCompilers: Display: Using Local Shader Compiler.
[2021.12.11-22.19.19:294][  0]LogDerivedDataCache: Display: Max Cache Size: 512 MB
[2021.12.11-22.19.19:345][  0]LogDerivedDataCache: Loaded boot cache 0.05s 94MB C:/Users/傻子吕师宇/AppData/Local/UnrealEngine/4.27/DerivedDataCache/Boot.ddc.
[2021.12.11-22.19.19:345][  0]LogDerivedDataCache: Display: Loaded Boot cache: C:/Users/傻子吕师宇/AppData/Local/UnrealEngine/4.27/DerivedDataCache/Boot.ddc
[2021.12.11-22.19.19:346][  0]LogDerivedDataCache: FDerivedDataBackendGraph:  Pak pak cache file ../../../../../github/group-project/group_project/DerivedDataCache/DDC.ddp not found, will not use a pak cache.
[2021.12.11-22.19.19:346][  0]LogDerivedDataCache: Unable to find inner node Pak for hierarchical cache Hierarchy.
[2021.12.11-22.19.19:346][  0]LogDerivedDataCache: FDerivedDataBackendGraph:  CompressedPak pak cache file ../../../../../github/group-project/group_project/DerivedDataCache/Compressed.ddp not found, will not use a pak cache.
[2021.12.11-22.19.19:346][  0]LogDerivedDataCache: Unable to find inner node CompressedPak for hierarchical cache Hierarchy.
[2021.12.11-22.19.19:361][  0]LogDerivedDataCache: Display: Pak cache opened for reading ../../../Engine/DerivedDataCache/Compressed.ddp.
[2021.12.11-22.19.19:361][  0]LogDerivedDataCache: FDerivedDataBackendGraph:  EnterprisePak pak cache file ../../../Enterprise/DerivedDataCache/Compressed.ddp not found, will not use a pak cache.
[2021.12.11-22.19.19:361][  0]LogDerivedDataCache: Unable to find inner node EnterprisePak for hierarchical cache Hierarchy.
[2021.12.11-22.19.19:372][  0]LogDerivedDataCache: Speed tests for C:/Users/傻子吕师宇/AppData/Local/UnrealEngine/Common/DerivedDataCache took 0.01 seconds
[2021.12.11-22.19.19:372][  0]LogDerivedDataCache: Display: Performance to C:/Users/傻子吕师宇/AppData/Local/UnrealEngine/Common/DerivedDataCache: Latency=0.10ms. RandomReadSpeed=492.71MBs, RandomWriteSpeed=122.99MBs. Assigned SpeedClass 'Local'
[2021.12.11-22.19.19:373][  0]LogDerivedDataCache: Using Local data cache path C:/Users/傻子吕师宇/AppData/Local/UnrealEngine/Common/DerivedDataCache: Writable
[2021.12.11-22.19.19:373][  0]LogDerivedDataCache: Shared data cache path not found in *engine.ini, will not use an Shared cache.
[2021.12.11-22.19.19:373][  0]LogDerivedDataCache: Unable to find inner node Shared for hierarchical cache Hierarchy.
[2021.12.11-22.19.19:417][  0]LogSlate: Using FreeType 2.10.0
[2021.12.11-22.19.19:418][  0]LogSlate: SlateFontServices - WITH_FREETYPE: 1, WITH_HARFBUZZ: 1
[2021.12.11-22.19.19:461][  0]LogAssetRegistry: FAssetRegistry took 0.0028 seconds to start up
[2021.12.11-22.19.19:797][  0]LogInit: Selected Device Profile: [Windows]
[2021.12.11-22.19.19:797][  0]LogInit: Active device profile: [000002188D764C00][00000218FBE37440 49] Windows
[2021.12.11-22.19.19:797][  0]LogInit: Profiles: [000002188D764C00][00000218FBE37440 49] Windows, [000002188D73E200][0000021882BBF5C0 49] WindowsNoEditor, [000002188D765A00][000002188C3A7740 49] WindowsServer, [000002188D73EF00][000002188C3AB8C0 49] WindowsClient, [000002188D766600][000002188C3AFA40 49] IOS, [000002188D73CE00][000002188C3B3BC0 49] iPadAir, [000002188D764A00][000002188C3B61C0 49] iPadAir2, [000002188D690E00][000002188C3BE480 49] IPadPro, [000002188D690F00][000002188C3BA4C0 49] iPadAir3, [000002188D73E300][000002188C3C2640 49] iPadAir4, [000002188D693400][0000021882BBA780 49] iPadMini2, [000002188D73F200][000002188C3C68C0 49] iPadMini3, [000002188D693A00][000002188C3CAA00 49] iPadMini4, [000002188D73F300][000002188E4F0B40 49] iPadMini5, [000002188D68C800][000002188E4FCE00 49] iPhone6, [000002188D68C900][000002188E4F8E40 49] iPodTouch6, [000002188D767000][000002188E565100 49] iPhone7, [000002188D767100][000002188E561140 49] iPodTouch7, [000002188D693000][000002188E5692C0 49] iPhone5S, [000002188D690600][000002188E56D440 49] iPhone6Plus, [000002188D68E800][000002188E5715C0 49] iPhone6S, [000002188D691600][000002188E575740 49] iPhone6SPlus, [000002188D68E600][000002188E5798C0 49] iPhone7Plus, [000002188D690800][000002188E57DA40 49] iPhoneSE, [000002188D68E500][000002188E581BC0 49] iPhone8, [000002188D691800][000002188E5841C0 49] iPhone8Plus, [000002188D766A00][000002188E588340 49] iPhoneX, [000002188D692A00][000002188E58C4C0 49] iPhoneXS, [000002188D766D00][000002188E590640 49] iPhoneXSMax, [000002188D690D00][000002188E5947C0 49] iPhoneXR, [000002188D764200][000002188E598940 49] iPhone11, [000002188D692400][000002188E4F4A80 49] iPhone11Pro, [000002188D765100][000002188E59CBC0 49] iPhone11ProMax, [000002188D690100][000002188E5A0D00 49] iPhoneSE2, [000002188D765600][000002188E5A8E80 49] iPhone12Mini, [000002188D690A00][000002188E5AD000 49] iPhone12, [000002188D765500][000002188E5B1180 49] iPhone12Pro, [000002188D691100][000002188E5B5300 49] iPhone12ProMax, [000002188D765D00][000002188E5B9480 49] iPadPro105, [000002188D691500][000002188E5BD600 49] iPadPro129, [000002188D764600][000002188E5C1780 49] iPadPro97, [000002188D690700][000002188E5C5900 49] iPadPro2_129, [000002188D767E00][000002188E5F9A80 49] iPad5, [000002188D691F00][000002188E631C00 49] iPad6, [000002188D764800][000002188E634200 49] iPad7, [000002188D693700][000002188E6A4380 49] iPad8, [000002188D766400][000002188E6A8500 49] iPadPro11, [000002188D690300][000002188E6BC680 49] iPadPro2_11, [000002188D764E00][000002188E6E8800 49] iPadPro3_129, [000002188D693D00][000002188E6EC980 49] iPadPro4_129, [000002188D767600][000002188E6F8B00 49] AppleTV, [000002188D692000][000002188E5A4C40 49] AppleTV4K, [000002188D766500][000002188E6FCD80 49] TVOS, [000002188D693B00][000002188E700EC0 49] Mac, [000002188D766000][000002188E709040 49] MacClient, [000002188D693C00][000002188E70D1C0 49] MacNoEditor, [000002188D764100][000002188E711340 49] MacServer, [000002188D691200][000002188E7154C0 49] Linux, [000002188D767B00][000002188E719640 49] LinuxAArch64, [000002188D690200][000002188E71D7C0 49] LinuxNoEditor, [000002188D765B00][000002188E721940 49] LinuxAArch64NoEditor, [000002188D691A00][000002188E725AC0 49] LinuxClient, [000002188D765700][000002188E7280C0 49] LinuxAArch64Client, [000002188D691000][000002188E72C240 49] LinuxServer, [000002188D767900][000002188E7303C0 49] LinuxAArch64Server, [000002188D691D00][000002188E734540 49] Android, [000002188D765000][000002188E7386C0 49] Android_Low, [000002188D691900][000002188E73C840 49] Android_Mid, [000002188D767800][000002188E7409C0 49] Android_High, [000002188D692600][000002188E744B40 49] Android_Default, [000002188D765200][000002188E748CC0 49] Android_Adreno4xx, [000002188D692E00][000002188E704E00 49] Android_Adreno5xx_Low, [000002188D764300][000002188E74CF40 49] Android_Adreno5xx, [000002188D68F800][000002188E751080 49] Android_Adreno6xx, [000002188D73F700][00000218FC2611C0 49] Android_Adreno6xx_Vulkan, [000002188D68D000][00000218FC269340 49] Android_Mali_T6xx, [000002188D73EE00][00000218FC26D4C0 49] Android_Mali_T7xx, [000002188D68D400][00000218826C9640 49] Android_Mali_T8xx, [000002188D73DA00][00000218826E17C0 49] Android_Mali_G71, [000002188D68CE00][00000218826E5940 49] Android_Mali_G72, [000002188D73F900][00000218826E9AC0 49] Android_Mali_G72_Vulkan, [000002188D68C400][00000218826EC0C0 49] Android_Mali_G76, [000002188D73FD00][00000218826FE240 49] Android_Mali_G76_Vulkan, [000002188D68F400][000002188271E3C0 49] Android_Mali_G77, [000002188D73E900][0000021882726540 49] Android_Mali_G77_Vulkan, [000002188D68CB00][0000021882E066C0 49] Android_Mali_G78, [000002188D73F400][0000021882E0A840 49] Android_Mali_G78_Vulkan, [000002188D68F900][0000021882E0E9C0 49] Android_Mali_G710, [000002188D73CF00][0000021882E12B40 49] Android_Mali_G710_Vulkan, [000002188D68CF00][0000021882E16CC0 49] Android_Vulkan_SM5, [000002188D73FE00][000002188293AE40 49] Android_PowerVR_G6xxx, [000002188D68D500][00000218FC264F80 49] Android_PowerVR_GT7xxx, [000002188D73C100][000002188293F0C0 49] Android_PowerVR_GE8xxx, [000002188D68EB00][0000021882943200 49] Android_PowerVR_GM9xxx, [000002188D73CD00][0000021882947340 49] Android_PowerVR_GM9xxx_Vulkan, [000002188D68C100][000002188294F4C0 49] Android_TegraK1, [000002188D73E600][0000021882953640 49] Android_Unknown_Vulkan, [000002188D68D100][00000218829577C0 49] Lumin, [000002188D73C300][000002188295B940 49] Lumin_Desktop, [000002188D68D300][000002188295FAC0 49] HoloLens, 
[2021.12.11-22.19.20:020][  0]LogMeshReduction: Using QuadricMeshReduction for automatic static mesh reduction
[2021.12.11-22.19.20:020][  0]LogMeshReduction: Using SimplygonMeshReduction for automatic skeletal mesh reduction
[2021.12.11-22.19.20:020][  0]LogMeshReduction: Using ProxyLODMeshReduction for automatic mesh merging
[2021.12.11-22.19.20:020][  0]LogMeshReduction: No distributed automatic mesh merging module available
[2021.12.11-22.19.20:020][  0]LogMeshMerging: No distributed automatic mesh merging module available
[2021.12.11-22.19.20:047][  0]LogNetVersion: group_project 1.0.0, NetCL: 17155196, EngineNetVer: 17, GameNetVer: 0 (Checksum: 2067258830)
[2021.12.11-22.19.20:764][  0]LogTexture: Default maximum texture size for cubemaps generated from long-lat sources has been changed from 512 to unlimited. In order to preserve old behaiour for '/Engine/MapTemplates/Sky/DaylightAmbientCubemap.DaylightAmbientCubemap', its maximum texture size has been explicitly set to 512.
[2021.12.11-22.19.20:826][  0]LogHMD: PokeAHoleMaterial loaded successfully
[2021.12.11-22.19.20:834][  0]LogUObjectArray: 17178 objects as part of root set at end of initial load.
[2021.12.11-22.19.20:834][  0]LogUObjectAllocator: 4302048 out of 0 bytes used by permanent object pool.
[2021.12.11-22.19.20:834][  0]LogUObjectArray: CloseDisregardForGC: 0/0 objects in disregard for GC pool
[2021.12.11-22.19.21:469][  0]LogPython: Using Python 3.7.7
[2021.12.11-22.19.22:002][  0]LogNiagaraDebuggerClient: Niagara Debugger Client Initialized | Session: 0D3741FB46A2FF1CFA5355BFFDB8D928 | Instance: 6908D7AE40D705FA60CE78A992E19740 (DESKTOP-T6K128S-21376).
[2021.12.11-22.19.22:275][  0]LogUdpMessaging: Initializing bridge on interface 0.0.0.0:0 to multicast group 230.0.0.1:6666.
[2021.12.11-22.19.22:288][  0]LogTcpMessaging: Initializing TcpMessaging bridge
[2021.12.11-22.19.22:431][  0]LogLinker: Warning: Failed to load '/Game/ThirdPersonBP/ThirdPersonOverview': Can't find file.
[2021.12.11-22.19.22:431][  0]LogLinker: Warning: Failed to load '/Game/ThirdPersonBP/ThirdPersonOverview': Can't find file.
[2021.12.11-22.19.22:431][  0]LogUObjectGlobals: Warning: Failed to find object 'Class /Game/ThirdPersonBP/ThirdPersonOverview.ThirdPersonOverview_C'
[2021.12.11-22.19.22:657][  0]SourceControl: Source control is disabled
[2021.12.11-22.19.22:657][  0]SourceControl: Source control is disabled
[2021.12.11-22.19.22:666][  0]SourceControl: Source control is disabled
[2021.12.11-22.19.22:674][  0]SourceControl: Source control is disabled
[2021.12.11-22.19.22:702][  0]SourceControl: Source control is disabled
[2021.12.11-22.19.22:719][  0]LogUProjectInfo: Found projects:
[2021.12.11-22.19.23:183][  0]LogOpenImageDenoise: OIDN starting up
[2021.12.11-22.19.23:306][  0]LogAndroidPermission: UAndroidPermissionCallbackProxy::GetInstance
[2021.12.11-22.19.23:360][  0]LogAudioCaptureCore: Display: No Audio Capture implementations found. Audio input will be silent.
[2021.12.11-22.19.23:360][  0]LogAudioCaptureCore: Display: No Audio Capture implementations found. Audio input will be silent.
[2021.12.11-22.19.23:572][  0]LogCollectionManager: Loaded 0 collections in 0.000754 seconds
[2021.12.11-22.19.23:623][  0]LogFileCache: Scanning file cache for directory 'D:/github/group-project/group_project/Saved/Collections/' took 0.00s
[2021.12.11-22.19.23:623][  0]LogFileCache: Scanning file cache for directory 'D:/github/group-project/group_project/Content/Developers/傻子吕师宇/Collections/' took 0.00s
[2021.12.11-22.19.23:623][  0]LogFileCache: Scanning file cache for directory 'D:/github/group-project/group_project/Content/Collections/' took 0.00s
[2021.12.11-22.19.23:623][  0]LogOcInput: OculusInput pre-init called
[2021.12.11-22.19.24:086][  0]LogEngine: Initializing Engine...
[2021.12.11-22.19.24:090][  0]LogHMD: Failed to enumerate extensions. Please check that you have a valid OpenXR runtime installed.
[2021.12.11-22.19.24:090][  0]LogHMD: Failed to initialize OpenVR with code 110
[2021.12.11-22.19.24:090][  0]LogMagicLeap: Warning: VR disabled because ZI is not enabled.  To enable, in the editor, Edit -> Project Settings -> Plugins -> Magic Leap Plugin -> Enable Zero Iteration
[2021.12.11-22.19.24:091][  0]LogStats: UGameplayTagsManager::InitializeManager -  0.000 s
[2021.12.11-22.19.24:219][  0]LogInit: Initializing FReadOnlyCVARCache
[2021.12.11-22.19.24:235][  0]LogAIModule: Creating AISystem for world Untitled
[2021.12.11-22.19.24:240][  0]LogAudio: Display: Initializing Audio Device Manager...
[2021.12.11-22.19.24:252][  0]LogAudio: Display: Loading Default Audio Settings Objects...
[2021.12.11-22.19.24:254][  0]LogAudio: Display: No default SoundConcurrencyObject specified (or failed to load).
[2021.12.11-22.19.24:254][  0]LogAudio: Display: Audio Device Manager Initialized
[2021.12.11-22.19.24:254][  0]LogAudio: Display: Creating Audio Device:                 Id: 1, Scope: Shared, Realtime: True
[2021.12.11-22.19.24:254][  0]LogAudioMixer: Display: Audio Mixer Platform Settings:
[2021.12.11-22.19.24:254][  0]LogAudioMixer: Display: 	Sample Rate:						  48000
[2021.12.11-22.19.24:254][  0]LogAudioMixer: Display: 	Callback Buffer Frame Size Requested: 1024
[2021.12.11-22.19.24:254][  0]LogAudioMixer: Display: 	Callback Buffer Frame Size To Use:	  1024
[2021.12.11-22.19.24:254][  0]LogAudioMixer: Display: 	Number of buffers to queue:			  2
[2021.12.11-22.19.24:254][  0]LogAudioMixer: Display: 	Max Channels (voices):				  32
[2021.12.11-22.19.24:254][  0]LogAudioMixer: Display: 	Number of Async Source Workers:		  0
[2021.12.11-22.19.24:254][  0]LogAudio: Display: AudioDevice MaxSources: 32
[2021.12.11-22.19.24:255][  0]LogAudio: Display: Audio Spatialization Plugin: None (built-in).
[2021.12.11-22.19.24:255][  0]LogAudio: Display: Audio Reverb Plugin: None (built-in).
[2021.12.11-22.19.24:255][  0]LogAudio: Display: Audio Occlusion Plugin: None (built-in).
[2021.12.11-22.19.24:255][  0]LogAudioMixer: Display: Initializing audio mixer.
[2021.12.11-22.19.24:296][  0]LogAudioMixer: Display: 0: FrontLeft
[2021.12.11-22.19.24:296][  0]LogAudioMixer: Display: 1: FrontRight
[2021.12.11-22.19.24:319][  0]LogAudioMixer: Display: Using Audio Device 扬声器 (Realtek High Definition Audio)
[2021.12.11-22.19.24:322][  0]LogAudioMixer: Display: Initializing Sound Submixes...
[2021.12.11-22.19.24:326][  0]LogAudioMixer: Display: Creating Master Submix 'MasterSubmixDefault'
[2021.12.11-22.19.24:326][  0]LogAudioMixer: Display: Creating Master Submix 'MasterReverbSubmixDefault'
[2021.12.11-22.19.24:326][  0]LogAudioMixer: Display: Creating Master Submix 'MasterEQSubmixDefault'
[2021.12.11-22.19.24:326][  0]LogAudioMixer: FMixerPlatformXAudio2::StartAudioStream() called
[2021.12.11-22.19.24:326][  0]LogAudioMixer: Display: Output buffers initialized: Frames=1024, Channels=2, Samples=2048
[2021.12.11-22.19.24:328][  0]LogAudioMixer: Display: Starting AudioMixerPlatformInterface::RunInternal()
[2021.12.11-22.19.24:328][  0]LogAudioMixer: Display: FMixerPlatformXAudio2::SubmitBuffer() called for the first time
[2021.12.11-22.19.24:328][  0]LogInit: FAudioDevice initialized.
[2021.12.11-22.19.24:329][  0]LogAudio: Display: Audio Device (ID: 1) registered with world 'Untitled'.
[2021.12.11-22.19.24:329][  0]LogNetVersion: Set ProjectVersion to 1.0.0.0. Version Checksum will be recalculated on next use.
[2021.12.11-22.19.24:406][  0]LogDerivedDataCache: Saved boot cache 0.08s 94MB C:/Users/傻子吕师宇/AppData/Local/UnrealEngine/4.27/DerivedDataCache/Boot.ddc.
[2021.12.11-22.19.24:406][  0]LogInit: Texture streaming: Enabled
[2021.12.11-22.19.24:435][  0]LogAnalytics: Display: [UEEditor.Rocket.Release] APIServer = https://datarouter.ol.epicgames.com/. AppVersion = 4.27.2-18319896+++UE4+Release-4.27
[2021.12.11-22.19.24:445][  0]LogEngineSessionManager: EngineSessionManager initialized
[2021.12.11-22.19.24:446][  0]LogEditorSessionSummary: Verbose: Initializing EditorSessionSummaryWriter for editor session tracking
[2021.12.11-22.19.24:450][  0]LogEditorSessionSummary: EditorSessionSummaryWriter initialized
[2021.12.11-22.19.24:488][  0]LogInit: Transaction tracking system initialized
[2021.12.11-22.19.24:545][  0]BlueprintLog: New page: Editor Load
[2021.12.11-22.19.24:689][  0]LocalizationService: Localization service is disabled
[2021.12.11-22.19.24:748][  0]TimingProfiler: Initialize
[2021.12.11-22.19.24:748][  0]TimingProfiler: OnSessionChanged
[2021.12.11-22.19.24:748][  0]LoadingProfiler: Initialize
[2021.12.11-22.19.24:748][  0]LoadingProfiler: OnSessionChanged
[2021.12.11-22.19.24:748][  0]NetworkingProfiler: Initialize
[2021.12.11-22.19.24:748][  0]NetworkingProfiler: OnSessionChanged
[2021.12.11-22.19.24:748][  0]MemoryProfiler: Initialize
[2021.12.11-22.19.24:748][  0]MemoryProfiler: OnSessionChanged
[2021.12.11-22.19.25:009][  0]LogCook: Display: CookSettings for Memory: MemoryMaxUsedVirtual 0MiB, MemoryMaxUsedPhysical 16384MiB, MemoryMinFreeVirtual 0MiB, MemoryMinFreePhysical 1024MiB
[2021.12.11-22.19.25:009][  0]LogCook: Display: Mobile HDR setting 1
[2021.12.11-22.19.25:349][  0]LogFileCache: Scanning file cache for directory 'D:/github/group-project/group_project/Content/' took 0.01s
[2021.12.11-22.19.25:865][  0]LogInit: Display: Engine is initialized. Leaving FEngineLoop::Init()
[2021.12.11-22.19.25:869][  0]SourceControl: Source control is disabled
[2021.12.11-22.19.25:869][  0]LogUnrealEdMisc: Loading editor; pre map load, took 12.750
[2021.12.11-22.19.25:869][  0]Cmd: MAP LOAD FILE="../../../../../github/group-project/group_project/Content/FirstPersonBP/Maps/FirstPersonExampleMap.umap" TEMPLATE=0 SHOWPROGRESS=1 FEATURELEVEL=3
[2021.12.11-22.19.25:870][  0]LightingResults: New page: Lighting Build
[2021.12.11-22.19.25:871][  0]LogWorld: UWorld::CleanupWorld for Untitled, bSessionEnded=true, bCleanupResources=true
[2021.12.11-22.19.25:871][  0]LogSlate: InvalidateAllWidgets triggered.  All widgets were invalidated
[2021.12.11-22.19.25:872][  0]MapCheck: New page: Map Check
[2021.12.11-22.19.25:872][  0]LightingResults: New page: Lighting Build
[2021.12.11-22.19.25:877][  0]LogAudio: Display: Audio Device unregistered from world 'None'.
[2021.12.11-22.19.25:879][  0]LogUObjectHash: Compacting FUObjectHashTables data took   0.84ms
[2021.12.11-22.19.26:147][  0]LogAudio: Display: Audio Device (ID: 1) registered with world 'FirstPersonExampleMap'.
[2021.12.11-22.19.26:148][  0]LogAIModule: Creating AISystem for world FirstPersonExampleMap
[2021.12.11-22.19.26:156][  0]LogEditorServer: Finished looking for orphan Actors (0.000 secs)
[2021.12.11-22.19.26:167][  0]LogUObjectHash: Compacting FUObjectHashTables data took   0.85ms
[2021.12.11-22.19.26:167][  0]Cmd: MAP CHECKDEP NOCLEARLOG
[2021.12.11-22.19.26:167][  0]MapCheck: Map check complete: 0 Error(s), 0 Warning(s), took 0.317ms to complete.
[2021.12.11-22.19.26:167][  0]LogFileHelpers: Loading map 'FirstPersonExampleMap' took 0.297
[2021.12.11-22.19.26:169][  0]LogUnrealEdMisc: Total Editor Startup Time, took 13.049
[2021.12.11-22.19.26:332][  0]LogSlate: Updating window title bar state: overlay mode, drag disabled, window buttons hidden, title bar hidden
[2021.12.11-22.19.26:338][  0]LogSlate: Updating window title bar state: overlay mode, drag disabled, window buttons hidden, title bar hidden
[2021.12.11-22.19.26:343][  0]LogSlate: Updating window title bar state: overlay mode, drag disabled, window buttons hidden, title bar hidden
[2021.12.11-22.19.26:349][  0]LogSlate: Updating window title bar state: overlay mode, drag disabled, window buttons hidden, title bar hidden
[2021.12.11-22.19.26:364][  0]LogNativeClassHierarchy: Verbose: Native class hierarchy populated in 0.0084 seconds. Added 3822 classes and 928 folders.
[2021.12.11-22.19.26:366][  0]LogNativeClassHierarchy: Verbose: Native class hierarchy updated for 'WidgetCarousel' in 0.0002 seconds. Added 0 classes and 0 folders.
[2021.12.11-22.19.26:370][  0]LogPakFile: PakFile PrimaryIndexSize=187
[2021.12.11-22.19.26:370][  0]LogPakFile: PakFile PathHashIndexSize=101
[2021.12.11-22.19.26:370][  0]LogPakFile: PakFile FullDirectoryIndexSize=148
[2021.12.11-22.19.26:370][  0]LogShaderLibrary: Display: ShaderCodeLibraryPakFileMountedCallback: PakFile 'D:/epic/UE_4.27/FeaturePacks/FP_FirstPerson.upack' (chunk index -1, root 'root:/') mounted
[2021.12.11-22.19.26:370][  0]LogShaderLibrary: Display: ShaderCodeLibraryPakFileMountedCallback: pending pak file info (ChunkID:-1 Root:root:/ File:D:/epic/UE_4.27/FeaturePacks/FP_FirstPerson.upack)
[2021.12.11-22.19.26:370][  0]LogPakFile: OnPakFileMounted2Time == 0.000051
[2021.12.11-22.19.26:371][  0]LogPakFile: PakFile PrimaryIndexSize=189
[2021.12.11-22.19.26:371][  0]LogPakFile: PakFile PathHashIndexSize=101
[2021.12.11-22.19.26:371][  0]LogPakFile: PakFile FullDirectoryIndexSize=152
[2021.12.11-22.19.26:371][  0]LogShaderLibrary: Display: ShaderCodeLibraryPakFileMountedCallback: PakFile 'D:/epic/UE_4.27/FeaturePacks/FP_FirstPersonBP.upack' (chunk index -1, root 'root:/') mounted
[2021.12.11-22.19.26:371][  0]LogShaderLibrary: Display: ShaderCodeLibraryPakFileMountedCallback: pending pak file info (ChunkID:-1 Root:root:/ File:D:/epic/UE_4.27/FeaturePacks/FP_FirstPersonBP.upack)
[2021.12.11-22.19.26:371][  0]LogPakFile: OnPakFileMounted2Time == 0.000038
[2021.12.11-22.19.26:372][  0]LogPakFile: PakFile PrimaryIndexSize=191
[2021.12.11-22.19.26:372][  0]LogPakFile: PakFile PathHashIndexSize=101
[2021.12.11-22.19.26:372][  0]LogPakFile: PakFile FullDirectoryIndexSize=160
[2021.12.11-22.19.26:372][  0]LogShaderLibrary: Display: ShaderCodeLibraryPakFileMountedCallback: PakFile 'D:/epic/UE_4.27/FeaturePacks/MobileStarterContent.upack' (chunk index -1, root 'root:/') mounted
[2021.12.11-22.19.26:373][  0]LogShaderLibrary: Display: ShaderCodeLibraryPakFileMountedCallback: pending pak file info (ChunkID:-1 Root:root:/ File:D:/epic/UE_4.27/FeaturePacks/MobileStarterContent.upack)
[2021.12.11-22.19.26:373][  0]LogPakFile: OnPakFileMounted2Time == 0.000046
[2021.12.11-22.19.26:374][  0]LogPakFile: PakFile PrimaryIndexSize=185
[2021.12.11-22.19.26:374][  0]LogPakFile: PakFile PathHashIndexSize=101
[2021.12.11-22.19.26:374][  0]LogPakFile: PakFile FullDirectoryIndexSize=148
[2021.12.11-22.19.26:374][  0]LogShaderLibrary: Display: ShaderCodeLibraryPakFileMountedCallback: PakFile 'D:/epic/UE_4.27/FeaturePacks/StarterContent.upack' (chunk index -1, root 'root:/') mounted
[2021.12.11-22.19.26:374][  0]LogShaderLibrary: Display: ShaderCodeLibraryPakFileMountedCallback: pending pak file info (ChunkID:-1 Root:root:/ File:D:/epic/UE_4.27/FeaturePacks/StarterContent.upack)
[2021.12.11-22.19.26:374][  0]LogPakFile: OnPakFileMounted2Time == 0.000033
[2021.12.11-22.19.26:375][  0]LogPakFile: PakFile PrimaryIndexSize=190
[2021.12.11-22.19.26:375][  0]LogPakFile: PakFile PathHashIndexSize=101
[2021.12.11-22.19.26:375][  0]LogPakFile: PakFile FullDirectoryIndexSize=154
[2021.12.11-22.19.26:375][  0]LogShaderLibrary: Display: ShaderCodeLibraryPakFileMountedCallback: PakFile 'D:/epic/UE_4.27/FeaturePacks/TP_2DSideScroller.upack' (chunk index -1, root 'root:/') mounted
[2021.12.11-22.19.26:375][  0]LogShaderLibrary: Display: ShaderCodeLibraryPakFileMountedCallback: pending pak file info (ChunkID:-1 Root:root:/ File:D:/epic/UE_4.27/FeaturePacks/TP_2DSideScroller.upack)
[2021.12.11-22.19.26:375][  0]LogPakFile: OnPakFileMounted2Time == 0.000032
[2021.12.11-22.19.26:376][  0]LogPakFile: PakFile PrimaryIndexSize=192
[2021.12.11-22.19.26:376][  0]LogPakFile: PakFile PathHashIndexSize=101
[2021.12.11-22.19.26:376][  0]LogPakFile: PakFile FullDirectoryIndexSize=158
[2021.12.11-22.19.26:376][  0]LogShaderLibrary: Display: ShaderCodeLibraryPakFileMountedCallback: PakFile 'D:/epic/UE_4.27/FeaturePacks/TP_2DSideScrollerBP.upack' (chunk index -1, root 'root:/') mounted
[2021.12.11-22.19.26:376][  0]LogShaderLibrary: Display: ShaderCodeLibraryPakFileMountedCallback: pending pak file info (ChunkID:-1 Root:root:/ File:D:/epic/UE_4.27/FeaturePacks/TP_2DSideScrollerBP.upack)
[2021.12.11-22.19.26:376][  0]LogPakFile: OnPakFileMounted2Time == 0.000034
[2021.12.11-22.19.26:378][  0]LogPakFile: PakFile PrimaryIndexSize=182
[2021.12.11-22.19.26:378][  0]LogPakFile: PakFile PathHashIndexSize=101
[2021.12.11-22.19.26:378][  0]LogPakFile: PakFile FullDirectoryIndexSize=138
[2021.12.11-22.19.26:378][  0]LogShaderLibrary: Display: ShaderCodeLibraryPakFileMountedCallback: PakFile 'D:/epic/UE_4.27/FeaturePacks/TP_Flying.upack' (chunk index -1, root 'root:/') mounted
[2021.12.11-22.19.26:378][  0]LogShaderLibrary: Display: ShaderCodeLibraryPakFileMountedCallback: pending pak file info (ChunkID:-1 Root:root:/ File:D:/epic/UE_4.27/FeaturePacks/TP_Flying.upack)
[2021.12.11-22.19.26:378][  0]LogPakFile: OnPakFileMounted2Time == 0.000035
[2021.12.11-22.19.26:379][  0]LogPakFile: PakFile PrimaryIndexSize=184
[2021.12.11-22.19.26:379][  0]LogPakFile: PakFile PathHashIndexSize=101
[2021.12.11-22.19.26:379][  0]LogPakFile: PakFile FullDirectoryIndexSize=142
[2021.12.11-22.19.26:379][  0]LogShaderLibrary: Display: ShaderCodeLibraryPakFileMountedCallback: PakFile 'D:/epic/UE_4.27/FeaturePacks/TP_FlyingBP.upack' (chunk index -1, root 'root:/') mounted
[2021.12.11-22.19.26:379][  0]LogShaderLibrary: Display: ShaderCodeLibraryPakFileMountedCallback: pending pak file info (ChunkID:-1 Root:root:/ File:D:/epic/UE_4.27/FeaturePacks/TP_FlyingBP.upack)
[2021.12.11-22.19.26:379][  0]LogPakFile: OnPakFileMounted2Time == 0.000037
[2021.12.11-22.19.26:380][  0]LogPakFile: PakFile PrimaryIndexSize=188
[2021.12.11-22.19.26:380][  0]LogPakFile: PakFile PathHashIndexSize=101
[2021.12.11-22.19.26:380][  0]LogPakFile: PakFile FullDirectoryIndexSize=150
[2021.12.11-22.19.26:380][  0]LogShaderLibrary: Display: ShaderCodeLibraryPakFileMountedCallback: PakFile 'D:/epic/UE_4.27/FeaturePacks/TP_HandheldARBP.upack' (chunk index -1, root 'root:/') mounted
[2021.12.11-22.19.26:380][  0]LogShaderLibrary: Display: ShaderCodeLibraryPakFileMountedCallback: pending pak file info (ChunkID:-1 Root:root:/ File:D:/epic/UE_4.27/FeaturePacks/TP_HandheldARBP.upack)
[2021.12.11-22.19.26:380][  0]LogPakFile: OnPakFileMounted2Time == 0.000032
[2021.12.11-22.19.26:382][  0]LogPakFile: PakFile PrimaryIndexSize=182
[2021.12.11-22.19.26:382][  0]LogPakFile: PakFile PathHashIndexSize=101
[2021.12.11-22.19.26:382][  0]LogPakFile: PakFile FullDirectoryIndexSize=138
[2021.12.11-22.19.26:382][  0]LogShaderLibrary: Display: ShaderCodeLibraryPakFileMountedCallback: PakFile 'D:/epic/UE_4.27/FeaturePacks/TP_Puzzle.upack' (chunk index -1, root 'root:/') mounted
[2021.12.11-22.19.26:382][  0]LogShaderLibrary: Display: ShaderCodeLibraryPakFileMountedCallback: pending pak file info (ChunkID:-1 Root:root:/ File:D:/epic/UE_4.27/FeaturePacks/TP_Puzzle.upack)
[2021.12.11-22.19.26:382][  0]LogPakFile: OnPakFileMounted2Time == 0.000032
[2021.12.11-22.19.26:383][  0]LogPakFile: PakFile PrimaryIndexSize=184
[2021.12.11-22.19.26:383][  0]LogPakFile: PakFile PathHashIndexSize=101
[2021.12.11-22.19.26:383][  0]LogPakFile: PakFile FullDirectoryIndexSize=142
[2021.12.11-22.19.26:383][  0]LogShaderLibrary: Display: ShaderCodeLibraryPakFileMountedCallback: PakFile 'D:/epic/UE_4.27/FeaturePacks/TP_PuzzleBP.upack' (chunk index -1, root 'root:/') mounted
[2021.12.11-22.19.26:383][  0]LogShaderLibrary: Display: ShaderCodeLibraryPakFileMountedCallback: pending pak file info (ChunkID:-1 Root:root:/ File:D:/epic/UE_4.27/FeaturePacks/TP_PuzzleBP.upack)
[2021.12.11-22.19.26:383][  0]LogPakFile: OnPakFileMounted2Time == 0.000031
[2021.12.11-22.19.26:384][  0]LogPakFile: PakFile PrimaryIndexSize=183
[2021.12.11-22.19.26:384][  0]LogPakFile: PakFile PathHashIndexSize=101
[2021.12.11-22.19.26:384][  0]LogPakFile: PakFile FullDirectoryIndexSize=140
[2021.12.11-22.19.26:384][  0]LogShaderLibrary: Display: ShaderCodeLibraryPakFileMountedCallback: PakFile 'D:/epic/UE_4.27/FeaturePacks/TP_Rolling.upack' (chunk index -1, root 'root:/') mounted
[2021.12.11-22.19.26:384][  0]LogShaderLibrary: Display: ShaderCodeLibraryPakFileMountedCallback: pending pak file info (ChunkID:-1 Root:root:/ File:D:/epic/UE_4.27/FeaturePacks/TP_Rolling.upack)
[2021.12.11-22.19.26:384][  0]LogPakFile: OnPakFileMounted2Time == 0.000031
[2021.12.11-22.19.26:385][  0]LogPakFile: PakFile PrimaryIndexSize=185
[2021.12.11-22.19.26:385][  0]LogPakFile: PakFile PathHashIndexSize=101
[2021.12.11-22.19.26:385][  0]LogPakFile: PakFile FullDirectoryIndexSize=144
[2021.12.11-22.19.26:386][  0]LogShaderLibrary: Display: ShaderCodeLibraryPakFileMountedCallback: PakFile 'D:/epic/UE_4.27/FeaturePacks/TP_RollingBP.upack' (chunk index -1, root 'root:/') mounted
[2021.12.11-22.19.26:386][  0]LogShaderLibrary: Display: ShaderCodeLibraryPakFileMountedCallback: pending pak file info (ChunkID:-1 Root:root:/ File:D:/epic/UE_4.27/FeaturePacks/TP_RollingBP.upack)
[2021.12.11-22.19.26:386][  0]LogPakFile: OnPakFileMounted2Time == 0.000036
[2021.12.11-22.19.26:387][  0]LogPakFile: PakFile PrimaryIndexSize=188
[2021.12.11-22.19.26:387][  0]LogPakFile: PakFile PathHashIndexSize=101
[2021.12.11-22.19.26:387][  0]LogPakFile: PakFile FullDirectoryIndexSize=150
[2021.12.11-22.19.26:387][  0]LogShaderLibrary: Display: ShaderCodeLibraryPakFileMountedCallback: PakFile 'D:/epic/UE_4.27/FeaturePacks/TP_SideScroller.upack' (chunk index -1, root 'root:/') mounted
[2021.12.11-22.19.26:387][  0]LogShaderLibrary: Display: ShaderCodeLibraryPakFileMountedCallback: pending pak file info (ChunkID:-1 Root:root:/ File:D:/epic/UE_4.27/FeaturePacks/TP_SideScroller.upack)
[2021.12.11-22.19.26:387][  0]LogPakFile: OnPakFileMounted2Time == 0.000031
[2021.12.11-22.19.26:388][  0]LogPakFile: PakFile PrimaryIndexSize=190
[2021.12.11-22.19.26:388][  0]LogPakFile: PakFile PathHashIndexSize=101
[2021.12.11-22.19.26:388][  0]LogPakFile: PakFile FullDirectoryIndexSize=154
[2021.12.11-22.19.26:388][  0]LogShaderLibrary: Display: ShaderCodeLibraryPakFileMountedCallback: PakFile 'D:/epic/UE_4.27/FeaturePacks/TP_SideScrollerBP.upack' (chunk index -1, root 'root:/') mounted
[2021.12.11-22.19.26:388][  0]LogShaderLibrary: Display: ShaderCodeLibraryPakFileMountedCallback: pending pak file info (ChunkID:-1 Root:root:/ File:D:/epic/UE_4.27/FeaturePacks/TP_SideScrollerBP.upack)
[2021.12.11-22.19.26:388][  0]LogPakFile: OnPakFileMounted2Time == 0.000031
[2021.12.11-22.19.26:389][  0]LogPakFile: PakFile PrimaryIndexSize=187
[2021.12.11-22.19.26:389][  0]LogPakFile: PakFile PathHashIndexSize=101
[2021.12.11-22.19.26:389][  0]LogPakFile: PakFile FullDirectoryIndexSize=148
[2021.12.11-22.19.26:389][  0]LogShaderLibrary: Display: ShaderCodeLibraryPakFileMountedCallback: PakFile 'D:/epic/UE_4.27/FeaturePacks/TP_ThirdPerson.upack' (chunk index -1, root 'root:/') mounted
[2021.12.11-22.19.26:389][  0]LogShaderLibrary: Display: ShaderCodeLibraryPakFileMountedCallback: pending pak file info (ChunkID:-1 Root:root:/ File:D:/epic/UE_4.27/FeaturePacks/TP_ThirdPerson.upack)
[2021.12.11-22.19.26:389][  0]LogPakFile: OnPakFileMounted2Time == 0.000031
[2021.12.11-22.19.26:390][  0]LogPakFile: PakFile PrimaryIndexSize=189
[2021.12.11-22.19.26:390][  0]LogPakFile: PakFile PathHashIndexSize=101
[2021.12.11-22.19.26:390][  0]LogPakFile: PakFile FullDirectoryIndexSize=152
[2021.12.11-22.19.26:390][  0]LogShaderLibrary: Display: ShaderCodeLibraryPakFileMountedCallback: PakFile 'D:/epic/UE_4.27/FeaturePacks/TP_ThirdPersonBP.upack' (chunk index -1, root 'root:/') mounted
[2021.12.11-22.19.26:390][  0]LogShaderLibrary: Display: ShaderCodeLibraryPakFileMountedCallback: pending pak file info (ChunkID:-1 Root:root:/ File:D:/epic/UE_4.27/FeaturePacks/TP_ThirdPersonBP.upack)
[2021.12.11-22.19.26:390][  0]LogPakFile: OnPakFileMounted2Time == 0.000031
[2021.12.11-22.19.26:392][  0]LogPakFile: PakFile PrimaryIndexSize=183
[2021.12.11-22.19.26:392][  0]LogPakFile: PakFile PathHashIndexSize=101
[2021.12.11-22.19.26:392][  0]LogPakFile: PakFile FullDirectoryIndexSize=140
[2021.12.11-22.19.26:392][  0]LogShaderLibrary: Display: ShaderCodeLibraryPakFileMountedCallback: PakFile 'D:/epic/UE_4.27/FeaturePacks/TP_TopDown.upack' (chunk index -1, root 'root:/') mounted
[2021.12.11-22.19.26:392][  0]LogShaderLibrary: Display: ShaderCodeLibraryPakFileMountedCallback: pending pak file info (ChunkID:-1 Root:root:/ File:D:/epic/UE_4.27/FeaturePacks/TP_TopDown.upack)
[2021.12.11-22.19.26:392][  0]LogPakFile: OnPakFileMounted2Time == 0.000036
[2021.12.11-22.19.26:393][  0]LogPakFile: PakFile PrimaryIndexSize=185
[2021.12.11-22.19.26:393][  0]LogPakFile: PakFile PathHashIndexSize=101
[2021.12.11-22.19.26:393][  0]LogPakFile: PakFile FullDirectoryIndexSize=144
[2021.12.11-22.19.26:393][  0]LogShaderLibrary: Display: ShaderCodeLibraryPakFileMountedCallback: PakFile 'D:/epic/UE_4.27/FeaturePacks/TP_TopDownBP.upack' (chunk index -1, root 'root:/') mounted
[2021.12.11-22.19.26:393][  0]LogShaderLibrary: Display: ShaderCodeLibraryPakFileMountedCallback: pending pak file info (ChunkID:-1 Root:root:/ File:D:/epic/UE_4.27/FeaturePacks/TP_TopDownBP.upack)
[2021.12.11-22.19.26:393][  0]LogPakFile: OnPakFileMounted2Time == 0.000034
[2021.12.11-22.19.26:394][  0]LogPakFile: PakFile PrimaryIndexSize=185
[2021.12.11-22.19.26:394][  0]LogPakFile: PakFile PathHashIndexSize=101
[2021.12.11-22.19.26:394][  0]LogPakFile: PakFile FullDirectoryIndexSize=144
[2021.12.11-22.19.26:394][  0]LogShaderLibrary: Display: ShaderCodeLibraryPakFileMountedCallback: PakFile 'D:/epic/UE_4.27/FeaturePacks/TP_TwinStick.upack' (chunk index -1, root 'root:/') mounted
[2021.12.11-22.19.26:394][  0]LogShaderLibrary: Display: ShaderCodeLibraryPakFileMountedCallback: pending pak file info (ChunkID:-1 Root:root:/ File:D:/epic/UE_4.27/FeaturePacks/TP_TwinStick.upack)
[2021.12.11-22.19.26:394][  0]LogPakFile: OnPakFileMounted2Time == 0.000053
[2021.12.11-22.19.26:396][  0]LogPakFile: PakFile PrimaryIndexSize=187
[2021.12.11-22.19.26:396][  0]LogPakFile: PakFile PathHashIndexSize=101
[2021.12.11-22.19.26:396][  0]LogPakFile: PakFile FullDirectoryIndexSize=148
[2021.12.11-22.19.26:396][  0]LogShaderLibrary: Display: ShaderCodeLibraryPakFileMountedCallback: PakFile 'D:/epic/UE_4.27/FeaturePacks/TP_TwinStickBP.upack' (chunk index -1, root 'root:/') mounted
[2021.12.11-22.19.26:396][  0]LogShaderLibrary: Display: ShaderCodeLibraryPakFileMountedCallback: pending pak file info (ChunkID:-1 Root:root:/ File:D:/epic/UE_4.27/FeaturePacks/TP_TwinStickBP.upack)
[2021.12.11-22.19.26:396][  0]LogPakFile: OnPakFileMounted2Time == 0.000037
[2021.12.11-22.19.26:397][  0]LogPakFile: PakFile PrimaryIndexSize=183
[2021.12.11-22.19.26:397][  0]LogPakFile: PakFile PathHashIndexSize=101
[2021.12.11-22.19.26:397][  0]LogPakFile: PakFile FullDirectoryIndexSize=140
[2021.12.11-22.19.26:397][  0]LogShaderLibrary: Display: ShaderCodeLibraryPakFileMountedCallback: PakFile 'D:/epic/UE_4.27/FeaturePacks/TP_Vehicle.upack' (chunk index -1, root 'root:/') mounted
[2021.12.11-22.19.26:397][  0]LogShaderLibrary: Display: ShaderCodeLibraryPakFileMountedCallback: pending pak file info (ChunkID:-1 Root:root:/ File:D:/epic/UE_4.27/FeaturePacks/TP_Vehicle.upack)
[2021.12.11-22.19.26:397][  0]LogPakFile: OnPakFileMounted2Time == 0.000038
[2021.12.11-22.19.26:399][  0]LogPakFile: PakFile PrimaryIndexSize=186
[2021.12.11-22.19.26:399][  0]LogPakFile: PakFile PathHashIndexSize=101
[2021.12.11-22.19.26:399][  0]LogPakFile: PakFile FullDirectoryIndexSize=146
[2021.12.11-22.19.26:399][  0]LogShaderLibrary: Display: ShaderCodeLibraryPakFileMountedCallback: PakFile 'D:/epic/UE_4.27/FeaturePacks/TP_VehicleAdv.upack' (chunk index -1, root 'root:/') mounted
[2021.12.11-22.19.26:399][  0]LogShaderLibrary: Display: ShaderCodeLibraryPakFileMountedCallback: pending pak file info (ChunkID:-1 Root:root:/ File:D:/epic/UE_4.27/FeaturePacks/TP_VehicleAdv.upack)
[2021.12.11-22.19.26:399][  0]LogPakFile: OnPakFileMounted2Time == 0.000033
[2021.12.11-22.19.26:400][  0]LogPakFile: PakFile PrimaryIndexSize=188
[2021.12.11-22.19.26:400][  0]LogPakFile: PakFile PathHashIndexSize=101
[2021.12.11-22.19.26:400][  0]LogPakFile: PakFile FullDirectoryIndexSize=150
[2021.12.11-22.19.26:400][  0]LogShaderLibrary: Display: ShaderCodeLibraryPakFileMountedCallback: PakFile 'D:/epic/UE_4.27/FeaturePacks/TP_VehicleAdvBP.upack' (chunk index -1, root 'root:/') mounted
[2021.12.11-22.19.26:400][  0]LogShaderLibrary: Display: ShaderCodeLibraryPakFileMountedCallback: pending pak file info (ChunkID:-1 Root:root:/ File:D:/epic/UE_4.27/FeaturePacks/TP_VehicleAdvBP.upack)
[2021.12.11-22.19.26:400][  0]LogPakFile: OnPakFileMounted2Time == 0.000034
[2021.12.11-22.19.26:401][  0]LogPakFile: PakFile PrimaryIndexSize=185
[2021.12.11-22.19.26:401][  0]LogPakFile: PakFile PathHashIndexSize=101
[2021.12.11-22.19.26:401][  0]LogPakFile: PakFile FullDirectoryIndexSize=144
[2021.12.11-22.19.26:401][  0]LogShaderLibrary: Display: ShaderCodeLibraryPakFileMountedCallback: PakFile 'D:/epic/UE_4.27/FeaturePacks/TP_VehicleBP.upack' (chunk index -1, root 'root:/') mounted
[2021.12.11-22.19.26:401][  0]LogShaderLibrary: Display: ShaderCodeLibraryPakFileMountedCallback: pending pak file info (ChunkID:-1 Root:root:/ File:D:/epic/UE_4.27/FeaturePacks/TP_VehicleBP.upack)
[2021.12.11-22.19.26:401][  0]LogPakFile: OnPakFileMounted2Time == 0.000034
[2021.12.11-22.19.26:402][  0]LogPakFile: PakFile PrimaryIndexSize=192
[2021.12.11-22.19.26:402][  0]LogPakFile: PakFile PathHashIndexSize=101
[2021.12.11-22.19.26:402][  0]LogPakFile: PakFile FullDirectoryIndexSize=158
[2021.12.11-22.19.26:402][  0]LogShaderLibrary: Display: ShaderCodeLibraryPakFileMountedCallback: PakFile 'D:/epic/UE_4.27/FeaturePacks/TP_VirtualRealityBP.upack' (chunk index -1, root 'root:/') mounted
[2021.12.11-22.19.26:402][  0]LogShaderLibrary: Display: ShaderCodeLibraryPakFileMountedCallback: pending pak file info (ChunkID:-1 Root:root:/ File:D:/epic/UE_4.27/FeaturePacks/TP_VirtualRealityBP.upack)
[2021.12.11-22.19.26:402][  0]LogPakFile: OnPakFileMounted2Time == 0.000034
[2021.12.11-22.19.26:518][  0]LogNativeClassHierarchy: Verbose: Native class hierarchy updated for 'AddContentDialog' in 0.0002 seconds. Added 0 classes and 0 folders.
[2021.12.11-22.19.26:519][  0]LogNativeClassHierarchy: Verbose: Native class hierarchy updated for 'SceneOutliner' in 0.0002 seconds. Added 2 classes and 0 folders.
[2021.12.11-22.19.26:561][  0]LogSlate: Took 0.000441 seconds to synchronously load lazily loaded font '../../../Engine/Content/Slate/Fonts/Roboto-Regular.ttf' (155K)
[2021.12.11-22.19.26:562][  0]LogSlate: Took 0.000337 seconds to synchronously load lazily loaded font '../../../Engine/Content/Editor/Slate/Fonts/FontAwesome.ttf' (139K)
[2021.12.11-22.19.26:563][  0]LogSlate: Took 0.000247 seconds to synchronously load lazily loaded font '../../../Engine/Content/Slate/Fonts/Roboto-Bold.ttf' (160K)
[2021.12.11-22.19.26:655][  0]LogRenderer: Reallocating scene render targets to support 1144x512 Format 10 NumSamples 1 (Frame:1).
[2021.12.11-22.19.26:982][  0]LogNativeClassHierarchy: Verbose: Native class hierarchy updated for 'HierarchicalLODOutliner' in 0.0003 seconds. Added 0 classes and 0 folders.
[2021.12.11-22.19.26:982][  0]LogLoad: (Engine Initialization) Total time: 13.86 seconds
[2021.12.11-22.19.26:982][  0]LogLoad: (Engine Initialization) Total Blueprint compile time: 0.00 seconds
[2021.12.11-22.19.27:042][  0]LogAssetRegistry: Asset discovery search completed in 7.5820 seconds
[2021.12.11-22.19.27:051][  0]LogCollectionManager: Fixed up redirectors for 0 collections in 0.000004 seconds (updated 0 objects)
[2021.12.11-22.19.27:052][  0]LogContentStreaming: Texture pool size now 1000 MB
[2021.12.11-22.19.27:267][  2]LogSlate: Took 0.000419 seconds to synchronously load lazily loaded font '../../../Engine/Content/Slate/Fonts/Roboto-Light.ttf' (167K)
